Log file open, 04/15/20 19:41:53
LogWindows: Failed to load 'aqProf.dll' (GetLastError=126)
LogWindows: File 'aqProf.dll' does not exist
LogWindows: Failed to load 'VtuneApi.dll' (GetLastError=126)
LogWindows: File 'VtuneApi.dll' does not exist
LogWindows: Failed to load 'VtuneApi32e.dll' (GetLastError=126)
LogWindows: File 'VtuneApi32e.dll' does not exist
LogConsoleResponse: Display: Failed to find resolution value strings in scalability ini. Falling back to default.
LogInit: Display: Running engine for game: Last_Pharaoh
LogPakFile: Registered encryption key '00000000000000000000000000000000': 0 pak files mounted, 0 remain pending
LogPlatformFile: Not using cached read wrapper
LogTaskGraph: Started task graph with 5 named threads and 35 total threads with 3 sets of task threads.
LogStats: Stats thread started at 0.467862
LogD3D11RHI: Loaded GFSDK_Aftermath_Lib.x64.dll
LogICUInternationalization: ICU TimeZone Detection - Raw Offset: -5:00, Platform Override: ''
LogPluginManager: Mounting plugin Paper2D
LogPluginManager: Mounting plugin AISupport
LogPluginManager: Mounting plugin LightPropagationVolume
LogPluginManager: Mounting plugin ActorLayerUtilities
LogPluginManager: Mounting plugin AnimationSharing
LogPluginManager: Mounting plugin CLionSourceCodeAccess
LogPluginManager: Mounting plugin CodeLiteSourceCodeAccess
LogPluginManager: Mounting plugin GitSourceControl
LogPluginManager: Mounting plugin KDevelopSourceCodeAccess
LogPluginManager: Mounting plugin NullSourceCodeAccess
LogPluginManager: Mounting plugin PerforceSourceControl
LogPluginManager: Mounting plugin SubversionSourceControl
LogPluginManager: Mounting plugin UObjectPlugin
LogPluginManager: Mounting plugin VisualStudioCodeSourceCodeAccess
LogPluginManager: Mounting plugin VisualStudioSourceCodeAccess
LogPluginManager: Mounting plugin XCodeSourceCodeAccess
LogPluginManager: Mounting plugin AssetManagerEditor
LogPluginManager: Mounting plugin CryptoKeys
LogPluginManager: Mounting plugin DataValidation
LogPluginManager: Mounting plugin FacialAnimation
LogPluginManager: Mounting plugin GameplayTagsEditor
LogPluginManager: Mounting plugin MacGraphicsSwitching
LogPluginManager: Mounting plugin MaterialAnalyzer
LogPluginManager: Mounting plugin MobileLauncherProfileWizard
LogPluginManager: Mounting plugin PluginBrowser
LogPluginManager: Mounting plugin SpeedTreeImporter
LogPluginManager: Mounting plugin DatasmithContent
LogPluginManager: Mounting plugin VariantManagerContent
LogPluginManager: Mounting plugin AlembicImporter
LogPluginManager: Mounting plugin AppleImageUtils
LogPluginManager: Mounting plugin AppleVision
LogPluginManager: Mounting plugin BackChannel
LogPluginManager: Mounting plugin CharacterAI
LogPluginManager: Mounting plugin GeometryCache
LogPluginManager: Mounting plugin HTML5Networking
LogPluginManager: Mounting plugin ProxyLODPlugin
LogPluginManager: Mounting plugin SkeletalReduction
LogPluginManager: Mounting plugin MagicLeap
LogPluginManager: Mounting plugin MagicLeapMedia
LogPluginManager: Mounting plugin AndroidMedia
LogPluginManager: Mounting plugin AvfMedia
LogPluginManager: Mounting plugin ImgMedia
LogPluginManager: Mounting plugin LinearTimecode
LogPluginManager: Mounting plugin MediaCompositing
LogPluginManager: Mounting plugin MediaPlayerEditor
LogPluginManager: Mounting plugin WebMMedia
LogPluginManager: Mounting plugin WmfMedia
LogPluginManager: Mounting plugin TcpMessaging
LogPluginManager: Mounting plugin UdpMessaging
LogPluginManager: Mounting plugin ActorSequence
LogPluginManager: Mounting plugin LevelSequenceEditor
LogPluginManager: Mounting plugin MatineeToLevelSequence
LogPluginManager: Mounting plugin NetcodeUnitTest
LogPluginManager: Mounting plugin NUTUnrealEngine4
LogPluginManager: Mounting plugin OnlineSubsystemGooglePlay
LogPluginManager: Mounting plugin OnlineSubsystemIOS
LogPluginManager: Mounting plugin OnlineSubsystem
LogPluginManager: Mounting plugin OnlineSubsystemNull
LogPluginManager: Mounting plugin OnlineSubsystemUtils
LogPluginManager: Mounting plugin LauncherChunkInstaller
LogPluginManager: Mounting plugin AndroidDeviceProfileSelector
LogPluginManager: Mounting plugin AndroidMoviePlayer
LogPluginManager: Mounting plugin AndroidPermission
LogPluginManager: Mounting plugin AppleMoviePlayer
LogPluginManager: Mounting plugin ArchVisCharacter
LogPluginManager: Mounting plugin AudioCapture
LogPluginManager: Mounting plugin CableComponent
LogPluginManager: Mounting plugin CustomMeshComponent
LogPluginManager: Mounting plugin EditableMesh
LogPluginManager: Mounting plugin ExampleDeviceProfileSelector
LogPluginManager: Mounting plugin Firebase
LogPluginManager: Mounting plugin GoogleCloudMessaging
LogPluginManager: Mounting plugin IOSDeviceProfileSelector
LogPluginManager: Mounting plugin LinuxDeviceProfileSelector
LogPluginManager: Mounting plugin LocationServicesBPLibrary
LogPluginManager: Mounting plugin MobilePatchingUtils
LogPluginManager: Mounting plugin OculusVR
LogPluginManager: Mounting plugin PhysXVehicles
LogPluginManager: Mounting plugin ProceduralMeshComponent
LogPluginManager: Mounting plugin RuntimePhysXCooking
LogPluginManager: Mounting plugin SignificanceManager
LogPluginManager: Mounting plugin SteamVR
LogPluginManager: Mounting plugin WebMMoviePlayer
LogPluginManager: Mounting plugin WindowsMoviePlayer
LogInit: Using libcurl 7.55.1-DEV
LogInit:  - built for x86_64-pc-win32
LogInit:  - supports SSL with OpenSSL/1.1.1
LogInit:  - supports HTTP deflate (compression) using libz 1.2.8
LogInit:  - other features:
LogInit:      CURL_VERSION_SSL
LogInit:      CURL_VERSION_LIBZ
LogInit:      CURL_VERSION_IPV6
LogInit:      CURL_VERSION_ASYNCHDNS
LogInit:      CURL_VERSION_LARGEFILE
LogInit:      CURL_VERSION_IDN
LogInit:  CurlRequestOptions (configurable via config and command line):
LogInit:  - bVerifyPeer = true  - Libcurl will verify peer certificate
LogInit:  - bUseHttpProxy = false  - Libcurl will NOT use HTTP proxy
LogInit:  - bDontReuseConnections = false  - Libcurl will reuse connections
LogInit:  - MaxHostConnections = 16  - Libcurl will limit the number of connections to a host
LogInit:  - LocalHostAddr = Default
LogInit:  - BufferSize = 65536
LogInit: WinSock: version 1.1 (2.2), MaxSocks=32767, MaxUdp=65467
LogInit: Build: ++UE4+Release-4.22-CL-7053642
LogInit: Engine Version: 4.22.3-7053642+++UE4+Release-4.22
LogInit: Compatible Engine Version: 4.22.0-5660361+++UE4+Release-4.22
LogInit: Net CL: 5660361
LogInit: OS: Windows 10 (Release 1909) (), CPU: AMD Ryzen 5 2600X Six-Core Processor           , GPU: Radeon RX 570 Series
LogInit: Compiled (64-bit): Jun 18 2019 03:09:11
LogInit: Compiled with Visual C++: 19.16.27025.01
LogInit: Build Configuration: Development
LogInit: Branch Name: ++UE4+Release-4.22
LogInit: Command Line: 
LogInit: Base Directory: D:/Unreal/UE_4.22/Engine/Binaries/Win64/
LogInit: Installed Engine Build: 1
LogDevObjectVersion: Number of dev versions registered: 23
LogDevObjectVersion:   Dev-Blueprints (B0D832E4-1F89-4F0D-ACCF-7EB736FD4AA2): 10
LogDevObjectVersion:   Dev-Build (E1C64328-A22C-4D53-A36C-8E866417BD8C): 0
LogDevObjectVersion:   Dev-Core (375EC13C-06E4-48FB-B500-84F0262A717E): 3
LogDevObjectVersion:   Dev-Editor (E4B068ED-F494-42E9-A231-DA0B2E46BB41): 30
LogDevObjectVersion:   Dev-Framework (CFFC743F-43B0-4480-9391-14DF171D2073): 35
LogDevObjectVersion:   Dev-Mobile (B02B49B5-BB20-44E9-A304-32B752E40360): 2
LogDevObjectVersion:   Dev-Networking (A4E4105C-59A1-49B5-A7C5-40C4547EDFEE): 0
LogDevObjectVersion:   Dev-Online (39C831C9-5AE6-47DC-9A44-9C173E1C8E7C): 0
LogDevObjectVersion:   Dev-Physics (78F01B33-EBEA-4F98-B9B4-84EACCB95AA2): 0
LogDevObjectVersion:   Dev-Platform (6631380F-2D4D-43E0-8009-CF276956A95A): 0
LogDevObjectVersion:   Dev-Rendering (12F88B9F-8875-4AFC-A67C-D90C383ABD29): 28
LogDevObjectVersion:   Dev-Sequencer (7B5AE74C-D270-4C10-A958-57980B212A5A): 11
LogDevObjectVersion:   Dev-VR (D7296918-1DD6-4BDD-9DE2-64A83CC13884): 2
LogDevObjectVersion:   Dev-LoadTimes (C2A15278-BFE7-4AFE-6C17-90FF531DF755): 1
LogDevObjectVersion:   Private-Geometry (6EACA3D4-40EC-4CC1-B786-8BED09428FC5): 3
LogDevObjectVersion:   Dev-AnimPhys (29E575DD-E0A3-4627-9D10-D276232CDCEA): 17
LogDevObjectVersion:   Dev-Anim (AF43A65D-7FD3-4947-9873-3E8ED9C1BB05): 2
LogDevObjectVersion:   Dev-ReflectionCapture (6B266CEC-1EC7-4B8F-A30B-E4D90942FC07): 1
LogDevObjectVersion:   Dev-Automation (0DF73D61-A23F-47EA-B727-89E90C41499A): 1
LogDevObjectVersion:   FortniteMain (601D1886-AC64-4F84-AA16-D3DE0DEAC7D6): 25
LogDevObjectVersion:   Dev-Enterprise (9DFFBCD6-494F-0158-E221-12823C92A888): 6
LogDevObjectVersion:   Dev-Niagara (F2AED0AC-9AFE-416F-8664-AA7FFA26D6FC): 1
LogDevObjectVersion:   Dev-Destruction (174F1F0B-B4C6-45A5-B13F-2EE8D0FB917D): 2
LogInit: Presizing for max 16777216 objects, including 0 objects not considered by GC, pre-allocating 0 bytes for permanent pool.
LogInit: Object subsystem initialized
LogConfig: Setting CVar [[con.DebugEarlyDefault:1]]
LogConfig: Setting CVar [[r.setres:1280x720]]
[2020.04.15-23.41.55:541][  0]LogConfig: Setting CVar [[r.VSync:0]]
[2020.04.15-23.41.55:541][  0]LogConfig: Setting CVar [[r.RHICmdBypass:0]]
[2020.04.15-23.41.55:541][  0]LogConfig: Applying CVar settings from Section [/Script/Engine.RendererSettings] File [D:/Unreal Projects/egyptVR/Last_Pharaoh/Saved/Config/Windows/Engine.ini]
[2020.04.15-23.41.55:541][  0]LogConfig: Setting CVar [[r.GPUCrashDebugging:0]]
[2020.04.15-23.41.55:541][  0]LogConfig: Setting CVar [[r.DefaultFeature.AutoExposure.ExtendDefaultLuminanceRange:1]]
[2020.04.15-23.41.55:541][  0]LogConfig: Applying CVar settings from Section [/Script/Engine.RendererOverrideSettings] File [D:/Unreal Projects/egyptVR/Last_Pharaoh/Saved/Config/Windows/Engine.ini]
[2020.04.15-23.41.55:541][  0]LogConfig: Applying CVar settings from Section [/Script/Engine.StreamingSettings] File [D:/Unreal Projects/egyptVR/Last_Pharaoh/Saved/Config/Windows/Engine.ini]
[2020.04.15-23.41.55:541][  0]LogConfig: Setting CVar [[s.MinBulkDataSizeForAsyncLoading:131072]]
[2020.04.15-23.41.55:541][  0]LogConfig: Setting CVar [[s.AsyncLoadingThreadEnabled:0]]
[2020.04.15-23.41.55:541][  0]LogConfig: Setting CVar [[s.EventDrivenLoaderEnabled:1]]
[2020.04.15-23.41.55:541][  0]LogConfig: Setting CVar [[s.WarnIfTimeLimitExceeded:0]]
[2020.04.15-23.41.55:541][  0]LogConfig: Setting CVar [[s.TimeLimitExceededMultiplier:1.5]]
[2020.04.15-23.41.55:541][  0]LogConfig: Setting CVar [[s.TimeLimitExceededMinTime:0.005]]
[2020.04.15-23.41.55:541][  0]LogConfig: Setting CVar [[s.UseBackgroundLevelStreaming:1]]
[2020.04.15-23.41.55:541][  0]LogConfig: Setting CVar [[s.PriorityAsyncLoadingExtraTime:15.0]]
[2020.04.15-23.41.55:541][  0]LogConfig: Setting CVar [[s.LevelStreamingActorsUpdateTimeLimit:5.0]]
[2020.04.15-23.41.55:541][  0]LogConfig: Setting CVar [[s.PriorityLevelStreamingActorsUpdateExtraTime:5.0]]
[2020.04.15-23.41.55:541][  0]LogConfig: Setting CVar [[s.LevelStreamingComponentsRegistrationGranularity:10]]
[2020.04.15-23.41.55:541][  0]LogConfig: Setting CVar [[s.UnregisterComponentsTimeLimit:1.0]]
[2020.04.15-23.41.55:541][  0]LogConfig: Setting CVar [[s.LevelStreamingComponentsUnregistrationGranularity:5]]
[2020.04.15-23.41.55:541][  0]LogConfig: Applying CVar settings from Section [/Script/Engine.GarbageCollectionSettings] File [D:/Unreal Projects/egyptVR/Last_Pharaoh/Saved/Config/Windows/Engine.ini]
[2020.04.15-23.41.55:541][  0]LogConfig: Setting CVar [[gc.MaxObjectsNotConsideredByGC:1]]
[2020.04.15-23.41.55:541][  0]LogConfig: Setting CVar [[gc.SizeOfPermanentObjectPool:0]]
[2020.04.15-23.41.55:541][  0]LogConfig: Setting CVar [[gc.FlushStreamingOnGC:0]]
[2020.04.15-23.41.55:541][  0]LogConfig: Setting CVar [[gc.NumRetriesBeforeForcingGC:10]]
[2020.04.15-23.41.55:541][  0]LogConfig: Setting CVar [[gc.AllowParallelGC:1]]
[2020.04.15-23.41.55:541][  0]LogConfig: Setting CVar [[gc.TimeBetweenPurgingPendingKillObjects:61.1]]
[2020.04.15-23.41.55:541][  0]LogConfig: Setting CVar [[gc.MaxObjectsInEditor:16777216]]
[2020.04.15-23.41.55:541][  0]LogConfig: Setting CVar [[gc.IncrementalBeginDestroyEnabled:1]]
[2020.04.15-23.41.55:541][  0]LogConfig: Setting CVar [[gc.CreateGCClusters:1]]
[2020.04.15-23.41.55:541][  0]LogConfig: Setting CVar [[gc.MinGCClusterSize:5]]
[2020.04.15-23.41.55:541][  0]LogConfig: Setting CVar [[gc.ActorClusteringEnabled:0]]
[2020.04.15-23.41.55:541][  0]LogConfig: Setting CVar [[gc.BlueprintClusteringEnabled:0]]
[2020.04.15-23.41.55:541][  0]LogConfig: Setting CVar [[gc.UseDisregardForGCOnDedicatedServers:0]]
[2020.04.15-23.41.55:541][  0]LogConfig: Applying CVar settings from Section [/Script/Engine.NetworkSettings] File [D:/Unreal Projects/egyptVR/Last_Pharaoh/Saved/Config/Windows/Engine.ini]
[2020.04.15-23.41.55:541][  0]LogConfig: Applying CVar settings from Section [/Script/UnrealEd.CookerSettings] File [D:/Unreal Projects/egyptVR/Last_Pharaoh/Saved/Config/Windows/Engine.ini]
[2020.04.15-23.41.55:590][  0]LogConfig: Applying CVar settings from Section [ViewDistanceQuality@3] File [D:/Unreal Projects/egyptVR/Last_Pharaoh/Saved/Config/Windows/Scalability.ini]
[2020.04.15-23.41.55:590][  0]LogConfig: Setting CVar [[r.SkeletalMeshLODBias:0]]
[2020.04.15-23.41.55:590][  0]LogConfig: Setting CVar [[r.ViewDistanceScale:1.0]]
[2020.04.15-23.41.55:591][  0]LogConfig: Applying CVar settings from Section [AntiAliasingQuality@3] File [D:/Unreal Projects/egyptVR/Last_Pharaoh/Saved/Config/Windows/Scalability.ini]
[2020.04.15-23.41.55:591][  0]LogConfig: Setting CVar [[r.PostProcessAAQuality:4]]
[2020.04.15-23.41.55:591][  0]LogConfig: Applying CVar settings from Section [ShadowQuality@3] File [D:/Unreal Projects/egyptVR/Last_Pharaoh/Saved/Config/Windows/Scalability.ini]
[2020.04.15-23.41.55:591][  0]LogConfig: Setting CVar [[r.LightFunctionQuality:1]]
[2020.04.15-23.41.55:591][  0]LogConfig: Setting CVar [[r.ShadowQuality:5]]
[2020.04.15-23.41.55:591][  0]LogConfig: Setting CVar [[r.Shadow.CSM.MaxCascades:10]]
[2020.04.15-23.41.55:591][  0]LogConfig: Setting CVar [[r.Shadow.MaxResolution:2048]]
[2020.04.15-23.41.55:591][  0]LogConfig: Setting CVar [[r.Shadow.MaxCSMResolution:2048]]
[2020.04.15-23.41.55:591][  0]LogConfig: Setting CVar [[r.Shadow.RadiusThreshold:0.01]]
[2020.04.15-23.41.55:591][  0]LogConfig: Setting CVar [[r.Shadow.DistanceScale:1.0]]
[2020.04.15-23.41.55:591][  0]LogConfig: Setting CVar [[r.Shadow.CSM.TransitionScale:1.0]]
[2020.04.15-23.41.55:591][  0]LogConfig: Setting CVar [[r.Shadow.PreShadowResolutionFactor:1.0]]
[2020.04.15-23.41.55:591][  0]LogConfig: Setting CVar [[r.DistanceFieldShadowing:1]]
[2020.04.15-23.41.55:591][  0]LogConfig: Setting CVar [[r.DistanceFieldAO:1]]
[2020.04.15-23.41.55:591][  0]LogConfig: Setting CVar [[r.AOQuality:2]]
[2020.04.15-23.41.55:591][  0]LogConfig: Setting CVar [[r.VolumetricFog:1]]
[2020.04.15-23.41.55:591][  0]LogConfig: Setting CVar [[r.VolumetricFog.GridPixelSize:8]]
[2020.04.15-23.41.55:591][  0]LogConfig: Setting CVar [[r.VolumetricFog.GridSizeZ:128]]
[2020.04.15-23.41.55:591][  0]LogConfig: Setting CVar [[r.VolumetricFog.HistoryMissSupersampleCount:4]]
[2020.04.15-23.41.55:591][  0]LogConfig: Setting CVar [[r.LightMaxDrawDistanceScale:1]]
[2020.04.15-23.41.55:591][  0]LogConfig: Setting CVar [[r.CapsuleShadows:1]]
[2020.04.15-23.41.55:591][  0]LogConfig: Applying CVar settings from Section [PostProcessQuality@3] File [D:/Unreal Projects/egyptVR/Last_Pharaoh/Saved/Config/Windows/Scalability.ini]
[2020.04.15-23.41.55:591][  0]LogConfig: Setting CVar [[r.MotionBlurQuality:4]]
[2020.04.15-23.41.55:591][  0]LogConfig: Setting CVar [[r.AmbientOcclusionMipLevelFactor:0.4]]
[2020.04.15-23.41.55:591][  0]LogConfig: Setting CVar [[r.AmbientOcclusionMaxQuality:100]]
[2020.04.15-23.41.55:591][  0]LogConfig: Setting CVar [[r.AmbientOcclusionLevels:-1]]
[2020.04.15-23.41.55:591][  0]LogConfig: Setting CVar [[r.AmbientOcclusionRadiusScale:1.0]]
[2020.04.15-23.41.55:591][  0]LogConfig: Setting CVar [[r.DepthOfFieldQuality:2]]
[2020.04.15-23.41.55:591][  0]LogConfig: Setting CVar [[r.RenderTargetPoolMin:400]]
[2020.04.15-23.41.55:591][  0]LogConfig: Setting CVar [[r.LensFlareQuality:2]]
[2020.04.15-23.41.55:591][  0]LogConfig: Setting CVar [[r.SceneColorFringeQuality:1]]
[2020.04.15-23.41.55:591][  0]LogConfig: Setting CVar [[r.EyeAdaptationQuality:2]]
[2020.04.15-23.41.55:591][  0]LogConfig: Setting CVar [[r.BloomQuality:5]]
[2020.04.15-23.41.55:591][  0]LogConfig: Setting CVar [[r.FastBlurThreshold:100]]
[2020.04.15-23.41.55:591][  0]LogConfig: Setting CVar [[r.Upscale.Quality:3]]
[2020.04.15-23.41.55:591][  0]LogConfig: Setting CVar [[r.Tonemapper.GrainQuantization:1]]
[2020.04.15-23.41.55:591][  0]LogConfig: Setting CVar [[r.LightShaftQuality:1]]
[2020.04.15-23.41.55:591][  0]LogConfig: Setting CVar [[r.Filter.SizeScale:1]]
[2020.04.15-23.41.55:591][  0]LogConfig: Setting CVar [[r.Tonemapper.Quality:5]]
[2020.04.15-23.41.55:591][  0]LogConfig: Setting CVar [[r.DOF.Gather.AccumulatorQuality:1        ; higher gathering accumulator quality]]
[2020.04.15-23.41.55:591][  0]LogConfig: Setting CVar [[r.DOF.Gather.PostfilterMethod:1          ; Median3x3 postfilering method]]
[2020.04.15-23.41.55:591][  0]LogConfig: Setting CVar [[r.DOF.Gather.EnableBokehSettings:0       ; no bokeh simulation when gathering]]
[2020.04.15-23.41.55:591][  0]LogConfig: Setting CVar [[r.DOF.Gather.RingCount:4                 ; medium number of samples when gathering]]
[2020.04.15-23.41.55:591][  0]LogConfig: Setting CVar [[r.DOF.Scatter.ForegroundCompositing:1    ; additive foreground scattering]]
[2020.04.15-23.41.55:591][  0]LogConfig: Setting CVar [[r.DOF.Scatter.BackgroundCompositing:2    ; additive background scattering]]
[2020.04.15-23.41.55:591][  0]LogConfig: Setting CVar [[r.DOF.Scatter.EnableBokehSettings:1      ; bokeh simulation when scattering]]
[2020.04.15-23.41.55:591][  0]LogConfig: Setting CVar [[r.DOF.Scatter.MaxSpriteRatio:0.1         ; only a maximum of 10% of scattered bokeh]]
[2020.04.15-23.41.55:591][  0]LogConfig: Setting CVar [[r.DOF.Recombine.Quality:1                ; cheap slight out of focus]]
[2020.04.15-23.41.55:591][  0]LogConfig: Setting CVar [[r.DOF.Recombine.EnableBokehSettings:0    ; no bokeh simulation on slight out of focus]]
[2020.04.15-23.41.55:591][  0]LogConfig: Setting CVar [[r.DOF.TemporalAAQuality:1                ; more stable temporal accumulation]]
[2020.04.15-23.41.55:591][  0]LogConfig: Setting CVar [[r.DOF.Kernel.MaxForegroundRadius:0.025]]
[2020.04.15-23.41.55:591][  0]LogConfig: Setting CVar [[r.DOF.Kernel.MaxBackgroundRadius:0.025]]
[2020.04.15-23.41.55:591][  0]LogConfig: Applying CVar settings from Section [TextureQuality@3] File [D:/Unreal Projects/egyptVR/Last_Pharaoh/Saved/Config/Windows/Scalability.ini]
[2020.04.15-23.41.55:591][  0]LogConfig: Setting CVar [[r.Streaming.MipBias:0]]
[2020.04.15-23.41.55:591][  0]LogConfig: Setting CVar [[r.Streaming.AmortizeCPUToGPUCopy:0]]
[2020.04.15-23.41.55:591][  0]LogConfig: Setting CVar [[r.Streaming.MaxNumTexturesToStreamPerFrame:0]]
[2020.04.15-23.41.55:591][  0]LogConfig: Setting CVar [[r.Streaming.Boost:1]]
[2020.04.15-23.41.55:591][  0]LogConfig: Setting CVar [[r.MaxAnisotropy:8]]
[2020.04.15-23.41.55:591][  0]LogConfig: Setting CVar [[r.Streaming.LimitPoolSizeToVRAM:0]]
[2020.04.15-23.41.55:591][  0]LogConfig: Setting CVar [[r.Streaming.PoolSize:1000]]
[2020.04.15-23.41.55:591][  0]LogConfig: Setting CVar [[r.Streaming.MaxEffectiveScreenSize:0]]
[2020.04.15-23.41.55:591][  0]LogConfig: Applying CVar settings from Section [EffectsQuality@3] File [D:/Unreal Projects/egyptVR/Last_Pharaoh/Saved/Config/Windows/Scalability.ini]
[2020.04.15-23.41.55:591][  0]LogConfig: Setting CVar [[r.TranslucencyLightingVolumeDim:64]]
[2020.04.15-23.41.55:591][  0]LogConfig: Setting CVar [[r.RefractionQuality:2]]
[2020.04.15-23.41.55:591][  0]LogConfig: Setting CVar [[r.SSR.Quality:3]]
[2020.04.15-23.41.55:591][  0]LogConfig: Setting CVar [[r.SceneColorFormat:4]]
[2020.04.15-23.41.55:591][  0]LogConfig: Setting CVar [[r.DetailMode:2]]
[2020.04.15-23.41.55:591][  0]LogConfig: Setting CVar [[r.TranslucencyVolumeBlur:1]]
[2020.04.15-23.41.55:591][  0]LogConfig: Setting CVar [[r.MaterialQualityLevel:1 ; High quality]]
[2020.04.15-23.41.55:591][  0]LogConfig: Setting CVar [[r.SSS.Scale:1]]
[2020.04.15-23.41.55:591][  0]LogConfig: Setting CVar [[r.SSS.SampleSet:2]]
[2020.04.15-23.41.55:591][  0]LogConfig: Setting CVar [[r.SSS.Quality:1]]
[2020.04.15-23.41.55:591][  0]LogConfig: Setting CVar [[r.SSS.HalfRes:1]]
[2020.04.15-23.41.55:591][  0]LogConfig: Setting CVar [[r.EmitterSpawnRateScale:1.0]]
[2020.04.15-23.41.55:592][  0]LogConfig: Setting CVar [[r.ParticleLightQuality:2]]
[2020.04.15-23.41.55:592][  0]LogConfig: Applying CVar settings from Section [FoliageQuality@3] File [D:/Unreal Projects/egyptVR/Last_Pharaoh/Saved/Config/Windows/Scalability.ini]
[2020.04.15-23.41.55:592][  0]LogConfig: Setting CVar [[foliage.DensityScale:1.0]]
[2020.04.15-23.41.55:592][  0]LogConfig: Setting CVar [[grass.DensityScale:1.0]]
[2020.04.15-23.41.55:599][  0]LogInit: Selected Device Profile: [Windows]
[2020.04.15-23.41.55:600][  0]LogInit: Applying CVar settings loaded from the selected device profile: [Windows]
[2020.04.15-23.41.55:656][  0]LogHAL: Display: Platform has ~ 16 GB [17080889344 / 17179869184 / 16], which maps to Larger [LargestMinGB=32, LargerMinGB=12, DefaultMinGB=8, SmallerMinGB=6, SmallestMinGB=0)
[2020.04.15-23.41.55:665][  0]LogConfig: Setting CVar [[r.Vulkan.UseRealUBs:0		; Required until we fix HLR fall-out]]
[2020.04.15-23.41.55:665][  0]LogInit: Going up to parent DeviceProfile []
[2020.04.15-23.41.55:666][  0]LogConfig: Applying CVar settings from Section [ViewDistanceQuality@3] File [D:/Unreal Projects/egyptVR/Last_Pharaoh/Saved/Config/Windows/Scalability.ini]
[2020.04.15-23.41.55:666][  0]LogConfig: Setting CVar [[r.SkeletalMeshLODBias:0]]
[2020.04.15-23.41.55:666][  0]LogConfig: Setting CVar [[r.ViewDistanceScale:1.0]]
[2020.04.15-23.41.55:666][  0]LogConfig: Applying CVar settings from Section [AntiAliasingQuality@3] File [D:/Unreal Projects/egyptVR/Last_Pharaoh/Saved/Config/Windows/Scalability.ini]
[2020.04.15-23.41.55:666][  0]LogConfig: Setting CVar [[r.PostProcessAAQuality:4]]
[2020.04.15-23.41.55:666][  0]LogConfig: Applying CVar settings from Section [ShadowQuality@3] File [D:/Unreal Projects/egyptVR/Last_Pharaoh/Saved/Config/Windows/Scalability.ini]
[2020.04.15-23.41.55:666][  0]LogConfig: Setting CVar [[r.LightFunctionQuality:1]]
[2020.04.15-23.41.55:666][  0]LogConfig: Setting CVar [[r.ShadowQuality:5]]
[2020.04.15-23.41.55:666][  0]LogConfig: Setting CVar [[r.Shadow.CSM.MaxCascades:10]]
[2020.04.15-23.41.55:666][  0]LogConfig: Setting CVar [[r.Shadow.MaxResolution:2048]]
[2020.04.15-23.41.55:666][  0]LogConfig: Setting CVar [[r.Shadow.MaxCSMResolution:2048]]
[2020.04.15-23.41.55:666][  0]LogConfig: Setting CVar [[r.Shadow.RadiusThreshold:0.01]]
[2020.04.15-23.41.55:666][  0]LogConfig: Setting CVar [[r.Shadow.DistanceScale:1.0]]
[2020.04.15-23.41.55:666][  0]LogConfig: Setting CVar [[r.Shadow.CSM.TransitionScale:1.0]]
[2020.04.15-23.41.55:666][  0]LogConfig: Setting CVar [[r.Shadow.PreShadowResolutionFactor:1.0]]
[2020.04.15-23.41.55:666][  0]LogConfig: Setting CVar [[r.DistanceFieldShadowing:1]]
[2020.04.15-23.41.55:666][  0]LogConfig: Setting CVar [[r.DistanceFieldAO:1]]
[2020.04.15-23.41.55:666][  0]LogConfig: Setting CVar [[r.AOQuality:2]]
[2020.04.15-23.41.55:666][  0]LogConfig: Setting CVar [[r.VolumetricFog:1]]
[2020.04.15-23.41.55:666][  0]LogConfig: Setting CVar [[r.VolumetricFog.GridPixelSize:8]]
[2020.04.15-23.41.55:666][  0]LogConfig: Setting CVar [[r.VolumetricFog.GridSizeZ:128]]
[2020.04.15-23.41.55:666][  0]LogConfig: Setting CVar [[r.VolumetricFog.HistoryMissSupersampleCount:4]]
[2020.04.15-23.41.55:667][  0]LogConfig: Setting CVar [[r.LightMaxDrawDistanceScale:1]]
[2020.04.15-23.41.55:667][  0]LogConfig: Setting CVar [[r.CapsuleShadows:1]]
[2020.04.15-23.41.55:667][  0]LogConfig: Applying CVar settings from Section [PostProcessQuality@3] File [D:/Unreal Projects/egyptVR/Last_Pharaoh/Saved/Config/Windows/Scalability.ini]
[2020.04.15-23.41.55:667][  0]LogConfig: Setting CVar [[r.MotionBlurQuality:4]]
[2020.04.15-23.41.55:667][  0]LogConfig: Setting CVar [[r.AmbientOcclusionMipLevelFactor:0.4]]
[2020.04.15-23.41.55:667][  0]LogConfig: Setting CVar [[r.AmbientOcclusionMaxQuality:100]]
[2020.04.15-23.41.55:667][  0]LogConfig: Setting CVar [[r.AmbientOcclusionLevels:-1]]
[2020.04.15-23.41.55:667][  0]LogConfig: Setting CVar [[r.AmbientOcclusionRadiusScale:1.0]]
[2020.04.15-23.41.55:667][  0]LogConfig: Setting CVar [[r.DepthOfFieldQuality:2]]
[2020.04.15-23.41.55:667][  0]LogConfig: Setting CVar [[r.RenderTargetPoolMin:400]]
[2020.04.15-23.41.55:667][  0]LogConfig: Setting CVar [[r.LensFlareQuality:2]]
[2020.04.15-23.41.55:667][  0]LogConfig: Setting CVar [[r.SceneColorFringeQuality:1]]
[2020.04.15-23.41.55:667][  0]LogConfig: Setting CVar [[r.EyeAdaptationQuality:2]]
[2020.04.15-23.41.55:667][  0]LogConfig: Setting CVar [[r.BloomQuality:5]]
[2020.04.15-23.41.55:667][  0]LogConfig: Setting CVar [[r.FastBlurThreshold:100]]
[2020.04.15-23.41.55:667][  0]LogConfig: Setting CVar [[r.Upscale.Quality:3]]
[2020.04.15-23.41.55:667][  0]LogConfig: Setting CVar [[r.Tonemapper.GrainQuantization:1]]
[2020.04.15-23.41.55:667][  0]LogConfig: Setting CVar [[r.LightShaftQuality:1]]
[2020.04.15-23.41.55:667][  0]LogConfig: Setting CVar [[r.Filter.SizeScale:1]]
[2020.04.15-23.41.55:667][  0]LogConfig: Setting CVar [[r.Tonemapper.Quality:5]]
[2020.04.15-23.41.55:667][  0]LogConfig: Setting CVar [[r.DOF.Gather.AccumulatorQuality:1        ; higher gathering accumulator quality]]
[2020.04.15-23.41.55:667][  0]LogConfig: Setting CVar [[r.DOF.Gather.PostfilterMethod:1          ; Median3x3 postfilering method]]
[2020.04.15-23.41.55:667][  0]LogConfig: Setting CVar [[r.DOF.Gather.EnableBokehSettings:0       ; no bokeh simulation when gathering]]
[2020.04.15-23.41.55:667][  0]LogConfig: Setting CVar [[r.DOF.Gather.RingCount:4                 ; medium number of samples when gathering]]
[2020.04.15-23.41.55:667][  0]LogConfig: Setting CVar [[r.DOF.Scatter.ForegroundCompositing:1    ; additive foreground scattering]]
[2020.04.15-23.41.55:667][  0]LogConfig: Setting CVar [[r.DOF.Scatter.BackgroundCompositing:2    ; additive background scattering]]
[2020.04.15-23.41.55:667][  0]LogConfig: Setting CVar [[r.DOF.Scatter.EnableBokehSettings:1      ; bokeh simulation when scattering]]
[2020.04.15-23.41.55:667][  0]LogConfig: Setting CVar [[r.DOF.Scatter.MaxSpriteRatio:0.1         ; only a maximum of 10% of scattered bokeh]]
[2020.04.15-23.41.55:667][  0]LogConfig: Setting CVar [[r.DOF.Recombine.Quality:1                ; cheap slight out of focus]]
[2020.04.15-23.41.55:667][  0]LogConfig: Setting CVar [[r.DOF.Recombine.EnableBokehSettings:0    ; no bokeh simulation on slight out of focus]]
[2020.04.15-23.41.55:667][  0]LogConfig: Setting CVar [[r.DOF.TemporalAAQuality:1                ; more stable temporal accumulation]]
[2020.04.15-23.41.55:667][  0]LogConfig: Setting CVar [[r.DOF.Kernel.MaxForegroundRadius:0.025]]
[2020.04.15-23.41.55:667][  0]LogConfig: Setting CVar [[r.DOF.Kernel.MaxBackgroundRadius:0.025]]
[2020.04.15-23.41.55:667][  0]LogConfig: Applying CVar settings from Section [TextureQuality@3] File [D:/Unreal Projects/egyptVR/Last_Pharaoh/Saved/Config/Windows/Scalability.ini]
[2020.04.15-23.41.55:667][  0]LogConfig: Setting CVar [[r.Streaming.MipBias:0]]
[2020.04.15-23.41.55:667][  0]LogConfig: Setting CVar [[r.Streaming.AmortizeCPUToGPUCopy:0]]
[2020.04.15-23.41.55:667][  0]LogConfig: Setting CVar [[r.Streaming.MaxNumTexturesToStreamPerFrame:0]]
[2020.04.15-23.41.55:667][  0]LogConfig: Setting CVar [[r.Streaming.Boost:1]]
[2020.04.15-23.41.55:667][  0]LogConfig: Setting CVar [[r.MaxAnisotropy:8]]
[2020.04.15-23.41.55:667][  0]LogConfig: Setting CVar [[r.Streaming.LimitPoolSizeToVRAM:0]]
[2020.04.15-23.41.55:667][  0]LogConfig: Setting CVar [[r.Streaming.PoolSize:1000]]
[2020.04.15-23.41.55:667][  0]LogConfig: Setting CVar [[r.Streaming.MaxEffectiveScreenSize:0]]
[2020.04.15-23.41.55:667][  0]LogConfig: Applying CVar settings from Section [EffectsQuality@3] File [D:/Unreal Projects/egyptVR/Last_Pharaoh/Saved/Config/Windows/Scalability.ini]
[2020.04.15-23.41.55:667][  0]LogConfig: Setting CVar [[r.TranslucencyLightingVolumeDim:64]]
[2020.04.15-23.41.55:667][  0]LogConfig: Setting CVar [[r.RefractionQuality:2]]
[2020.04.15-23.41.55:667][  0]LogConfig: Setting CVar [[r.SSR.Quality:3]]
[2020.04.15-23.41.55:667][  0]LogConfig: Setting CVar [[r.SceneColorFormat:4]]
[2020.04.15-23.41.55:667][  0]LogConfig: Setting CVar [[r.DetailMode:2]]
[2020.04.15-23.41.55:667][  0]LogConfig: Setting CVar [[r.TranslucencyVolumeBlur:1]]
[2020.04.15-23.41.55:667][  0]LogConfig: Setting CVar [[r.MaterialQualityLevel:1 ; High quality]]
[2020.04.15-23.41.55:667][  0]LogConfig: Setting CVar [[r.SSS.Scale:1]]
[2020.04.15-23.41.55:667][  0]LogConfig: Setting CVar [[r.SSS.SampleSet:2]]
[2020.04.15-23.41.55:667][  0]LogConfig: Setting CVar [[r.SSS.Quality:1]]
[2020.04.15-23.41.55:667][  0]LogConfig: Setting CVar [[r.SSS.HalfRes:1]]
[2020.04.15-23.41.55:667][  0]LogConfig: Setting CVar [[r.EmitterSpawnRateScale:1.0]]
[2020.04.15-23.41.55:667][  0]LogConfig: Setting CVar [[r.ParticleLightQuality:2]]
[2020.04.15-23.41.55:667][  0]LogConfig: Applying CVar settings from Section [FoliageQuality@3] File [D:/Unreal Projects/egyptVR/Last_Pharaoh/Saved/Config/Windows/Scalability.ini]
[2020.04.15-23.41.55:667][  0]LogConfig: Setting CVar [[foliage.DensityScale:1.0]]
[2020.04.15-23.41.55:667][  0]LogConfig: Setting CVar [[grass.DensityScale:1.0]]
[2020.04.15-23.41.55:667][  0]LogConfig: Applying CVar settings from Section [Startup] File [../../../Engine/Config/ConsoleVariables.ini]
[2020.04.15-23.41.55:668][  0]LogConfig: Setting CVar [[net.UseAdaptiveNetUpdateFrequency:0]]
[2020.04.15-23.41.55:668][  0]LogConfig: Setting CVar [[p.chaos.AllowCreatePhysxBodies:1]]
[2020.04.15-23.41.55:668][  0]LogConfig: Applying CVar settings from Section [ConsoleVariables] File [D:/Unreal Projects/egyptVR/Last_Pharaoh/Saved/Config/Windows/Engine.ini]
[2020.04.15-23.41.55:685][  0]LogInit: Computer: DESKTOP-NKQ22UT
[2020.04.15-23.41.55:685][  0]LogInit: User: Tetewet
[2020.04.15-23.41.55:685][  0]LogInit: CPU Page size=4096, Cores=6
[2020.04.15-23.41.55:685][  0]LogInit: High frequency timer resolution =10.000000 MHz
[2020.04.15-23.41.55:697][  0]LogMemory: Memory total: Physical=15.9GB (16GB approx)
[2020.04.15-23.41.55:697][  0]LogMemory: Platform Memory Stats for Windows
[2020.04.15-23.41.55:697][  0]LogMemory: Process Physical Memory: 100.35 MB used, 100.36 MB peak
[2020.04.15-23.41.55:697][  0]LogMemory: Process Virtual Memory: 93.35 MB used, 93.35 MB peak
[2020.04.15-23.41.55:697][  0]LogMemory: Physical Memory: 6992.65 MB used,  9296.95 MB free, 16289.61 MB total
[2020.04.15-23.41.55:697][  0]LogMemory: Virtual Memory: 4676.70 MB used,  134213048.00 MB free, 134217728.00 MB total
[2020.04.15-23.41.56:277][  0]LogInit: Using OS detected language (en-US).
[2020.04.15-23.41.56:277][  0]LogInit: Using OS detected locale (en-US).
[2020.04.15-23.41.56:283][  0]LogTextLocalizationManager: No specific localization for 'en-US' exists, so the 'en' localization will be used.
[2020.04.15-23.41.56:711][  0]LogInit: Setting process to per monitor DPI aware
[2020.04.15-23.41.57:290][  0]LogSlate: New Slate User Created.  User Index 0, Is Virtual User: 0
[2020.04.15-23.41.57:290][  0]LogSlate: Slate User Registered.  User Index 0, Is Virtual User: 0
[2020.04.15-23.41.57:840][  0]LogD3D11RHI: D3D11 adapters:
[2020.04.15-23.41.57:881][  0]LogD3D11RHI:    0. 'Radeon RX 570 Series' (Feature Level 11_0)
[2020.04.15-23.41.57:881][  0]LogD3D11RHI:       8171/0/8144 MB DedicatedVideo/DedicatedSystem/SharedSystem, Outputs:1, VendorId:0x1002
[2020.04.15-23.41.57:884][  0]LogD3D11RHI:    1. 'Microsoft Basic Render Driver' (Feature Level 11_0)
[2020.04.15-23.41.57:884][  0]LogD3D11RHI:       0/0/8144 MB DedicatedVideo/DedicatedSystem/SharedSystem, Outputs:0, VendorId:0x1414
[2020.04.15-23.41.57:884][  0]LogD3D11RHI: Chosen D3D11 Adapter: 0
[2020.04.15-23.41.57:917][  0]LogD3D11RHI: Creating new Direct3DDevice
[2020.04.15-23.41.57:918][  0]LogD3D11RHI:     GPU DeviceId: 0x67df (for the marketing name, search the web for "GPU Device Id")
[2020.04.15-23.41.57:918][  0]LogWindows: EnumDisplayDevices:
[2020.04.15-23.41.57:918][  0]LogWindows:    0. 'Radeon RX 570 Series' (P:1 D:1)
[2020.04.15-23.41.57:918][  0]LogWindows:    1. 'Radeon RX 570 Series' (P:0 D:0)
[2020.04.15-23.41.57:919][  0]LogWindows:    2. 'Radeon RX 570 Series' (P:0 D:0)
[2020.04.15-23.41.57:919][  0]LogWindows:    3. 'Radeon RX 570 Series' (P:0 D:0)
[2020.04.15-23.41.57:919][  0]LogWindows:    4. 'Radeon RX 570 Series' (P:0 D:0)
[2020.04.15-23.41.57:919][  0]LogWindows:    5. 'Radeon RX 570 Series' (P:0 D:0)
[2020.04.15-23.41.57:920][  0]LogWindows:    6. 'Radeon RX 570 Series' (P:0 D:0)
[2020.04.15-23.41.57:920][  0]LogWindows:    7. 'Radeon RX 570 Series' (P:0 D:0)
[2020.04.15-23.41.57:920][  0]LogWindows: DebugString: FoundDriverCount:8 
[2020.04.15-23.41.57:920][  0]LogD3D11RHI:     Adapter Name: Radeon RX 570 Series
[2020.04.15-23.41.57:920][  0]LogD3D11RHI:   Driver Version: Adrenalin 2020 20.4.1 (internal:26.20.15029.20013, unified:26.20.15029.20013)
[2020.04.15-23.41.57:920][  0]LogD3D11RHI:      Driver Date: 4-1-2020
[2020.04.15-23.41.57:920][  0]LogRHI: Texture pool is 5720 MB (70% of 8171 MB)
[2020.04.15-23.41.58:058][  0]LogD3D11RHI: Async texture creation enabled
[2020.04.15-23.41.58:214][  0]LogRendererCore: FGlobalReadBuffer::InitRHI
[2020.04.15-23.41.58:228][  0]LogRendererCore: FGlobalReadBuffer::InitRHI
[2020.04.15-23.41.58:228][  0]LogRendererCore: FGlobalReadBuffer::InitRHI
[2020.04.15-23.41.58:290][  0]LogD3D11RHI: GPU Timing Frequency: 25.000000 (Debug: 2 1)
[2020.04.15-23.41.59:065][  0]LogTemp: Display: Module 'AllDesktopTargetPlatform' loaded TargetPlatform 'AllDesktop'
[2020.04.15-23.41.59:087][  0]LogTemp: Display: Module 'MacClientTargetPlatform' loaded TargetPlatform 'MacClient'
[2020.04.15-23.41.59:112][  0]LogTemp: Display: Module 'MacNoEditorTargetPlatform' loaded TargetPlatform 'MacNoEditor'
[2020.04.15-23.41.59:143][  0]LogTemp: Display: Module 'MacServerTargetPlatform' loaded TargetPlatform 'MacServer'
[2020.04.15-23.41.59:220][  0]LogTemp: Display: Module 'MacTargetPlatform' loaded TargetPlatform 'Mac'
[2020.04.15-23.41.59:266][  0]LogTemp: Display: Module 'WindowsClientTargetPlatform' loaded TargetPlatform 'WindowsClient'
[2020.04.15-23.41.59:291][  0]LogTemp: Display: Module 'WindowsNoEditorTargetPlatform' loaded TargetPlatform 'WindowsNoEditor'
[2020.04.15-23.41.59:316][  0]LogTemp: Display: Module 'WindowsServerTargetPlatform' loaded TargetPlatform 'WindowsServer'
[2020.04.15-23.41.59:375][  0]LogTemp: Display: Module 'WindowsTargetPlatform' loaded TargetPlatform 'Windows'
[2020.04.15-23.41.59:485][  0]LogTemp: Display: Module 'AndroidTargetPlatform' loaded TargetPlatform 'Android'
[2020.04.15-23.41.59:485][  0]LogTemp: Display: Module 'AndroidTargetPlatform' loaded TargetPlatform 'Android_ASTC'
[2020.04.15-23.41.59:485][  0]LogTemp: Display: Module 'AndroidTargetPlatform' loaded TargetPlatform 'Android_ATC'
[2020.04.15-23.41.59:486][  0]LogTemp: Display: Module 'AndroidTargetPlatform' loaded TargetPlatform 'Android_DXT'
[2020.04.15-23.41.59:486][  0]LogTemp: Display: Module 'AndroidTargetPlatform' loaded TargetPlatform 'Android_ETC1'
[2020.04.15-23.41.59:486][  0]LogTemp: Display: Module 'AndroidTargetPlatform' loaded TargetPlatform 'Android_ETC1a'
[2020.04.15-23.41.59:486][  0]LogTemp: Display: Module 'AndroidTargetPlatform' loaded TargetPlatform 'Android_ETC2'
[2020.04.15-23.41.59:486][  0]LogTemp: Display: Module 'AndroidTargetPlatform' loaded TargetPlatform 'Android_PVRTC'
[2020.04.15-23.41.59:486][  0]LogTemp: Display: Module 'AndroidTargetPlatform' loaded TargetPlatform 'AndroidClient'
[2020.04.15-23.41.59:486][  0]LogTemp: Display: Module 'AndroidTargetPlatform' loaded TargetPlatform 'Android_ASTCClient'
[2020.04.15-23.41.59:486][  0]LogTemp: Display: Module 'AndroidTargetPlatform' loaded TargetPlatform 'Android_ATCClient'
[2020.04.15-23.41.59:486][  0]LogTemp: Display: Module 'AndroidTargetPlatform' loaded TargetPlatform 'Android_DXTClient'
[2020.04.15-23.41.59:486][  0]LogTemp: Display: Module 'AndroidTargetPlatform' loaded TargetPlatform 'Android_ETC1Client'
[2020.04.15-23.41.59:486][  0]LogTemp: Display: Module 'AndroidTargetPlatform' loaded TargetPlatform 'Android_ETC1aClient'
[2020.04.15-23.41.59:486][  0]LogTemp: Display: Module 'AndroidTargetPlatform' loaded TargetPlatform 'Android_ETC2Client'
[2020.04.15-23.41.59:486][  0]LogTemp: Display: Module 'AndroidTargetPlatform' loaded TargetPlatform 'Android_PVRTCClient'
[2020.04.15-23.41.59:486][  0]LogTemp: Display: Module 'AndroidTargetPlatform' loaded TargetPlatform 'Android_Multi'
[2020.04.15-23.41.59:486][  0]LogTemp: Display: Module 'AndroidTargetPlatform' loaded TargetPlatform 'Android_MultiClient'
[2020.04.15-23.41.59:499][  0]LogTemp: Display: Module 'HTML5TargetPlatform' loaded TargetPlatform 'HTML5'
[2020.04.15-23.41.59:581][  0]LogTemp: Display: Module 'IOSTargetPlatform' loaded TargetPlatform 'IOSClient'
[2020.04.15-23.41.59:581][  0]LogTemp: Display: Module 'IOSTargetPlatform' loaded TargetPlatform 'IOS'
[2020.04.15-23.41.59:621][  0]LogTemp: Display: Module 'TVOSTargetPlatform' loaded TargetPlatform 'TVOSClient'
[2020.04.15-23.41.59:621][  0]LogTemp: Display: Module 'TVOSTargetPlatform' loaded TargetPlatform 'TVOS'
[2020.04.15-23.41.59:648][  0]LogTemp: Display: Module 'LinuxClientTargetPlatform' loaded TargetPlatform 'LinuxClient'
[2020.04.15-23.41.59:735][  0]LogTemp: Display: Module 'LinuxNoEditorTargetPlatform' loaded TargetPlatform 'LinuxNoEditor'
[2020.04.15-23.41.59:750][  0]LogTemp: Display: Module 'LinuxServerTargetPlatform' loaded TargetPlatform 'LinuxServer'
[2020.04.15-23.41.59:768][  0]LogTemp: Display: Module 'LinuxTargetPlatform' loaded TargetPlatform 'Linux'
[2020.04.15-23.41.59:835][  0]LogTemp: Display: Module 'LuminTargetPlatform' loaded TargetPlatform 'Lumin'
[2020.04.15-23.41.59:835][  0]LogTemp: Display: Module 'LuminTargetPlatform' loaded TargetPlatform 'LuminClient'
[2020.04.15-23.41.59:835][  0]LogTargetPlatformManager: Display: Building Assets For Windows
[2020.04.15-23.41.59:984][  0]LogAudioDebug: Display: Lib vorbis DLL was dynamically loaded.
[2020.04.15-23.42.00:543][  0]LogShaderCompilers: Guid format shader working directory is -4 characters bigger than the processId version (../../../../../Unreal Projects/egyptVR/Last_Pharaoh/Intermediate/Shaders/WorkingDirectory/22288/).
[2020.04.15-23.42.00:543][  0]LogShaderCompilers: Cleaned the shader compiler working directory 'C:/Users/Tetewet/AppData/Local/Temp/UnrealShaderWorkingDir/867E384C4634B15C0FBBB694647F3BFF/'.
[2020.04.15-23.42.00:559][  0]LogXGEController: Cleaning working directory: C:/Users/Tetewet/AppData/Local/Temp/UnrealXGEWorkingDir/
[2020.04.15-23.42.00:560][  0]LogXGEController: Cannot use XGE Controller as Incredibuild is not installed on this machine.
[2020.04.15-23.42.00:560][  0]LogShaderCompilers: Cannot use XGE Shader Compiler as Incredibuild is not installed on this machine.
[2020.04.15-23.42.00:560][  0]LogShaderCompilers: Display: Using Local Shader Compiler.
[2020.04.15-23.42.02:076][  0]LogDerivedDataCache: Display: Max Cache Size: 512 MB
[2020.04.15-23.42.02:184][  0]LogDerivedDataCache: Loaded boot cache 0.11s 71MB C:/Users/Tetewet/AppData/Local/UnrealEngine/4.22/DerivedDataCache/Boot.ddc.
[2020.04.15-23.42.02:184][  0]LogDerivedDataCache: Display: Loaded Boot cache: C:/Users/Tetewet/AppData/Local/UnrealEngine/4.22/DerivedDataCache/Boot.ddc
[2020.04.15-23.42.02:184][  0]LogDerivedDataCache: FDerivedDataBackendGraph:  Pak pak cache file ../../../../../Unreal Projects/egyptVR/Last_Pharaoh/DerivedDataCache/DDC.ddp not found, will not use a pak cache.
[2020.04.15-23.42.02:184][  0]LogDerivedDataCache: Unable to find inner node Pak for hierarchical cache Hierarchy.
[2020.04.15-23.42.02:184][  0]LogDerivedDataCache: FDerivedDataBackendGraph:  CompressedPak pak cache file ../../../../../Unreal Projects/egyptVR/Last_Pharaoh/DerivedDataCache/Compressed.ddp not found, will not use a pak cache.
[2020.04.15-23.42.02:184][  0]LogDerivedDataCache: Unable to find inner node CompressedPak for hierarchical cache Hierarchy.
[2020.04.15-23.42.02:238][  0]LogDerivedDataCache: Display: Pak cache opened for reading ../../../Engine/DerivedDataCache/Compressed.ddp.
[2020.04.15-23.42.02:238][  0]LogDerivedDataCache: FDerivedDataBackendGraph:  EnterprisePak pak cache file ../../../Enterprise/DerivedDataCache/Compressed.ddp not found, will not use a pak cache.
[2020.04.15-23.42.02:238][  0]LogDerivedDataCache: Unable to find inner node EnterprisePak for hierarchical cache Hierarchy.
[2020.04.15-23.42.02:251][  0]LogDerivedDataCache: Using Local data cache path C:/Users/Tetewet/AppData/Local/UnrealEngine/Common/DerivedDataCache: Writable
[2020.04.15-23.42.02:251][  0]LogDerivedDataCache: Shared data cache path not found in *engine.ini, will not use an Shared cache.
[2020.04.15-23.42.02:251][  0]LogDerivedDataCache: Unable to find inner node Shared for hierarchical cache Hierarchy.
[2020.04.15-23.42.02:279][  0]LogMaterial: Verifying Global Shaders for PCD3D_SM5
[2020.04.15-23.42.02:359][  0]LogSlate: Using FreeType 2.6.0
[2020.04.15-23.42.02:384][  0]LogSlate: SlateFontServices - WITH_FREETYPE: 1, WITH_HARFBUZZ: 1
[2020.04.15-23.42.02:897][  0]LogAssetRegistry: FAssetRegistry took 0.0380 seconds to start up
[2020.04.15-23.42.08:653][  0]LogInit: Selected Device Profile: [Windows]
[2020.04.15-23.42.09:709][  0]LogMeshReduction: Using QuadricMeshReduction for automatic static mesh reduction
[2020.04.15-23.42.09:709][  0]LogMeshReduction: Using SimplygonMeshReduction for automatic skeletal mesh reduction
[2020.04.15-23.42.09:709][  0]LogMeshReduction: Using ProxyLODMeshReduction for automatic mesh merging
[2020.04.15-23.42.09:709][  0]LogMeshReduction: No distributed automatic mesh merging module available
[2020.04.15-23.42.09:709][  0]LogMeshMerging: No distributed automatic mesh merging module available
[2020.04.15-23.42.10:024][  0]LogNetVersion: Last_Pharaoh 1.0.0, NetCL: 5660361, EngineNetVer: 10, GameNetVer: 0 (Checksum: 3119618968)
[2020.04.15-23.42.14:391][  0]LogPackageLocalizationCache: Processed 10 localized package path(s) for 1 prioritized culture(s) in 0.059638 seconds
[2020.04.15-23.42.14:408][  0]LogUObjectArray: 42205 objects as part of root set at end of initial load.
[2020.04.15-23.42.14:408][  0]LogUObjectAllocator: 7325032 out of 0 bytes used by permanent object pool.
[2020.04.15-23.42.14:408][  0]LogUObjectArray: CloseDisregardForGC: 0/0 objects in disregard for GC pool
[2020.04.15-23.42.27:655][  0]LogTcpMessaging: Initializing TcpMessaging bridge
[2020.04.15-23.42.27:684][  0]LogUdpMessaging: Initializing bridge on interface 0.0.0.0:0 to multicast group 230.0.0.1:6666.
[2020.04.15-23.42.28:708][  0]SourceControl: Source control is disabled
[2020.04.15-23.42.28:719][  0]SourceControl: Source control is disabled
[2020.04.15-23.42.28:786][  0]SourceControl: Source control is disabled
[2020.04.15-23.42.28:802][  0]SourceControl: Source control is disabled
[2020.04.15-23.42.29:742][  0]LogAndroidPermission: UAndroidPermissionCallbackProxy::GetInstance
[2020.04.15-23.42.30:239][  0]LogOcInput: OculusInput pre-init called
[2020.04.15-23.42.31:971][  0]LogEngine: Initializing Engine...
[2020.04.15-23.42.32:018][  0]LogHMD: Oculus plugin initialized. Version: 4.22.3-7053642+++UE4+Release-4.22, OVRPlugin: 1.32.0
[2020.04.15-23.42.32:030][  0]LogStats: UGameplayTagsManager::InitializeManager -  0.001 s
[2020.04.15-23.42.32:616][  0]LogUObjectGlobals: Warning: Failed to find object 'Class /Script/Last_Pharaoh.TrapManager'
[2020.04.15-23.42.32:616][  0]LogEngine: Error: Engine config value GameSingletonClassName '/Script/Last_Pharaoh.TrapManager' is not a valid class name.
[2020.04.15-23.42.32:642][  0]LogInit: Initializing FReadOnlyCVARCache
[2020.04.15-23.42.32:963][  0]LogAIModule: Creating AISystem for world Untitled
[2020.04.15-23.42.33:163][  0]LogInit: XAudio2 using 'Speakers (2- Realtek(R) Audio)' : 2 channels at 48 kHz using 32 bits per sample (channel mask 0x3)
[2020.04.15-23.42.33:214][  0]LogInit: FAudioDevice initialized.
[2020.04.15-23.42.33:214][  0]LogNetVersion: Set ProjectVersion to 1.0.0.0. Version Checksum will be recalculated on next use.
[2020.04.15-23.42.33:270][  0]LogDerivedDataCache: Saved boot cache 0.06s 71MB C:/Users/Tetewet/AppData/Local/UnrealEngine/4.22/DerivedDataCache/Boot.ddc.
[2020.04.15-23.42.33:270][  0]LogInit: Texture streaming: Enabled
[2020.04.15-23.42.33:368][  0]LogEngineSessionManager: EngineSessionManager initialized
[2020.04.15-23.42.33:583][  0]LogInit: Transaction tracking system initialized
[2020.04.15-23.42.33:886][  0]BlueprintLog: New page: Editor Load
[2020.04.15-23.42.35:079][  0]LocalizationService: Localization service is disabled
[2020.04.15-23.42.36:915][  0]LogFileCache: Scanning file cache for directory 'D:/Unreal Projects/egyptVR/Last_Pharaoh/Content/' took 0.01s
[2020.04.15-23.42.36:915][  0]LogCook: Display: Max memory allowance for cook 16384mb min free memory 0mb
[2020.04.15-23.42.36:924][  0]LogCook: Display: Mobile HDR setting 1
[2020.04.15-23.42.39:915][  0]SourceControl: Source control is disabled
[2020.04.15-23.42.39:948][  0]Cmd: MAP LOAD FILE="../../../../../Unreal Projects/egyptVR/Last_Pharaoh/Content/Scenes/TestMap.umap" TEMPLATE=0 SHOWPROGRESS=1 FEATURELEVEL=3
[2020.04.15-23.42.40:047][  0]LightingResults: New page: Lighting Build
[2020.04.15-23.42.40:279][  0]MapCheck: New page: Map Check
[2020.04.15-23.42.40:279][  0]LightingResults: New page: Lighting Build
[2020.04.15-23.42.40:615][  0]LogUObjectHash: Compacting FUObjectHashTables data took   1.54ms
[2020.04.15-23.42.41:833][  0]LogProperty: Warning: Serialized Class /Script/Engine.BlueprintGeneratedClass for a property of Class /Script/Last_Pharaoh.DamageTrap. Reference will be nullptred.
    Property = ObjectProperty /Script/Last_Pharaoh.Trap:DamageTrap
    Item = BlueprintGeneratedClass /Game/Blueprints/BP_DamageTrap.BP_DamageTrap_C
[2020.04.15-23.42.43:917][  0]LogAIModule: Creating AISystem for world TestMap
[2020.04.15-23.42.44:543][  0]LogEditorServer: Finished looking for orphan Actors (0.000 secs)
[2020.04.15-23.42.44:665][  0]LogUObjectHash: Compacting FUObjectHashTables data took   1.87ms
[2020.04.15-23.42.44:665][  0]Cmd: MAP CHECKDEP NOCLEARLOG
[2020.04.15-23.42.44:671][  0]MapCheck: Map check complete: 0 Error(s), 0 Warning(s), took 0.123ms to complete.
[2020.04.15-23.42.44:671][  0]LogFileHelpers: Loading map 'TestMap' took 4.748
[2020.04.15-23.42.45:852][  0]LogSlate: Updating window title bar state: overlay mode, drag disabled, window buttons hidden, title bar hidden
[2020.04.15-23.42.45:859][  0]LogSlate: Updating window title bar state: overlay mode, drag disabled, window buttons hidden, title bar hidden
[2020.04.15-23.42.45:866][  0]LogSlate: Updating window title bar state: overlay mode, drag disabled, window buttons hidden, title bar hidden
[2020.04.15-23.42.45:873][  0]LogSlate: Updating window title bar state: overlay mode, drag disabled, window buttons hidden, title bar hidden
[2020.04.15-23.42.45:965][  0]LogCollectionManager: Loaded 0 collections in 0.001175 seconds
[2020.04.15-23.42.46:115][  0]LogFileCache: Scanning file cache for directory 'D:/Unreal Projects/egyptVR/Last_Pharaoh/Saved/Collections/' took 0.01s
[2020.04.15-23.42.46:115][  0]LogFileCache: Scanning file cache for directory 'D:/Unreal Projects/egyptVR/Last_Pharaoh/Content/Developers/Tetewet/Collections/' took 0.01s
[2020.04.15-23.42.46:115][  0]LogFileCache: Scanning file cache for directory 'D:/Unreal Projects/egyptVR/Last_Pharaoh/Content/Collections/' took 0.01s
[2020.04.15-23.42.46:115][  0]LogCollectionManager: Rebuilt the GUID cache for 0 collections in 0.000000 seconds
[2020.04.15-23.42.46:148][  0]LogContentBrowser: Native class hierarchy populated in 0.0318 seconds. Added 2737 classes and 661 folders.
[2020.04.15-23.42.46:227][  0]LogContentBrowser: Native class hierarchy updated for 'WidgetCarousel' in 0.0005 seconds. Added 0 classes and 0 folders.
[2020.04.15-23.42.46:312][  0]LogPakFile: Registered encryption key '00000000000000000000000000000000': 0 pak files mounted, 0 remain pending
[2020.04.15-23.42.46:364][  0]LogPakFile: Registered encryption key '00000000000000000000000000000000': 0 pak files mounted, 0 remain pending
[2020.04.15-23.42.46:367][  0]LogPakFile: Registered encryption key '00000000000000000000000000000000': 0 pak files mounted, 0 remain pending
[2020.04.15-23.42.46:368][  0]LogPakFile: Registered encryption key '00000000000000000000000000000000': 0 pak files mounted, 0 remain pending
[2020.04.15-23.42.46:369][  0]LogPakFile: Registered encryption key '00000000000000000000000000000000': 0 pak files mounted, 0 remain pending
[2020.04.15-23.42.46:371][  0]LogPakFile: Registered encryption key '00000000000000000000000000000000': 0 pak files mounted, 0 remain pending
[2020.04.15-23.42.46:374][  0]LogPakFile: Registered encryption key '00000000000000000000000000000000': 0 pak files mounted, 0 remain pending
[2020.04.15-23.42.46:375][  0]LogPakFile: Registered encryption key '00000000000000000000000000000000': 0 pak files mounted, 0 remain pending
[2020.04.15-23.42.46:377][  0]LogPakFile: Registered encryption key '00000000000000000000000000000000': 0 pak files mounted, 0 remain pending
[2020.04.15-23.42.46:379][  0]LogPakFile: Registered encryption key '00000000000000000000000000000000': 0 pak files mounted, 0 remain pending
[2020.04.15-23.42.46:380][  0]LogPakFile: Registered encryption key '00000000000000000000000000000000': 0 pak files mounted, 0 remain pending
[2020.04.15-23.42.46:381][  0]LogPakFile: Registered encryption key '00000000000000000000000000000000': 0 pak files mounted, 0 remain pending
[2020.04.15-23.42.46:408][  0]LogPakFile: Registered encryption key '00000000000000000000000000000000': 0 pak files mounted, 0 remain pending
[2020.04.15-23.42.46:410][  0]LogPakFile: Registered encryption key '00000000000000000000000000000000': 0 pak files mounted, 0 remain pending
[2020.04.15-23.42.46:412][  0]LogPakFile: Registered encryption key '00000000000000000000000000000000': 0 pak files mounted, 0 remain pending
[2020.04.15-23.42.46:413][  0]LogPakFile: Registered encryption key '00000000000000000000000000000000': 0 pak files mounted, 0 remain pending
[2020.04.15-23.42.46:414][  0]LogPakFile: Registered encryption key '00000000000000000000000000000000': 0 pak files mounted, 0 remain pending
[2020.04.15-23.42.46:416][  0]LogPakFile: Registered encryption key '00000000000000000000000000000000': 0 pak files mounted, 0 remain pending
[2020.04.15-23.42.46:417][  0]LogPakFile: Registered encryption key '00000000000000000000000000000000': 0 pak files mounted, 0 remain pending
[2020.04.15-23.42.46:419][  0]LogPakFile: Registered encryption key '00000000000000000000000000000000': 0 pak files mounted, 0 remain pending
[2020.04.15-23.42.46:420][  0]LogPakFile: Registered encryption key '00000000000000000000000000000000': 0 pak files mounted, 0 remain pending
[2020.04.15-23.42.46:422][  0]LogPakFile: Registered encryption key '00000000000000000000000000000000': 0 pak files mounted, 0 remain pending
[2020.04.15-23.42.46:423][  0]LogPakFile: Registered encryption key '00000000000000000000000000000000': 0 pak files mounted, 0 remain pending
[2020.04.15-23.42.46:425][  0]LogPakFile: Registered encryption key '00000000000000000000000000000000': 0 pak files mounted, 0 remain pending
[2020.04.15-23.42.46:427][  0]LogPakFile: Registered encryption key '00000000000000000000000000000000': 0 pak files mounted, 0 remain pending
[2020.04.15-23.42.46:441][  0]LogPakFile: Registered encryption key '00000000000000000000000000000000': 0 pak files mounted, 0 remain pending
[2020.04.15-23.42.47:000][  0]LogContentBrowser: Native class hierarchy updated for 'AddContentDialog' in 0.0004 seconds. Added 0 classes and 0 folders.
[2020.04.15-23.42.47:124][  0]LogContentBrowser: Native class hierarchy updated for 'SceneOutliner' in 0.0005 seconds. Added 1 classes and 2 folders.
[2020.04.15-23.42.47:877][  0]LogSlate: Took 0.016666 seconds to synchronously load lazily loaded font '../../../Engine/Content/Slate/Fonts/Roboto-Regular.ttf' (155K)
[2020.04.15-23.42.47:894][  0]LogSlate: Took 0.014094 seconds to synchronously load lazily loaded font '../../../Engine/Content/Slate/Fonts/Roboto-Bold.ttf' (160K)
[2020.04.15-23.42.47:947][  0]LogSlate: Took 0.039619 seconds to synchronously load lazily loaded font '../../../Engine/Content/Editor/Slate/Fonts/FontAwesome.ttf' (139K)
[2020.04.15-23.42.48:338][  0]LogRenderer: Reallocating scene render targets to support 1208x560 Format 10 NumSamples 1 (Frame:1).
[2020.04.15-23.42.48:944][  0]LogContentBrowser: Native class hierarchy updated for 'HierarchicalLODOutliner' in 0.0005 seconds. Added 0 classes and 0 folders.
[2020.04.15-23.42.48:944][  0]LogLoad: (Engine Initialization) Total time: 60.39 seconds
[2020.04.15-23.42.48:944][  0]LogLoad: (Engine Initialization) Total Blueprint compile time: 0.00 seconds
[2020.04.15-23.42.49:060][  0]LogOcInput: OculusInput is initialized
[2020.04.15-23.42.49:208][  0]LogAssetRegistry: Asset discovery search completed in 46.3349 seconds
[2020.04.15-23.42.49:224][  0]LogCollectionManager: Rebuilt the object cache for 0 collections in 0.000000 seconds (found 0 objects)
[2020.04.15-23.42.49:224][  0]LogCollectionManager: Fixed up redirectors for 0 collections in 0.000070 seconds (updated 0 objects)
[2020.04.15-23.42.49:279][  0]LogContentStreaming: Texture pool size now 1000 MB
[2020.04.15-23.42.49:406][  0]LogSlate: Took 0.010627 seconds to synchronously load lazily loaded font '../../../Engine/Content/Slate/Fonts/Roboto-Light.ttf' (167K)
[2020.04.15-23.42.52:867][329]LogSlate: FSceneViewport::OnFocusLost() reason 0
[2020.04.15-23.42.56:312][711]LogSlate: Took 0.003245 seconds to synchronously load lazily loaded font '../../../Engine/Content/Slate/Fonts/Roboto-Light.ttf' (167K)
[2020.04.15-23.42.57:180][711]LogAIModule: Creating AISystem for world LastPharaoh_MainScene
[2020.04.15-23.42.57:213][711]LogAssetEditorManager: Opening Asset editor for World /Game/Maps/LastPharaoh_MainScene.LastPharaoh_MainScene
[2020.04.15-23.42.57:283][711]LogUObjectHash: Compacting FUObjectHashTables data took   1.39ms
[2020.04.15-23.42.57:299][711]Cmd: MAP LOAD FILE="../../../../../Unreal Projects/egyptVR/Last_Pharaoh/Content/Maps/LastPharaoh_MainScene.umap" TEMPLATE=0 SHOWPROGRESS=1 FEATURELEVEL=3
[2020.04.15-23.42.57:299][711]LightingResults: New page: Lighting Build
[2020.04.15-23.42.57:299][711]LoadErrors: New page: Loading map: LastPharaoh_MainScene.umap
[2020.04.15-23.42.57:324][711]MapCheck: New page: Map Check
[2020.04.15-23.42.57:324][711]LightingResults: New page: Lighting Build
[2020.04.15-23.42.57:402][711]LogUObjectHash: Compacting FUObjectHashTables data took   1.88ms
[2020.04.15-23.42.57:670][711]LogEditorServer: Finished looking for orphan Actors (0.000 secs)
[2020.04.15-23.42.57:728][711]LogUObjectHash: Compacting FUObjectHashTables data took   1.59ms
[2020.04.15-23.42.57:749][711]Cmd: MAP CHECKDEP NOCLEARLOG
[2020.04.15-23.42.57:749][711]MapCheck: Map check complete: 0 Error(s), 0 Warning(s), took 0.183ms to complete.
[2020.04.15-23.42.57:749][711]LogFileHelpers: Loading map 'LastPharaoh_MainScene' took 0.465
[2020.04.15-23.43.00:270][  6]LogTemp: Repeating last play command: VR Preview
[2020.04.15-23.43.00:282][  6]LogBlueprintUserMessages: Early PlayInEditor Detection: Level '/Game/Maps/LastPharaoh_MainScene.LastPharaoh_MainScene:PersistentLevel' has LevelScriptBlueprint '/Game/Maps/LastPharaoh_MainScene.LastPharaoh_MainScene:PersistentLevel.LastPharaoh_MainScene' with GeneratedClass '/Game/Maps/LastPharaoh_MainScene.LastPharaoh_MainScene_C' with ClassGeneratedBy '/Game/Maps/LastPharaoh_MainScene.LastPharaoh_MainScene:PersistentLevel.LastPharaoh_MainScene'
[2020.04.15-23.43.00:289][  6]LogPlayLevel: PlayLevel: No blueprints needed recompiling
[2020.04.15-23.43.00:289][  6]LogHMD: Initializing OVRPlugin session
[2020.04.15-23.43.00:349][  6]LogHMD: Allocating Oculus 3008 x 1616 rendertarget swapchain
[2020.04.15-23.43.00:370][  6]PIE: New page: PIE session: LastPharaoh_MainScene (Apr 15, 2020, 3:43:00 PM)
[2020.04.15-23.43.00:423][  6]LogPlayLevel: Creating play world package: /Game/Maps/UEDPIE_0_LastPharaoh_MainScene
[2020.04.15-23.43.00:462][  6]LogPlayLevel: PIE: StaticDuplicateObject took: (0.039560s)
[2020.04.15-23.43.00:467][  6]LogAIModule: Creating AISystem for world LastPharaoh_MainScene
[2020.04.15-23.43.00:477][  6]LogPlayLevel: PIE: World Init took: (0.014802s)
[2020.04.15-23.43.00:477][  6]LogPlayLevel: PIE: Created PIE world by copying editor world from /Game/Maps/LastPharaoh_MainScene.LastPharaoh_MainScene to /Game/Maps/UEDPIE_0_LastPharaoh_MainScene.LastPharaoh_MainScene (0.054771s)
[2020.04.15-23.43.00:508][  6]LogUObjectHash: Compacting FUObjectHashTables data took   1.15ms
[2020.04.15-23.43.00:590][  6]LogInit: XAudio2 using 'Casque (2- Rift S)' : 2 channels at 48 kHz using 16 bits per sample (channel mask 0x3)
[2020.04.15-23.43.00:640][  6]LogInit: FAudioDevice initialized.
[2020.04.15-23.43.00:650][  6]LogSlate: Updating window title bar state: overlay mode, drag disabled, window buttons hidden, title bar hidden
[2020.04.15-23.43.00:722][  6]LogLoad: Game class is 'VRGameMode_C'
[2020.04.15-23.43.00:737][  6]LogWorld: Bringing World /Game/Maps/UEDPIE_0_LastPharaoh_MainScene.LastPharaoh_MainScene up for play (max tick rate 0) at 2020.04.15-19.43.00
[2020.04.15-23.43.00:783][  6]LogWorld: Bringing up level for play took: 0.060044
[2020.04.15-23.43.00:824][  6]LogContentBrowser: Native class hierarchy updated for 'MovieSceneCapture' in 0.0007 seconds. Added 20 classes and 0 folders.
[2020.04.15-23.43.00:902][  6]PIE: Play in editor start time for /Game/Maps/UEDPIE_0_LastPharaoh_MainScene 1.606
[2020.04.15-23.43.00:902][  6]LogBlueprintUserMessages: Late PlayInEditor Detection: Level '/Game/Maps/LastPharaoh_MainScene.LastPharaoh_MainScene:PersistentLevel' has LevelScriptBlueprint '/Game/Maps/LastPharaoh_MainScene.LastPharaoh_MainScene:PersistentLevel.LastPharaoh_MainScene' with GeneratedClass '/Game/Maps/LastPharaoh_MainScene.LastPharaoh_MainScene_C' with ClassGeneratedBy '/Game/Maps/LastPharaoh_MainScene.LastPharaoh_MainScene:PersistentLevel.LastPharaoh_MainScene'
[2020.04.15-23.43.00:903][  6]LogEngine: Changing dynamic resolution state.
[2020.04.15-23.43.00:942][  6]LogRenderer: Reallocating scene render targets to support 3008x1616 Format 10 NumSamples 1 (Frame:1).
[2020.04.15-23.43.00:942][  6]LogHMD: Allocating Oculus 3008 x 1616 depth rendertarget swapchain
[2020.04.15-23.43.49:881][994]LogBlueprintUserMessages: Early EndPlayMap Detection: Level '/Game/Maps/LastPharaoh_MainScene.LastPharaoh_MainScene:PersistentLevel' has LevelScriptBlueprint '/Game/Maps/LastPharaoh_MainScene.LastPharaoh_MainScene:PersistentLevel.LastPharaoh_MainScene' with GeneratedClass '/Game/Maps/LastPharaoh_MainScene.LastPharaoh_MainScene_C' with ClassGeneratedBy '/Game/Maps/LastPharaoh_MainScene.LastPharaoh_MainScene:PersistentLevel.LastPharaoh_MainScene'
[2020.04.15-23.43.49:951][994]LogSlate: Updating window title bar state: overlay mode, drag disabled, window buttons hidden, title bar hidden
[2020.04.15-23.43.49:982][994]LogSlate: Window 'Last_Pharaoh Game Preview Standalone (64-bit/PCD3D_SM5)' being destroyed
[2020.04.15-23.43.50:021][994]LogPlayLevel: Display: Shutting down PIE online subsystems
[2020.04.15-23.43.50:021][994]LogBlueprintUserMessages: Late EndPlayMap Detection: Level '/Game/Maps/LastPharaoh_MainScene.LastPharaoh_MainScene:PersistentLevel' has LevelScriptBlueprint '/Game/Maps/LastPharaoh_MainScene.LastPharaoh_MainScene:PersistentLevel.LastPharaoh_MainScene' with GeneratedClass '/Game/Maps/LastPharaoh_MainScene.LastPharaoh_MainScene_C' with ClassGeneratedBy '/Game/Maps/LastPharaoh_MainScene.LastPharaoh_MainScene:PersistentLevel.LastPharaoh_MainScene'
[2020.04.15-23.43.50:092][994]LogUObjectHash: Compacting FUObjectHashTables data took   1.81ms
[2020.04.15-23.43.50:121][995]LogPlayLevel: Display: Destroying online subsystem :Context_4
[2020.04.15-23.43.50:122][995]LogEngine: Changing dynamic resolution state.
[2020.04.15-23.43.53:034][330]LogTemp: Repeating last play command: VR Preview
[2020.04.15-23.43.53:047][330]LogBlueprintUserMessages: Early PlayInEditor Detection: Level '/Game/Maps/LastPharaoh_MainScene.LastPharaoh_MainScene:PersistentLevel' has LevelScriptBlueprint '/Game/Maps/LastPharaoh_MainScene.LastPharaoh_MainScene:PersistentLevel.LastPharaoh_MainScene' with GeneratedClass '/Game/Maps/LastPharaoh_MainScene.LastPharaoh_MainScene_C' with ClassGeneratedBy '/Game/Maps/LastPharaoh_MainScene.LastPharaoh_MainScene:PersistentLevel.LastPharaoh_MainScene'
[2020.04.15-23.43.53:047][330]LogPlayLevel: PlayLevel: No blueprints needed recompiling
[2020.04.15-23.43.53:047][330]LogHMD: Initializing OVRPlugin session
[2020.04.15-23.43.53:068][330]LogHMD: Allocating Oculus 3008 x 1616 rendertarget swapchain
[2020.04.15-23.43.53:068][330]PIE: New page: PIE session: LastPharaoh_MainScene (Apr 15, 2020, 3:43:53 PM)
[2020.04.15-23.43.53:068][330]LogPlayLevel: Creating play world package: /Game/Maps/UEDPIE_0_LastPharaoh_MainScene
[2020.04.15-23.43.53:110][330]LogPlayLevel: PIE: StaticDuplicateObject took: (0.041831s)
[2020.04.15-23.43.53:111][330]LogAIModule: Creating AISystem for world LastPharaoh_MainScene
[2020.04.15-23.43.53:111][330]LogPlayLevel: PIE: World Init took: (0.000655s)
[2020.04.15-23.43.53:111][330]LogPlayLevel: PIE: Created PIE world by copying editor world from /Game/Maps/LastPharaoh_MainScene.LastPharaoh_MainScene to /Game/Maps/UEDPIE_0_LastPharaoh_MainScene.LastPharaoh_MainScene (0.042816s)
[2020.04.15-23.43.53:142][330]LogUObjectHash: Compacting FUObjectHashTables data took   1.33ms
[2020.04.15-23.43.53:215][330]LogInit: XAudio2 using 'Casque (2- Rift S)' : 2 channels at 48 kHz using 16 bits per sample (channel mask 0x3)
[2020.04.15-23.43.53:229][330]LogInit: FAudioDevice initialized.
[2020.04.15-23.43.53:259][330]LogSlate: Updating window title bar state: overlay mode, drag disabled, window buttons hidden, title bar hidden
[2020.04.15-23.43.53:318][330]LogLoad: Game class is 'VRGameMode_C'
[2020.04.15-23.43.53:334][330]LogWorld: Bringing World /Game/Maps/UEDPIE_0_LastPharaoh_MainScene.LastPharaoh_MainScene up for play (max tick rate 0) at 2020.04.15-19.43.53
[2020.04.15-23.43.53:335][330]LogWorld: Bringing up level for play took: 0.015653
[2020.04.15-23.43.53:352][330]PIE: Play in editor start time for /Game/Maps/UEDPIE_0_LastPharaoh_MainScene 0.056
[2020.04.15-23.43.53:352][330]LogBlueprintUserMessages: Late PlayInEditor Detection: Level '/Game/Maps/LastPharaoh_MainScene.LastPharaoh_MainScene:PersistentLevel' has LevelScriptBlueprint '/Game/Maps/LastPharaoh_MainScene.LastPharaoh_MainScene:PersistentLevel.LastPharaoh_MainScene' with GeneratedClass '/Game/Maps/LastPharaoh_MainScene.LastPharaoh_MainScene_C' with ClassGeneratedBy '/Game/Maps/LastPharaoh_MainScene.LastPharaoh_MainScene:PersistentLevel.LastPharaoh_MainScene'
[2020.04.15-23.43.53:353][330]LogEngine: Changing dynamic resolution state.
[2020.04.15-23.43.53:359][330]LogHMD: Allocating Oculus 3008 x 1616 depth rendertarget swapchain
[2020.04.15-23.50.43:669][748]LogBlueprintUserMessages: Early EndPlayMap Detection: Level '/Game/Maps/LastPharaoh_MainScene.LastPharaoh_MainScene:PersistentLevel' has LevelScriptBlueprint '/Game/Maps/LastPharaoh_MainScene.LastPharaoh_MainScene:PersistentLevel.LastPharaoh_MainScene' with GeneratedClass '/Game/Maps/LastPharaoh_MainScene.LastPharaoh_MainScene_C' with ClassGeneratedBy '/Game/Maps/LastPharaoh_MainScene.LastPharaoh_MainScene:PersistentLevel.LastPharaoh_MainScene'
[2020.04.15-23.50.43:733][748]LogSlate: Updating window title bar state: overlay mode, drag disabled, window buttons hidden, title bar hidden
[2020.04.15-23.50.43:761][748]LogSlate: Window 'Last_Pharaoh Game Preview Standalone (64-bit/PCD3D_SM5)' being destroyed
[2020.04.15-23.50.43:797][748]LogPlayLevel: Display: Shutting down PIE online subsystems
[2020.04.15-23.50.43:797][748]LogBlueprintUserMessages: Late EndPlayMap Detection: Level '/Game/Maps/LastPharaoh_MainScene.LastPharaoh_MainScene:PersistentLevel' has LevelScriptBlueprint '/Game/Maps/LastPharaoh_MainScene.LastPharaoh_MainScene:PersistentLevel.LastPharaoh_MainScene' with GeneratedClass '/Game/Maps/LastPharaoh_MainScene.LastPharaoh_MainScene_C' with ClassGeneratedBy '/Game/Maps/LastPharaoh_MainScene.LastPharaoh_MainScene:PersistentLevel.LastPharaoh_MainScene'
[2020.04.15-23.50.43:841][748]LogUObjectHash: Compacting FUObjectHashTables data took   1.37ms
[2020.04.15-23.50.43:856][749]LogPlayLevel: Display: Destroying online subsystem :Context_5
[2020.04.15-23.50.43:856][749]LogEngine: Changing dynamic resolution state.
[2020.04.15-23.58.37:638][980]LogWindowsTextInputMethodSystem: Display: IME system now deactivated.
[2020.04.15-23.58.37:638][980]LogWindowsTextInputMethodSystem: Display: IME system now deactivated.
[2020.04.15-23.58.39:064][145]LogSlate: FSceneViewport::OnFocusLost() reason 0
[2020.04.16-00.18.29:216][269]LogSlate: FSceneViewport::OnFocusLost() reason 0
[2020.04.16-00.18.29:515][279]Candidate modules for hot reload:
[2020.04.16-00.18.29:515][279]  Last_Pharaoh
[2020.04.16-00.18.29:542][279]Launching UnrealBuildTool... [D:/Unreal/UE_4.22/Engine/Binaries/DotNET/UnrealBuildTool.exe  -ModuleWithSuffix=Last_Pharaoh,9106 Win64 Development -TargetType=Editor -Project="D:/Unreal Projects/egyptVR/Last_Pharaoh/Last_Pharaoh.uproject" "D:/Unreal Projects/egyptVR/Last_Pharaoh/Last_Pharaoh.uproject"  -IgnoreJunk]
[2020.04.16-00.18.29:550][279]Warning: Starting HotReload took  0.2s.
[2020.04.16-00.18.45:391][597]CompilerResultsLog: New page: Compilation - Apr 15, 2020, 4:18:45 PM
[2020.04.16-00.18.45:396][597]CompilerResultsLog: Using 'git status' to determine working set for adaptive non-unity build (D:\Unreal Projects\egyptVR).
[2020.04.16-00.18.45:396][597]CompilerResultsLog: Creating makefile for Last_PharaohEditor (ini files are newer than makefile)
[2020.04.16-00.18.45:396][597]CompilerResultsLog: Parsing headers for Last_PharaohEditor
[2020.04.16-00.18.45:396][597]CompilerResultsLog:   Running UnrealHeaderTool "D:\Unreal Projects\egyptVR\Last_Pharaoh\Last_Pharaoh.uproject" "D:\Unreal Projects\egyptVR\Last_Pharaoh\Intermediate\Build\Win64\Last_PharaohEditor\Development\Last_PharaohEditor.uhtmanifest" -LogCmds="loginit warning, logexit warning, logdatabase error" -Unattended -WarningsAsErrors -installed
[2020.04.16-00.18.45:396][597]CompilerResultsLog: Reflection code generated for Last_PharaohEditor in 9.5637618 seconds
[2020.04.16-00.18.45:396][597]CompilerResultsLog: Using Visual Studio 2019 14.25.28610 toolchain (C:\Program Files (x86)\Microsoft Visual Studio\2019\Community\VC\Tools\MSVC\14.25.28610) and Windows 10.0.18362.0 SDK (C:\Program Files (x86)\Windows Kits\10).
[2020.04.16-00.18.45:396][597]CompilerResultsLog: Building 3 actions with 12 processes...
[2020.04.16-00.18.45:396][597]CompilerResultsLog:   [1/3] UE4Editor-Last_Pharaoh-9106.lib
[2020.04.16-00.18.45:396][597]CompilerResultsLog:      Creating library D:\Unreal Projects\egyptVR\Last_Pharaoh\Intermediate\Build\Win64\UE4Editor\Development\Last_Pharaoh\UE4Editor-Last_Pharaoh-9106.lib and object D:\Unreal Projects\egyptVR\Last_Pharaoh\Intermediate\Build\Win64\UE4Editor\Development\Last_Pharaoh\UE4Editor-Last_Pharaoh-9106.exp
[2020.04.16-00.18.45:396][597]CompilerResultsLog:   [2/3] UE4Editor-Last_Pharaoh-9106.dll
[2020.04.16-00.18.45:396][597]CompilerResultsLog:      Creating library D:\Unreal Projects\egyptVR\Last_Pharaoh\Intermediate\Build\Win64\UE4Editor\Development\Last_Pharaoh\UE4Editor-Last_Pharaoh-9106.suppressed.lib and object D:\Unreal Projects\egyptVR\Last_Pharaoh\Intermediate\Build\Win64\UE4Editor\Development\Last_Pharaoh\UE4Editor-Last_Pharaoh-9106.suppressed.exp
[2020.04.16-00.18.45:396][597]CompilerResultsLog:   [3/3] Last_PharaohEditor.target
[2020.04.16-00.18.45:396][597]CompilerResultsLog: Total time in Parallel executor: 3.17 seconds
[2020.04.16-00.18.45:396][597]CompilerResultsLog: Total execution time: 15.48 seconds
[2020.04.16-00.18.45:400][597]LogMainFrame: MainFrame: Module compiling took 15.930 seconds
[2020.04.16-00.18.45:430][597]LogUObjectHash: Compacting FUObjectHashTables data took   0.73ms
[2020.04.16-00.18.46:029][597]LogContentBrowser: Native class hierarchy updated for 'Last_Pharaoh' in 0.0007 seconds. Added 5 classes and 2 folders.
[2020.04.16-00.18.46:032][597]Display: HotReload successful (0 functions remapped  0 scriptstructs remapped)
[2020.04.16-00.18.46:470][597]LogUObjectHash: Compacting FUObjectHashTables data took   1.35ms
[2020.04.16-00.18.46:489][597]LogContentBrowser: Native class hierarchy populated in 0.0105 seconds. Added 2738 classes and 663 folders.
[2020.04.16-00.18.46:511][597]Display: HotReload took 17.2s.
[2020.04.16-00.20.54:033][360]LogTemp: Repeating last play command: VR Preview
[2020.04.16-00.20.54:092][360]LogBlueprintUserMessages: Early PlayInEditor Detection: Level '/Game/Maps/LastPharaoh_MainScene.LastPharaoh_MainScene:PersistentLevel' has LevelScriptBlueprint '/Game/Maps/LastPharaoh_MainScene.LastPharaoh_MainScene:PersistentLevel.LastPharaoh_MainScene' with GeneratedClass '/Game/Maps/LastPharaoh_MainScene.LastPharaoh_MainScene_C' with ClassGeneratedBy '/Game/Maps/LastPharaoh_MainScene.LastPharaoh_MainScene:PersistentLevel.LastPharaoh_MainScene'
[2020.04.16-00.20.54:092][360]LogPlayLevel: PlayLevel: No blueprints needed recompiling
[2020.04.16-00.20.54:092][360]LogHMD: Initializing OVRPlugin session
[2020.04.16-00.20.54:124][360]LogHMD: Allocating Oculus 3008 x 1616 rendertarget swapchain
[2020.04.16-00.20.54:124][360]PIE: New page: PIE session: LastPharaoh_MainScene (Apr 15, 2020, 4:20:54 PM)
[2020.04.16-00.20.54:124][360]LogPlayLevel: Creating play world package: /Game/Maps/UEDPIE_0_LastPharaoh_MainScene
[2020.04.16-00.20.54:175][360]LogPlayLevel: PIE: StaticDuplicateObject took: (0.051210s)
[2020.04.16-00.20.54:176][360]LogAIModule: Creating AISystem for world LastPharaoh_MainScene
[2020.04.16-00.20.54:176][360]LogPlayLevel: PIE: World Init took: (0.000973s)
[2020.04.16-00.20.54:177][360]LogPlayLevel: PIE: Created PIE world by copying editor world from /Game/Maps/LastPharaoh_MainScene.LastPharaoh_MainScene to /Game/Maps/UEDPIE_0_LastPharaoh_MainScene.LastPharaoh_MainScene (0.052522s)
[2020.04.16-00.20.54:211][360]LogUObjectHash: Compacting FUObjectHashTables data took   2.13ms
[2020.04.16-00.20.54:300][360]LogInit: XAudio2 using 'Casque (2- Rift S)' : 2 channels at 48 kHz using 16 bits per sample (channel mask 0x3)
[2020.04.16-00.20.54:315][360]LogInit: FAudioDevice initialized.
[2020.04.16-00.20.54:329][360]LogSlate: Updating window title bar state: overlay mode, drag disabled, window buttons hidden, title bar hidden
[2020.04.16-00.20.54:393][360]LogLoad: Game class is 'VRGameMode_C'
[2020.04.16-00.20.54:424][360]LogWorld: Bringing World /Game/Maps/UEDPIE_0_LastPharaoh_MainScene.LastPharaoh_MainScene up for play (max tick rate 0) at 2020.04.15-20.20.54
[2020.04.16-00.20.54:426][360]LogWorld: Bringing up level for play took: 0.031415
[2020.04.16-00.20.54:450][360]PIE: Play in editor start time for /Game/Maps/UEDPIE_0_LastPharaoh_MainScene 1.154
[2020.04.16-00.20.54:451][360]LogBlueprintUserMessages: Late PlayInEditor Detection: Level '/Game/Maps/LastPharaoh_MainScene.LastPharaoh_MainScene:PersistentLevel' has LevelScriptBlueprint '/Game/Maps/LastPharaoh_MainScene.LastPharaoh_MainScene:PersistentLevel.LastPharaoh_MainScene' with GeneratedClass '/Game/Maps/LastPharaoh_MainScene.LastPharaoh_MainScene_C' with ClassGeneratedBy '/Game/Maps/LastPharaoh_MainScene.LastPharaoh_MainScene:PersistentLevel.LastPharaoh_MainScene'
[2020.04.16-00.20.54:452][360]LogEngine: Changing dynamic resolution state.
[2020.04.16-00.20.54:462][360]LogHMD: Allocating Oculus 3008 x 1616 depth rendertarget swapchain
[2020.04.16-00.21.59:220][955]LogBlueprintUserMessages: Early EndPlayMap Detection: Level '/Game/Maps/LastPharaoh_MainScene.LastPharaoh_MainScene:PersistentLevel' has LevelScriptBlueprint '/Game/Maps/LastPharaoh_MainScene.LastPharaoh_MainScene:PersistentLevel.LastPharaoh_MainScene' with GeneratedClass '/Game/Maps/LastPharaoh_MainScene.LastPharaoh_MainScene_C' with ClassGeneratedBy '/Game/Maps/LastPharaoh_MainScene.LastPharaoh_MainScene:PersistentLevel.LastPharaoh_MainScene'
[2020.04.16-00.21.59:282][955]LogSlate: Updating window title bar state: overlay mode, drag disabled, window buttons hidden, title bar hidden
[2020.04.16-00.21.59:316][955]LogSlate: Window 'Last_Pharaoh Game Preview Standalone (64-bit/PCD3D_SM5)' being destroyed
[2020.04.16-00.21.59:354][955]LogPlayLevel: Display: Shutting down PIE online subsystems
[2020.04.16-00.21.59:354][955]LogBlueprintUserMessages: Late EndPlayMap Detection: Level '/Game/Maps/LastPharaoh_MainScene.LastPharaoh_MainScene:PersistentLevel' has LevelScriptBlueprint '/Game/Maps/LastPharaoh_MainScene.LastPharaoh_MainScene:PersistentLevel.LastPharaoh_MainScene' with GeneratedClass '/Game/Maps/LastPharaoh_MainScene.LastPharaoh_MainScene_C' with ClassGeneratedBy '/Game/Maps/LastPharaoh_MainScene.LastPharaoh_MainScene:PersistentLevel.LastPharaoh_MainScene'
[2020.04.16-00.21.59:404][955]LogUObjectHash: Compacting FUObjectHashTables data took   1.41ms
[2020.04.16-00.21.59:431][956]LogPlayLevel: Display: Destroying online subsystem :Context_6
[2020.04.16-00.21.59:431][956]LogEngine: Changing dynamic resolution state.
[2020.04.16-00.23.36:530][270]LogSlate: FSceneViewport::OnFocusLost() reason 0
[2020.04.16-00.23.39:904][547]LogAssetEditorManager: Opening Asset editor for Blueprint /Game/Blueprints/BP_TriggerTrap.BP_TriggerTrap
[2020.04.16-00.23.40:975][547]LogContentBrowser: Native class hierarchy updated for 'BlueprintGraph' in 0.0008 seconds. Added 121 classes and 0 folders.
[2020.04.16-00.23.46:901][886]LogAssetEditorManager: Opening Asset editor for Blueprint /Game/Blueprints/BP_VRCharacter.BP_VRCharacter
[2020.04.16-00.23.59:637][147]LogAssetEditorManager: Opening Asset editor for Blueprint /Game/Blueprints/BP_VRCharacter.BP_VRCharacter
[2020.04.16-00.24.00:177][147]LogSlate: Took 0.017455 seconds to synchronously load lazily loaded font '../../../Engine/Content/Slate/Fonts/Roboto-BoldCondensed.ttf' (158K)
[2020.04.16-00.24.03:134][449]LogSlate: Took 0.016255 seconds to synchronously load lazily loaded font '../../../Engine/Content/Slate/Fonts/Roboto-Italic.ttf' (157K)
[2020.04.16-00.24.16:673][  8]LogSlate: FSceneViewport::OnFocusLost() reason 0
[2020.04.16-00.24.27:995][344]LogSlate: FSceneViewport::OnFocusLost() reason 0
[2020.04.16-00.24.47:818][623]LogSlate: FSceneViewport::OnFocusLost() reason 0
[2020.04.16-00.24.50:463][922]LogSlate: FSceneViewport::OnFocusLost() reason 0
[2020.04.16-00.25.05:059][626]LogSlate: FSceneViewport::OnFocusLost() reason 0
[2020.04.16-00.25.05:119][633]BlueprintLog: New page: Compile BP_VRCharacter
[2020.04.16-00.25.05:538][633]LogUObjectHash: Compacting FUObjectHashTables data took   3.43ms
[2020.04.16-00.25.06:088][668]Cmd: OBJ SAVEPACKAGE PACKAGE="/Game/Blueprints/BP_VRCharacter" FILE="../../../../../Unreal Projects/egyptVR/Last_Pharaoh/Content/Blueprints/BP_VRCharacter.uasset" SILENT=true
[2020.04.16-00.25.06:203][668]LogSavePackage: Moving '../../../../../Unreal Projects/egyptVR/Last_Pharaoh/Saved/BP_VRCharacter8CEEEBE24D313013757558AF0FB7E667.tmp' to '../../../../../Unreal Projects/egyptVR/Last_Pharaoh/Content/Blueprints/BP_VRCharacter.uasset'
[2020.04.16-00.30.10:473][818]LogSlate: FSceneViewport::OnFocusLost() reason 0
[2020.04.16-02.50.15:526][253]LogSlate: FSceneViewport::OnFocusLost() reason 0
