Log file open, 04/14/20 19:09:41
LogWindows: Failed to load 'aqProf.dll' (GetLastError=126)
LogWindows: File 'aqProf.dll' does not exist
LogWindows: Failed to load 'VtuneApi.dll' (GetLastError=126)
LogWindows: File 'VtuneApi.dll' does not exist
LogWindows: Failed to load 'VtuneApi32e.dll' (GetLastError=126)
LogWindows: File 'VtuneApi32e.dll' does not exist
LogConsoleResponse: Display: Failed to find resolution value strings in scalability ini. Falling back to default.
LogInit: Display: Running engine for game: Last_Pharaoh
LogPakFile: Registered encryption key '00000000000000000000000000000000': 0 pak files mounted, 0 remain pending
LogPlatformFile: Not using cached read wrapper
LogTaskGraph: Started task graph with 5 named threads and 35 total threads with 3 sets of task threads.
LogStats: Stats thread started at 0.430622
LogD3D11RHI: Loaded GFSDK_Aftermath_Lib.x64.dll
LogICUInternationalization: ICU TimeZone Detection - Raw Offset: -5:00, Platform Override: ''
LogPluginManager: Mounting plugin Paper2D
LogPluginManager: Mounting plugin AISupport
LogPluginManager: Mounting plugin LightPropagationVolume
LogPluginManager: Mounting plugin ActorLayerUtilities
LogPluginManager: Mounting plugin AnimationSharing
LogPluginManager: Mounting plugin CLionSourceCodeAccess
LogPluginManager: Mounting plugin CodeLiteSourceCodeAccess
LogPluginManager: Mounting plugin GitSourceControl
LogPluginManager: Mounting plugin KDevelopSourceCodeAccess
LogPluginManager: Mounting plugin NullSourceCodeAccess
LogPluginManager: Mounting plugin PerforceSourceControl
LogPluginManager: Mounting plugin SubversionSourceControl
LogPluginManager: Mounting plugin UObjectPlugin
LogPluginManager: Mounting plugin VisualStudioCodeSourceCodeAccess
LogPluginManager: Mounting plugin VisualStudioSourceCodeAccess
LogPluginManager: Mounting plugin XCodeSourceCodeAccess
LogPluginManager: Mounting plugin AssetManagerEditor
LogPluginManager: Mounting plugin CryptoKeys
LogPluginManager: Mounting plugin DataValidation
LogPluginManager: Mounting plugin FacialAnimation
LogPluginManager: Mounting plugin GameplayTagsEditor
LogPluginManager: Mounting plugin MacGraphicsSwitching
LogPluginManager: Mounting plugin MaterialAnalyzer
LogPluginManager: Mounting plugin MobileLauncherProfileWizard
LogPluginManager: Mounting plugin PluginBrowser
LogPluginManager: Mounting plugin SpeedTreeImporter
LogPluginManager: Mounting plugin DatasmithContent
LogPluginManager: Mounting plugin VariantManagerContent
LogPluginManager: Mounting plugin AlembicImporter
LogPluginManager: Mounting plugin AppleImageUtils
LogPluginManager: Mounting plugin AppleVision
LogPluginManager: Mounting plugin BackChannel
LogPluginManager: Mounting plugin CharacterAI
LogPluginManager: Mounting plugin GeometryCache
LogPluginManager: Mounting plugin HTML5Networking
LogPluginManager: Mounting plugin ProxyLODPlugin
LogPluginManager: Mounting plugin SkeletalReduction
LogPluginManager: Mounting plugin MagicLeap
LogPluginManager: Mounting plugin MagicLeapMedia
LogPluginManager: Mounting plugin AndroidMedia
LogPluginManager: Mounting plugin AvfMedia
LogPluginManager: Mounting plugin ImgMedia
LogPluginManager: Mounting plugin LinearTimecode
LogPluginManager: Mounting plugin MediaCompositing
LogPluginManager: Mounting plugin MediaPlayerEditor
LogPluginManager: Mounting plugin WebMMedia
LogPluginManager: Mounting plugin WmfMedia
LogPluginManager: Mounting plugin TcpMessaging
LogPluginManager: Mounting plugin UdpMessaging
LogPluginManager: Mounting plugin ActorSequence
LogPluginManager: Mounting plugin LevelSequenceEditor
LogPluginManager: Mounting plugin MatineeToLevelSequence
LogPluginManager: Mounting plugin NetcodeUnitTest
LogPluginManager: Mounting plugin NUTUnrealEngine4
LogPluginManager: Mounting plugin OnlineSubsystemGooglePlay
LogPluginManager: Mounting plugin OnlineSubsystemIOS
LogPluginManager: Mounting plugin OnlineSubsystem
LogPluginManager: Mounting plugin OnlineSubsystemNull
LogPluginManager: Mounting plugin OnlineSubsystemUtils
LogPluginManager: Mounting plugin LauncherChunkInstaller
LogPluginManager: Mounting plugin AndroidDeviceProfileSelector
LogPluginManager: Mounting plugin AndroidMoviePlayer
LogPluginManager: Mounting plugin AndroidPermission
LogPluginManager: Mounting plugin AppleMoviePlayer
LogPluginManager: Mounting plugin ArchVisCharacter
LogPluginManager: Mounting plugin AudioCapture
LogPluginManager: Mounting plugin CableComponent
LogPluginManager: Mounting plugin CustomMeshComponent
LogPluginManager: Mounting plugin EditableMesh
LogPluginManager: Mounting plugin ExampleDeviceProfileSelector
LogPluginManager: Mounting plugin Firebase
LogPluginManager: Mounting plugin GoogleCloudMessaging
LogPluginManager: Mounting plugin IOSDeviceProfileSelector
LogPluginManager: Mounting plugin LinuxDeviceProfileSelector
LogPluginManager: Mounting plugin LocationServicesBPLibrary
LogPluginManager: Mounting plugin MobilePatchingUtils
LogPluginManager: Mounting plugin OculusVR
LogPluginManager: Mounting plugin PhysXVehicles
LogPluginManager: Mounting plugin ProceduralMeshComponent
LogPluginManager: Mounting plugin RuntimePhysXCooking
LogPluginManager: Mounting plugin SignificanceManager
LogPluginManager: Mounting plugin SteamVR
LogPluginManager: Mounting plugin WebMMoviePlayer
LogPluginManager: Mounting plugin WindowsMoviePlayer
LogInit: Using libcurl 7.55.1-DEV
LogInit:  - built for x86_64-pc-win32
LogInit:  - supports SSL with OpenSSL/1.1.1
LogInit:  - supports HTTP deflate (compression) using libz 1.2.8
LogInit:  - other features:
LogInit:      CURL_VERSION_SSL
LogInit:      CURL_VERSION_LIBZ
LogInit:      CURL_VERSION_IPV6
LogInit:      CURL_VERSION_ASYNCHDNS
LogInit:      CURL_VERSION_LARGEFILE
LogInit:      CURL_VERSION_IDN
LogInit:  CurlRequestOptions (configurable via config and command line):
LogInit:  - bVerifyPeer = true  - Libcurl will verify peer certificate
LogInit:  - bUseHttpProxy = false  - Libcurl will NOT use HTTP proxy
LogInit:  - bDontReuseConnections = false  - Libcurl will reuse connections
LogInit:  - MaxHostConnections = 16  - Libcurl will limit the number of connections to a host
LogInit:  - LocalHostAddr = Default
LogInit:  - BufferSize = 65536
LogInit: WinSock: version 1.1 (2.2), MaxSocks=32767, MaxUdp=65467
LogHMD: Failed initializing OVRPlugin 1.32.0
LogInit: Build: ++UE4+Release-4.22-CL-7053642
LogInit: Engine Version: 4.22.3-7053642+++UE4+Release-4.22
LogInit: Compatible Engine Version: 4.22.0-5660361+++UE4+Release-4.22
LogInit: Net CL: 5660361
LogInit: OS: Windows 10 (Release 1909) (), CPU: AMD Ryzen 5 2600X Six-Core Processor           , GPU: Radeon RX 570 Series
LogInit: Compiled (64-bit): Jun 18 2019 03:09:11
LogInit: Compiled with Visual C++: 19.16.27025.01
LogInit: Build Configuration: Development
LogInit: Branch Name: ++UE4+Release-4.22
LogInit: Command Line: 
LogInit: Base Directory: D:/Unreal/UE_4.22/Engine/Binaries/Win64/
LogInit: Installed Engine Build: 1
LogDevObjectVersion: Number of dev versions registered: 23
LogDevObjectVersion:   Dev-Blueprints (B0D832E4-1F89-4F0D-ACCF-7EB736FD4AA2): 10
LogDevObjectVersion:   Dev-Build (E1C64328-A22C-4D53-A36C-8E866417BD8C): 0
LogDevObjectVersion:   Dev-Core (375EC13C-06E4-48FB-B500-84F0262A717E): 3
LogDevObjectVersion:   Dev-Editor (E4B068ED-F494-42E9-A231-DA0B2E46BB41): 30
LogDevObjectVersion:   Dev-Framework (CFFC743F-43B0-4480-9391-14DF171D2073): 35
LogDevObjectVersion:   Dev-Mobile (B02B49B5-BB20-44E9-A304-32B752E40360): 2
LogDevObjectVersion:   Dev-Networking (A4E4105C-59A1-49B5-A7C5-40C4547EDFEE): 0
LogDevObjectVersion:   Dev-Online (39C831C9-5AE6-47DC-9A44-9C173E1C8E7C): 0
LogDevObjectVersion:   Dev-Physics (78F01B33-EBEA-4F98-B9B4-84EACCB95AA2): 0
LogDevObjectVersion:   Dev-Platform (6631380F-2D4D-43E0-8009-CF276956A95A): 0
LogDevObjectVersion:   Dev-Rendering (12F88B9F-8875-4AFC-A67C-D90C383ABD29): 28
LogDevObjectVersion:   Dev-Sequencer (7B5AE74C-D270-4C10-A958-57980B212A5A): 11
LogDevObjectVersion:   Dev-VR (D7296918-1DD6-4BDD-9DE2-64A83CC13884): 2
LogDevObjectVersion:   Dev-LoadTimes (C2A15278-BFE7-4AFE-6C17-90FF531DF755): 1
LogDevObjectVersion:   Private-Geometry (6EACA3D4-40EC-4CC1-B786-8BED09428FC5): 3
LogDevObjectVersion:   Dev-AnimPhys (29E575DD-E0A3-4627-9D10-D276232CDCEA): 17
LogDevObjectVersion:   Dev-Anim (AF43A65D-7FD3-4947-9873-3E8ED9C1BB05): 2
LogDevObjectVersion:   Dev-ReflectionCapture (6B266CEC-1EC7-4B8F-A30B-E4D90942FC07): 1
LogDevObjectVersion:   Dev-Automation (0DF73D61-A23F-47EA-B727-89E90C41499A): 1
LogDevObjectVersion:   FortniteMain (601D1886-AC64-4F84-AA16-D3DE0DEAC7D6): 25
LogDevObjectVersion:   Dev-Enterprise (9DFFBCD6-494F-0158-E221-12823C92A888): 6
LogDevObjectVersion:   Dev-Niagara (F2AED0AC-9AFE-416F-8664-AA7FFA26D6FC): 1
LogDevObjectVersion:   Dev-Destruction (174F1F0B-B4C6-45A5-B13F-2EE8D0FB917D): 2
LogInit: Presizing for max 16777216 objects, including 0 objects not considered by GC, pre-allocating 0 bytes for permanent pool.
LogInit: Object subsystem initialized
LogConfig: Setting CVar [[con.DebugEarlyDefault:1]]
LogConfig: Setting CVar [[r.setres:1280x720]]
[2020.04.14-23.09.42:270][  0]LogConfig: Setting CVar [[r.VSync:0]]
[2020.04.14-23.09.42:270][  0]LogConfig: Setting CVar [[r.RHICmdBypass:0]]
[2020.04.14-23.09.42:270][  0]LogConfig: Applying CVar settings from Section [/Script/Engine.RendererSettings] File [D:/Unreal Projects/egyptVR/Last_Pharaoh/Saved/Config/Windows/Engine.ini]
[2020.04.14-23.09.42:270][  0]LogConfig: Setting CVar [[r.GPUCrashDebugging:0]]
[2020.04.14-23.09.42:270][  0]LogConfig: Setting CVar [[r.DefaultFeature.AutoExposure.ExtendDefaultLuminanceRange:1]]
[2020.04.14-23.09.42:270][  0]LogConfig: Applying CVar settings from Section [/Script/Engine.RendererOverrideSettings] File [D:/Unreal Projects/egyptVR/Last_Pharaoh/Saved/Config/Windows/Engine.ini]
[2020.04.14-23.09.42:270][  0]LogConfig: Applying CVar settings from Section [/Script/Engine.StreamingSettings] File [D:/Unreal Projects/egyptVR/Last_Pharaoh/Saved/Config/Windows/Engine.ini]
[2020.04.14-23.09.42:271][  0]LogConfig: Setting CVar [[s.MinBulkDataSizeForAsyncLoading:131072]]
[2020.04.14-23.09.42:271][  0]LogConfig: Setting CVar [[s.AsyncLoadingThreadEnabled:0]]
[2020.04.14-23.09.42:271][  0]LogConfig: Setting CVar [[s.EventDrivenLoaderEnabled:1]]
[2020.04.14-23.09.42:271][  0]LogConfig: Setting CVar [[s.WarnIfTimeLimitExceeded:0]]
[2020.04.14-23.09.42:271][  0]LogConfig: Setting CVar [[s.TimeLimitExceededMultiplier:1.5]]
[2020.04.14-23.09.42:271][  0]LogConfig: Setting CVar [[s.TimeLimitExceededMinTime:0.005]]
[2020.04.14-23.09.42:271][  0]LogConfig: Setting CVar [[s.UseBackgroundLevelStreaming:1]]
[2020.04.14-23.09.42:271][  0]LogConfig: Setting CVar [[s.PriorityAsyncLoadingExtraTime:15.0]]
[2020.04.14-23.09.42:271][  0]LogConfig: Setting CVar [[s.LevelStreamingActorsUpdateTimeLimit:5.0]]
[2020.04.14-23.09.42:271][  0]LogConfig: Setting CVar [[s.PriorityLevelStreamingActorsUpdateExtraTime:5.0]]
[2020.04.14-23.09.42:271][  0]LogConfig: Setting CVar [[s.LevelStreamingComponentsRegistrationGranularity:10]]
[2020.04.14-23.09.42:271][  0]LogConfig: Setting CVar [[s.UnregisterComponentsTimeLimit:1.0]]
[2020.04.14-23.09.42:271][  0]LogConfig: Setting CVar [[s.LevelStreamingComponentsUnregistrationGranularity:5]]
[2020.04.14-23.09.42:271][  0]LogConfig: Applying CVar settings from Section [/Script/Engine.GarbageCollectionSettings] File [D:/Unreal Projects/egyptVR/Last_Pharaoh/Saved/Config/Windows/Engine.ini]
[2020.04.14-23.09.42:271][  0]LogConfig: Setting CVar [[gc.MaxObjectsNotConsideredByGC:1]]
[2020.04.14-23.09.42:271][  0]LogConfig: Setting CVar [[gc.SizeOfPermanentObjectPool:0]]
[2020.04.14-23.09.42:271][  0]LogConfig: Setting CVar [[gc.FlushStreamingOnGC:0]]
[2020.04.14-23.09.42:271][  0]LogConfig: Setting CVar [[gc.NumRetriesBeforeForcingGC:10]]
[2020.04.14-23.09.42:271][  0]LogConfig: Setting CVar [[gc.AllowParallelGC:1]]
[2020.04.14-23.09.42:271][  0]LogConfig: Setting CVar [[gc.TimeBetweenPurgingPendingKillObjects:61.1]]
[2020.04.14-23.09.42:271][  0]LogConfig: Setting CVar [[gc.MaxObjectsInEditor:16777216]]
[2020.04.14-23.09.42:271][  0]LogConfig: Setting CVar [[gc.IncrementalBeginDestroyEnabled:1]]
[2020.04.14-23.09.42:271][  0]LogConfig: Setting CVar [[gc.CreateGCClusters:1]]
[2020.04.14-23.09.42:271][  0]LogConfig: Setting CVar [[gc.MinGCClusterSize:5]]
[2020.04.14-23.09.42:271][  0]LogConfig: Setting CVar [[gc.ActorClusteringEnabled:0]]
[2020.04.14-23.09.42:271][  0]LogConfig: Setting CVar [[gc.BlueprintClusteringEnabled:0]]
[2020.04.14-23.09.42:271][  0]LogConfig: Setting CVar [[gc.UseDisregardForGCOnDedicatedServers:0]]
[2020.04.14-23.09.42:271][  0]LogConfig: Applying CVar settings from Section [/Script/Engine.NetworkSettings] File [D:/Unreal Projects/egyptVR/Last_Pharaoh/Saved/Config/Windows/Engine.ini]
[2020.04.14-23.09.42:271][  0]LogConfig: Applying CVar settings from Section [/Script/UnrealEd.CookerSettings] File [D:/Unreal Projects/egyptVR/Last_Pharaoh/Saved/Config/Windows/Engine.ini]
[2020.04.14-23.09.42:279][  0]LogConfig: Applying CVar settings from Section [ViewDistanceQuality@3] File [D:/Unreal Projects/egyptVR/Last_Pharaoh/Saved/Config/Windows/Scalability.ini]
[2020.04.14-23.09.42:279][  0]LogConfig: Setting CVar [[r.SkeletalMeshLODBias:0]]
[2020.04.14-23.09.42:279][  0]LogConfig: Setting CVar [[r.ViewDistanceScale:1.0]]
[2020.04.14-23.09.42:279][  0]LogConfig: Applying CVar settings from Section [AntiAliasingQuality@3] File [D:/Unreal Projects/egyptVR/Last_Pharaoh/Saved/Config/Windows/Scalability.ini]
[2020.04.14-23.09.42:279][  0]LogConfig: Setting CVar [[r.PostProcessAAQuality:4]]
[2020.04.14-23.09.42:279][  0]LogConfig: Applying CVar settings from Section [ShadowQuality@3] File [D:/Unreal Projects/egyptVR/Last_Pharaoh/Saved/Config/Windows/Scalability.ini]
[2020.04.14-23.09.42:279][  0]LogConfig: Setting CVar [[r.LightFunctionQuality:1]]
[2020.04.14-23.09.42:279][  0]LogConfig: Setting CVar [[r.ShadowQuality:5]]
[2020.04.14-23.09.42:279][  0]LogConfig: Setting CVar [[r.Shadow.CSM.MaxCascades:10]]
[2020.04.14-23.09.42:279][  0]LogConfig: Setting CVar [[r.Shadow.MaxResolution:2048]]
[2020.04.14-23.09.42:279][  0]LogConfig: Setting CVar [[r.Shadow.MaxCSMResolution:2048]]
[2020.04.14-23.09.42:279][  0]LogConfig: Setting CVar [[r.Shadow.RadiusThreshold:0.01]]
[2020.04.14-23.09.42:279][  0]LogConfig: Setting CVar [[r.Shadow.DistanceScale:1.0]]
[2020.04.14-23.09.42:279][  0]LogConfig: Setting CVar [[r.Shadow.CSM.TransitionScale:1.0]]
[2020.04.14-23.09.42:279][  0]LogConfig: Setting CVar [[r.Shadow.PreShadowResolutionFactor:1.0]]
[2020.04.14-23.09.42:279][  0]LogConfig: Setting CVar [[r.DistanceFieldShadowing:1]]
[2020.04.14-23.09.42:279][  0]LogConfig: Setting CVar [[r.DistanceFieldAO:1]]
[2020.04.14-23.09.42:279][  0]LogConfig: Setting CVar [[r.AOQuality:2]]
[2020.04.14-23.09.42:279][  0]LogConfig: Setting CVar [[r.VolumetricFog:1]]
[2020.04.14-23.09.42:279][  0]LogConfig: Setting CVar [[r.VolumetricFog.GridPixelSize:8]]
[2020.04.14-23.09.42:279][  0]LogConfig: Setting CVar [[r.VolumetricFog.GridSizeZ:128]]
[2020.04.14-23.09.42:279][  0]LogConfig: Setting CVar [[r.VolumetricFog.HistoryMissSupersampleCount:4]]
[2020.04.14-23.09.42:279][  0]LogConfig: Setting CVar [[r.LightMaxDrawDistanceScale:1]]
[2020.04.14-23.09.42:279][  0]LogConfig: Setting CVar [[r.CapsuleShadows:1]]
[2020.04.14-23.09.42:279][  0]LogConfig: Applying CVar settings from Section [PostProcessQuality@3] File [D:/Unreal Projects/egyptVR/Last_Pharaoh/Saved/Config/Windows/Scalability.ini]
[2020.04.14-23.09.42:279][  0]LogConfig: Setting CVar [[r.MotionBlurQuality:4]]
[2020.04.14-23.09.42:279][  0]LogConfig: Setting CVar [[r.AmbientOcclusionMipLevelFactor:0.4]]
[2020.04.14-23.09.42:279][  0]LogConfig: Setting CVar [[r.AmbientOcclusionMaxQuality:100]]
[2020.04.14-23.09.42:279][  0]LogConfig: Setting CVar [[r.AmbientOcclusionLevels:-1]]
[2020.04.14-23.09.42:279][  0]LogConfig: Setting CVar [[r.AmbientOcclusionRadiusScale:1.0]]
[2020.04.14-23.09.42:279][  0]LogConfig: Setting CVar [[r.DepthOfFieldQuality:2]]
[2020.04.14-23.09.42:279][  0]LogConfig: Setting CVar [[r.RenderTargetPoolMin:400]]
[2020.04.14-23.09.42:279][  0]LogConfig: Setting CVar [[r.LensFlareQuality:2]]
[2020.04.14-23.09.42:279][  0]LogConfig: Setting CVar [[r.SceneColorFringeQuality:1]]
[2020.04.14-23.09.42:279][  0]LogConfig: Setting CVar [[r.EyeAdaptationQuality:2]]
[2020.04.14-23.09.42:279][  0]LogConfig: Setting CVar [[r.BloomQuality:5]]
[2020.04.14-23.09.42:279][  0]LogConfig: Setting CVar [[r.FastBlurThreshold:100]]
[2020.04.14-23.09.42:279][  0]LogConfig: Setting CVar [[r.Upscale.Quality:3]]
[2020.04.14-23.09.42:279][  0]LogConfig: Setting CVar [[r.Tonemapper.GrainQuantization:1]]
[2020.04.14-23.09.42:279][  0]LogConfig: Setting CVar [[r.LightShaftQuality:1]]
[2020.04.14-23.09.42:279][  0]LogConfig: Setting CVar [[r.Filter.SizeScale:1]]
[2020.04.14-23.09.42:279][  0]LogConfig: Setting CVar [[r.Tonemapper.Quality:5]]
[2020.04.14-23.09.42:279][  0]LogConfig: Setting CVar [[r.DOF.Gather.AccumulatorQuality:1        ; higher gathering accumulator quality]]
[2020.04.14-23.09.42:279][  0]LogConfig: Setting CVar [[r.DOF.Gather.PostfilterMethod:1          ; Median3x3 postfilering method]]
[2020.04.14-23.09.42:279][  0]LogConfig: Setting CVar [[r.DOF.Gather.EnableBokehSettings:0       ; no bokeh simulation when gathering]]
[2020.04.14-23.09.42:279][  0]LogConfig: Setting CVar [[r.DOF.Gather.RingCount:4                 ; medium number of samples when gathering]]
[2020.04.14-23.09.42:279][  0]LogConfig: Setting CVar [[r.DOF.Scatter.ForegroundCompositing:1    ; additive foreground scattering]]
[2020.04.14-23.09.42:279][  0]LogConfig: Setting CVar [[r.DOF.Scatter.BackgroundCompositing:2    ; additive background scattering]]
[2020.04.14-23.09.42:279][  0]LogConfig: Setting CVar [[r.DOF.Scatter.EnableBokehSettings:1      ; bokeh simulation when scattering]]
[2020.04.14-23.09.42:279][  0]LogConfig: Setting CVar [[r.DOF.Scatter.MaxSpriteRatio:0.1         ; only a maximum of 10% of scattered bokeh]]
[2020.04.14-23.09.42:279][  0]LogConfig: Setting CVar [[r.DOF.Recombine.Quality:1                ; cheap slight out of focus]]
[2020.04.14-23.09.42:279][  0]LogConfig: Setting CVar [[r.DOF.Recombine.EnableBokehSettings:0    ; no bokeh simulation on slight out of focus]]
[2020.04.14-23.09.42:279][  0]LogConfig: Setting CVar [[r.DOF.TemporalAAQuality:1                ; more stable temporal accumulation]]
[2020.04.14-23.09.42:279][  0]LogConfig: Setting CVar [[r.DOF.Kernel.MaxForegroundRadius:0.025]]
[2020.04.14-23.09.42:279][  0]LogConfig: Setting CVar [[r.DOF.Kernel.MaxBackgroundRadius:0.025]]
[2020.04.14-23.09.42:279][  0]LogConfig: Applying CVar settings from Section [TextureQuality@3] File [D:/Unreal Projects/egyptVR/Last_Pharaoh/Saved/Config/Windows/Scalability.ini]
[2020.04.14-23.09.42:279][  0]LogConfig: Setting CVar [[r.Streaming.MipBias:0]]
[2020.04.14-23.09.42:279][  0]LogConfig: Setting CVar [[r.Streaming.AmortizeCPUToGPUCopy:0]]
[2020.04.14-23.09.42:279][  0]LogConfig: Setting CVar [[r.Streaming.MaxNumTexturesToStreamPerFrame:0]]
[2020.04.14-23.09.42:279][  0]LogConfig: Setting CVar [[r.Streaming.Boost:1]]
[2020.04.14-23.09.42:279][  0]LogConfig: Setting CVar [[r.MaxAnisotropy:8]]
[2020.04.14-23.09.42:279][  0]LogConfig: Setting CVar [[r.Streaming.LimitPoolSizeToVRAM:0]]
[2020.04.14-23.09.42:279][  0]LogConfig: Setting CVar [[r.Streaming.PoolSize:1000]]
[2020.04.14-23.09.42:279][  0]LogConfig: Setting CVar [[r.Streaming.MaxEffectiveScreenSize:0]]
[2020.04.14-23.09.42:280][  0]LogConfig: Applying CVar settings from Section [EffectsQuality@3] File [D:/Unreal Projects/egyptVR/Last_Pharaoh/Saved/Config/Windows/Scalability.ini]
[2020.04.14-23.09.42:280][  0]LogConfig: Setting CVar [[r.TranslucencyLightingVolumeDim:64]]
[2020.04.14-23.09.42:280][  0]LogConfig: Setting CVar [[r.RefractionQuality:2]]
[2020.04.14-23.09.42:280][  0]LogConfig: Setting CVar [[r.SSR.Quality:3]]
[2020.04.14-23.09.42:280][  0]LogConfig: Setting CVar [[r.SceneColorFormat:4]]
[2020.04.14-23.09.42:280][  0]LogConfig: Setting CVar [[r.DetailMode:2]]
[2020.04.14-23.09.42:280][  0]LogConfig: Setting CVar [[r.TranslucencyVolumeBlur:1]]
[2020.04.14-23.09.42:280][  0]LogConfig: Setting CVar [[r.MaterialQualityLevel:1 ; High quality]]
[2020.04.14-23.09.42:280][  0]LogConfig: Setting CVar [[r.SSS.Scale:1]]
[2020.04.14-23.09.42:280][  0]LogConfig: Setting CVar [[r.SSS.SampleSet:2]]
[2020.04.14-23.09.42:280][  0]LogConfig: Setting CVar [[r.SSS.Quality:1]]
[2020.04.14-23.09.42:280][  0]LogConfig: Setting CVar [[r.SSS.HalfRes:1]]
[2020.04.14-23.09.42:280][  0]LogConfig: Setting CVar [[r.EmitterSpawnRateScale:1.0]]
[2020.04.14-23.09.42:280][  0]LogConfig: Setting CVar [[r.ParticleLightQuality:2]]
[2020.04.14-23.09.42:280][  0]LogConfig: Applying CVar settings from Section [FoliageQuality@3] File [D:/Unreal Projects/egyptVR/Last_Pharaoh/Saved/Config/Windows/Scalability.ini]
[2020.04.14-23.09.42:280][  0]LogConfig: Setting CVar [[foliage.DensityScale:1.0]]
[2020.04.14-23.09.42:280][  0]LogConfig: Setting CVar [[grass.DensityScale:1.0]]
[2020.04.14-23.09.42:280][  0]LogInit: Selected Device Profile: [Windows]
[2020.04.14-23.09.42:280][  0]LogInit: Applying CVar settings loaded from the selected device profile: [Windows]
[2020.04.14-23.09.42:290][  0]LogHAL: Display: Platform has ~ 16 GB [17080889344 / 17179869184 / 16], which maps to Larger [LargestMinGB=32, LargerMinGB=12, DefaultMinGB=8, SmallerMinGB=6, SmallestMinGB=0)
[2020.04.14-23.09.42:290][  0]LogConfig: Setting CVar [[r.Vulkan.UseRealUBs:0		; Required until we fix HLR fall-out]]
[2020.04.14-23.09.42:290][  0]LogInit: Going up to parent DeviceProfile []
[2020.04.14-23.09.42:290][  0]LogConfig: Applying CVar settings from Section [ViewDistanceQuality@3] File [D:/Unreal Projects/egyptVR/Last_Pharaoh/Saved/Config/Windows/Scalability.ini]
[2020.04.14-23.09.42:290][  0]LogConfig: Setting CVar [[r.SkeletalMeshLODBias:0]]
[2020.04.14-23.09.42:290][  0]LogConfig: Setting CVar [[r.ViewDistanceScale:1.0]]
[2020.04.14-23.09.42:290][  0]LogConfig: Applying CVar settings from Section [AntiAliasingQuality@3] File [D:/Unreal Projects/egyptVR/Last_Pharaoh/Saved/Config/Windows/Scalability.ini]
[2020.04.14-23.09.42:290][  0]LogConfig: Setting CVar [[r.PostProcessAAQuality:4]]
[2020.04.14-23.09.42:290][  0]LogConfig: Applying CVar settings from Section [ShadowQuality@3] File [D:/Unreal Projects/egyptVR/Last_Pharaoh/Saved/Config/Windows/Scalability.ini]
[2020.04.14-23.09.42:290][  0]LogConfig: Setting CVar [[r.LightFunctionQuality:1]]
[2020.04.14-23.09.42:290][  0]LogConfig: Setting CVar [[r.ShadowQuality:5]]
[2020.04.14-23.09.42:290][  0]LogConfig: Setting CVar [[r.Shadow.CSM.MaxCascades:10]]
[2020.04.14-23.09.42:290][  0]LogConfig: Setting CVar [[r.Shadow.MaxResolution:2048]]
[2020.04.14-23.09.42:290][  0]LogConfig: Setting CVar [[r.Shadow.MaxCSMResolution:2048]]
[2020.04.14-23.09.42:290][  0]LogConfig: Setting CVar [[r.Shadow.RadiusThreshold:0.01]]
[2020.04.14-23.09.42:290][  0]LogConfig: Setting CVar [[r.Shadow.DistanceScale:1.0]]
[2020.04.14-23.09.42:290][  0]LogConfig: Setting CVar [[r.Shadow.CSM.TransitionScale:1.0]]
[2020.04.14-23.09.42:290][  0]LogConfig: Setting CVar [[r.Shadow.PreShadowResolutionFactor:1.0]]
[2020.04.14-23.09.42:290][  0]LogConfig: Setting CVar [[r.DistanceFieldShadowing:1]]
[2020.04.14-23.09.42:290][  0]LogConfig: Setting CVar [[r.DistanceFieldAO:1]]
[2020.04.14-23.09.42:290][  0]LogConfig: Setting CVar [[r.AOQuality:2]]
[2020.04.14-23.09.42:290][  0]LogConfig: Setting CVar [[r.VolumetricFog:1]]
[2020.04.14-23.09.42:290][  0]LogConfig: Setting CVar [[r.VolumetricFog.GridPixelSize:8]]
[2020.04.14-23.09.42:290][  0]LogConfig: Setting CVar [[r.VolumetricFog.GridSizeZ:128]]
[2020.04.14-23.09.42:290][  0]LogConfig: Setting CVar [[r.VolumetricFog.HistoryMissSupersampleCount:4]]
[2020.04.14-23.09.42:290][  0]LogConfig: Setting CVar [[r.LightMaxDrawDistanceScale:1]]
[2020.04.14-23.09.42:290][  0]LogConfig: Setting CVar [[r.CapsuleShadows:1]]
[2020.04.14-23.09.42:290][  0]LogConfig: Applying CVar settings from Section [PostProcessQuality@3] File [D:/Unreal Projects/egyptVR/Last_Pharaoh/Saved/Config/Windows/Scalability.ini]
[2020.04.14-23.09.42:290][  0]LogConfig: Setting CVar [[r.MotionBlurQuality:4]]
[2020.04.14-23.09.42:290][  0]LogConfig: Setting CVar [[r.AmbientOcclusionMipLevelFactor:0.4]]
[2020.04.14-23.09.42:290][  0]LogConfig: Setting CVar [[r.AmbientOcclusionMaxQuality:100]]
[2020.04.14-23.09.42:290][  0]LogConfig: Setting CVar [[r.AmbientOcclusionLevels:-1]]
[2020.04.14-23.09.42:290][  0]LogConfig: Setting CVar [[r.AmbientOcclusionRadiusScale:1.0]]
[2020.04.14-23.09.42:290][  0]LogConfig: Setting CVar [[r.DepthOfFieldQuality:2]]
[2020.04.14-23.09.42:290][  0]LogConfig: Setting CVar [[r.RenderTargetPoolMin:400]]
[2020.04.14-23.09.42:290][  0]LogConfig: Setting CVar [[r.LensFlareQuality:2]]
[2020.04.14-23.09.42:290][  0]LogConfig: Setting CVar [[r.SceneColorFringeQuality:1]]
[2020.04.14-23.09.42:290][  0]LogConfig: Setting CVar [[r.EyeAdaptationQuality:2]]
[2020.04.14-23.09.42:290][  0]LogConfig: Setting CVar [[r.BloomQuality:5]]
[2020.04.14-23.09.42:290][  0]LogConfig: Setting CVar [[r.FastBlurThreshold:100]]
[2020.04.14-23.09.42:290][  0]LogConfig: Setting CVar [[r.Upscale.Quality:3]]
[2020.04.14-23.09.42:290][  0]LogConfig: Setting CVar [[r.Tonemapper.GrainQuantization:1]]
[2020.04.14-23.09.42:290][  0]LogConfig: Setting CVar [[r.LightShaftQuality:1]]
[2020.04.14-23.09.42:290][  0]LogConfig: Setting CVar [[r.Filter.SizeScale:1]]
[2020.04.14-23.09.42:291][  0]LogConfig: Setting CVar [[r.Tonemapper.Quality:5]]
[2020.04.14-23.09.42:291][  0]LogConfig: Setting CVar [[r.DOF.Gather.AccumulatorQuality:1        ; higher gathering accumulator quality]]
[2020.04.14-23.09.42:291][  0]LogConfig: Setting CVar [[r.DOF.Gather.PostfilterMethod:1          ; Median3x3 postfilering method]]
[2020.04.14-23.09.42:291][  0]LogConfig: Setting CVar [[r.DOF.Gather.EnableBokehSettings:0       ; no bokeh simulation when gathering]]
[2020.04.14-23.09.42:291][  0]LogConfig: Setting CVar [[r.DOF.Gather.RingCount:4                 ; medium number of samples when gathering]]
[2020.04.14-23.09.42:291][  0]LogConfig: Setting CVar [[r.DOF.Scatter.ForegroundCompositing:1    ; additive foreground scattering]]
[2020.04.14-23.09.42:291][  0]LogConfig: Setting CVar [[r.DOF.Scatter.BackgroundCompositing:2    ; additive background scattering]]
[2020.04.14-23.09.42:291][  0]LogConfig: Setting CVar [[r.DOF.Scatter.EnableBokehSettings:1      ; bokeh simulation when scattering]]
[2020.04.14-23.09.42:291][  0]LogConfig: Setting CVar [[r.DOF.Scatter.MaxSpriteRatio:0.1         ; only a maximum of 10% of scattered bokeh]]
[2020.04.14-23.09.42:291][  0]LogConfig: Setting CVar [[r.DOF.Recombine.Quality:1                ; cheap slight out of focus]]
[2020.04.14-23.09.42:291][  0]LogConfig: Setting CVar [[r.DOF.Recombine.EnableBokehSettings:0    ; no bokeh simulation on slight out of focus]]
[2020.04.14-23.09.42:291][  0]LogConfig: Setting CVar [[r.DOF.TemporalAAQuality:1                ; more stable temporal accumulation]]
[2020.04.14-23.09.42:291][  0]LogConfig: Setting CVar [[r.DOF.Kernel.MaxForegroundRadius:0.025]]
[2020.04.14-23.09.42:291][  0]LogConfig: Setting CVar [[r.DOF.Kernel.MaxBackgroundRadius:0.025]]
[2020.04.14-23.09.42:291][  0]LogConfig: Applying CVar settings from Section [TextureQuality@3] File [D:/Unreal Projects/egyptVR/Last_Pharaoh/Saved/Config/Windows/Scalability.ini]
[2020.04.14-23.09.42:291][  0]LogConfig: Setting CVar [[r.Streaming.MipBias:0]]
[2020.04.14-23.09.42:291][  0]LogConfig: Setting CVar [[r.Streaming.AmortizeCPUToGPUCopy:0]]
[2020.04.14-23.09.42:291][  0]LogConfig: Setting CVar [[r.Streaming.MaxNumTexturesToStreamPerFrame:0]]
[2020.04.14-23.09.42:291][  0]LogConfig: Setting CVar [[r.Streaming.Boost:1]]
[2020.04.14-23.09.42:291][  0]LogConfig: Setting CVar [[r.MaxAnisotropy:8]]
[2020.04.14-23.09.42:291][  0]LogConfig: Setting CVar [[r.Streaming.LimitPoolSizeToVRAM:0]]
[2020.04.14-23.09.42:291][  0]LogConfig: Setting CVar [[r.Streaming.PoolSize:1000]]
[2020.04.14-23.09.42:291][  0]LogConfig: Setting CVar [[r.Streaming.MaxEffectiveScreenSize:0]]
[2020.04.14-23.09.42:291][  0]LogConfig: Applying CVar settings from Section [EffectsQuality@3] File [D:/Unreal Projects/egyptVR/Last_Pharaoh/Saved/Config/Windows/Scalability.ini]
[2020.04.14-23.09.42:291][  0]LogConfig: Setting CVar [[r.TranslucencyLightingVolumeDim:64]]
[2020.04.14-23.09.42:291][  0]LogConfig: Setting CVar [[r.RefractionQuality:2]]
[2020.04.14-23.09.42:291][  0]LogConfig: Setting CVar [[r.SSR.Quality:3]]
[2020.04.14-23.09.42:291][  0]LogConfig: Setting CVar [[r.SceneColorFormat:4]]
[2020.04.14-23.09.42:291][  0]LogConfig: Setting CVar [[r.DetailMode:2]]
[2020.04.14-23.09.42:291][  0]LogConfig: Setting CVar [[r.TranslucencyVolumeBlur:1]]
[2020.04.14-23.09.42:291][  0]LogConfig: Setting CVar [[r.MaterialQualityLevel:1 ; High quality]]
[2020.04.14-23.09.42:291][  0]LogConfig: Setting CVar [[r.SSS.Scale:1]]
[2020.04.14-23.09.42:291][  0]LogConfig: Setting CVar [[r.SSS.SampleSet:2]]
[2020.04.14-23.09.42:291][  0]LogConfig: Setting CVar [[r.SSS.Quality:1]]
[2020.04.14-23.09.42:291][  0]LogConfig: Setting CVar [[r.SSS.HalfRes:1]]
[2020.04.14-23.09.42:291][  0]LogConfig: Setting CVar [[r.EmitterSpawnRateScale:1.0]]
[2020.04.14-23.09.42:291][  0]LogConfig: Setting CVar [[r.ParticleLightQuality:2]]
[2020.04.14-23.09.42:291][  0]LogConfig: Applying CVar settings from Section [FoliageQuality@3] File [D:/Unreal Projects/egyptVR/Last_Pharaoh/Saved/Config/Windows/Scalability.ini]
[2020.04.14-23.09.42:291][  0]LogConfig: Setting CVar [[foliage.DensityScale:1.0]]
[2020.04.14-23.09.42:291][  0]LogConfig: Setting CVar [[grass.DensityScale:1.0]]
[2020.04.14-23.09.42:291][  0]LogConfig: Applying CVar settings from Section [Startup] File [../../../Engine/Config/ConsoleVariables.ini]
[2020.04.14-23.09.42:291][  0]LogConfig: Setting CVar [[net.UseAdaptiveNetUpdateFrequency:0]]
[2020.04.14-23.09.42:291][  0]LogConfig: Setting CVar [[p.chaos.AllowCreatePhysxBodies:1]]
[2020.04.14-23.09.42:291][  0]LogConfig: Applying CVar settings from Section [ConsoleVariables] File [D:/Unreal Projects/egyptVR/Last_Pharaoh/Saved/Config/Windows/Engine.ini]
[2020.04.14-23.09.42:292][  0]LogInit: Computer: DESKTOP-NKQ22UT
[2020.04.14-23.09.42:292][  0]LogInit: User: Tetewet
[2020.04.14-23.09.42:292][  0]LogInit: CPU Page size=4096, Cores=6
[2020.04.14-23.09.42:292][  0]LogInit: High frequency timer resolution =10.000000 MHz
[2020.04.14-23.09.42:292][  0]LogMemory: Memory total: Physical=15.9GB (16GB approx)
[2020.04.14-23.09.42:292][  0]LogMemory: Platform Memory Stats for Windows
[2020.04.14-23.09.42:292][  0]LogMemory: Process Physical Memory: 99.16 MB used, 99.16 MB peak
[2020.04.14-23.09.42:292][  0]LogMemory: Process Virtual Memory: 92.85 MB used, 92.85 MB peak
[2020.04.14-23.09.42:292][  0]LogMemory: Physical Memory: 9577.02 MB used,  6712.58 MB free, 16289.61 MB total
[2020.04.14-23.09.42:292][  0]LogMemory: Virtual Memory: 4676.43 MB used,  134213048.00 MB free, 134217728.00 MB total
[2020.04.14-23.09.42:315][  0]LogInit: Using OS detected language (en-US).
[2020.04.14-23.09.42:315][  0]LogInit: Using OS detected locale (en-US).
[2020.04.14-23.09.42:316][  0]LogTextLocalizationManager: No specific localization for 'en-US' exists, so the 'en' localization will be used.
[2020.04.14-23.09.42:480][  0]LogInit: Setting process to per monitor DPI aware
[2020.04.14-23.09.42:523][  0]LogSlate: New Slate User Created.  User Index 0, Is Virtual User: 0
[2020.04.14-23.09.42:524][  0]LogSlate: Slate User Registered.  User Index 0, Is Virtual User: 0
[2020.04.14-23.09.42:858][  0]LogHMD: Failed to initialize OpenVR with code 108
[2020.04.14-23.09.42:858][  0]LogD3D11RHI: D3D11 adapters:
[2020.04.14-23.09.42:903][  0]LogD3D11RHI:    0. 'Radeon RX 570 Series' (Feature Level 11_0)
[2020.04.14-23.09.42:903][  0]LogD3D11RHI:       8171/0/8144 MB DedicatedVideo/DedicatedSystem/SharedSystem, Outputs:2, VendorId:0x1002
[2020.04.14-23.09.42:907][  0]LogD3D11RHI:    1. 'Microsoft Basic Render Driver' (Feature Level 11_0)
[2020.04.14-23.09.42:907][  0]LogD3D11RHI:       0/0/8144 MB DedicatedVideo/DedicatedSystem/SharedSystem, Outputs:0, VendorId:0x1414
[2020.04.14-23.09.42:907][  0]LogD3D11RHI: Chosen D3D11 Adapter: 0
[2020.04.14-23.09.42:921][  0]LogD3D11RHI: Creating new Direct3DDevice
[2020.04.14-23.09.42:921][  0]LogD3D11RHI:     GPU DeviceId: 0x67df (for the marketing name, search the web for "GPU Device Id")
[2020.04.14-23.09.42:921][  0]LogWindows: EnumDisplayDevices:
[2020.04.14-23.09.42:921][  0]LogWindows:    0. 'Radeon RX 570 Series' (P:0 D:1)
[2020.04.14-23.09.42:921][  0]LogWindows:    1. 'Radeon RX 570 Series' (P:1 D:1)
[2020.04.14-23.09.42:922][  0]LogWindows:    2. 'Radeon RX 570 Series' (P:0 D:0)
[2020.04.14-23.09.42:922][  0]LogWindows:    3. 'Radeon RX 570 Series' (P:0 D:0)
[2020.04.14-23.09.42:922][  0]LogWindows:    4. 'Radeon RX 570 Series' (P:0 D:0)
[2020.04.14-23.09.42:923][  0]LogWindows:    5. 'Radeon RX 570 Series' (P:0 D:0)
[2020.04.14-23.09.42:923][  0]LogWindows:    6. 'Radeon RX 570 Series' (P:0 D:0)
[2020.04.14-23.09.42:923][  0]LogWindows:    7. 'Radeon RX 570 Series' (P:0 D:0)
[2020.04.14-23.09.42:923][  0]LogWindows: DebugString: FoundDriverCount:8 
[2020.04.14-23.09.42:923][  0]LogD3D11RHI:     Adapter Name: Radeon RX 570 Series
[2020.04.14-23.09.42:923][  0]LogD3D11RHI:   Driver Version: Adrenalin 2020 20.4.1 (internal:26.20.15029.20013, unified:26.20.15029.20013)
[2020.04.14-23.09.42:923][  0]LogD3D11RHI:      Driver Date: 4-1-2020
[2020.04.14-23.09.42:923][  0]LogRHI: Texture pool is 5720 MB (70% of 8171 MB)
[2020.04.14-23.09.42:991][  0]LogD3D11RHI: Async texture creation enabled
[2020.04.14-23.09.42:994][  0]LogRendererCore: FGlobalReadBuffer::InitRHI
[2020.04.14-23.09.42:995][  0]LogRendererCore: FGlobalReadBuffer::InitRHI
[2020.04.14-23.09.42:995][  0]LogRendererCore: FGlobalReadBuffer::InitRHI
[2020.04.14-23.09.43:002][  0]LogD3D11RHI: GPU Timing Frequency: 25.000000 (Debug: 2 1)
[2020.04.14-23.09.43:323][  0]LogTemp: Display: Module 'AllDesktopTargetPlatform' loaded TargetPlatform 'AllDesktop'
[2020.04.14-23.09.43:338][  0]LogTemp: Display: Module 'MacClientTargetPlatform' loaded TargetPlatform 'MacClient'
[2020.04.14-23.09.43:354][  0]LogTemp: Display: Module 'MacNoEditorTargetPlatform' loaded TargetPlatform 'MacNoEditor'
[2020.04.14-23.09.43:369][  0]LogTemp: Display: Module 'MacServerTargetPlatform' loaded TargetPlatform 'MacServer'
[2020.04.14-23.09.43:385][  0]LogTemp: Display: Module 'MacTargetPlatform' loaded TargetPlatform 'Mac'
[2020.04.14-23.09.43:400][  0]LogTemp: Display: Module 'WindowsClientTargetPlatform' loaded TargetPlatform 'WindowsClient'
[2020.04.14-23.09.43:415][  0]LogTemp: Display: Module 'WindowsNoEditorTargetPlatform' loaded TargetPlatform 'WindowsNoEditor'
[2020.04.14-23.09.43:430][  0]LogTemp: Display: Module 'WindowsServerTargetPlatform' loaded TargetPlatform 'WindowsServer'
[2020.04.14-23.09.43:437][  0]LogTemp: Display: Module 'WindowsTargetPlatform' loaded TargetPlatform 'Windows'
[2020.04.14-23.09.43:534][  0]LogTemp: Display: Module 'AndroidTargetPlatform' loaded TargetPlatform 'Android'
[2020.04.14-23.09.43:534][  0]LogTemp: Display: Module 'AndroidTargetPlatform' loaded TargetPlatform 'Android_ASTC'
[2020.04.14-23.09.43:534][  0]LogTemp: Display: Module 'AndroidTargetPlatform' loaded TargetPlatform 'Android_ATC'
[2020.04.14-23.09.43:534][  0]LogTemp: Display: Module 'AndroidTargetPlatform' loaded TargetPlatform 'Android_DXT'
[2020.04.14-23.09.43:534][  0]LogTemp: Display: Module 'AndroidTargetPlatform' loaded TargetPlatform 'Android_ETC1'
[2020.04.14-23.09.43:534][  0]LogTemp: Display: Module 'AndroidTargetPlatform' loaded TargetPlatform 'Android_ETC1a'
[2020.04.14-23.09.43:534][  0]LogTemp: Display: Module 'AndroidTargetPlatform' loaded TargetPlatform 'Android_ETC2'
[2020.04.14-23.09.43:534][  0]LogTemp: Display: Module 'AndroidTargetPlatform' loaded TargetPlatform 'Android_PVRTC'
[2020.04.14-23.09.43:534][  0]LogTemp: Display: Module 'AndroidTargetPlatform' loaded TargetPlatform 'AndroidClient'
[2020.04.14-23.09.43:534][  0]LogTemp: Display: Module 'AndroidTargetPlatform' loaded TargetPlatform 'Android_ASTCClient'
[2020.04.14-23.09.43:534][  0]LogTemp: Display: Module 'AndroidTargetPlatform' loaded TargetPlatform 'Android_ATCClient'
[2020.04.14-23.09.43:534][  0]LogTemp: Display: Module 'AndroidTargetPlatform' loaded TargetPlatform 'Android_DXTClient'
[2020.04.14-23.09.43:534][  0]LogTemp: Display: Module 'AndroidTargetPlatform' loaded TargetPlatform 'Android_ETC1Client'
[2020.04.14-23.09.43:534][  0]LogTemp: Display: Module 'AndroidTargetPlatform' loaded TargetPlatform 'Android_ETC1aClient'
[2020.04.14-23.09.43:534][  0]LogTemp: Display: Module 'AndroidTargetPlatform' loaded TargetPlatform 'Android_ETC2Client'
[2020.04.14-23.09.43:534][  0]LogTemp: Display: Module 'AndroidTargetPlatform' loaded TargetPlatform 'Android_PVRTCClient'
[2020.04.14-23.09.43:534][  0]LogTemp: Display: Module 'AndroidTargetPlatform' loaded TargetPlatform 'Android_Multi'
[2020.04.14-23.09.43:534][  0]LogTemp: Display: Module 'AndroidTargetPlatform' loaded TargetPlatform 'Android_MultiClient'
[2020.04.14-23.09.43:537][  0]LogTemp: Display: Module 'HTML5TargetPlatform' loaded TargetPlatform 'HTML5'
[2020.04.14-23.09.43:589][  0]LogTemp: Display: Module 'IOSTargetPlatform' loaded TargetPlatform 'IOSClient'
[2020.04.14-23.09.43:589][  0]LogTemp: Display: Module 'IOSTargetPlatform' loaded TargetPlatform 'IOS'
[2020.04.14-23.09.43:616][  0]LogTemp: Display: Module 'TVOSTargetPlatform' loaded TargetPlatform 'TVOSClient'
[2020.04.14-23.09.43:616][  0]LogTemp: Display: Module 'TVOSTargetPlatform' loaded TargetPlatform 'TVOS'
[2020.04.14-23.09.43:631][  0]LogTemp: Display: Module 'LinuxClientTargetPlatform' loaded TargetPlatform 'LinuxClient'
[2020.04.14-23.09.43:645][  0]LogTemp: Display: Module 'LinuxNoEditorTargetPlatform' loaded TargetPlatform 'LinuxNoEditor'
[2020.04.14-23.09.43:659][  0]LogTemp: Display: Module 'LinuxServerTargetPlatform' loaded TargetPlatform 'LinuxServer'
[2020.04.14-23.09.43:674][  0]LogTemp: Display: Module 'LinuxTargetPlatform' loaded TargetPlatform 'Linux'
[2020.04.14-23.09.43:728][  0]LogTemp: Display: Module 'LuminTargetPlatform' loaded TargetPlatform 'Lumin'
[2020.04.14-23.09.43:729][  0]LogTemp: Display: Module 'LuminTargetPlatform' loaded TargetPlatform 'LuminClient'
[2020.04.14-23.09.43:729][  0]LogTargetPlatformManager: Display: Building Assets For Windows
[2020.04.14-23.09.43:737][  0]LogAudioDebug: Display: Lib vorbis DLL was dynamically loaded.
[2020.04.14-23.09.43:782][  0]LogShaderCompilers: Guid format shader working directory is -4 characters bigger than the processId version (../../../../../Unreal Projects/egyptVR/Last_Pharaoh/Intermediate/Shaders/WorkingDirectory/18612/).
[2020.04.14-23.09.43:782][  0]LogShaderCompilers: Cleaned the shader compiler working directory 'C:/Users/Tetewet/AppData/Local/Temp/UnrealShaderWorkingDir/34638532477C291F90F9F4ADAC1778C7/'.
[2020.04.14-23.09.43:784][  0]LogXGEController: Cleaning working directory: C:/Users/Tetewet/AppData/Local/Temp/UnrealXGEWorkingDir/
[2020.04.14-23.09.43:784][  0]LogXGEController: Cannot use XGE Controller as Incredibuild is not installed on this machine.
[2020.04.14-23.09.43:784][  0]LogShaderCompilers: Cannot use XGE Shader Compiler as Incredibuild is not installed on this machine.
[2020.04.14-23.09.43:784][  0]LogShaderCompilers: Display: Using Local Shader Compiler.
[2020.04.14-23.09.44:416][  0]LogDerivedDataCache: Display: Max Cache Size: 512 MB
[2020.04.14-23.09.44:483][  0]LogDerivedDataCache: Loaded boot cache 0.07s 71MB C:/Users/Tetewet/AppData/Local/UnrealEngine/4.22/DerivedDataCache/Boot.ddc.
[2020.04.14-23.09.44:483][  0]LogDerivedDataCache: Display: Loaded Boot cache: C:/Users/Tetewet/AppData/Local/UnrealEngine/4.22/DerivedDataCache/Boot.ddc
[2020.04.14-23.09.44:483][  0]LogDerivedDataCache: FDerivedDataBackendGraph:  Pak pak cache file ../../../../../Unreal Projects/egyptVR/Last_Pharaoh/DerivedDataCache/DDC.ddp not found, will not use a pak cache.
[2020.04.14-23.09.44:483][  0]LogDerivedDataCache: Unable to find inner node Pak for hierarchical cache Hierarchy.
[2020.04.14-23.09.44:483][  0]LogDerivedDataCache: FDerivedDataBackendGraph:  CompressedPak pak cache file ../../../../../Unreal Projects/egyptVR/Last_Pharaoh/DerivedDataCache/Compressed.ddp not found, will not use a pak cache.
[2020.04.14-23.09.44:483][  0]LogDerivedDataCache: Unable to find inner node CompressedPak for hierarchical cache Hierarchy.
[2020.04.14-23.09.44:497][  0]LogDerivedDataCache: Display: Pak cache opened for reading ../../../Engine/DerivedDataCache/Compressed.ddp.
[2020.04.14-23.09.44:497][  0]LogDerivedDataCache: FDerivedDataBackendGraph:  EnterprisePak pak cache file ../../../Enterprise/DerivedDataCache/Compressed.ddp not found, will not use a pak cache.
[2020.04.14-23.09.44:497][  0]LogDerivedDataCache: Unable to find inner node EnterprisePak for hierarchical cache Hierarchy.
[2020.04.14-23.09.44:510][  0]LogDerivedDataCache: Using Local data cache path C:/Users/Tetewet/AppData/Local/UnrealEngine/Common/DerivedDataCache: Writable
[2020.04.14-23.09.44:510][  0]LogDerivedDataCache: Shared data cache path not found in *engine.ini, will not use an Shared cache.
[2020.04.14-23.09.44:510][  0]LogDerivedDataCache: Unable to find inner node Shared for hierarchical cache Hierarchy.
[2020.04.14-23.09.44:534][  0]LogMaterial: Verifying Global Shaders for PCD3D_SM5
[2020.04.14-23.09.44:535][  0]LogSlate: Using FreeType 2.6.0
[2020.04.14-23.09.44:536][  0]LogSlate: SlateFontServices - WITH_FREETYPE: 1, WITH_HARFBUZZ: 1
[2020.04.14-23.09.44:636][  0]LogAssetRegistry: FAssetRegistry took 0.0362 seconds to start up
[2020.04.14-23.09.45:043][  0]LogInit: Selected Device Profile: [Windows]
[2020.04.14-23.09.45:173][  0]LogMeshReduction: Using QuadricMeshReduction for automatic static mesh reduction
[2020.04.14-23.09.45:173][  0]LogMeshReduction: Using SimplygonMeshReduction for automatic skeletal mesh reduction
[2020.04.14-23.09.45:173][  0]LogMeshReduction: Using ProxyLODMeshReduction for automatic mesh merging
[2020.04.14-23.09.45:173][  0]LogMeshReduction: No distributed automatic mesh merging module available
[2020.04.14-23.09.45:173][  0]LogMeshMerging: No distributed automatic mesh merging module available
[2020.04.14-23.09.45:188][  0]LogNetVersion: Last_Pharaoh 1.0.0, NetCL: 5660361, EngineNetVer: 10, GameNetVer: 0 (Checksum: 3119618968)
[2020.04.14-23.09.45:653][  0]LogPackageLocalizationCache: Processed 10 localized package path(s) for 1 prioritized culture(s) in 0.059170 seconds
[2020.04.14-23.09.45:664][  0]LogUObjectArray: 42205 objects as part of root set at end of initial load.
[2020.04.14-23.09.45:664][  0]LogUObjectAllocator: 7325032 out of 0 bytes used by permanent object pool.
[2020.04.14-23.09.45:664][  0]LogUObjectArray: CloseDisregardForGC: 0/0 objects in disregard for GC pool
[2020.04.14-23.09.46:694][  0]LogTcpMessaging: Initializing TcpMessaging bridge
[2020.04.14-23.09.46:709][  0]LogUdpMessaging: Initializing bridge on interface 0.0.0.0:0 to multicast group 230.0.0.1:6666.
[2020.04.14-23.09.46:840][  0]SourceControl: Source control is disabled
[2020.04.14-23.09.46:840][  0]SourceControl: Source control is disabled
[2020.04.14-23.09.46:852][  0]SourceControl: Source control is disabled
[2020.04.14-23.09.46:854][  0]SourceControl: Source control is disabled
[2020.04.14-23.09.46:997][  0]LogAndroidPermission: UAndroidPermissionCallbackProxy::GetInstance
[2020.04.14-23.09.47:217][  0]LogOcInput: OculusInput pre-init called
[2020.04.14-23.09.48:073][  0]LogEngine: Initializing Engine...
[2020.04.14-23.09.48:151][  0]LogHMD: Failed to initialize OpenVR with code 108
[2020.04.14-23.09.48:152][  0]LogStats: UGameplayTagsManager::InitializeManager -  0.000 s
[2020.04.14-23.09.48:383][  0]LogUObjectGlobals: Warning: Failed to find object 'Class /Script/Last_Pharaoh.TrapManager'
[2020.04.14-23.09.48:384][  0]LogEngine: Error: Engine config value GameSingletonClassName '/Script/Last_Pharaoh.TrapManager' is not a valid class name.
[2020.04.14-23.09.48:385][  0]LogInit: Initializing FReadOnlyCVARCache
[2020.04.14-23.09.48:400][  0]LogAIModule: Creating AISystem for world Untitled
[2020.04.14-23.09.48:470][  0]LogInit: XAudio2 using 'Speakers (2- Realtek(R) Audio)' : 2 channels at 48 kHz using 32 bits per sample (channel mask 0x3)
[2020.04.14-23.09.48:520][  0]LogInit: FAudioDevice initialized.
[2020.04.14-23.09.48:521][  0]LogNetVersion: Set ProjectVersion to 1.0.0.0. Version Checksum will be recalculated on next use.
[2020.04.14-23.09.48:580][  0]LogDerivedDataCache: Saved boot cache 0.06s 71MB C:/Users/Tetewet/AppData/Local/UnrealEngine/4.22/DerivedDataCache/Boot.ddc.
[2020.04.14-23.09.48:586][  0]LogInit: Texture streaming: Enabled
[2020.04.14-23.09.48:607][  0]LogEngineSessionManager: EngineSessionManager initialized
[2020.04.14-23.09.48:607][  0]LogEngineSessionManager: EngineSessionManager sent abnormal shutdown report. Type=Crashed, SessionId={2218EB1A-48FD-48D7-1EE0-CFA06E9BCC1A}
[2020.04.14-23.09.48:631][  0]LogInit: Transaction tracking system initialized
[2020.04.14-23.09.48:656][  0]BlueprintLog: New page: Editor Load
[2020.04.14-23.09.48:746][  0]LocalizationService: Localization service is disabled
[2020.04.14-23.09.49:062][  0]LogFileCache: Scanning file cache for directory 'D:/Unreal Projects/egyptVR/Last_Pharaoh/Content/' took 0.01s
[2020.04.14-23.09.49:062][  0]LogCook: Display: Max memory allowance for cook 16384mb min free memory 0mb
[2020.04.14-23.09.49:062][  0]LogCook: Display: Mobile HDR setting 1
[2020.04.14-23.09.49:267][  0]SourceControl: Source control is disabled
[2020.04.14-23.09.49:268][  0]Cmd: MAP LOAD FILE="../../../../../Unreal Projects/egyptVR/Last_Pharaoh/Content/Scenes/TestMap.umap" TEMPLATE=0 SHOWPROGRESS=1 FEATURELEVEL=3
[2020.04.14-23.09.49:268][  0]LightingResults: New page: Lighting Build
[2020.04.14-23.09.49:270][  0]MapCheck: New page: Map Check
[2020.04.14-23.09.49:270][  0]LightingResults: New page: Lighting Build
[2020.04.14-23.09.49:303][  0]LogUObjectHash: Compacting FUObjectHashTables data took   2.01ms
[2020.04.14-23.09.49:597][  0]LogAIModule: Creating AISystem for world TestMap
[2020.04.14-23.09.49:608][  0]LogEditorServer: Finished looking for orphan Actors (0.000 secs)
[2020.04.14-23.09.49:644][  0]LogUObjectHash: Compacting FUObjectHashTables data took   2.33ms
[2020.04.14-23.09.49:644][  0]Cmd: MAP CHECKDEP NOCLEARLOG
[2020.04.14-23.09.49:644][  0]MapCheck: Map check complete: 0 Error(s), 0 Warning(s), took 0.111ms to complete.
[2020.04.14-23.09.49:644][  0]LogFileHelpers: Loading map 'TestMap' took 0.377
[2020.04.14-23.09.49:773][  0]LogSlate: Updating window title bar state: overlay mode, drag disabled, window buttons hidden, title bar hidden
[2020.04.14-23.09.49:780][  0]LogSlate: Updating window title bar state: overlay mode, drag disabled, window buttons hidden, title bar hidden
[2020.04.14-23.09.49:787][  0]LogSlate: Updating window title bar state: overlay mode, drag disabled, window buttons hidden, title bar hidden
[2020.04.14-23.09.49:795][  0]LogSlate: Updating window title bar state: overlay mode, drag disabled, window buttons hidden, title bar hidden
[2020.04.14-23.09.49:800][  0]LogCollectionManager: Loaded 0 collections in 0.001116 seconds
[2020.04.14-23.09.49:839][  0]LogFileCache: Scanning file cache for directory 'D:/Unreal Projects/egyptVR/Last_Pharaoh/Saved/Collections/' took 0.01s
[2020.04.14-23.09.49:839][  0]LogFileCache: Scanning file cache for directory 'D:/Unreal Projects/egyptVR/Last_Pharaoh/Content/Developers/Tetewet/Collections/' took 0.01s
[2020.04.14-23.09.49:839][  0]LogFileCache: Scanning file cache for directory 'D:/Unreal Projects/egyptVR/Last_Pharaoh/Content/Collections/' took 0.01s
[2020.04.14-23.09.49:839][  0]LogCollectionManager: Rebuilt the GUID cache for 0 collections in 0.000000 seconds
[2020.04.14-23.09.49:850][  0]LogContentBrowser: Native class hierarchy populated in 0.0111 seconds. Added 2737 classes and 661 folders.
[2020.04.14-23.09.49:859][  0]LogContentBrowser: Native class hierarchy updated for 'WidgetCarousel' in 0.0005 seconds. Added 0 classes and 0 folders.
[2020.04.14-23.09.49:861][  0]LogPakFile: Registered encryption key '00000000000000000000000000000000': 0 pak files mounted, 0 remain pending
[2020.04.14-23.09.49:862][  0]LogPakFile: Registered encryption key '00000000000000000000000000000000': 0 pak files mounted, 0 remain pending
[2020.04.14-23.09.49:863][  0]LogPakFile: Registered encryption key '00000000000000000000000000000000': 0 pak files mounted, 0 remain pending
[2020.04.14-23.09.49:864][  0]LogPakFile: Registered encryption key '00000000000000000000000000000000': 0 pak files mounted, 0 remain pending
[2020.04.14-23.09.49:864][  0]LogPakFile: Registered encryption key '00000000000000000000000000000000': 0 pak files mounted, 0 remain pending
[2020.04.14-23.09.49:865][  0]LogPakFile: Registered encryption key '00000000000000000000000000000000': 0 pak files mounted, 0 remain pending
[2020.04.14-23.09.49:866][  0]LogPakFile: Registered encryption key '00000000000000000000000000000000': 0 pak files mounted, 0 remain pending
[2020.04.14-23.09.49:866][  0]LogPakFile: Registered encryption key '00000000000000000000000000000000': 0 pak files mounted, 0 remain pending
[2020.04.14-23.09.49:867][  0]LogPakFile: Registered encryption key '00000000000000000000000000000000': 0 pak files mounted, 0 remain pending
[2020.04.14-23.09.49:869][  0]LogPakFile: Registered encryption key '00000000000000000000000000000000': 0 pak files mounted, 0 remain pending
[2020.04.14-23.09.49:870][  0]LogPakFile: Registered encryption key '00000000000000000000000000000000': 0 pak files mounted, 0 remain pending
[2020.04.14-23.09.49:870][  0]LogPakFile: Registered encryption key '00000000000000000000000000000000': 0 pak files mounted, 0 remain pending
[2020.04.14-23.09.49:871][  0]LogPakFile: Registered encryption key '00000000000000000000000000000000': 0 pak files mounted, 0 remain pending
[2020.04.14-23.09.49:872][  0]LogPakFile: Registered encryption key '00000000000000000000000000000000': 0 pak files mounted, 0 remain pending
[2020.04.14-23.09.49:873][  0]LogPakFile: Registered encryption key '00000000000000000000000000000000': 0 pak files mounted, 0 remain pending
[2020.04.14-23.09.49:874][  0]LogPakFile: Registered encryption key '00000000000000000000000000000000': 0 pak files mounted, 0 remain pending
[2020.04.14-23.09.49:874][  0]LogPakFile: Registered encryption key '00000000000000000000000000000000': 0 pak files mounted, 0 remain pending
[2020.04.14-23.09.49:875][  0]LogPakFile: Registered encryption key '00000000000000000000000000000000': 0 pak files mounted, 0 remain pending
[2020.04.14-23.09.49:876][  0]LogPakFile: Registered encryption key '00000000000000000000000000000000': 0 pak files mounted, 0 remain pending
[2020.04.14-23.09.49:877][  0]LogPakFile: Registered encryption key '00000000000000000000000000000000': 0 pak files mounted, 0 remain pending
[2020.04.14-23.09.49:878][  0]LogPakFile: Registered encryption key '00000000000000000000000000000000': 0 pak files mounted, 0 remain pending
[2020.04.14-23.09.49:878][  0]LogPakFile: Registered encryption key '00000000000000000000000000000000': 0 pak files mounted, 0 remain pending
[2020.04.14-23.09.49:879][  0]LogPakFile: Registered encryption key '00000000000000000000000000000000': 0 pak files mounted, 0 remain pending
[2020.04.14-23.09.49:880][  0]LogPakFile: Registered encryption key '00000000000000000000000000000000': 0 pak files mounted, 0 remain pending
[2020.04.14-23.09.49:881][  0]LogPakFile: Registered encryption key '00000000000000000000000000000000': 0 pak files mounted, 0 remain pending
[2020.04.14-23.09.49:882][  0]LogPakFile: Registered encryption key '00000000000000000000000000000000': 0 pak files mounted, 0 remain pending
[2020.04.14-23.09.49:933][  0]LogContentBrowser: Native class hierarchy updated for 'AddContentDialog' in 0.0004 seconds. Added 0 classes and 0 folders.
[2020.04.14-23.09.49:939][  0]LogContentBrowser: Native class hierarchy updated for 'SceneOutliner' in 0.0007 seconds. Added 1 classes and 2 folders.
[2020.04.14-23.09.50:028][  0]LogSlate: Took 0.000342 seconds to synchronously load lazily loaded font '../../../Engine/Content/Slate/Fonts/Roboto-Regular.ttf' (155K)
[2020.04.14-23.09.50:030][  0]LogSlate: Took 0.000344 seconds to synchronously load lazily loaded font '../../../Engine/Content/Slate/Fonts/Roboto-Bold.ttf' (160K)
[2020.04.14-23.09.50:036][  0]LogSlate: Took 0.000305 seconds to synchronously load lazily loaded font '../../../Engine/Content/Editor/Slate/Fonts/FontAwesome.ttf' (139K)
[2020.04.14-23.09.50:096][  0]LogRenderer: Reallocating scene render targets to support 1208x560 Format 10 NumSamples 1 (Frame:1).
[2020.04.14-23.09.50:228][  0]LogContentBrowser: Native class hierarchy updated for 'HierarchicalLODOutliner' in 0.0006 seconds. Added 0 classes and 0 folders.
[2020.04.14-23.09.50:228][  0]LogLoad: (Engine Initialization) Total time: 10.92 seconds
[2020.04.14-23.09.50:228][  0]LogLoad: (Engine Initialization) Total Blueprint compile time: 0.00 seconds
[2020.04.14-23.09.50:266][  0]LogAssetRegistry: Asset discovery search completed in 5.6522 seconds
[2020.04.14-23.09.50:268][  0]LogCollectionManager: Rebuilt the object cache for 0 collections in 0.000000 seconds (found 0 objects)
[2020.04.14-23.09.50:268][  0]LogCollectionManager: Fixed up redirectors for 0 collections in 0.000049 seconds (updated 0 objects)
[2020.04.14-23.09.50:269][  0]LogContentStreaming: Texture pool size now 1000 MB
[2020.04.14-23.09.50:293][  0]LogSlate: Took 0.000318 seconds to synchronously load lazily loaded font '../../../Engine/Content/Slate/Fonts/Roboto-Light.ttf' (167K)
[2020.04.14-23.09.50:307][  1]LogMotionControllerComponent: Warning: Failed to create a display component for the MotionController - no XR system (if there were any) had a model for the specified source ('Left')
[2020.04.14-23.09.50:307][  1]LogMotionControllerComponent: Warning: Failed to create a display component for the MotionController - no XR system (if there were any) had a model for the specified source ('Right')
[2020.04.14-23.09.50:400][  3]LogActor: Warning: BP_Trap_C /Engine/Transient.World_2:PersistentLevel.BP_Trap_C_0 has natively added scene component(s), but none of them were set as the actor's RootComponent - picking one arbitrarily
[2020.04.14-23.09.54:648][ 36]LogSlate: FSceneViewport::OnFocusLost() reason 0
[2020.04.14-23.09.56:092][130]LogActor: Warning: BP_Trap_C /Game/Scenes/TestMap.TestMap:PersistentLevel.BP_Trap_C_0 has natively added scene component(s), but none of them were set as the actor's RootComponent - picking one arbitrarily
[2020.04.14-23.09.57:505][266]LogActor: Warning: BP_Trap_C /Game/Scenes/TestMap.TestMap:PersistentLevel.BP_Trap_C_1 has natively added scene component(s), but none of them were set as the actor's RootComponent - picking one arbitrarily
[2020.04.14-23.09.58:905][424]Cmd: DELETE
[2020.04.14-23.09.58:905][424]Cmd: ACTOR DELETE
[2020.04.14-23.09.58:908][424]LogEditorActor: Deleted Actor: BP_Trap_C
[2020.04.14-23.09.58:940][424]LogUObjectHash: Compacting FUObjectHashTables data took   1.53ms
[2020.04.14-23.09.58:941][424]LogEditorActor: Deleted 1 Actors (0.035 secs)
[2020.04.14-23.10.02:408][838]LogSlate: FSceneViewport::OnFocusLost() reason 0
[2020.04.14-23.10.05:648][186]LogSlate: FSceneViewport::OnFocusLost() reason 0
[2020.04.14-23.10.17:290][482]LogSlate: Took 0.000396 seconds to synchronously load lazily loaded font '../../../Engine/Content/Slate/Fonts/Roboto-Italic.ttf' (157K)
[2020.04.14-23.10.29:862][965]LogSlate: Took 0.000406 seconds to synchronously load lazily loaded font '../../../Engine/Content/Slate/Fonts/Roboto-Light.ttf' (167K)
[2020.04.14-23.10.40:765][254]Cmd: OBJ SAVEPACKAGE PACKAGE="/Game/Scenes/TestMap" FILE="../../../../../Unreal Projects/egyptVR/Last_Pharaoh/Content/Scenes/TestMap.umap" SILENT=true AUTOSAVING=false KEEPDIRTY=false
[2020.04.14-23.10.40:799][254]LogUObjectHash: Compacting FUObjectHashTables data took   1.10ms
[2020.04.14-23.10.41:017][254]LogSavePackage: Moving '../../../../../Unreal Projects/egyptVR/Last_Pharaoh/Saved/TestMapBA46E40746E7F75932CF08AB69A2AEB4.tmp' to '../../../../../Unreal Projects/egyptVR/Last_Pharaoh/Content/Scenes/TestMap.umap'
[2020.04.14-23.10.41:046][254]Cmd: OBJ SAVEPACKAGE PACKAGE="/Game/Scenes/TestMap_BuiltData" FILE="../../../../../Unreal Projects/egyptVR/Last_Pharaoh/Content/Scenes/TestMap_BuiltData.uasset" SILENT=true
[2020.04.14-23.10.41:272][254]LogSavePackage: Moving '../../../../../Unreal Projects/egyptVR/Last_Pharaoh/Saved/TestMap_BuiltDataAC2CCF8A4D8F4AE0FE5D08A2CE428E15.tmp' to '../../../../../Unreal Projects/egyptVR/Last_Pharaoh/Content/Scenes/TestMap_BuiltData.uasset'
[2020.04.14-23.11.02:113][406]LogTemp: Repeating last play command: Selected Viewport
[2020.04.14-23.11.02:122][406]LogBlueprintUserMessages: Early PlayInEditor Detection: Level '/Game/Scenes/TestMap.TestMap:PersistentLevel' has LevelScriptBlueprint '/Game/Scenes/TestMap.TestMap:PersistentLevel.TestMap' with GeneratedClass '/Game/Scenes/TestMap.TestMap_C' with ClassGeneratedBy '/Game/Scenes/TestMap.TestMap:PersistentLevel.TestMap'
[2020.04.14-23.11.02:122][406]LogPlayLevel: PlayLevel: No blueprints needed recompiling
[2020.04.14-23.11.02:123][406]PIE: New page: PIE session: TestMap (Apr 14, 2020, 3:11:02 PM)
[2020.04.14-23.11.02:135][406]LogPlayLevel: Creating play world package: /Game/Scenes/UEDPIE_0_TestMap
[2020.04.14-23.11.02:143][406]LogPlayLevel: PIE: StaticDuplicateObject took: (0.007810s)
[2020.04.14-23.11.02:144][406]LogAIModule: Creating AISystem for world TestMap
[2020.04.14-23.11.02:144][406]LogPlayLevel: PIE: World Init took: (0.001001s)
[2020.04.14-23.11.02:144][406]LogPlayLevel: PIE: Created PIE world by copying editor world from /Game/Scenes/TestMap.TestMap to /Game/Scenes/UEDPIE_0_TestMap.TestMap (0.009101s)
[2020.04.14-23.11.02:176][406]LogUObjectHash: Compacting FUObjectHashTables data took   2.29ms
[2020.04.14-23.11.02:231][406]LogInit: XAudio2 using 'Speakers (2- Realtek(R) Audio)' : 2 channels at 48 kHz using 32 bits per sample (channel mask 0x3)
[2020.04.14-23.11.02:270][406]LogInit: FAudioDevice initialized.
[2020.04.14-23.11.02:315][406]LogLoad: Game class is 'VRGameMode_C'
[2020.04.14-23.11.02:318][406]LogWorld: Bringing World /Game/Scenes/UEDPIE_0_TestMap.TestMap up for play (max tick rate 0) at 2020.04.14-19.11.02
[2020.04.14-23.11.02:319][406]LogWorld: Bringing up level for play took: 0.003169
[2020.04.14-23.11.02:336][406]LogContentBrowser: Native class hierarchy updated for 'MovieSceneCapture' in 0.0005 seconds. Added 20 classes and 0 folders.
[2020.04.14-23.11.02:337][406]LogMotionControllerComponent: Warning: Failed to create a display component for the MotionController - no XR system (if there were any) had a model for the specified source ('Left')
[2020.04.14-23.11.02:337][406]LogMotionControllerComponent: Warning: Failed to create a display component for the MotionController - no XR system (if there were any) had a model for the specified source ('Right')
[2020.04.14-23.11.02:338][406]PIE: Play in editor start time for /Game/Scenes/UEDPIE_0_TestMap 0.247
[2020.04.14-23.11.02:338][406]LogBlueprintUserMessages: Late PlayInEditor Detection: Level '/Game/Scenes/TestMap.TestMap:PersistentLevel' has LevelScriptBlueprint '/Game/Scenes/TestMap.TestMap:PersistentLevel.TestMap' with GeneratedClass '/Game/Scenes/TestMap.TestMap_C' with ClassGeneratedBy '/Game/Scenes/TestMap.TestMap:PersistentLevel.TestMap'
[2020.04.14-23.11.06:289][759]LogWindows: Error: === Critical error: ===
[2020.04.14-23.11.06:289][759]LogWindows: Error: 
[2020.04.14-23.11.06:289][759]LogWindows: Error: Fatal error!
[2020.04.14-23.11.06:289][759]LogWindows: Error: 
[2020.04.14-23.11.06:289][759]LogWindows: Error: Unhandled Exception: EXCEPTION_ACCESS_VIOLATION reading address 0x00000408
[2020.04.14-23.11.06:289][759]LogWindows: Error: 
[2020.04.14-23.11.06:289][759]LogWindows: Error: [Callstack] 0x00007ff926112a20 UE4Editor-Last_Pharaoh-2796.dll!ADamageTrap::GetTrapActivated() [D:\Unreal Projects\egyptVR\Last_Pharaoh\Source\Last_Pharaoh\DamageTrap.cpp:59]
[2020.04.14-23.11.06:289][759]LogWindows: Error: [Callstack] 0x00007ff9261138cc UE4Editor-Last_Pharaoh-2796.dll!ATrap::TriggeredTrap() [D:\Unreal Projects\egyptVR\Last_Pharaoh\Source\Last_Pharaoh\Trap.cpp:72]
[2020.04.14-23.11.06:289][759]LogWindows: Error: [Callstack] 0x00007ff9261137e3 UE4Editor-Last_Pharaoh-2796.dll!ATrap::NotifyActorBeginOverlap() [D:\Unreal Projects\egyptVR\Last_Pharaoh\Source\Last_Pharaoh\Trap.cpp:61]
[2020.04.14-23.11.06:289][759]LogWindows: Error: [Callstack] 0x00007ff93aacdd49 UE4Editor-Engine.dll!UnknownFunction []
[2020.04.14-23.11.06:289][759]LogWindows: Error: [Callstack] 0x00007ff93ab0a5ad UE4Editor-Engine.dll!UnknownFunction []
[2020.04.14-23.11.06:289][759]LogWindows: Error: [Callstack] 0x00007ff93ab0a711 UE4Editor-Engine.dll!UnknownFunction []
[2020.04.14-23.11.06:289][759]LogWindows: Error: [Callstack] 0x00007ff93ab341a1 UE4Editor-Engine.dll!UnknownFunction []
[2020.04.14-23.11.06:289][759]LogWindows: Error: [Callstack] 0x00007ff93ab1ba43 UE4Editor-Engine.dll!UnknownFunction []
[2020.04.14-23.11.06:289][759]LogWindows: Error: [Callstack] 0x00007ff93aa90e0a UE4Editor-Engine.dll!UnknownFunction []
[2020.04.14-23.11.06:289][759]LogWindows: Error: [Callstack] 0x00007ff93aab4441 UE4Editor-Engine.dll!UnknownFunction []
[2020.04.14-23.11.06:289][759]LogWindows: Error: [Callstack] 0x00007ff93aa4f3fa UE4Editor-Engine.dll!UnknownFunction []
[2020.04.14-23.11.06:289][759]LogWindows: Error: [Callstack] 0x00007ff93aa75464 UE4Editor-Engine.dll!UnknownFunction []
[2020.04.14-23.11.06:289][759]LogWindows: Error: [Callstack] 0x00007ff93b6b72bc UE4Editor-Engine.dll!UnknownFunction []
[2020.04.14-23.11.06:289][759]LogWindows: Error: [Callstack] 0x00007ff95a3322d8 UE4Editor-Core.dll!UnknownFunction []
[2020.04.14-23.11.06:289][759]LogWindows: Error: [Callstack] 0x00007ff95a332563 UE4Editor-Core.dll!UnknownFunction []
[2020.04.14-23.11.06:289][759]LogWindows: Error: [Callstack] 0x00007ff95a342309 UE4Editor-Core.dll!UnknownFunction []
[2020.04.14-23.11.06:289][759]LogWindows: Error: [Callstack] 0x00007ff93b6ff9e3 UE4Editor-Engine.dll!UnknownFunction []
[2020.04.14-23.11.06:289][759]LogWindows: Error: [Callstack] 0x00007ff93b70bd12 UE4Editor-Engine.dll!UnknownFunction []
[2020.04.14-23.11.06:289][759]LogWindows: Error: [Callstack] 0x00007ff93af2dc4f UE4Editor-Engine.dll!UnknownFunction []
[2020.04.14-23.11.06:289][759]LogWindows: Error: [Callstack] 0x00007ff93af37e28 UE4Editor-Engine.dll!UnknownFunction []
[2020.04.14-23.11.06:289][759]LogWindows: Error: [Callstack] 0x00007ff9392802f7 UE4Editor-UnrealEd.dll!UnknownFunction []
[2020.04.14-23.11.06:289][759]LogWindows: Error: [Callstack] 0x00007ff939a9d396 UE4Editor-UnrealEd.dll!UnknownFunction []
[2020.04.14-23.11.06:289][759]LogWindows: Error: [Callstack] 0x00007ff6baa36bb1 UE4Editor.exe!UnknownFunction []
[2020.04.14-23.11.06:289][759]LogWindows: Error: [Callstack] 0x00007ff6baa4554c UE4Editor.exe!UnknownFunction []
[2020.04.14-23.11.06:289][759]LogWindows: Error: [Callstack] 0x00007ff6baa455ca UE4Editor.exe!UnknownFunction []
[2020.04.14-23.11.06:289][759]LogWindows: Error: [Callstack] 0x00007ff6baa5316c UE4Editor.exe!UnknownFunction []
[2020.04.14-23.11.06:289][759]LogWindows: Error: [Callstack] 0x00007ff6baa55b8e UE4Editor.exe!UnknownFunction []
[2020.04.14-23.11.06:289][759]LogWindows: Error: [Callstack] 0x00007ff9c43c7bd4 KERNEL32.DLL!UnknownFunction []
[2020.04.14-23.11.06:289][759]LogWindows: Error: [Callstack] 0x00007ff9c598ced1 ntdll.dll!UnknownFunction []
[2020.04.14-23.11.06:289][759]LogWindows: Error: 
[2020.04.14-23.11.06:302][759]LogExit: Executing StaticShutdownAfterError
[2020.04.14-23.11.06:306][759]LogWindows: FPlatformMisc::RequestExit(1)
[2020.04.14-23.11.06:331][759]Log file closed, 04/14/20 19:11:06
