Log file open, 04/14/20 18:43:39
LogWindows: Failed to load 'aqProf.dll' (GetLastError=126)
LogWindows: File 'aqProf.dll' does not exist
LogWindows: Failed to load 'VtuneApi.dll' (GetLastError=126)
LogWindows: File 'VtuneApi.dll' does not exist
LogWindows: Failed to load 'VtuneApi32e.dll' (GetLastError=126)
LogWindows: File 'VtuneApi32e.dll' does not exist
LogConsoleResponse: Display: Failed to find resolution value strings in scalability ini. Falling back to default.
LogInit: Display: Running engine for game: Last_Pharaoh
LogPakFile: Registered encryption key '00000000000000000000000000000000': 0 pak files mounted, 0 remain pending
LogPlatformFile: Not using cached read wrapper
LogTaskGraph: Started task graph with 5 named threads and 35 total threads with 3 sets of task threads.
LogStats: Stats thread started at 0.407960
LogD3D11RHI: Loaded GFSDK_Aftermath_Lib.x64.dll
LogICUInternationalization: ICU TimeZone Detection - Raw Offset: -5:00, Platform Override: ''
LogPluginManager: Mounting plugin Paper2D
LogPluginManager: Mounting plugin AISupport
LogPluginManager: Mounting plugin LightPropagationVolume
LogPluginManager: Mounting plugin ActorLayerUtilities
LogPluginManager: Mounting plugin AnimationSharing
LogPluginManager: Mounting plugin CLionSourceCodeAccess
LogPluginManager: Mounting plugin CodeLiteSourceCodeAccess
LogPluginManager: Mounting plugin GitSourceControl
LogPluginManager: Mounting plugin KDevelopSourceCodeAccess
LogPluginManager: Mounting plugin NullSourceCodeAccess
LogPluginManager: Mounting plugin PerforceSourceControl
LogPluginManager: Mounting plugin SubversionSourceControl
LogPluginManager: Mounting plugin UObjectPlugin
LogPluginManager: Mounting plugin VisualStudioCodeSourceCodeAccess
LogPluginManager: Mounting plugin VisualStudioSourceCodeAccess
LogPluginManager: Mounting plugin XCodeSourceCodeAccess
LogPluginManager: Mounting plugin AssetManagerEditor
LogPluginManager: Mounting plugin CryptoKeys
LogPluginManager: Mounting plugin DataValidation
LogPluginManager: Mounting plugin FacialAnimation
LogPluginManager: Mounting plugin GameplayTagsEditor
LogPluginManager: Mounting plugin MacGraphicsSwitching
LogPluginManager: Mounting plugin MaterialAnalyzer
LogPluginManager: Mounting plugin MobileLauncherProfileWizard
LogPluginManager: Mounting plugin PluginBrowser
LogPluginManager: Mounting plugin SpeedTreeImporter
LogPluginManager: Mounting plugin DatasmithContent
LogPluginManager: Mounting plugin VariantManagerContent
LogPluginManager: Mounting plugin AlembicImporter
LogPluginManager: Mounting plugin AppleImageUtils
LogPluginManager: Mounting plugin AppleVision
LogPluginManager: Mounting plugin BackChannel
LogPluginManager: Mounting plugin CharacterAI
LogPluginManager: Mounting plugin GeometryCache
LogPluginManager: Mounting plugin HTML5Networking
LogPluginManager: Mounting plugin ProxyLODPlugin
LogPluginManager: Mounting plugin SkeletalReduction
LogPluginManager: Mounting plugin MagicLeap
LogPluginManager: Mounting plugin MagicLeapMedia
LogPluginManager: Mounting plugin AndroidMedia
LogPluginManager: Mounting plugin AvfMedia
LogPluginManager: Mounting plugin ImgMedia
LogPluginManager: Mounting plugin LinearTimecode
LogPluginManager: Mounting plugin MediaCompositing
LogPluginManager: Mounting plugin MediaPlayerEditor
LogPluginManager: Mounting plugin WebMMedia
LogPluginManager: Mounting plugin WmfMedia
LogPluginManager: Mounting plugin TcpMessaging
LogPluginManager: Mounting plugin UdpMessaging
LogPluginManager: Mounting plugin ActorSequence
LogPluginManager: Mounting plugin LevelSequenceEditor
LogPluginManager: Mounting plugin MatineeToLevelSequence
LogPluginManager: Mounting plugin NetcodeUnitTest
LogPluginManager: Mounting plugin NUTUnrealEngine4
LogPluginManager: Mounting plugin OnlineSubsystemGooglePlay
LogPluginManager: Mounting plugin OnlineSubsystemIOS
LogPluginManager: Mounting plugin OnlineSubsystem
LogPluginManager: Mounting plugin OnlineSubsystemNull
LogPluginManager: Mounting plugin OnlineSubsystemUtils
LogPluginManager: Mounting plugin LauncherChunkInstaller
LogPluginManager: Mounting plugin AndroidDeviceProfileSelector
LogPluginManager: Mounting plugin AndroidMoviePlayer
LogPluginManager: Mounting plugin AndroidPermission
LogPluginManager: Mounting plugin AppleMoviePlayer
LogPluginManager: Mounting plugin ArchVisCharacter
LogPluginManager: Mounting plugin AudioCapture
LogPluginManager: Mounting plugin CableComponent
LogPluginManager: Mounting plugin CustomMeshComponent
LogPluginManager: Mounting plugin EditableMesh
LogPluginManager: Mounting plugin ExampleDeviceProfileSelector
LogPluginManager: Mounting plugin Firebase
LogPluginManager: Mounting plugin GoogleCloudMessaging
LogPluginManager: Mounting plugin IOSDeviceProfileSelector
LogPluginManager: Mounting plugin LinuxDeviceProfileSelector
LogPluginManager: Mounting plugin LocationServicesBPLibrary
LogPluginManager: Mounting plugin MobilePatchingUtils
LogPluginManager: Mounting plugin OculusVR
LogPluginManager: Mounting plugin PhysXVehicles
LogPluginManager: Mounting plugin ProceduralMeshComponent
LogPluginManager: Mounting plugin RuntimePhysXCooking
LogPluginManager: Mounting plugin SignificanceManager
LogPluginManager: Mounting plugin SteamVR
LogPluginManager: Mounting plugin WebMMoviePlayer
LogPluginManager: Mounting plugin WindowsMoviePlayer
LogInit: Using libcurl 7.55.1-DEV
LogInit:  - built for x86_64-pc-win32
LogInit:  - supports SSL with OpenSSL/1.1.1
LogInit:  - supports HTTP deflate (compression) using libz 1.2.8
LogInit:  - other features:
LogInit:      CURL_VERSION_SSL
LogInit:      CURL_VERSION_LIBZ
LogInit:      CURL_VERSION_IPV6
LogInit:      CURL_VERSION_ASYNCHDNS
LogInit:      CURL_VERSION_LARGEFILE
LogInit:      CURL_VERSION_IDN
LogInit:  CurlRequestOptions (configurable via config and command line):
LogInit:  - bVerifyPeer = true  - Libcurl will verify peer certificate
LogInit:  - bUseHttpProxy = false  - Libcurl will NOT use HTTP proxy
LogInit:  - bDontReuseConnections = false  - Libcurl will reuse connections
LogInit:  - MaxHostConnections = 16  - Libcurl will limit the number of connections to a host
LogInit:  - LocalHostAddr = Default
LogInit:  - BufferSize = 65536
LogInit: WinSock: version 1.1 (2.2), MaxSocks=32767, MaxUdp=65467
LogHMD: Failed initializing OVRPlugin 1.32.0
LogInit: Build: ++UE4+Release-4.22-CL-7053642
LogInit: Engine Version: 4.22.3-7053642+++UE4+Release-4.22
LogInit: Compatible Engine Version: 4.22.0-5660361+++UE4+Release-4.22
LogInit: Net CL: 5660361
LogInit: OS: Windows 10 (Release 1909) (), CPU: AMD Ryzen 5 2600X Six-Core Processor           , GPU: Radeon RX 570 Series
LogInit: Compiled (64-bit): Jun 18 2019 03:09:11
LogInit: Compiled with Visual C++: 19.16.27025.01
LogInit: Build Configuration: Development
LogInit: Branch Name: ++UE4+Release-4.22
LogInit: Command Line: 
LogInit: Base Directory: D:/Unreal/UE_4.22/Engine/Binaries/Win64/
LogInit: Installed Engine Build: 1
LogDevObjectVersion: Number of dev versions registered: 23
LogDevObjectVersion:   Dev-Blueprints (B0D832E4-1F89-4F0D-ACCF-7EB736FD4AA2): 10
LogDevObjectVersion:   Dev-Build (E1C64328-A22C-4D53-A36C-8E866417BD8C): 0
LogDevObjectVersion:   Dev-Core (375EC13C-06E4-48FB-B500-84F0262A717E): 3
LogDevObjectVersion:   Dev-Editor (E4B068ED-F494-42E9-A231-DA0B2E46BB41): 30
LogDevObjectVersion:   Dev-Framework (CFFC743F-43B0-4480-9391-14DF171D2073): 35
LogDevObjectVersion:   Dev-Mobile (B02B49B5-BB20-44E9-A304-32B752E40360): 2
LogDevObjectVersion:   Dev-Networking (A4E4105C-59A1-49B5-A7C5-40C4547EDFEE): 0
LogDevObjectVersion:   Dev-Online (39C831C9-5AE6-47DC-9A44-9C173E1C8E7C): 0
LogDevObjectVersion:   Dev-Physics (78F01B33-EBEA-4F98-B9B4-84EACCB95AA2): 0
LogDevObjectVersion:   Dev-Platform (6631380F-2D4D-43E0-8009-CF276956A95A): 0
LogDevObjectVersion:   Dev-Rendering (12F88B9F-8875-4AFC-A67C-D90C383ABD29): 28
LogDevObjectVersion:   Dev-Sequencer (7B5AE74C-D270-4C10-A958-57980B212A5A): 11
LogDevObjectVersion:   Dev-VR (D7296918-1DD6-4BDD-9DE2-64A83CC13884): 2
LogDevObjectVersion:   Dev-LoadTimes (C2A15278-BFE7-4AFE-6C17-90FF531DF755): 1
LogDevObjectVersion:   Private-Geometry (6EACA3D4-40EC-4CC1-B786-8BED09428FC5): 3
LogDevObjectVersion:   Dev-AnimPhys (29E575DD-E0A3-4627-9D10-D276232CDCEA): 17
LogDevObjectVersion:   Dev-Anim (AF43A65D-7FD3-4947-9873-3E8ED9C1BB05): 2
LogDevObjectVersion:   Dev-ReflectionCapture (6B266CEC-1EC7-4B8F-A30B-E4D90942FC07): 1
LogDevObjectVersion:   Dev-Automation (0DF73D61-A23F-47EA-B727-89E90C41499A): 1
LogDevObjectVersion:   FortniteMain (601D1886-AC64-4F84-AA16-D3DE0DEAC7D6): 25
LogDevObjectVersion:   Dev-Enterprise (9DFFBCD6-494F-0158-E221-12823C92A888): 6
LogDevObjectVersion:   Dev-Niagara (F2AED0AC-9AFE-416F-8664-AA7FFA26D6FC): 1
LogDevObjectVersion:   Dev-Destruction (174F1F0B-B4C6-45A5-B13F-2EE8D0FB917D): 2
LogInit: Presizing for max 16777216 objects, including 0 objects not considered by GC, pre-allocating 0 bytes for permanent pool.
LogInit: Object subsystem initialized
LogConfig: Setting CVar [[con.DebugEarlyDefault:1]]
LogConfig: Setting CVar [[r.setres:1280x720]]
[2020.04.14-22.43.39:879][  0]LogConfig: Setting CVar [[r.VSync:0]]
[2020.04.14-22.43.39:879][  0]LogConfig: Setting CVar [[r.RHICmdBypass:0]]
[2020.04.14-22.43.39:879][  0]LogConfig: Applying CVar settings from Section [/Script/Engine.RendererSettings] File [D:/Unreal Projects/egyptVR/Last_Pharaoh/Saved/Config/Windows/Engine.ini]
[2020.04.14-22.43.39:879][  0]LogConfig: Setting CVar [[r.GPUCrashDebugging:0]]
[2020.04.14-22.43.39:879][  0]LogConfig: Setting CVar [[r.DefaultFeature.AutoExposure.ExtendDefaultLuminanceRange:1]]
[2020.04.14-22.43.39:879][  0]LogConfig: Applying CVar settings from Section [/Script/Engine.RendererOverrideSettings] File [D:/Unreal Projects/egyptVR/Last_Pharaoh/Saved/Config/Windows/Engine.ini]
[2020.04.14-22.43.39:880][  0]LogConfig: Applying CVar settings from Section [/Script/Engine.StreamingSettings] File [D:/Unreal Projects/egyptVR/Last_Pharaoh/Saved/Config/Windows/Engine.ini]
[2020.04.14-22.43.39:880][  0]LogConfig: Setting CVar [[s.MinBulkDataSizeForAsyncLoading:131072]]
[2020.04.14-22.43.39:880][  0]LogConfig: Setting CVar [[s.AsyncLoadingThreadEnabled:0]]
[2020.04.14-22.43.39:880][  0]LogConfig: Setting CVar [[s.EventDrivenLoaderEnabled:1]]
[2020.04.14-22.43.39:880][  0]LogConfig: Setting CVar [[s.WarnIfTimeLimitExceeded:0]]
[2020.04.14-22.43.39:880][  0]LogConfig: Setting CVar [[s.TimeLimitExceededMultiplier:1.5]]
[2020.04.14-22.43.39:880][  0]LogConfig: Setting CVar [[s.TimeLimitExceededMinTime:0.005]]
[2020.04.14-22.43.39:880][  0]LogConfig: Setting CVar [[s.UseBackgroundLevelStreaming:1]]
[2020.04.14-22.43.39:880][  0]LogConfig: Setting CVar [[s.PriorityAsyncLoadingExtraTime:15.0]]
[2020.04.14-22.43.39:880][  0]LogConfig: Setting CVar [[s.LevelStreamingActorsUpdateTimeLimit:5.0]]
[2020.04.14-22.43.39:880][  0]LogConfig: Setting CVar [[s.PriorityLevelStreamingActorsUpdateExtraTime:5.0]]
[2020.04.14-22.43.39:880][  0]LogConfig: Setting CVar [[s.LevelStreamingComponentsRegistrationGranularity:10]]
[2020.04.14-22.43.39:880][  0]LogConfig: Setting CVar [[s.UnregisterComponentsTimeLimit:1.0]]
[2020.04.14-22.43.39:880][  0]LogConfig: Setting CVar [[s.LevelStreamingComponentsUnregistrationGranularity:5]]
[2020.04.14-22.43.39:880][  0]LogConfig: Applying CVar settings from Section [/Script/Engine.GarbageCollectionSettings] File [D:/Unreal Projects/egyptVR/Last_Pharaoh/Saved/Config/Windows/Engine.ini]
[2020.04.14-22.43.39:880][  0]LogConfig: Setting CVar [[gc.MaxObjectsNotConsideredByGC:1]]
[2020.04.14-22.43.39:880][  0]LogConfig: Setting CVar [[gc.SizeOfPermanentObjectPool:0]]
[2020.04.14-22.43.39:880][  0]LogConfig: Setting CVar [[gc.FlushStreamingOnGC:0]]
[2020.04.14-22.43.39:880][  0]LogConfig: Setting CVar [[gc.NumRetriesBeforeForcingGC:10]]
[2020.04.14-22.43.39:880][  0]LogConfig: Setting CVar [[gc.AllowParallelGC:1]]
[2020.04.14-22.43.39:880][  0]LogConfig: Setting CVar [[gc.TimeBetweenPurgingPendingKillObjects:61.1]]
[2020.04.14-22.43.39:880][  0]LogConfig: Setting CVar [[gc.MaxObjectsInEditor:16777216]]
[2020.04.14-22.43.39:880][  0]LogConfig: Setting CVar [[gc.IncrementalBeginDestroyEnabled:1]]
[2020.04.14-22.43.39:880][  0]LogConfig: Setting CVar [[gc.CreateGCClusters:1]]
[2020.04.14-22.43.39:880][  0]LogConfig: Setting CVar [[gc.MinGCClusterSize:5]]
[2020.04.14-22.43.39:880][  0]LogConfig: Setting CVar [[gc.ActorClusteringEnabled:0]]
[2020.04.14-22.43.39:880][  0]LogConfig: Setting CVar [[gc.BlueprintClusteringEnabled:0]]
[2020.04.14-22.43.39:880][  0]LogConfig: Setting CVar [[gc.UseDisregardForGCOnDedicatedServers:0]]
[2020.04.14-22.43.39:880][  0]LogConfig: Applying CVar settings from Section [/Script/Engine.NetworkSettings] File [D:/Unreal Projects/egyptVR/Last_Pharaoh/Saved/Config/Windows/Engine.ini]
[2020.04.14-22.43.39:880][  0]LogConfig: Applying CVar settings from Section [/Script/UnrealEd.CookerSettings] File [D:/Unreal Projects/egyptVR/Last_Pharaoh/Saved/Config/Windows/Engine.ini]
[2020.04.14-22.43.39:887][  0]LogConfig: Applying CVar settings from Section [ViewDistanceQuality@3] File [D:/Unreal Projects/egyptVR/Last_Pharaoh/Saved/Config/Windows/Scalability.ini]
[2020.04.14-22.43.39:887][  0]LogConfig: Setting CVar [[r.SkeletalMeshLODBias:0]]
[2020.04.14-22.43.39:887][  0]LogConfig: Setting CVar [[r.ViewDistanceScale:1.0]]
[2020.04.14-22.43.39:887][  0]LogConfig: Applying CVar settings from Section [AntiAliasingQuality@3] File [D:/Unreal Projects/egyptVR/Last_Pharaoh/Saved/Config/Windows/Scalability.ini]
[2020.04.14-22.43.39:887][  0]LogConfig: Setting CVar [[r.PostProcessAAQuality:4]]
[2020.04.14-22.43.39:887][  0]LogConfig: Applying CVar settings from Section [ShadowQuality@3] File [D:/Unreal Projects/egyptVR/Last_Pharaoh/Saved/Config/Windows/Scalability.ini]
[2020.04.14-22.43.39:887][  0]LogConfig: Setting CVar [[r.LightFunctionQuality:1]]
[2020.04.14-22.43.39:887][  0]LogConfig: Setting CVar [[r.ShadowQuality:5]]
[2020.04.14-22.43.39:887][  0]LogConfig: Setting CVar [[r.Shadow.CSM.MaxCascades:10]]
[2020.04.14-22.43.39:887][  0]LogConfig: Setting CVar [[r.Shadow.MaxResolution:2048]]
[2020.04.14-22.43.39:887][  0]LogConfig: Setting CVar [[r.Shadow.MaxCSMResolution:2048]]
[2020.04.14-22.43.39:887][  0]LogConfig: Setting CVar [[r.Shadow.RadiusThreshold:0.01]]
[2020.04.14-22.43.39:887][  0]LogConfig: Setting CVar [[r.Shadow.DistanceScale:1.0]]
[2020.04.14-22.43.39:887][  0]LogConfig: Setting CVar [[r.Shadow.CSM.TransitionScale:1.0]]
[2020.04.14-22.43.39:887][  0]LogConfig: Setting CVar [[r.Shadow.PreShadowResolutionFactor:1.0]]
[2020.04.14-22.43.39:887][  0]LogConfig: Setting CVar [[r.DistanceFieldShadowing:1]]
[2020.04.14-22.43.39:887][  0]LogConfig: Setting CVar [[r.DistanceFieldAO:1]]
[2020.04.14-22.43.39:887][  0]LogConfig: Setting CVar [[r.AOQuality:2]]
[2020.04.14-22.43.39:887][  0]LogConfig: Setting CVar [[r.VolumetricFog:1]]
[2020.04.14-22.43.39:887][  0]LogConfig: Setting CVar [[r.VolumetricFog.GridPixelSize:8]]
[2020.04.14-22.43.39:887][  0]LogConfig: Setting CVar [[r.VolumetricFog.GridSizeZ:128]]
[2020.04.14-22.43.39:887][  0]LogConfig: Setting CVar [[r.VolumetricFog.HistoryMissSupersampleCount:4]]
[2020.04.14-22.43.39:887][  0]LogConfig: Setting CVar [[r.LightMaxDrawDistanceScale:1]]
[2020.04.14-22.43.39:887][  0]LogConfig: Setting CVar [[r.CapsuleShadows:1]]
[2020.04.14-22.43.39:887][  0]LogConfig: Applying CVar settings from Section [PostProcessQuality@3] File [D:/Unreal Projects/egyptVR/Last_Pharaoh/Saved/Config/Windows/Scalability.ini]
[2020.04.14-22.43.39:887][  0]LogConfig: Setting CVar [[r.MotionBlurQuality:4]]
[2020.04.14-22.43.39:887][  0]LogConfig: Setting CVar [[r.AmbientOcclusionMipLevelFactor:0.4]]
[2020.04.14-22.43.39:887][  0]LogConfig: Setting CVar [[r.AmbientOcclusionMaxQuality:100]]
[2020.04.14-22.43.39:887][  0]LogConfig: Setting CVar [[r.AmbientOcclusionLevels:-1]]
[2020.04.14-22.43.39:887][  0]LogConfig: Setting CVar [[r.AmbientOcclusionRadiusScale:1.0]]
[2020.04.14-22.43.39:887][  0]LogConfig: Setting CVar [[r.DepthOfFieldQuality:2]]
[2020.04.14-22.43.39:887][  0]LogConfig: Setting CVar [[r.RenderTargetPoolMin:400]]
[2020.04.14-22.43.39:887][  0]LogConfig: Setting CVar [[r.LensFlareQuality:2]]
[2020.04.14-22.43.39:887][  0]LogConfig: Setting CVar [[r.SceneColorFringeQuality:1]]
[2020.04.14-22.43.39:887][  0]LogConfig: Setting CVar [[r.EyeAdaptationQuality:2]]
[2020.04.14-22.43.39:887][  0]LogConfig: Setting CVar [[r.BloomQuality:5]]
[2020.04.14-22.43.39:887][  0]LogConfig: Setting CVar [[r.FastBlurThreshold:100]]
[2020.04.14-22.43.39:887][  0]LogConfig: Setting CVar [[r.Upscale.Quality:3]]
[2020.04.14-22.43.39:887][  0]LogConfig: Setting CVar [[r.Tonemapper.GrainQuantization:1]]
[2020.04.14-22.43.39:887][  0]LogConfig: Setting CVar [[r.LightShaftQuality:1]]
[2020.04.14-22.43.39:887][  0]LogConfig: Setting CVar [[r.Filter.SizeScale:1]]
[2020.04.14-22.43.39:887][  0]LogConfig: Setting CVar [[r.Tonemapper.Quality:5]]
[2020.04.14-22.43.39:887][  0]LogConfig: Setting CVar [[r.DOF.Gather.AccumulatorQuality:1        ; higher gathering accumulator quality]]
[2020.04.14-22.43.39:887][  0]LogConfig: Setting CVar [[r.DOF.Gather.PostfilterMethod:1          ; Median3x3 postfilering method]]
[2020.04.14-22.43.39:887][  0]LogConfig: Setting CVar [[r.DOF.Gather.EnableBokehSettings:0       ; no bokeh simulation when gathering]]
[2020.04.14-22.43.39:887][  0]LogConfig: Setting CVar [[r.DOF.Gather.RingCount:4                 ; medium number of samples when gathering]]
[2020.04.14-22.43.39:887][  0]LogConfig: Setting CVar [[r.DOF.Scatter.ForegroundCompositing:1    ; additive foreground scattering]]
[2020.04.14-22.43.39:887][  0]LogConfig: Setting CVar [[r.DOF.Scatter.BackgroundCompositing:2    ; additive background scattering]]
[2020.04.14-22.43.39:887][  0]LogConfig: Setting CVar [[r.DOF.Scatter.EnableBokehSettings:1      ; bokeh simulation when scattering]]
[2020.04.14-22.43.39:887][  0]LogConfig: Setting CVar [[r.DOF.Scatter.MaxSpriteRatio:0.1         ; only a maximum of 10% of scattered bokeh]]
[2020.04.14-22.43.39:887][  0]LogConfig: Setting CVar [[r.DOF.Recombine.Quality:1                ; cheap slight out of focus]]
[2020.04.14-22.43.39:887][  0]LogConfig: Setting CVar [[r.DOF.Recombine.EnableBokehSettings:0    ; no bokeh simulation on slight out of focus]]
[2020.04.14-22.43.39:887][  0]LogConfig: Setting CVar [[r.DOF.TemporalAAQuality:1                ; more stable temporal accumulation]]
[2020.04.14-22.43.39:887][  0]LogConfig: Setting CVar [[r.DOF.Kernel.MaxForegroundRadius:0.025]]
[2020.04.14-22.43.39:887][  0]LogConfig: Setting CVar [[r.DOF.Kernel.MaxBackgroundRadius:0.025]]
[2020.04.14-22.43.39:887][  0]LogConfig: Applying CVar settings from Section [TextureQuality@3] File [D:/Unreal Projects/egyptVR/Last_Pharaoh/Saved/Config/Windows/Scalability.ini]
[2020.04.14-22.43.39:887][  0]LogConfig: Setting CVar [[r.Streaming.MipBias:0]]
[2020.04.14-22.43.39:887][  0]LogConfig: Setting CVar [[r.Streaming.AmortizeCPUToGPUCopy:0]]
[2020.04.14-22.43.39:887][  0]LogConfig: Setting CVar [[r.Streaming.MaxNumTexturesToStreamPerFrame:0]]
[2020.04.14-22.43.39:887][  0]LogConfig: Setting CVar [[r.Streaming.Boost:1]]
[2020.04.14-22.43.39:888][  0]LogConfig: Setting CVar [[r.MaxAnisotropy:8]]
[2020.04.14-22.43.39:888][  0]LogConfig: Setting CVar [[r.Streaming.LimitPoolSizeToVRAM:0]]
[2020.04.14-22.43.39:888][  0]LogConfig: Setting CVar [[r.Streaming.PoolSize:1000]]
[2020.04.14-22.43.39:888][  0]LogConfig: Setting CVar [[r.Streaming.MaxEffectiveScreenSize:0]]
[2020.04.14-22.43.39:888][  0]LogConfig: Applying CVar settings from Section [EffectsQuality@3] File [D:/Unreal Projects/egyptVR/Last_Pharaoh/Saved/Config/Windows/Scalability.ini]
[2020.04.14-22.43.39:888][  0]LogConfig: Setting CVar [[r.TranslucencyLightingVolumeDim:64]]
[2020.04.14-22.43.39:888][  0]LogConfig: Setting CVar [[r.RefractionQuality:2]]
[2020.04.14-22.43.39:888][  0]LogConfig: Setting CVar [[r.SSR.Quality:3]]
[2020.04.14-22.43.39:888][  0]LogConfig: Setting CVar [[r.SceneColorFormat:4]]
[2020.04.14-22.43.39:888][  0]LogConfig: Setting CVar [[r.DetailMode:2]]
[2020.04.14-22.43.39:888][  0]LogConfig: Setting CVar [[r.TranslucencyVolumeBlur:1]]
[2020.04.14-22.43.39:888][  0]LogConfig: Setting CVar [[r.MaterialQualityLevel:1 ; High quality]]
[2020.04.14-22.43.39:888][  0]LogConfig: Setting CVar [[r.SSS.Scale:1]]
[2020.04.14-22.43.39:888][  0]LogConfig: Setting CVar [[r.SSS.SampleSet:2]]
[2020.04.14-22.43.39:888][  0]LogConfig: Setting CVar [[r.SSS.Quality:1]]
[2020.04.14-22.43.39:888][  0]LogConfig: Setting CVar [[r.SSS.HalfRes:1]]
[2020.04.14-22.43.39:888][  0]LogConfig: Setting CVar [[r.EmitterSpawnRateScale:1.0]]
[2020.04.14-22.43.39:888][  0]LogConfig: Setting CVar [[r.ParticleLightQuality:2]]
[2020.04.14-22.43.39:888][  0]LogConfig: Applying CVar settings from Section [FoliageQuality@3] File [D:/Unreal Projects/egyptVR/Last_Pharaoh/Saved/Config/Windows/Scalability.ini]
[2020.04.14-22.43.39:888][  0]LogConfig: Setting CVar [[foliage.DensityScale:1.0]]
[2020.04.14-22.43.39:888][  0]LogConfig: Setting CVar [[grass.DensityScale:1.0]]
[2020.04.14-22.43.39:888][  0]LogInit: Selected Device Profile: [Windows]
[2020.04.14-22.43.39:888][  0]LogInit: Applying CVar settings loaded from the selected device profile: [Windows]
[2020.04.14-22.43.39:897][  0]LogHAL: Display: Platform has ~ 16 GB [17080889344 / 17179869184 / 16], which maps to Larger [LargestMinGB=32, LargerMinGB=12, DefaultMinGB=8, SmallerMinGB=6, SmallestMinGB=0)
[2020.04.14-22.43.39:897][  0]LogConfig: Setting CVar [[r.Vulkan.UseRealUBs:0		; Required until we fix HLR fall-out]]
[2020.04.14-22.43.39:897][  0]LogInit: Going up to parent DeviceProfile []
[2020.04.14-22.43.39:897][  0]LogConfig: Applying CVar settings from Section [ViewDistanceQuality@3] File [D:/Unreal Projects/egyptVR/Last_Pharaoh/Saved/Config/Windows/Scalability.ini]
[2020.04.14-22.43.39:897][  0]LogConfig: Setting CVar [[r.SkeletalMeshLODBias:0]]
[2020.04.14-22.43.39:897][  0]LogConfig: Setting CVar [[r.ViewDistanceScale:1.0]]
[2020.04.14-22.43.39:897][  0]LogConfig: Applying CVar settings from Section [AntiAliasingQuality@3] File [D:/Unreal Projects/egyptVR/Last_Pharaoh/Saved/Config/Windows/Scalability.ini]
[2020.04.14-22.43.39:897][  0]LogConfig: Setting CVar [[r.PostProcessAAQuality:4]]
[2020.04.14-22.43.39:897][  0]LogConfig: Applying CVar settings from Section [ShadowQuality@3] File [D:/Unreal Projects/egyptVR/Last_Pharaoh/Saved/Config/Windows/Scalability.ini]
[2020.04.14-22.43.39:897][  0]LogConfig: Setting CVar [[r.LightFunctionQuality:1]]
[2020.04.14-22.43.39:897][  0]LogConfig: Setting CVar [[r.ShadowQuality:5]]
[2020.04.14-22.43.39:897][  0]LogConfig: Setting CVar [[r.Shadow.CSM.MaxCascades:10]]
[2020.04.14-22.43.39:897][  0]LogConfig: Setting CVar [[r.Shadow.MaxResolution:2048]]
[2020.04.14-22.43.39:897][  0]LogConfig: Setting CVar [[r.Shadow.MaxCSMResolution:2048]]
[2020.04.14-22.43.39:897][  0]LogConfig: Setting CVar [[r.Shadow.RadiusThreshold:0.01]]
[2020.04.14-22.43.39:897][  0]LogConfig: Setting CVar [[r.Shadow.DistanceScale:1.0]]
[2020.04.14-22.43.39:897][  0]LogConfig: Setting CVar [[r.Shadow.CSM.TransitionScale:1.0]]
[2020.04.14-22.43.39:897][  0]LogConfig: Setting CVar [[r.Shadow.PreShadowResolutionFactor:1.0]]
[2020.04.14-22.43.39:897][  0]LogConfig: Setting CVar [[r.DistanceFieldShadowing:1]]
[2020.04.14-22.43.39:897][  0]LogConfig: Setting CVar [[r.DistanceFieldAO:1]]
[2020.04.14-22.43.39:897][  0]LogConfig: Setting CVar [[r.AOQuality:2]]
[2020.04.14-22.43.39:897][  0]LogConfig: Setting CVar [[r.VolumetricFog:1]]
[2020.04.14-22.43.39:897][  0]LogConfig: Setting CVar [[r.VolumetricFog.GridPixelSize:8]]
[2020.04.14-22.43.39:897][  0]LogConfig: Setting CVar [[r.VolumetricFog.GridSizeZ:128]]
[2020.04.14-22.43.39:897][  0]LogConfig: Setting CVar [[r.VolumetricFog.HistoryMissSupersampleCount:4]]
[2020.04.14-22.43.39:897][  0]LogConfig: Setting CVar [[r.LightMaxDrawDistanceScale:1]]
[2020.04.14-22.43.39:897][  0]LogConfig: Setting CVar [[r.CapsuleShadows:1]]
[2020.04.14-22.43.39:897][  0]LogConfig: Applying CVar settings from Section [PostProcessQuality@3] File [D:/Unreal Projects/egyptVR/Last_Pharaoh/Saved/Config/Windows/Scalability.ini]
[2020.04.14-22.43.39:897][  0]LogConfig: Setting CVar [[r.MotionBlurQuality:4]]
[2020.04.14-22.43.39:897][  0]LogConfig: Setting CVar [[r.AmbientOcclusionMipLevelFactor:0.4]]
[2020.04.14-22.43.39:897][  0]LogConfig: Setting CVar [[r.AmbientOcclusionMaxQuality:100]]
[2020.04.14-22.43.39:897][  0]LogConfig: Setting CVar [[r.AmbientOcclusionLevels:-1]]
[2020.04.14-22.43.39:897][  0]LogConfig: Setting CVar [[r.AmbientOcclusionRadiusScale:1.0]]
[2020.04.14-22.43.39:897][  0]LogConfig: Setting CVar [[r.DepthOfFieldQuality:2]]
[2020.04.14-22.43.39:897][  0]LogConfig: Setting CVar [[r.RenderTargetPoolMin:400]]
[2020.04.14-22.43.39:897][  0]LogConfig: Setting CVar [[r.LensFlareQuality:2]]
[2020.04.14-22.43.39:898][  0]LogConfig: Setting CVar [[r.SceneColorFringeQuality:1]]
[2020.04.14-22.43.39:898][  0]LogConfig: Setting CVar [[r.EyeAdaptationQuality:2]]
[2020.04.14-22.43.39:898][  0]LogConfig: Setting CVar [[r.BloomQuality:5]]
[2020.04.14-22.43.39:898][  0]LogConfig: Setting CVar [[r.FastBlurThreshold:100]]
[2020.04.14-22.43.39:898][  0]LogConfig: Setting CVar [[r.Upscale.Quality:3]]
[2020.04.14-22.43.39:898][  0]LogConfig: Setting CVar [[r.Tonemapper.GrainQuantization:1]]
[2020.04.14-22.43.39:898][  0]LogConfig: Setting CVar [[r.LightShaftQuality:1]]
[2020.04.14-22.43.39:898][  0]LogConfig: Setting CVar [[r.Filter.SizeScale:1]]
[2020.04.14-22.43.39:898][  0]LogConfig: Setting CVar [[r.Tonemapper.Quality:5]]
[2020.04.14-22.43.39:898][  0]LogConfig: Setting CVar [[r.DOF.Gather.AccumulatorQuality:1        ; higher gathering accumulator quality]]
[2020.04.14-22.43.39:898][  0]LogConfig: Setting CVar [[r.DOF.Gather.PostfilterMethod:1          ; Median3x3 postfilering method]]
[2020.04.14-22.43.39:898][  0]LogConfig: Setting CVar [[r.DOF.Gather.EnableBokehSettings:0       ; no bokeh simulation when gathering]]
[2020.04.14-22.43.39:898][  0]LogConfig: Setting CVar [[r.DOF.Gather.RingCount:4                 ; medium number of samples when gathering]]
[2020.04.14-22.43.39:898][  0]LogConfig: Setting CVar [[r.DOF.Scatter.ForegroundCompositing:1    ; additive foreground scattering]]
[2020.04.14-22.43.39:898][  0]LogConfig: Setting CVar [[r.DOF.Scatter.BackgroundCompositing:2    ; additive background scattering]]
[2020.04.14-22.43.39:898][  0]LogConfig: Setting CVar [[r.DOF.Scatter.EnableBokehSettings:1      ; bokeh simulation when scattering]]
[2020.04.14-22.43.39:898][  0]LogConfig: Setting CVar [[r.DOF.Scatter.MaxSpriteRatio:0.1         ; only a maximum of 10% of scattered bokeh]]
[2020.04.14-22.43.39:898][  0]LogConfig: Setting CVar [[r.DOF.Recombine.Quality:1                ; cheap slight out of focus]]
[2020.04.14-22.43.39:898][  0]LogConfig: Setting CVar [[r.DOF.Recombine.EnableBokehSettings:0    ; no bokeh simulation on slight out of focus]]
[2020.04.14-22.43.39:898][  0]LogConfig: Setting CVar [[r.DOF.TemporalAAQuality:1                ; more stable temporal accumulation]]
[2020.04.14-22.43.39:898][  0]LogConfig: Setting CVar [[r.DOF.Kernel.MaxForegroundRadius:0.025]]
[2020.04.14-22.43.39:898][  0]LogConfig: Setting CVar [[r.DOF.Kernel.MaxBackgroundRadius:0.025]]
[2020.04.14-22.43.39:898][  0]LogConfig: Applying CVar settings from Section [TextureQuality@3] File [D:/Unreal Projects/egyptVR/Last_Pharaoh/Saved/Config/Windows/Scalability.ini]
[2020.04.14-22.43.39:898][  0]LogConfig: Setting CVar [[r.Streaming.MipBias:0]]
[2020.04.14-22.43.39:898][  0]LogConfig: Setting CVar [[r.Streaming.AmortizeCPUToGPUCopy:0]]
[2020.04.14-22.43.39:898][  0]LogConfig: Setting CVar [[r.Streaming.MaxNumTexturesToStreamPerFrame:0]]
[2020.04.14-22.43.39:898][  0]LogConfig: Setting CVar [[r.Streaming.Boost:1]]
[2020.04.14-22.43.39:898][  0]LogConfig: Setting CVar [[r.MaxAnisotropy:8]]
[2020.04.14-22.43.39:898][  0]LogConfig: Setting CVar [[r.Streaming.LimitPoolSizeToVRAM:0]]
[2020.04.14-22.43.39:898][  0]LogConfig: Setting CVar [[r.Streaming.PoolSize:1000]]
[2020.04.14-22.43.39:898][  0]LogConfig: Setting CVar [[r.Streaming.MaxEffectiveScreenSize:0]]
[2020.04.14-22.43.39:898][  0]LogConfig: Applying CVar settings from Section [EffectsQuality@3] File [D:/Unreal Projects/egyptVR/Last_Pharaoh/Saved/Config/Windows/Scalability.ini]
[2020.04.14-22.43.39:898][  0]LogConfig: Setting CVar [[r.TranslucencyLightingVolumeDim:64]]
[2020.04.14-22.43.39:898][  0]LogConfig: Setting CVar [[r.RefractionQuality:2]]
[2020.04.14-22.43.39:898][  0]LogConfig: Setting CVar [[r.SSR.Quality:3]]
[2020.04.14-22.43.39:898][  0]LogConfig: Setting CVar [[r.SceneColorFormat:4]]
[2020.04.14-22.43.39:898][  0]LogConfig: Setting CVar [[r.DetailMode:2]]
[2020.04.14-22.43.39:898][  0]LogConfig: Setting CVar [[r.TranslucencyVolumeBlur:1]]
[2020.04.14-22.43.39:898][  0]LogConfig: Setting CVar [[r.MaterialQualityLevel:1 ; High quality]]
[2020.04.14-22.43.39:898][  0]LogConfig: Setting CVar [[r.SSS.Scale:1]]
[2020.04.14-22.43.39:898][  0]LogConfig: Setting CVar [[r.SSS.SampleSet:2]]
[2020.04.14-22.43.39:898][  0]LogConfig: Setting CVar [[r.SSS.Quality:1]]
[2020.04.14-22.43.39:898][  0]LogConfig: Setting CVar [[r.SSS.HalfRes:1]]
[2020.04.14-22.43.39:898][  0]LogConfig: Setting CVar [[r.EmitterSpawnRateScale:1.0]]
[2020.04.14-22.43.39:898][  0]LogConfig: Setting CVar [[r.ParticleLightQuality:2]]
[2020.04.14-22.43.39:898][  0]LogConfig: Applying CVar settings from Section [FoliageQuality@3] File [D:/Unreal Projects/egyptVR/Last_Pharaoh/Saved/Config/Windows/Scalability.ini]
[2020.04.14-22.43.39:898][  0]LogConfig: Setting CVar [[foliage.DensityScale:1.0]]
[2020.04.14-22.43.39:898][  0]LogConfig: Setting CVar [[grass.DensityScale:1.0]]
[2020.04.14-22.43.39:898][  0]LogConfig: Applying CVar settings from Section [Startup] File [../../../Engine/Config/ConsoleVariables.ini]
[2020.04.14-22.43.39:898][  0]LogConfig: Setting CVar [[net.UseAdaptiveNetUpdateFrequency:0]]
[2020.04.14-22.43.39:898][  0]LogConfig: Setting CVar [[p.chaos.AllowCreatePhysxBodies:1]]
[2020.04.14-22.43.39:898][  0]LogConfig: Applying CVar settings from Section [ConsoleVariables] File [D:/Unreal Projects/egyptVR/Last_Pharaoh/Saved/Config/Windows/Engine.ini]
[2020.04.14-22.43.39:899][  0]LogInit: Computer: DESKTOP-NKQ22UT
[2020.04.14-22.43.39:899][  0]LogInit: User: Tetewet
[2020.04.14-22.43.39:899][  0]LogInit: CPU Page size=4096, Cores=6
[2020.04.14-22.43.39:899][  0]LogInit: High frequency timer resolution =10.000000 MHz
[2020.04.14-22.43.39:899][  0]LogMemory: Memory total: Physical=15.9GB (16GB approx)
[2020.04.14-22.43.39:899][  0]LogMemory: Platform Memory Stats for Windows
[2020.04.14-22.43.39:899][  0]LogMemory: Process Physical Memory: 99.08 MB used, 99.09 MB peak
[2020.04.14-22.43.39:899][  0]LogMemory: Process Virtual Memory: 93.26 MB used, 93.26 MB peak
[2020.04.14-22.43.39:899][  0]LogMemory: Physical Memory: 9347.33 MB used,  6942.27 MB free, 16289.61 MB total
[2020.04.14-22.43.39:899][  0]LogMemory: Virtual Memory: 4676.43 MB used,  134213048.00 MB free, 134217728.00 MB total
[2020.04.14-22.43.39:921][  0]LogInit: Using OS detected language (en-US).
[2020.04.14-22.43.39:921][  0]LogInit: Using OS detected locale (en-US).
[2020.04.14-22.43.39:922][  0]LogTextLocalizationManager: No specific localization for 'en-US' exists, so the 'en' localization will be used.
[2020.04.14-22.43.40:079][  0]LogInit: Setting process to per monitor DPI aware
[2020.04.14-22.43.40:127][  0]LogSlate: New Slate User Created.  User Index 0, Is Virtual User: 0
[2020.04.14-22.43.40:127][  0]LogSlate: Slate User Registered.  User Index 0, Is Virtual User: 0
[2020.04.14-22.43.40:466][  0]LogHMD: Failed to initialize OpenVR with code 108
[2020.04.14-22.43.40:466][  0]LogD3D11RHI: D3D11 adapters:
[2020.04.14-22.43.40:514][  0]LogD3D11RHI:    0. 'Radeon RX 570 Series' (Feature Level 11_0)
[2020.04.14-22.43.40:514][  0]LogD3D11RHI:       8171/0/8144 MB DedicatedVideo/DedicatedSystem/SharedSystem, Outputs:2, VendorId:0x1002
[2020.04.14-22.43.40:517][  0]LogD3D11RHI:    1. 'Microsoft Basic Render Driver' (Feature Level 11_0)
[2020.04.14-22.43.40:517][  0]LogD3D11RHI:       0/0/8144 MB DedicatedVideo/DedicatedSystem/SharedSystem, Outputs:0, VendorId:0x1414
[2020.04.14-22.43.40:517][  0]LogD3D11RHI: Chosen D3D11 Adapter: 0
[2020.04.14-22.43.40:529][  0]LogD3D11RHI: Creating new Direct3DDevice
[2020.04.14-22.43.40:529][  0]LogD3D11RHI:     GPU DeviceId: 0x67df (for the marketing name, search the web for "GPU Device Id")
[2020.04.14-22.43.40:529][  0]LogWindows: EnumDisplayDevices:
[2020.04.14-22.43.40:529][  0]LogWindows:    0. 'Radeon RX 570 Series' (P:0 D:1)
[2020.04.14-22.43.40:529][  0]LogWindows:    1. 'Radeon RX 570 Series' (P:1 D:1)
[2020.04.14-22.43.40:530][  0]LogWindows:    2. 'Radeon RX 570 Series' (P:0 D:0)
[2020.04.14-22.43.40:530][  0]LogWindows:    3. 'Radeon RX 570 Series' (P:0 D:0)
[2020.04.14-22.43.40:530][  0]LogWindows:    4. 'Radeon RX 570 Series' (P:0 D:0)
[2020.04.14-22.43.40:531][  0]LogWindows:    5. 'Radeon RX 570 Series' (P:0 D:0)
[2020.04.14-22.43.40:531][  0]LogWindows:    6. 'Radeon RX 570 Series' (P:0 D:0)
[2020.04.14-22.43.40:531][  0]LogWindows:    7. 'Radeon RX 570 Series' (P:0 D:0)
[2020.04.14-22.43.40:531][  0]LogWindows: DebugString: FoundDriverCount:8 
[2020.04.14-22.43.40:532][  0]LogD3D11RHI:     Adapter Name: Radeon RX 570 Series
[2020.04.14-22.43.40:532][  0]LogD3D11RHI:   Driver Version: Adrenalin 2020 20.4.1 (internal:26.20.15029.20013, unified:26.20.15029.20013)
[2020.04.14-22.43.40:532][  0]LogD3D11RHI:      Driver Date: 4-1-2020
[2020.04.14-22.43.40:532][  0]LogRHI: Texture pool is 5720 MB (70% of 8171 MB)
[2020.04.14-22.43.40:599][  0]LogD3D11RHI: Async texture creation enabled
[2020.04.14-22.43.40:603][  0]LogRendererCore: FGlobalReadBuffer::InitRHI
[2020.04.14-22.43.40:604][  0]LogRendererCore: FGlobalReadBuffer::InitRHI
[2020.04.14-22.43.40:604][  0]LogRendererCore: FGlobalReadBuffer::InitRHI
[2020.04.14-22.43.40:611][  0]LogD3D11RHI: GPU Timing Frequency: 25.000000 (Debug: 2 1)
[2020.04.14-22.43.40:953][  0]LogTemp: Display: Module 'AllDesktopTargetPlatform' loaded TargetPlatform 'AllDesktop'
[2020.04.14-22.43.40:969][  0]LogTemp: Display: Module 'MacClientTargetPlatform' loaded TargetPlatform 'MacClient'
[2020.04.14-22.43.40:983][  0]LogTemp: Display: Module 'MacNoEditorTargetPlatform' loaded TargetPlatform 'MacNoEditor'
[2020.04.14-22.43.40:998][  0]LogTemp: Display: Module 'MacServerTargetPlatform' loaded TargetPlatform 'MacServer'
[2020.04.14-22.43.41:015][  0]LogTemp: Display: Module 'MacTargetPlatform' loaded TargetPlatform 'Mac'
[2020.04.14-22.43.41:029][  0]LogTemp: Display: Module 'WindowsClientTargetPlatform' loaded TargetPlatform 'WindowsClient'
[2020.04.14-22.43.41:044][  0]LogTemp: Display: Module 'WindowsNoEditorTargetPlatform' loaded TargetPlatform 'WindowsNoEditor'
[2020.04.14-22.43.41:059][  0]LogTemp: Display: Module 'WindowsServerTargetPlatform' loaded TargetPlatform 'WindowsServer'
[2020.04.14-22.43.41:065][  0]LogTemp: Display: Module 'WindowsTargetPlatform' loaded TargetPlatform 'Windows'
[2020.04.14-22.43.41:154][  0]LogTemp: Display: Module 'AndroidTargetPlatform' loaded TargetPlatform 'Android'
[2020.04.14-22.43.41:154][  0]LogTemp: Display: Module 'AndroidTargetPlatform' loaded TargetPlatform 'Android_ASTC'
[2020.04.14-22.43.41:154][  0]LogTemp: Display: Module 'AndroidTargetPlatform' loaded TargetPlatform 'Android_ATC'
[2020.04.14-22.43.41:154][  0]LogTemp: Display: Module 'AndroidTargetPlatform' loaded TargetPlatform 'Android_DXT'
[2020.04.14-22.43.41:154][  0]LogTemp: Display: Module 'AndroidTargetPlatform' loaded TargetPlatform 'Android_ETC1'
[2020.04.14-22.43.41:154][  0]LogTemp: Display: Module 'AndroidTargetPlatform' loaded TargetPlatform 'Android_ETC1a'
[2020.04.14-22.43.41:154][  0]LogTemp: Display: Module 'AndroidTargetPlatform' loaded TargetPlatform 'Android_ETC2'
[2020.04.14-22.43.41:154][  0]LogTemp: Display: Module 'AndroidTargetPlatform' loaded TargetPlatform 'Android_PVRTC'
[2020.04.14-22.43.41:154][  0]LogTemp: Display: Module 'AndroidTargetPlatform' loaded TargetPlatform 'AndroidClient'
[2020.04.14-22.43.41:154][  0]LogTemp: Display: Module 'AndroidTargetPlatform' loaded TargetPlatform 'Android_ASTCClient'
[2020.04.14-22.43.41:154][  0]LogTemp: Display: Module 'AndroidTargetPlatform' loaded TargetPlatform 'Android_ATCClient'
[2020.04.14-22.43.41:154][  0]LogTemp: Display: Module 'AndroidTargetPlatform' loaded TargetPlatform 'Android_DXTClient'
[2020.04.14-22.43.41:154][  0]LogTemp: Display: Module 'AndroidTargetPlatform' loaded TargetPlatform 'Android_ETC1Client'
[2020.04.14-22.43.41:154][  0]LogTemp: Display: Module 'AndroidTargetPlatform' loaded TargetPlatform 'Android_ETC1aClient'
[2020.04.14-22.43.41:154][  0]LogTemp: Display: Module 'AndroidTargetPlatform' loaded TargetPlatform 'Android_ETC2Client'
[2020.04.14-22.43.41:154][  0]LogTemp: Display: Module 'AndroidTargetPlatform' loaded TargetPlatform 'Android_PVRTCClient'
[2020.04.14-22.43.41:154][  0]LogTemp: Display: Module 'AndroidTargetPlatform' loaded TargetPlatform 'Android_Multi'
[2020.04.14-22.43.41:155][  0]LogTemp: Display: Module 'AndroidTargetPlatform' loaded TargetPlatform 'Android_MultiClient'
[2020.04.14-22.43.41:157][  0]LogTemp: Display: Module 'HTML5TargetPlatform' loaded TargetPlatform 'HTML5'
[2020.04.14-22.43.41:210][  0]LogTemp: Display: Module 'IOSTargetPlatform' loaded TargetPlatform 'IOSClient'
[2020.04.14-22.43.41:210][  0]LogTemp: Display: Module 'IOSTargetPlatform' loaded TargetPlatform 'IOS'
[2020.04.14-22.43.41:236][  0]LogTemp: Display: Module 'TVOSTargetPlatform' loaded TargetPlatform 'TVOSClient'
[2020.04.14-22.43.41:236][  0]LogTemp: Display: Module 'TVOSTargetPlatform' loaded TargetPlatform 'TVOS'
[2020.04.14-22.43.41:250][  0]LogTemp: Display: Module 'LinuxClientTargetPlatform' loaded TargetPlatform 'LinuxClient'
[2020.04.14-22.43.41:265][  0]LogTemp: Display: Module 'LinuxNoEditorTargetPlatform' loaded TargetPlatform 'LinuxNoEditor'
[2020.04.14-22.43.41:281][  0]LogTemp: Display: Module 'LinuxServerTargetPlatform' loaded TargetPlatform 'LinuxServer'
[2020.04.14-22.43.41:296][  0]LogTemp: Display: Module 'LinuxTargetPlatform' loaded TargetPlatform 'Linux'
[2020.04.14-22.43.41:348][  0]LogTemp: Display: Module 'LuminTargetPlatform' loaded TargetPlatform 'Lumin'
[2020.04.14-22.43.41:348][  0]LogTemp: Display: Module 'LuminTargetPlatform' loaded TargetPlatform 'LuminClient'
[2020.04.14-22.43.41:348][  0]LogTargetPlatformManager: Display: Building Assets For Windows
[2020.04.14-22.43.41:357][  0]LogAudioDebug: Display: Lib vorbis DLL was dynamically loaded.
[2020.04.14-22.43.41:401][  0]LogShaderCompilers: Guid format shader working directory is -3 characters bigger than the processId version (../../../../../Unreal Projects/egyptVR/Last_Pharaoh/Intermediate/Shaders/WorkingDirectory/9416/).
[2020.04.14-22.43.41:402][  0]LogShaderCompilers: Cleaned the shader compiler working directory 'C:/Users/Tetewet/AppData/Local/Temp/UnrealShaderWorkingDir/278E3D554CBDBC27CBD9FE814B53A065/'.
[2020.04.14-22.43.41:403][  0]LogXGEController: Cannot use XGE Controller as Incredibuild is not installed on this machine.
[2020.04.14-22.43.41:403][  0]LogShaderCompilers: Cannot use XGE Shader Compiler as Incredibuild is not installed on this machine.
[2020.04.14-22.43.41:403][  0]LogShaderCompilers: Display: Using Local Shader Compiler.
[2020.04.14-22.43.41:964][  0]LogDerivedDataCache: Display: Max Cache Size: 512 MB
[2020.04.14-22.43.42:014][  0]LogDerivedDataCache: Loaded boot cache 0.05s 71MB C:/Users/Tetewet/AppData/Local/UnrealEngine/4.22/DerivedDataCache/Boot.ddc.
[2020.04.14-22.43.42:014][  0]LogDerivedDataCache: Display: Loaded Boot cache: C:/Users/Tetewet/AppData/Local/UnrealEngine/4.22/DerivedDataCache/Boot.ddc
[2020.04.14-22.43.42:014][  0]LogDerivedDataCache: FDerivedDataBackendGraph:  Pak pak cache file ../../../../../Unreal Projects/egyptVR/Last_Pharaoh/DerivedDataCache/DDC.ddp not found, will not use a pak cache.
[2020.04.14-22.43.42:014][  0]LogDerivedDataCache: Unable to find inner node Pak for hierarchical cache Hierarchy.
[2020.04.14-22.43.42:014][  0]LogDerivedDataCache: FDerivedDataBackendGraph:  CompressedPak pak cache file ../../../../../Unreal Projects/egyptVR/Last_Pharaoh/DerivedDataCache/Compressed.ddp not found, will not use a pak cache.
[2020.04.14-22.43.42:014][  0]LogDerivedDataCache: Unable to find inner node CompressedPak for hierarchical cache Hierarchy.
[2020.04.14-22.43.42:026][  0]LogDerivedDataCache: Display: Pak cache opened for reading ../../../Engine/DerivedDataCache/Compressed.ddp.
[2020.04.14-22.43.42:027][  0]LogDerivedDataCache: FDerivedDataBackendGraph:  EnterprisePak pak cache file ../../../Enterprise/DerivedDataCache/Compressed.ddp not found, will not use a pak cache.
[2020.04.14-22.43.42:027][  0]LogDerivedDataCache: Unable to find inner node EnterprisePak for hierarchical cache Hierarchy.
[2020.04.14-22.43.42:040][  0]LogDerivedDataCache: Using Local data cache path C:/Users/Tetewet/AppData/Local/UnrealEngine/Common/DerivedDataCache: Writable
[2020.04.14-22.43.42:040][  0]LogDerivedDataCache: Shared data cache path not found in *engine.ini, will not use an Shared cache.
[2020.04.14-22.43.42:040][  0]LogDerivedDataCache: Unable to find inner node Shared for hierarchical cache Hierarchy.
[2020.04.14-22.43.42:064][  0]LogMaterial: Verifying Global Shaders for PCD3D_SM5
[2020.04.14-22.43.42:065][  0]LogSlate: Using FreeType 2.6.0
[2020.04.14-22.43.42:066][  0]LogSlate: SlateFontServices - WITH_FREETYPE: 1, WITH_HARFBUZZ: 1
[2020.04.14-22.43.42:170][  0]LogAssetRegistry: FAssetRegistry took 0.0356 seconds to start up
[2020.04.14-22.43.42:549][  0]LogInit: Selected Device Profile: [Windows]
[2020.04.14-22.43.42:679][  0]LogMeshReduction: Using QuadricMeshReduction for automatic static mesh reduction
[2020.04.14-22.43.42:679][  0]LogMeshReduction: Using SimplygonMeshReduction for automatic skeletal mesh reduction
[2020.04.14-22.43.42:679][  0]LogMeshReduction: Using ProxyLODMeshReduction for automatic mesh merging
[2020.04.14-22.43.42:679][  0]LogMeshReduction: No distributed automatic mesh merging module available
[2020.04.14-22.43.42:679][  0]LogMeshMerging: No distributed automatic mesh merging module available
[2020.04.14-22.43.42:694][  0]LogNetVersion: Last_Pharaoh 1.0.0, NetCL: 5660361, EngineNetVer: 10, GameNetVer: 0 (Checksum: 3119618968)
[2020.04.14-22.43.43:148][  0]LogPackageLocalizationCache: Processed 10 localized package path(s) for 1 prioritized culture(s) in 0.058027 seconds
[2020.04.14-22.43.43:159][  0]LogUObjectArray: 42205 objects as part of root set at end of initial load.
[2020.04.14-22.43.43:159][  0]LogUObjectAllocator: 7325032 out of 0 bytes used by permanent object pool.
[2020.04.14-22.43.43:159][  0]LogUObjectArray: CloseDisregardForGC: 0/0 objects in disregard for GC pool
[2020.04.14-22.43.44:173][  0]LogTcpMessaging: Initializing TcpMessaging bridge
[2020.04.14-22.43.44:188][  0]LogUdpMessaging: Initializing bridge on interface 0.0.0.0:0 to multicast group 230.0.0.1:6666.
[2020.04.14-22.43.44:333][  0]SourceControl: Source control is disabled
[2020.04.14-22.43.44:333][  0]SourceControl: Source control is disabled
[2020.04.14-22.43.44:335][  0]SourceControl: Source control is disabled
[2020.04.14-22.43.44:337][  0]SourceControl: Source control is disabled
[2020.04.14-22.43.44:442][  0]LogAndroidPermission: UAndroidPermissionCallbackProxy::GetInstance
[2020.04.14-22.43.44:654][  0]LogOcInput: OculusInput pre-init called
[2020.04.14-22.43.45:490][  0]LogEngine: Initializing Engine...
[2020.04.14-22.43.45:558][  0]LogHMD: Failed to initialize OpenVR with code 108
[2020.04.14-22.43.45:560][  0]LogStats: UGameplayTagsManager::InitializeManager -  0.000 s
[2020.04.14-22.43.45:785][  0]LogUObjectGlobals: Warning: Failed to find object 'Class /Script/Last_Pharaoh.TrapManager'
[2020.04.14-22.43.45:785][  0]LogEngine: Error: Engine config value GameSingletonClassName '/Script/Last_Pharaoh.TrapManager' is not a valid class name.
[2020.04.14-22.43.45:787][  0]LogInit: Initializing FReadOnlyCVARCache
[2020.04.14-22.43.45:800][  0]LogAIModule: Creating AISystem for world Untitled
[2020.04.14-22.43.45:863][  0]LogInit: XAudio2 using 'Speakers (2- Realtek(R) Audio)' : 2 channels at 48 kHz using 32 bits per sample (channel mask 0x3)
[2020.04.14-22.43.45:915][  0]LogInit: FAudioDevice initialized.
[2020.04.14-22.43.45:916][  0]LogNetVersion: Set ProjectVersion to 1.0.0.0. Version Checksum will be recalculated on next use.
[2020.04.14-22.43.45:980][  0]LogDerivedDataCache: Saved boot cache 0.06s 71MB C:/Users/Tetewet/AppData/Local/UnrealEngine/4.22/DerivedDataCache/Boot.ddc.
[2020.04.14-22.43.45:987][  0]LogInit: Texture streaming: Enabled
[2020.04.14-22.43.46:010][  0]LogEngineSessionManager: EngineSessionManager initialized
[2020.04.14-22.43.46:036][  0]LogInit: Transaction tracking system initialized
[2020.04.14-22.43.46:059][  0]BlueprintLog: New page: Editor Load
[2020.04.14-22.43.46:151][  0]LocalizationService: Localization service is disabled
[2020.04.14-22.43.46:468][  0]LogFileCache: Scanning file cache for directory 'D:/Unreal Projects/egyptVR/Last_Pharaoh/Content/' took 0.01s
[2020.04.14-22.43.46:468][  0]LogCook: Display: Max memory allowance for cook 16384mb min free memory 0mb
[2020.04.14-22.43.46:468][  0]LogCook: Display: Mobile HDR setting 1
[2020.04.14-22.43.46:681][  0]SourceControl: Source control is disabled
[2020.04.14-22.43.46:681][  0]Cmd: MAP LOAD FILE="../../../../../Unreal Projects/egyptVR/Last_Pharaoh/Content/Scenes/TestMap.umap" TEMPLATE=0 SHOWPROGRESS=1 FEATURELEVEL=3
[2020.04.14-22.43.46:681][  0]LightingResults: New page: Lighting Build
[2020.04.14-22.43.46:683][  0]MapCheck: New page: Map Check
[2020.04.14-22.43.46:684][  0]LightingResults: New page: Lighting Build
[2020.04.14-22.43.46:715][  0]LogUObjectHash: Compacting FUObjectHashTables data took   1.65ms
[2020.04.14-22.43.46:864][  0]LogAIModule: Creating AISystem for world TestMap
[2020.04.14-22.43.46:872][  0]LogEditorServer: Finished looking for orphan Actors (0.000 secs)
[2020.04.14-22.43.46:906][  0]LogUObjectHash: Compacting FUObjectHashTables data took   1.89ms
[2020.04.14-22.43.46:906][  0]Cmd: MAP CHECKDEP NOCLEARLOG
[2020.04.14-22.43.46:906][  0]MapCheck: Map check complete: 0 Error(s), 0 Warning(s), took 0.127ms to complete.
[2020.04.14-22.43.46:906][  0]LogFileHelpers: Loading map 'TestMap' took 0.226
[2020.04.14-22.43.47:024][  0]LogSlate: Updating window title bar state: overlay mode, drag disabled, window buttons hidden, title bar hidden
[2020.04.14-22.43.47:032][  0]LogSlate: Updating window title bar state: overlay mode, drag disabled, window buttons hidden, title bar hidden
[2020.04.14-22.43.47:039][  0]LogSlate: Updating window title bar state: overlay mode, drag disabled, window buttons hidden, title bar hidden
[2020.04.14-22.43.47:046][  0]LogSlate: Updating window title bar state: overlay mode, drag disabled, window buttons hidden, title bar hidden
[2020.04.14-22.43.47:051][  0]LogCollectionManager: Loaded 0 collections in 0.001085 seconds
[2020.04.14-22.43.47:090][  0]LogFileCache: Scanning file cache for directory 'D:/Unreal Projects/egyptVR/Last_Pharaoh/Saved/Collections/' took 0.01s
[2020.04.14-22.43.47:090][  0]LogFileCache: Scanning file cache for directory 'D:/Unreal Projects/egyptVR/Last_Pharaoh/Content/Developers/Tetewet/Collections/' took 0.01s
[2020.04.14-22.43.47:090][  0]LogFileCache: Scanning file cache for directory 'D:/Unreal Projects/egyptVR/Last_Pharaoh/Content/Collections/' took 0.01s
[2020.04.14-22.43.47:090][  0]LogCollectionManager: Rebuilt the GUID cache for 0 collections in 0.000000 seconds
[2020.04.14-22.43.47:101][  0]LogContentBrowser: Native class hierarchy populated in 0.0101 seconds. Added 2737 classes and 661 folders.
[2020.04.14-22.43.47:107][  0]LogContentBrowser: Native class hierarchy updated for 'WidgetCarousel' in 0.0005 seconds. Added 0 classes and 0 folders.
[2020.04.14-22.43.47:109][  0]LogPakFile: Registered encryption key '00000000000000000000000000000000': 0 pak files mounted, 0 remain pending
[2020.04.14-22.43.47:110][  0]LogPakFile: Registered encryption key '00000000000000000000000000000000': 0 pak files mounted, 0 remain pending
[2020.04.14-22.43.47:111][  0]LogPakFile: Registered encryption key '00000000000000000000000000000000': 0 pak files mounted, 0 remain pending
[2020.04.14-22.43.47:112][  0]LogPakFile: Registered encryption key '00000000000000000000000000000000': 0 pak files mounted, 0 remain pending
[2020.04.14-22.43.47:112][  0]LogPakFile: Registered encryption key '00000000000000000000000000000000': 0 pak files mounted, 0 remain pending
[2020.04.14-22.43.47:113][  0]LogPakFile: Registered encryption key '00000000000000000000000000000000': 0 pak files mounted, 0 remain pending
[2020.04.14-22.43.47:114][  0]LogPakFile: Registered encryption key '00000000000000000000000000000000': 0 pak files mounted, 0 remain pending
[2020.04.14-22.43.47:114][  0]LogPakFile: Registered encryption key '00000000000000000000000000000000': 0 pak files mounted, 0 remain pending
[2020.04.14-22.43.47:115][  0]LogPakFile: Registered encryption key '00000000000000000000000000000000': 0 pak files mounted, 0 remain pending
[2020.04.14-22.43.47:116][  0]LogPakFile: Registered encryption key '00000000000000000000000000000000': 0 pak files mounted, 0 remain pending
[2020.04.14-22.43.47:116][  0]LogPakFile: Registered encryption key '00000000000000000000000000000000': 0 pak files mounted, 0 remain pending
[2020.04.14-22.43.47:117][  0]LogPakFile: Registered encryption key '00000000000000000000000000000000': 0 pak files mounted, 0 remain pending
[2020.04.14-22.43.47:117][  0]LogPakFile: Registered encryption key '00000000000000000000000000000000': 0 pak files mounted, 0 remain pending
[2020.04.14-22.43.47:118][  0]LogPakFile: Registered encryption key '00000000000000000000000000000000': 0 pak files mounted, 0 remain pending
[2020.04.14-22.43.47:119][  0]LogPakFile: Registered encryption key '00000000000000000000000000000000': 0 pak files mounted, 0 remain pending
[2020.04.14-22.43.47:119][  0]LogPakFile: Registered encryption key '00000000000000000000000000000000': 0 pak files mounted, 0 remain pending
[2020.04.14-22.43.47:120][  0]LogPakFile: Registered encryption key '00000000000000000000000000000000': 0 pak files mounted, 0 remain pending
[2020.04.14-22.43.47:121][  0]LogPakFile: Registered encryption key '00000000000000000000000000000000': 0 pak files mounted, 0 remain pending
[2020.04.14-22.43.47:121][  0]LogPakFile: Registered encryption key '00000000000000000000000000000000': 0 pak files mounted, 0 remain pending
[2020.04.14-22.43.47:122][  0]LogPakFile: Registered encryption key '00000000000000000000000000000000': 0 pak files mounted, 0 remain pending
[2020.04.14-22.43.47:123][  0]LogPakFile: Registered encryption key '00000000000000000000000000000000': 0 pak files mounted, 0 remain pending
[2020.04.14-22.43.47:123][  0]LogPakFile: Registered encryption key '00000000000000000000000000000000': 0 pak files mounted, 0 remain pending
[2020.04.14-22.43.47:124][  0]LogPakFile: Registered encryption key '00000000000000000000000000000000': 0 pak files mounted, 0 remain pending
[2020.04.14-22.43.47:125][  0]LogPakFile: Registered encryption key '00000000000000000000000000000000': 0 pak files mounted, 0 remain pending
[2020.04.14-22.43.47:125][  0]LogPakFile: Registered encryption key '00000000000000000000000000000000': 0 pak files mounted, 0 remain pending
[2020.04.14-22.43.47:126][  0]LogPakFile: Registered encryption key '00000000000000000000000000000000': 0 pak files mounted, 0 remain pending
[2020.04.14-22.43.47:176][  0]LogContentBrowser: Native class hierarchy updated for 'AddContentDialog' in 0.0004 seconds. Added 0 classes and 0 folders.
[2020.04.14-22.43.47:181][  0]LogContentBrowser: Native class hierarchy updated for 'SceneOutliner' in 0.0006 seconds. Added 1 classes and 2 folders.
[2020.04.14-22.43.47:251][  0]LogSlate: Took 0.000281 seconds to synchronously load lazily loaded font '../../../Engine/Content/Slate/Fonts/Roboto-Regular.ttf' (155K)
[2020.04.14-22.43.47:253][  0]LogSlate: Took 0.000376 seconds to synchronously load lazily loaded font '../../../Engine/Content/Slate/Fonts/Roboto-Bold.ttf' (160K)
[2020.04.14-22.43.47:259][  0]LogSlate: Took 0.000249 seconds to synchronously load lazily loaded font '../../../Engine/Content/Editor/Slate/Fonts/FontAwesome.ttf' (139K)
[2020.04.14-22.43.47:324][  0]LogRenderer: Reallocating scene render targets to support 1208x560 Format 10 NumSamples 1 (Frame:1).
[2020.04.14-22.43.47:462][  0]LogContentBrowser: Native class hierarchy updated for 'HierarchicalLODOutliner' in 0.0007 seconds. Added 0 classes and 0 folders.
[2020.04.14-22.43.47:462][  0]LogLoad: (Engine Initialization) Total time: 10.44 seconds
[2020.04.14-22.43.47:462][  0]LogLoad: (Engine Initialization) Total Blueprint compile time: 0.00 seconds
[2020.04.14-22.43.47:496][  0]LogAssetRegistry: Asset discovery search completed in 5.3491 seconds
[2020.04.14-22.43.47:499][  0]LogCollectionManager: Rebuilt the object cache for 0 collections in 0.000000 seconds (found 0 objects)
[2020.04.14-22.43.47:499][  0]LogCollectionManager: Fixed up redirectors for 0 collections in 0.000082 seconds (updated 0 objects)
[2020.04.14-22.43.47:501][  0]LogContentStreaming: Texture pool size now 1000 MB
[2020.04.14-22.43.47:526][  0]LogSlate: Took 0.000277 seconds to synchronously load lazily loaded font '../../../Engine/Content/Slate/Fonts/Roboto-Light.ttf' (167K)
[2020.04.14-22.43.47:539][  1]LogMotionControllerComponent: Warning: Failed to create a display component for the MotionController - no XR system (if there were any) had a model for the specified source ('Left')
[2020.04.14-22.43.47:539][  1]LogMotionControllerComponent: Warning: Failed to create a display component for the MotionController - no XR system (if there were any) had a model for the specified source ('Right')
[2020.04.14-22.43.48:485][102]LogSlate: Took 0.000352 seconds to synchronously load lazily loaded font '../../../Engine/Content/Slate/Fonts/Roboto-Light.ttf' (167K)
[2020.04.14-22.44.03:127][ 89]LogSlate: FSceneViewport::OnFocusLost() reason 0
[2020.04.14-22.44.05:000][284]LogAIModule: Creating AISystem for world LastPharaoh_MainScene
[2020.04.14-22.44.05:024][284]LogAssetEditorManager: Opening Asset editor for World /Game/Maps/LastPharaoh_MainScene.LastPharaoh_MainScene
[2020.04.14-22.44.05:060][284]LogUObjectHash: Compacting FUObjectHashTables data took   1.68ms
[2020.04.14-22.44.05:062][284]Cmd: MAP LOAD FILE="../../../../../Unreal Projects/egyptVR/Last_Pharaoh/Content/Maps/LastPharaoh_MainScene.umap" TEMPLATE=0 SHOWPROGRESS=1 FEATURELEVEL=3
[2020.04.14-22.44.05:062][284]LightingResults: New page: Lighting Build
[2020.04.14-22.44.05:062][284]LoadErrors: New page: Loading map: LastPharaoh_MainScene.umap
[2020.04.14-22.44.05:063][284]MapCheck: New page: Map Check
[2020.04.14-22.44.05:063][284]LightingResults: New page: Lighting Build
[2020.04.14-22.44.05:097][284]LogUObjectHash: Compacting FUObjectHashTables data took   1.94ms
[2020.04.14-22.44.05:236][284]LogEditorServer: Finished looking for orphan Actors (0.000 secs)
[2020.04.14-22.44.05:287][284]LogUObjectHash: Compacting FUObjectHashTables data took   1.73ms
[2020.04.14-22.44.05:303][284]Cmd: MAP CHECKDEP NOCLEARLOG
[2020.04.14-22.44.05:303][284]MapCheck: Map check complete: 0 Error(s), 0 Warning(s), took 0.155ms to complete.
[2020.04.14-22.44.05:303][284]LogFileHelpers: Loading map 'LastPharaoh_MainScene' took 0.242
[2020.04.14-22.44.07:762][505]LogAssetEditorManager: Opening Asset editor for Blueprint /Game/Blueprints/BP_Trap.BP_Trap
[2020.04.14-22.44.08:012][505]LogContentBrowser: Native class hierarchy updated for 'BlueprintGraph' in 0.0008 seconds. Added 121 classes and 0 folders.
[2020.04.14-22.44.08:830][505]LogActor: Warning: BP_Trap_C /Engine/Transient.World_4:PersistentLevel.BP_Trap_C_0 has natively added scene component(s), but none of them were set as the actor's RootComponent - picking one arbitrarily
[2020.04.14-22.44.08:831][505]LogActor: Warning: BP_Trap_C /Engine/Transient.World_3:PersistentLevel.BP_Trap_C_0 has natively added scene component(s), but none of them were set as the actor's RootComponent - picking one arbitrarily
[2020.04.14-22.44.10:484][648]LogAssetEditorManager: Opening Asset editor for Blueprint /Game/Blueprints/BP_Trap.BP_Trap
[2020.04.14-22.44.10:802][648]LogActor: Warning: BP_Trap_C /Engine/Transient.World_7:PersistentLevel.BP_Trap_C_0 has natively added scene component(s), but none of them were set as the actor's RootComponent - picking one arbitrarily
[2020.04.14-22.44.10:804][648]LogSlate: Took 0.000309 seconds to synchronously load lazily loaded font '../../../Engine/Content/Slate/Fonts/Roboto-BoldCondensed.ttf' (158K)
[2020.04.14-22.44.13:197][917]LogSlate: Took 0.000385 seconds to synchronously load lazily loaded font '../../../Engine/Content/Slate/Fonts/Roboto-Italic.ttf' (157K)
[2020.04.14-22.44.15:669][200]LogRenderer: Reallocating scene render targets to support 1208x708 Format 10 NumSamples 1 (Frame:1).
[2020.04.14-22.44.22:936][ 51]Candidate modules for hot reload:
[2020.04.14-22.44.22:936][ 51]  Last_Pharaoh
[2020.04.14-22.44.22:936][ 51]Launching UnrealBuildTool... [D:/Unreal/UE_4.22/Engine/Binaries/DotNET/UnrealBuildTool.exe  -ModuleWithSuffix=Last_Pharaoh,433 Win64 Development -TargetType=Editor -Project="D:/Unreal Projects/egyptVR/Last_Pharaoh/Last_Pharaoh.uproject" "D:/Unreal Projects/egyptVR/Last_Pharaoh/Last_Pharaoh.uproject"  -IgnoreJunk]
[2020.04.14-22.44.22:945][ 51]Warning: Starting HotReload took  0.0s.
[2020.04.14-22.44.34:674][172]CompilerResultsLog: New page: Compilation - Apr 14, 2020, 2:44:34 PM
[2020.04.14-22.44.34:674][172]CompilerResultsLog: Using 'git status' to determine working set for adaptive non-unity build (D:\Unreal Projects\egyptVR).
[2020.04.14-22.44.34:674][172]CompilerResultsLog: Creating makefile for Last_PharaohEditor (ini files are newer than makefile)
[2020.04.14-22.44.34:674][172]CompilerResultsLog: Parsing headers for Last_PharaohEditor
[2020.04.14-22.44.34:674][172]CompilerResultsLog:   Running UnrealHeaderTool "D:\Unreal Projects\egyptVR\Last_Pharaoh\Last_Pharaoh.uproject" "D:\Unreal Projects\egyptVR\Last_Pharaoh\Intermediate\Build\Win64\Last_PharaohEditor\Development\Last_PharaohEditor.uhtmanifest" -LogCmds="loginit warning, logexit warning, logdatabase error" -Unattended -WarningsAsErrors -installed
[2020.04.14-22.44.34:674][172]CompilerResultsLog: Reflection code generated for Last_PharaohEditor in 7.9398944 seconds
[2020.04.14-22.44.34:674][172]CompilerResultsLog: Using Visual Studio 2019 14.25.28610 toolchain (C:\Program Files (x86)\Microsoft Visual Studio\2019\Community\VC\Tools\MSVC\14.25.28610) and Windows 10.0.18362.0 SDK (C:\Program Files (x86)\Windows Kits\10).
[2020.04.14-22.44.34:674][172]CompilerResultsLog: Building 3 actions with 12 processes...
[2020.04.14-22.44.34:674][172]CompilerResultsLog:   [1/3] UE4Editor-Last_Pharaoh-0433.lib
[2020.04.14-22.44.34:674][172]CompilerResultsLog:      Creating library D:\Unreal Projects\egyptVR\Last_Pharaoh\Intermediate\Build\Win64\UE4Editor\Development\Last_Pharaoh\UE4Editor-Last_Pharaoh-0433.lib and object D:\Unreal Projects\egyptVR\Last_Pharaoh\Intermediate\Build\Win64\UE4Editor\Development\Last_Pharaoh\UE4Editor-Last_Pharaoh-0433.exp
[2020.04.14-22.44.34:674][172]CompilerResultsLog:   [2/3] UE4Editor-Last_Pharaoh-0433.dll
[2020.04.14-22.44.34:674][172]CompilerResultsLog:      Creating library D:\Unreal Projects\egyptVR\Last_Pharaoh\Intermediate\Build\Win64\UE4Editor\Development\Last_Pharaoh\UE4Editor-Last_Pharaoh-0433.suppressed.lib and object D:\Unreal Projects\egyptVR\Last_Pharaoh\Intermediate\Build\Win64\UE4Editor\Development\Last_Pharaoh\UE4Editor-Last_Pharaoh-0433.suppressed.exp
[2020.04.14-22.44.34:674][172]CompilerResultsLog:   [3/3] Last_PharaohEditor.target
[2020.04.14-22.44.34:674][172]CompilerResultsLog: Total time in Parallel executor: 1.53 seconds
[2020.04.14-22.44.34:674][172]CompilerResultsLog: Total execution time: 11.59 seconds
[2020.04.14-22.44.34:674][172]LogMainFrame: MainFrame: Module compiling took 11.746 seconds
[2020.04.14-22.44.34:717][172]LogUObjectHash: Compacting FUObjectHashTables data took   3.86ms
[2020.04.14-22.44.34:717][172]LogBlueprintActionDatabase: Requesting refresh due to hot reload
[2020.04.14-22.44.34:736][172]LogContentBrowser: Native class hierarchy populated in 0.0113 seconds. Added 2738 classes and 663 folders.
[2020.04.14-22.44.34:738][172]Display: HotReload took 11.8s.
[2020.04.14-22.45.06:588][804]LogAssetEditorManager: Opening Asset editor for Blueprint /Game/Blueprints/BP_Trap.BP_Trap
[2020.04.14-22.45.06:981][804]LogActor: Warning: BP_Trap_C /Engine/Transient.World_8:PersistentLevel.BP_Trap_C_0 has natively added scene component(s), but none of them were set as the actor's RootComponent - picking one arbitrarily
[2020.04.14-22.45.16:309][893]LogSlate: FSceneViewport::OnFocusLost() reason 0
[2020.04.14-22.45.16:472][902]LogUObjectHash: Compacting FUObjectHashTables data took   5.68ms
[2020.04.14-22.45.16:586][902]LogSlate: Window 'Last_Pharaoh - Unreal Editor' being destroyed
[2020.04.14-22.45.16:586][902]LogWindowsTextInputMethodSystem: Display: IME system now deactivated.
[2020.04.14-22.45.16:755][903]Cmd: QUIT_EDITOR
[2020.04.14-22.45.16:802][903]LogExit: Preparing to exit.
[2020.04.14-22.45.17:303][903]LogExit: Editor shut down
[2020.04.14-22.45.17:303][903]LogExit: Transaction tracking system shut down
[2020.04.14-22.45.17:586][903]LogExit: Object subsystem successfully closed.
[2020.04.14-22.45.17:603][903]LogShaderCompilers: Display: Shaders left to compile 0
[2020.04.14-22.45.17:606][903]LogD3D11RHI: Shutdown
[2020.04.14-22.45.17:606][903]LogD3D11RHI: CleanupD3DDevice
[2020.04.14-22.45.17:606][903]LogRendererCore: FGlobalReadBuffer::ReleaseRHI
[2020.04.14-22.45.17:606][903]LogRendererCore: FGlobalDynamicReadBuffer::Cleanup()
[2020.04.14-22.45.17:606][903]LogRendererCore: FGlobalReadBuffer::ReleaseRHI
[2020.04.14-22.45.17:606][903]LogRendererCore: FGlobalDynamicReadBuffer::Cleanup()
[2020.04.14-22.45.17:606][903]LogRendererCore: FGlobalReadBuffer::ReleaseRHI
[2020.04.14-22.45.17:606][903]LogRendererCore: FGlobalDynamicReadBuffer::Cleanup()
[2020.04.14-22.45.17:719][903]LogD3D11RHI: ~FD3D11DynamicRHI
[2020.04.14-22.45.17:728][903]LogModuleManager: Shutting down and abandoning module BlueprintGraph (646)
[2020.04.14-22.45.17:728][903]LogModuleManager: Shutting down and abandoning module HierarchicalLODOutliner (644)
[2020.04.14-22.45.17:728][903]LogModuleManager: Shutting down and abandoning module SceneOutliner (642)
[2020.04.14-22.45.17:728][903]LogModuleManager: Shutting down and abandoning module AddContentDialog (640)
[2020.04.14-22.45.17:729][903]LogModuleManager: Shutting down and abandoning module WidgetCarousel (639)
[2020.04.14-22.45.17:729][903]LogModuleManager: Shutting down and abandoning module EditorWidgets (636)
[2020.04.14-22.45.17:729][903]LogModuleManager: Shutting down and abandoning module CollectionManager (634)
[2020.04.14-22.45.17:729][903]LogModuleManager: Shutting down and abandoning module StatsViewer (632)
[2020.04.14-22.45.17:729][903]LogModuleManager: Shutting down and abandoning module FoliageEdit (630)
[2020.04.14-22.45.17:729][903]LogModuleManager: Shutting down and abandoning module LandscapeEditor (628)
[2020.04.14-22.45.17:729][903]LogModuleManager: Shutting down and abandoning module MeshPaintMode (626)
[2020.04.14-22.45.17:729][903]LogModuleManager: Shutting down and abandoning module SceneDepthPickerMode (624)
[2020.04.14-22.45.17:729][903]LogModuleManager: Shutting down and abandoning module ActorPickerMode (622)
[2020.04.14-22.45.17:729][903]LogModuleManager: Shutting down and abandoning module GeometryMode (620)
[2020.04.14-22.45.17:729][903]LogModuleManager: Shutting down and abandoning module TextureAlignMode (618)
[2020.04.14-22.45.17:729][903]LogModuleManager: Shutting down and abandoning module BspMode (616)
[2020.04.14-22.45.17:729][903]LogModuleManager: Shutting down and abandoning module PIEPreviewDeviceProfileSelector (614)
[2020.04.14-22.45.17:729][903]LogModuleManager: Shutting down and abandoning module SequenceRecorderSections (612)
[2020.04.14-22.45.17:729][903]LogModuleManager: Shutting down and abandoning module AutomationWorker (610)
[2020.04.14-22.45.17:729][903]LogModuleManager: Shutting down and abandoning module OculusMR (608)
[2020.04.14-22.45.17:729][903]LogModuleManager: Shutting down and abandoning module AudioCaptureEditor (606)
[2020.04.14-22.45.17:729][903]LogModuleManager: Shutting down and abandoning module MatineeToLevelSequence (604)
[2020.04.14-22.45.17:729][903]LogModuleManager: Shutting down and abandoning module LevelSequenceEditor (602)
[2020.04.14-22.45.17:729][903]LogModuleManager: Shutting down and abandoning module PlacementMode (601)
[2020.04.14-22.45.17:729][903]LogModuleManager: Shutting down and abandoning module MaterialEditor (600)
[2020.04.14-22.45.17:729][903]LogModuleManager: Shutting down and abandoning module ActorSequenceEditor (596)
[2020.04.14-22.45.17:729][903]LogModuleManager: Shutting down and abandoning module WmfMediaFactory (594)
[2020.04.14-22.45.17:729][903]LogModuleManager: Shutting down and abandoning module WmfMediaEditor (592)
[2020.04.14-22.45.17:729][903]LogModuleManager: Shutting down and abandoning module WebMMediaFactory (590)
[2020.04.14-22.45.17:730][903]LogModuleManager: Shutting down and abandoning module WebMMediaEditor (588)
[2020.04.14-22.45.17:730][903]LogModuleManager: Shutting down and abandoning module WebMMedia (586)
[2020.04.14-22.45.17:730][903]LogModuleManager: Shutting down and abandoning module MediaPlayerEditor (584)
[2020.04.14-22.45.17:730][903]LogModuleManager: Shutting down and abandoning module MediaCompositingEditor (582)
[2020.04.14-22.45.17:730][903]LogModuleManager: Shutting down and abandoning module SequenceRecorder (581)
[2020.04.14-22.45.17:730][903]LogModuleManager: Shutting down and abandoning module OpenExrWrapper (578)
[2020.04.14-22.45.17:730][903]LogModuleManager: Shutting down and abandoning module ImgMediaFactory (576)
[2020.04.14-22.45.17:730][903]LogModuleManager: Shutting down and abandoning module ImgMediaEditor (574)
[2020.04.14-22.45.17:730][903]LogModuleManager: Shutting down and abandoning module AvfMediaFactory (572)
[2020.04.14-22.45.17:730][903]LogModuleManager: Shutting down and abandoning module AvfMediaEditor (570)
[2020.04.14-22.45.17:730][903]LogModuleManager: Shutting down and abandoning module AndroidMediaFactory (568)
[2020.04.14-22.45.17:730][903]LogModuleManager: Shutting down and abandoning module AndroidMediaEditor (566)
[2020.04.14-22.45.17:730][903]LogModuleManager: Shutting down and abandoning module MagicLeapCameraPreviewFactory (564)
[2020.04.14-22.45.17:730][903]LogModuleManager: Shutting down and abandoning module MagicLeapMediaCodecFactory (562)
[2020.04.14-22.45.17:730][903]LogModuleManager: Shutting down and abandoning module MagicLeapMediaFactory (560)
[2020.04.14-22.45.17:730][903]LogModuleManager: Shutting down and abandoning module MagicLeapMediaEditor (558)
[2020.04.14-22.45.17:730][903]LogModuleManager: Shutting down and abandoning module CharacterAI (556)
[2020.04.14-22.45.17:730][903]LogModuleManager: Shutting down and abandoning module SmartSnapping (554)
[2020.04.14-22.45.17:730][903]LogModuleManager: Shutting down and abandoning module SessionServices (552)
[2020.04.14-22.45.17:730][903]LogModuleManager: Shutting down and abandoning module MeshPaint (550)
[2020.04.14-22.45.17:730][903]LogModuleManager: Shutting down and abandoning module ViewportSnapping (548)
[2020.04.14-22.45.17:730][903]LogModuleManager: Shutting down and abandoning module ViewportInteraction (546)
[2020.04.14-22.45.17:730][903]LogModuleManager: Shutting down and abandoning module ClothPainter (544)
[2020.04.14-22.45.17:730][903]LogModuleManager: Shutting down and abandoning module SkeletalMeshEditor (543)
[2020.04.14-22.45.17:730][903]LogModuleManager: Shutting down and abandoning module LogVisualizer (540)
[2020.04.14-22.45.17:730][903]LogModuleManager: Shutting down and abandoning module IntroTutorials (538)
[2020.04.14-22.45.17:730][903]LogModuleManager: Shutting down and abandoning module GameProjectGeneration (537)
[2020.04.14-22.45.17:730][903]LogModuleManager: Shutting down and abandoning module LuminPlatformEditor (534)
[2020.04.14-22.45.17:730][903]LogModuleManager: Shutting down and abandoning module IOSPlatformEditor (532)
[2020.04.14-22.45.17:730][903]LogModuleManager: Shutting down and abandoning module HTML5PlatformEditor (530)
[2020.04.14-22.45.17:730][903]LogModuleManager: Shutting down and abandoning module AndroidPlatformEditor (528)
[2020.04.14-22.45.17:730][903]LogModuleManager: Shutting down and abandoning module AndroidDeviceDetection (527)
[2020.04.14-22.45.18:281][903]LogModuleManager: Shutting down and abandoning module WindowsPlatformEditor (524)
[2020.04.14-22.45.18:281][903]LogModuleManager: Shutting down and abandoning module LuminRuntimeSettings (522)
[2020.04.14-22.45.18:281][903]LogModuleManager: Shutting down and abandoning module IOSRuntimeSettings (520)
[2020.04.14-22.45.18:281][903]LogModuleManager: Shutting down and abandoning module AndroidRuntimeSettings (518)
[2020.04.14-22.45.18:281][903]LogModuleManager: Shutting down and abandoning module TimeManagementEditor (516)
[2020.04.14-22.45.18:281][903]LogModuleManager: Shutting down and abandoning module InputBindingEditor (514)
[2020.04.14-22.45.18:282][903]LogModuleManager: Shutting down and abandoning module MergeActors (512)
[2020.04.14-22.45.18:282][903]LogModuleManager: Shutting down and abandoning module LocalizationDashboard (510)
[2020.04.14-22.45.18:282][903]LogModuleManager: Shutting down and abandoning module LocalizationService (509)
[2020.04.14-22.45.18:282][903]LogModuleManager: Shutting down and abandoning module HardwareTargeting (506)
[2020.04.14-22.45.18:282][903]LogModuleManager: Shutting down and abandoning module DeviceProfileEditor (504)
[2020.04.14-22.45.18:282][903]LogModuleManager: Shutting down and abandoning module UndoHistory (502)
[2020.04.14-22.45.18:282][903]LogModuleManager: Shutting down and abandoning module XmlParser (500)
[2020.04.14-22.45.18:282][903]LogModuleManager: Shutting down and abandoning module Blutility (498)
[2020.04.14-22.45.18:282][903]LogModuleManager: Shutting down and abandoning module ProjectSettingsViewer (496)
[2020.04.14-22.45.18:282][903]LogModuleManager: Shutting down and abandoning module ProjectTargetPlatformEditor (495)
[2020.04.14-22.45.18:282][903]LogModuleManager: Shutting down and abandoning module EditorSettingsViewer (492)
[2020.04.14-22.45.18:282][903]LogModuleManager: Shutting down and abandoning module SettingsEditor (490)
[2020.04.14-22.45.18:282][903]LogModuleManager: Shutting down and abandoning module ProjectLauncher (488)
[2020.04.14-22.45.18:282][903]LogModuleManager: Shutting down and abandoning module SessionFrontend (486)
[2020.04.14-22.45.18:282][903]LogModuleManager: Shutting down and abandoning module ProfilerClient (484)
[2020.04.14-22.45.18:282][903]LogModuleManager: Shutting down and abandoning module DeviceManager (482)
[2020.04.14-22.45.18:282][903]LogModuleManager: Shutting down and abandoning module TargetDeviceServices (481)
[2020.04.14-22.45.18:326][903]LogModuleManager: Shutting down and abandoning module AutomationController (478)
[2020.04.14-22.45.18:326][903]LogModuleManager: Shutting down and abandoning module AutomationWindow (476)
[2020.04.14-22.45.18:326][903]LogModuleManager: Shutting down and abandoning module Layers (474)
[2020.04.14-22.45.18:326][903]LogModuleManager: Shutting down and abandoning module ComponentVisualizers (472)
[2020.04.14-22.45.18:326][903]LogModuleManager: Shutting down and abandoning module DetailCustomizations (470)
[2020.04.14-22.45.18:326][903]LogModuleManager: Shutting down and abandoning module PackagesDialog (468)
[2020.04.14-22.45.18:326][903]LogModuleManager: Shutting down and abandoning module AnimationBlueprintEditor (466)
[2020.04.14-22.45.18:326][903]LogModuleManager: Shutting down and abandoning module Persona (464)
[2020.04.14-22.45.18:326][903]LogModuleManager: Shutting down and abandoning module AdvancedPreviewScene (463)
[2020.04.14-22.45.18:326][903]LogModuleManager: Shutting down and abandoning module AnimGraph (461)
[2020.04.14-22.45.18:326][903]LogModuleManager: Shutting down and abandoning module Kismet (458)
[2020.04.14-22.45.18:335][903]LogModuleManager: Shutting down and abandoning module GraphEditor (456)
[2020.04.14-22.45.18:335][903]LogModuleManager: Shutting down and abandoning module ClassViewer (454)
[2020.04.14-22.45.18:335][903]LogModuleManager: Shutting down and abandoning module Toolbox (452)
[2020.04.14-22.45.18:335][903]LogModuleManager: Shutting down and abandoning module DesktopPlatform (451)
[2020.04.14-22.45.18:335][903]LogModuleManager: Shutting down and abandoning module ModuleUI (448)
[2020.04.14-22.45.18:335][903]LogModuleManager: Shutting down and abandoning module MovieSceneTools (446)
[2020.04.14-22.45.18:335][903]LogModuleManager: Shutting down and abandoning module OutputLog (444)
[2020.04.14-22.45.18:335][903]LogModuleManager: Shutting down and abandoning module GammaUI (442)
[2020.04.14-22.45.18:335][903]LogModuleManager: Shutting down and abandoning module Documentation (440)
[2020.04.14-22.45.18:335][903]LogModuleManager: Shutting down and abandoning module LiveCoding (438)
[2020.04.14-22.45.18:335][903]LogModuleManager: Shutting down and abandoning module LevelSequence (436)
[2020.04.14-22.45.18:335][903]LogModuleManager: Shutting down and abandoning module MovieSceneTracks (434)
[2020.04.14-22.45.18:335][903]LogModuleManager: Shutting down and abandoning module MovieScene (432)
[2020.04.14-22.45.18:335][903]LogModuleManager: Shutting down and abandoning module StreamingPauseRendering (430)
[2020.04.14-22.45.18:335][903]LogModuleManager: Shutting down and abandoning module LauncherPlatform (428)
[2020.04.14-22.45.18:335][903]LogModuleManager: Shutting down and abandoning module AnalyticsET (426)
[2020.04.14-22.45.18:335][903]LogModuleManager: Shutting down and abandoning module PortalServices (424)
[2020.04.14-22.45.18:335][903]LogModuleManager: Shutting down and abandoning module PortalRpc (422)
[2020.04.14-22.45.18:335][903]LogModuleManager: Shutting down and abandoning module MessagingRpc (420)
[2020.04.14-22.45.18:335][903]LogModuleManager: Shutting down and abandoning module AIModule (418)
[2020.04.14-22.45.18:335][903]LogModuleManager: Shutting down and abandoning module GameplayDebugger (417)
[2020.04.14-22.45.18:335][903]LogModuleManager: Shutting down and abandoning module AITestSuite (415)
[2020.04.14-22.45.18:335][903]LogModuleManager: Shutting down and abandoning module NavigationSystem (413)
[2020.04.14-22.45.18:335][903]LogModuleManager: Shutting down and abandoning module ImageWriteQueue (410)
[2020.04.14-22.45.18:338][903]LogModuleManager: Shutting down and abandoning module ProfilerService (408)
[2020.04.14-22.45.18:388][903]LogModuleManager: Shutting down and abandoning module TaskGraph (406)
[2020.04.14-22.45.18:388][903]LogModuleManager: Shutting down and abandoning module SteamVRController (404)
[2020.04.14-22.45.18:388][903]LogModuleManager: Shutting down and abandoning module ProceduralMeshComponentEditor (402)
[2020.04.14-22.45.18:388][903]LogModuleManager: Shutting down and abandoning module ProceduralMeshComponent (400)
[2020.04.14-22.45.18:388][903]LogModuleManager: Shutting down and abandoning module OculusEditor (398)
[2020.04.14-22.45.18:388][903]LogModuleManager: Shutting down and abandoning module OculusInput (396)
[2020.04.14-22.45.18:388][903]LogModuleManager: Shutting down and abandoning module MobilePatchingUtils (394)
[2020.04.14-22.45.18:388][903]LogModuleManager: Shutting down and abandoning module EditableMesh (392)
[2020.04.14-22.45.18:388][903]LogModuleManager: Shutting down and abandoning module CustomMeshComponent (390)
[2020.04.14-22.45.18:388][903]LogModuleManager: Shutting down and abandoning module CableComponent (388)
[2020.04.14-22.45.18:389][903]LogModuleManager: Shutting down and abandoning module AudioCapture (386)
[2020.04.14-22.45.18:389][903]LogModuleManager: Shutting down and abandoning module ArchVisCharacter (384)
[2020.04.14-22.45.18:389][903]LogModuleManager: Shutting down and abandoning module AndroidPermission (382)
[2020.04.14-22.45.18:389][903]LogModuleManager: Shutting down and abandoning module NUTUnrealEngine4 (380)
[2020.04.14-22.45.18:389][903]LogModuleManager: Shutting down and abandoning module NetcodeUnitTest (378)
[2020.04.14-22.45.18:389][903]LogModuleManager: Shutting down and abandoning module MediaCompositing (376)
[2020.04.14-22.45.18:389][903]LogModuleManager: Shutting down and abandoning module LinearTimecode (374)
[2020.04.14-22.45.18:389][903]LogModuleManager: Shutting down and abandoning module ImgMedia (372)
[2020.04.14-22.45.18:389][903]LogModuleManager: Shutting down and abandoning module MagicLeapHelperVulkan (370)
[2020.04.14-22.45.18:389][903]LogModuleManager: Shutting down and abandoning module MagicLeapHelperOpenGL (368)
[2020.04.14-22.45.18:389][903]LogModuleManager: Shutting down and abandoning module MagicLeapAudio (366)
[2020.04.14-22.45.18:389][903]LogModuleManager: Shutting down and abandoning module HTML5Networking (364)
[2020.04.14-22.45.18:389][903]LogModuleManager: Shutting down and abandoning module GeometryCacheTracks (362)
[2020.04.14-22.45.18:389][903]LogModuleManager: Shutting down and abandoning module GeometryCacheSequencer (360)
[2020.04.14-22.45.18:389][903]LogModuleManager: Shutting down and abandoning module BackChannel (358)
[2020.04.14-22.45.18:389][903]LogModuleManager: Shutting down and abandoning module AppleVision (356)
[2020.04.14-22.45.18:389][903]LogModuleManager: Shutting down and abandoning module AppleImageUtilsBlueprintSupport (354)
[2020.04.14-22.45.18:389][903]LogModuleManager: Shutting down and abandoning module AppleImageUtils (352)
[2020.04.14-22.45.18:389][903]LogModuleManager: Shutting down and abandoning module AlembicImporter (350)
[2020.04.14-22.45.18:389][903]LogModuleManager: Shutting down and abandoning module AlembicLibrary (349)
[2020.04.14-22.45.18:389][903]LogModuleManager: Shutting down and abandoning module GeometryCache (348)
[2020.04.14-22.45.18:389][903]LogModuleManager: Shutting down and abandoning module GeometryCacheEd (347)
[2020.04.14-22.45.18:389][903]LogModuleManager: Shutting down and abandoning module VariantManagerContent (342)
[2020.04.14-22.45.18:389][903]LogModuleManager: Shutting down and abandoning module DatasmithContentEditor (340)
[2020.04.14-22.45.18:389][903]LogModuleManager: Shutting down and abandoning module SpeedTreeImporter (338)
[2020.04.14-22.45.18:389][903]LogModuleManager: Shutting down and abandoning module PluginBrowser (336)
[2020.04.14-22.45.18:389][903]LogModuleManager: Shutting down and abandoning module MobileLauncherProfileWizard (334)
[2020.04.14-22.45.18:389][903]LogModuleManager: Shutting down and abandoning module MaterialAnalyzer (332)
[2020.04.14-22.45.18:389][903]LogModuleManager: Shutting down and abandoning module CryptoKeysOpenSSL (330)
[2020.04.14-22.45.18:389][903]LogModuleManager: Shutting down and abandoning module CryptoKeys (328)
[2020.04.14-22.45.18:389][903]LogModuleManager: Shutting down and abandoning module VisualStudioSourceCodeAccess (326)
[2020.04.14-22.45.18:389][903]LogModuleManager: Shutting down and abandoning module VisualStudioCodeSourceCodeAccess (324)
[2020.04.14-22.45.18:389][903]LogModuleManager: Shutting down and abandoning module UObjectPlugin (322)
[2020.04.14-22.45.18:389][903]LogModuleManager: Shutting down and abandoning module SubversionSourceControl (320)
[2020.04.14-22.45.18:389][903]LogModuleManager: Shutting down and abandoning module PerforceSourceControl (318)
[2020.04.14-22.45.18:389][903]LogModuleManager: Shutting down and abandoning module GitSourceControl (316)
[2020.04.14-22.45.18:389][903]LogModuleManager: Shutting down and abandoning module SourceControl (315)
[2020.04.14-22.45.18:389][903]LogModuleManager: Shutting down and abandoning module CLionSourceCodeAccess (312)
[2020.04.14-22.45.18:389][903]LogModuleManager: Shutting down and abandoning module AnimationSharingEd (310)
[2020.04.14-22.45.18:389][903]LogModuleManager: Shutting down and abandoning module ActorLayerUtilitiesEditor (308)
[2020.04.14-22.45.18:389][903]LogModuleManager: Shutting down and abandoning module ActorLayerUtilities (306)
[2020.04.14-22.45.18:389][903]LogModuleManager: Shutting down and abandoning module LightPropagationVolumeEditor (304)
[2020.04.14-22.45.18:389][903]LogModuleManager: Shutting down and abandoning module PaperTiledImporter (302)
[2020.04.14-22.45.18:389][903]LogModuleManager: Shutting down and abandoning module PaperSpriteSheetImporter (300)
[2020.04.14-22.45.18:389][903]LogModuleManager: Shutting down and abandoning module Paper2DEditor (298)
[2020.04.14-22.45.18:389][903]LogModuleManager: Shutting down and abandoning module Last_Pharaoh (296)
[2020.04.14-22.45.18:389][903]LogModuleManager: Shutting down and abandoning module SignificanceManager (294)
[2020.04.14-22.45.18:389][903]LogModuleManager: Shutting down and abandoning module RuntimePhysXCooking (292)
[2020.04.14-22.45.18:389][903]LogModuleManager: Shutting down and abandoning module PhysXVehiclesEditor (290)
[2020.04.14-22.45.18:389][903]LogModuleManager: Shutting down and abandoning module PhysXVehicles (288)
[2020.04.14-22.45.18:389][903]LogModuleManager: Shutting down and abandoning module LocationServicesBPLibrary (286)
[2020.04.14-22.45.18:389][903]LogModuleManager: Shutting down and abandoning module ActorSequence (284)
[2020.04.14-22.45.18:390][903]LogModuleManager: Shutting down and abandoning module UdpMessaging (282)
[2020.04.14-22.45.18:491][903]LogModuleManager: Shutting down and abandoning module TcpMessaging (280)
[2020.04.14-22.45.18:592][903]LogModuleManager: Shutting down and abandoning module MagicLeapIdentity (278)
[2020.04.14-22.45.18:592][903]LogModuleManager: Shutting down and abandoning module MagicLeapSecureStorage (276)
[2020.04.14-22.45.18:592][903]LogModuleManager: Shutting down and abandoning module MagicLeapHandTracking (274)
[2020.04.14-22.45.18:592][903]LogModuleManager: Shutting down and abandoning module MagicLeapEyeTracker (272)
[2020.04.14-22.45.18:592][903]LogModuleManager: Shutting down and abandoning module MagicLeapController (270)
[2020.04.14-22.45.18:592][903]LogSlate: Slate User Destroyed.  User Index 0, Is Virtual User: 0
[2020.04.14-22.45.18:592][903]LogModuleManager: Shutting down and abandoning module MagicLeapAR (268)
[2020.04.14-22.45.18:592][903]LogModuleManager: Shutting down and abandoning module AugmentedReality (267)
[2020.04.14-22.45.18:592][903]LogModuleManager: Shutting down and abandoning module GameplayTagsEditor (264)
[2020.04.14-22.45.18:592][903]LogModuleManager: Shutting down and abandoning module FacialAnimationEditor (262)
[2020.04.14-22.45.18:592][903]LogModuleManager: Shutting down and abandoning module FacialAnimation (260)
[2020.04.14-22.45.18:592][903]LogModuleManager: Shutting down and abandoning module DataValidation (258)
[2020.04.14-22.45.18:592][903]LogModuleManager: Shutting down and abandoning module AssetManagerEditor (256)
[2020.04.14-22.45.18:592][903]LogModuleManager: Shutting down and abandoning module LevelEditor (255)
[2020.04.14-22.45.18:593][903]LogModuleManager: Shutting down and abandoning module PixelInspectorModule (254)
[2020.04.14-22.45.18:593][903]LogModuleManager: Shutting down and abandoning module CommonMenuExtensions (252)
[2020.04.14-22.45.18:593][903]LogModuleManager: Shutting down and abandoning module MainFrame (250)
[2020.04.14-22.45.18:593][903]LogModuleManager: Shutting down and abandoning module HotReload (249)
[2020.04.14-22.45.18:594][903]LogModuleManager: Shutting down and abandoning module ContentBrowser (245)
[2020.04.14-22.45.18:595][903]LogModuleManager: Shutting down and abandoning module TreeMap (243)
[2020.04.14-22.45.18:595][903]LogModuleManager: Shutting down and abandoning module AnimationSharing (240)
[2020.04.14-22.45.18:595][903]LogModuleManager: Shutting down and abandoning module LightPropagationVolumeRuntime (238)
[2020.04.14-22.45.18:595][903]LogModuleManager: Shutting down and abandoning module AISupportModule (236)
[2020.04.14-22.45.18:595][903]LogModuleManager: Shutting down and abandoning module Paper2D (234)
[2020.04.14-22.45.18:595][903]LogModuleManager: Shutting down and abandoning module WindowsMoviePlayer (232)
[2020.04.14-22.45.18:595][903]LogModuleManager: Shutting down and abandoning module WebMMoviePlayer (230)
[2020.04.14-22.45.18:595][903]LogModuleManager: Shutting down and abandoning module PacketHandler (228)
[2020.04.14-22.45.18:595][903]LogModuleManager: Shutting down and abandoning module ClothingSystemEditor (226)
[2020.04.14-22.45.18:595][903]LogModuleManager: Shutting down and abandoning module ClothingSystemRuntime (224)
[2020.04.14-22.45.18:595][903]LogModuleManager: Shutting down and abandoning module MediaAssets (222)
[2020.04.14-22.45.18:595][903]LogModuleManager: Shutting down and abandoning module Overlay (220)
[2020.04.14-22.45.18:595][903]LogModuleManager: Shutting down and abandoning module OverlayEditor (219)
[2020.04.14-22.45.18:595][903]LogModuleManager: Shutting down and abandoning module VREditor (216)
[2020.04.14-22.45.18:595][903]LogModuleManager: Shutting down and abandoning module StringTableEditor (214)
[2020.04.14-22.45.18:595][903]LogModuleManager: Shutting down and abandoning module GameplayTasksEditor (212)
[2020.04.14-22.45.18:595][903]LogModuleManager: Shutting down and abandoning module BehaviorTreeEditor (210)
[2020.04.14-22.45.18:595][903]LogModuleManager: Shutting down and abandoning module FunctionalTesting (208)
[2020.04.14-22.45.18:595][903]LogModuleManager: Shutting down and abandoning module CollisionAnalyzer (206)
[2020.04.14-22.45.18:595][903]LogModuleManager: Shutting down and abandoning module WorkspaceMenuStructure (205)
[2020.04.14-22.45.18:595][903]LogModuleManager: Shutting down and abandoning module UMG (202)
[2020.04.14-22.45.18:595][903]LogModuleManager: Shutting down and abandoning module UMGEditor (201)
[2020.04.14-22.45.18:595][903]LogModuleManager: Shutting down and abandoning module Sequencer (200)
[2020.04.14-22.45.18:595][903]LogModuleManager: Shutting down and abandoning module MessageLog (197)
[2020.04.14-22.45.18:595][903]LogModuleManager: Shutting down and abandoning module SlateReflector (192)
[2020.04.14-22.45.18:595][903]LogModuleManager: Shutting down and abandoning module Slate (190)
[2020.04.14-22.45.18:595][903]LogModuleManager: Shutting down and abandoning module EditorStyle (188)
[2020.04.14-22.45.18:596][903]LogModuleManager: Shutting down and abandoning module UnrealEd (186)
[2020.04.14-22.45.18:597][903]LogModuleManager: Shutting down and abandoning module MRMesh (184)
[2020.04.14-22.45.18:597][903]LogModuleManager: Shutting down and abandoning module SourceCodeAccess (182)
[2020.04.14-22.45.18:597][903]LogModuleManager: Shutting down and abandoning module HeadMountedDisplay (180)
[2020.04.14-22.45.18:597][903]LogModuleManager: Shutting down and abandoning module XAudio2 (178)
[2020.04.14-22.45.18:597][903]LogModuleManager: Shutting down and abandoning module Networking (176)
[2020.04.14-22.45.18:597][903]LogModuleManager: Shutting down and abandoning module Core (174)
[2020.04.14-22.45.18:597][903]LogModuleManager: Shutting down and abandoning module KismetCompiler (172)
[2020.04.14-22.45.18:597][903]LogModuleManager: Shutting down and abandoning module MeshUtilities (170)
[2020.04.14-22.45.18:597][903]LogModuleManager: Shutting down and abandoning module MeshMergeUtilities (169)
[2020.04.14-22.45.18:597][903]LogModuleManager: Shutting down and abandoning module MeshReductionInterface (168)
[2020.04.14-22.45.18:597][903]LogModuleManager: Shutting down and abandoning module SkeletalMeshReduction (167)
[2020.04.14-22.45.18:597][903]LogModuleManager: Shutting down and abandoning module ProxyLODMeshReduction (165)
[2020.04.14-22.45.18:597][903]LogModuleManager: Shutting down and abandoning module QuadricMeshReduction (163)
[2020.04.14-22.45.18:597][903]LogModuleManager: Shutting down and abandoning module MaterialBaking (159)
[2020.04.14-22.45.18:597][903]LogModuleManager: Shutting down and abandoning module DerivedDataCache (154)
[2020.04.14-22.45.19:074][903]LogDerivedDataCache: Shutdown
[2020.04.14-22.45.19:074][903]LogModuleManager: Shutting down and abandoning module XGEController (152)
[2020.04.14-22.45.19:075][903]LogModuleManager: Shutting down and abandoning module TargetPlatform (150)
[2020.04.14-22.45.19:075][903]LogModuleManager: Shutting down and abandoning module VulkanShaderFormat (149)
[2020.04.14-22.45.19:075][903]LogModuleManager: Shutting down and abandoning module ShaderFormatVectorVM (147)
[2020.04.14-22.45.19:075][903]LogModuleManager: Shutting down and abandoning module ShaderFormatOpenGL (145)
[2020.04.14-22.45.19:075][903]LogModuleManager: Shutting down and abandoning module ShaderFormatD3D (143)
[2020.04.14-22.45.19:075][903]LogModuleManager: Shutting down and abandoning module MetalShaderFormat (141)
[2020.04.14-22.45.19:075][903]LogModuleManager: Shutting down and abandoning module TextureFormatUncompressed (139)
[2020.04.14-22.45.19:075][903]LogModuleManager: Shutting down and abandoning module TextureFormatPVR (137)
[2020.04.14-22.45.19:075][903]LogModuleManager: Shutting down and abandoning module TextureFormatDXT (135)
[2020.04.14-22.45.19:075][903]LogModuleManager: Shutting down and abandoning module TextureFormatIntelISPCTexComp (133)
[2020.04.14-22.45.19:075][903]LogModuleManager: Shutting down and abandoning module TextureFormatASTC (131)
[2020.04.14-22.45.19:075][903]LogModuleManager: Shutting down and abandoning module ImageWrapper (130)
[2020.04.14-22.45.19:075][903]LogModuleManager: Shutting down and abandoning module TextureFormatAndroid (127)
[2020.04.14-22.45.19:075][903]LogModuleManager: Shutting down and abandoning module AudioFormatOpus (125)
[2020.04.14-22.45.19:075][903]LogModuleManager: Shutting down and abandoning module AudioFormatOgg (123)
[2020.04.14-22.45.19:075][903]LogModuleManager: Shutting down and abandoning module AudioFormatADPCM (121)
[2020.04.14-22.45.19:075][903]LogModuleManager: Shutting down and abandoning module LuminTargetPlatform (119)
[2020.04.14-22.45.19:077][903]LogModuleManager: Shutting down and abandoning module LinuxTargetPlatform (117)
[2020.04.14-22.45.19:077][903]LogModuleManager: Shutting down and abandoning module LinuxServerTargetPlatform (115)
[2020.04.14-22.45.19:077][903]LogModuleManager: Shutting down and abandoning module LinuxNoEditorTargetPlatform (113)
[2020.04.14-22.45.19:077][903]LogModuleManager: Shutting down and abandoning module LinuxClientTargetPlatform (111)
[2020.04.14-22.45.19:077][903]LogModuleManager: Shutting down and abandoning module TVOSTargetPlatform (109)
[2020.04.14-22.45.19:078][903]LogModuleManager: Shutting down and abandoning module Messaging (107)
[2020.04.14-22.45.19:078][903]LogModuleManager: Shutting down and abandoning module IOSTargetPlatform (105)
[2020.04.14-22.45.19:079][903]LogModuleManager: Shutting down and abandoning module HTML5TargetPlatform (103)
[2020.04.14-22.45.19:079][903]LogModuleManager: Shutting down and abandoning module AndroidTargetPlatform (101)
[2020.04.14-22.45.19:084][903]LogModuleManager: Shutting down and abandoning module WindowsTargetPlatform (99)
[2020.04.14-22.45.19:084][903]LogModuleManager: Shutting down and abandoning module WindowsServerTargetPlatform (97)
[2020.04.14-22.45.19:084][903]LogModuleManager: Shutting down and abandoning module WindowsNoEditorTargetPlatform (95)
[2020.04.14-22.45.19:084][903]LogModuleManager: Shutting down and abandoning module WindowsClientTargetPlatform (93)
[2020.04.14-22.45.19:084][903]LogModuleManager: Shutting down and abandoning module MacTargetPlatform (91)
[2020.04.14-22.45.19:084][903]LogModuleManager: Shutting down and abandoning module MacServerTargetPlatform (89)
[2020.04.14-22.45.19:084][903]LogModuleManager: Shutting down and abandoning module MacNoEditorTargetPlatform (87)
[2020.04.14-22.45.19:084][903]LogModuleManager: Shutting down and abandoning module MacClientTargetPlatform (85)
[2020.04.14-22.45.19:084][903]LogModuleManager: Shutting down and abandoning module AllDesktopTargetPlatform (83)
[2020.04.14-22.45.19:084][903]LogModuleManager: Shutting down and abandoning module InputCore (80)
[2020.04.14-22.45.19:084][903]LogModuleManager: Shutting down and abandoning module Settings (78)
[2020.04.14-22.45.19:084][903]LogModuleManager: Shutting down and abandoning module DirectoryWatcher (76)
[2020.04.14-22.45.19:084][903]LogModuleManager: Shutting down and abandoning module PhysXCooking (74)
[2020.04.14-22.45.19:084][903]LogModuleManager: Shutting down and abandoning module SteamVR (72)
[2020.04.14-22.45.19:084][903]LogHMD: Freeing OpenVRDLLHandle.
[2020.04.14-22.45.19:084][903]LogModuleManager: Shutting down and abandoning module OculusHMD (70)
[2020.04.14-22.45.19:084][903]LogModuleManager: Shutting down and abandoning module ExampleDeviceProfileSelector (68)
[2020.04.14-22.45.19:085][903]LogModuleManager: Shutting down and abandoning module LauncherChunkInstaller (66)
[2020.04.14-22.45.19:085][903]LogModuleManager: Shutting down and abandoning module OnlineBlueprintSupport (64)
[2020.04.14-22.45.19:085][903]LogModuleManager: Shutting down and abandoning module OnlineSubsystem (60)
[2020.04.14-22.45.19:086][903]LogModuleManager: Shutting down and abandoning module XMPP (55)
[2020.04.14-22.45.19:086][903]LogModuleManager: Shutting down and abandoning module WebSockets (54)
[2020.04.14-22.45.19:102][903]LogModuleManager: Shutting down and abandoning module HTTP (51)
[2020.04.14-22.45.19:102][903]LogHttp: Display: Http module shutting down, but needs to wait on 1 outstanding Http requests:
[2020.04.14-22.45.19:102][903]LogHttp: Display: 	verb=[POST] url=[https://datarouter.ol.epicgames.com/datarouter/api/v1/public/data?SessionID=%7B6C07B17C-4868-87E5-D01C-C79BE9E456EA%7D&AppID=UEEditor.Rocket.Release&AppVersion=4.22.3-7053642%2B%2B%2BUE4%2BRelease-4.22&UserID=bdd892574c8cafdc0a5898b2627f64c6%7Cfcf7277d808b43a5bafea4314456a889%7C22eb3e75-93f3-4147-9a4f-ee1afdc4f5b1&AppEnvironment=datacollector-binary&UploadType=eteventstream] status=Processing
[2020.04.14-22.45.19:121][903]LogModuleManager: Shutting down and abandoning module SSL (50)
[2020.04.14-22.45.19:122][903]LogModuleManager: Shutting down and abandoning module WmfMedia (46)
[2020.04.14-22.45.19:124][903]LogModuleManager: Shutting down and abandoning module Media (45)
[2020.04.14-22.45.19:130][903]LogModuleManager: Shutting down and abandoning module MagicLeap (42)
[2020.04.14-22.45.19:130][903]LogModuleManager: Shutting down and abandoning module DatasmithContent (40)
[2020.04.14-22.45.19:131][903]LogModuleManager: Shutting down and abandoning module AnimationModifiers (38)
[2020.04.14-22.45.19:131][903]LogModuleManager: Shutting down and abandoning module PropertyEditor (37)
[2020.04.14-22.45.19:131][903]LogModuleManager: Shutting down and abandoning module AudioEditor (34)
[2020.04.14-22.45.19:131][903]LogModuleManager: Shutting down and abandoning module TextureCompressor (32)
[2020.04.14-22.45.19:131][903]LogModuleManager: Shutting down and abandoning module RenderCore (30)
[2020.04.14-22.45.19:131][903]LogModuleManager: Shutting down and abandoning module Landscape (28)
[2020.04.14-22.45.19:131][903]LogModuleManager: Shutting down and abandoning module SlateRHIRenderer (26)
[2020.04.14-22.45.19:132][903]LogModuleManager: Shutting down and abandoning module OpenGLDrv (24)
[2020.04.14-22.45.19:132][903]LogModuleManager: Shutting down and abandoning module D3D11RHI (22)
[2020.04.14-22.45.19:132][903]LogModuleManager: Shutting down and abandoning module AnimGraphRuntime (20)
[2020.04.14-22.45.19:132][903]LogModuleManager: Shutting down and abandoning module Renderer (18)
[2020.04.14-22.45.19:132][903]LogModuleManager: Shutting down and abandoning module Engine (16)
[2020.04.14-22.45.19:132][903]LogModuleManager: Shutting down and abandoning module CoreUObject (14)
[2020.04.14-22.45.19:132][903]LogModuleManager: Shutting down and abandoning module NetworkFile (12)
[2020.04.14-22.45.19:132][903]LogModuleManager: Shutting down and abandoning module CookedIterativeFile (10)
[2020.04.14-22.45.19:132][903]LogModuleManager: Shutting down and abandoning module StreamingFile (8)
[2020.04.14-22.45.19:132][903]LogModuleManager: Shutting down and abandoning module SandboxFile (6)
[2020.04.14-22.45.19:132][903]LogModuleManager: Shutting down and abandoning module PakFile (4)
[2020.04.14-22.45.19:132][903]LogModuleManager: Shutting down and abandoning module RSA (3)
[2020.04.14-22.45.19:142][903]LogExit: Exiting.
[2020.04.14-22.45.19:178][903]Log file closed, 04/14/20 18:45:19
