Log file open, 04/15/20 05:29:57
LogWindows: Failed to load 'aqProf.dll' (GetLastError=126)
LogWindows: File 'aqProf.dll' does not exist
LogWindows: Failed to load 'VtuneApi.dll' (GetLastError=126)
LogWindows: File 'VtuneApi.dll' does not exist
LogWindows: Failed to load 'VtuneApi32e.dll' (GetLastError=126)
LogWindows: File 'VtuneApi32e.dll' does not exist
LogConsoleResponse: Display: Failed to find resolution value strings in scalability ini. Falling back to default.
LogInit: Display: Running engine for game: Last_Pharaoh
LogPakFile: Registered encryption key '00000000000000000000000000000000': 0 pak files mounted, 0 remain pending
LogPlatformFile: Not using cached read wrapper
LogTaskGraph: Started task graph with 5 named threads and 35 total threads with 3 sets of task threads.
LogStats: Stats thread started at 0.410634
LogD3D11RHI: Loaded GFSDK_Aftermath_Lib.x64.dll
LogICUInternationalization: ICU TimeZone Detection - Raw Offset: -5:00, Platform Override: ''
LogPluginManager: Mounting plugin Paper2D
LogPluginManager: Mounting plugin AISupport
LogPluginManager: Mounting plugin LightPropagationVolume
LogPluginManager: Mounting plugin ActorLayerUtilities
LogPluginManager: Mounting plugin AnimationSharing
LogPluginManager: Mounting plugin CLionSourceCodeAccess
LogPluginManager: Mounting plugin CodeLiteSourceCodeAccess
LogPluginManager: Mounting plugin GitSourceControl
LogPluginManager: Mounting plugin KDevelopSourceCodeAccess
LogPluginManager: Mounting plugin NullSourceCodeAccess
LogPluginManager: Mounting plugin PerforceSourceControl
LogPluginManager: Mounting plugin SubversionSourceControl
LogPluginManager: Mounting plugin UObjectPlugin
LogPluginManager: Mounting plugin VisualStudioCodeSourceCodeAccess
LogPluginManager: Mounting plugin VisualStudioSourceCodeAccess
LogPluginManager: Mounting plugin XCodeSourceCodeAccess
LogPluginManager: Mounting plugin AssetManagerEditor
LogPluginManager: Mounting plugin CryptoKeys
LogPluginManager: Mounting plugin DataValidation
LogPluginManager: Mounting plugin FacialAnimation
LogPluginManager: Mounting plugin GameplayTagsEditor
LogPluginManager: Mounting plugin MacGraphicsSwitching
LogPluginManager: Mounting plugin MaterialAnalyzer
LogPluginManager: Mounting plugin MobileLauncherProfileWizard
LogPluginManager: Mounting plugin PluginBrowser
LogPluginManager: Mounting plugin SpeedTreeImporter
LogPluginManager: Mounting plugin DatasmithContent
LogPluginManager: Mounting plugin VariantManagerContent
LogPluginManager: Mounting plugin AlembicImporter
LogPluginManager: Mounting plugin AppleImageUtils
LogPluginManager: Mounting plugin AppleVision
LogPluginManager: Mounting plugin BackChannel
LogPluginManager: Mounting plugin CharacterAI
LogPluginManager: Mounting plugin GeometryCache
LogPluginManager: Mounting plugin HTML5Networking
LogPluginManager: Mounting plugin ProxyLODPlugin
LogPluginManager: Mounting plugin SkeletalReduction
LogPluginManager: Mounting plugin MagicLeap
LogPluginManager: Mounting plugin MagicLeapMedia
LogPluginManager: Mounting plugin AndroidMedia
LogPluginManager: Mounting plugin AvfMedia
LogPluginManager: Mounting plugin ImgMedia
LogPluginManager: Mounting plugin LinearTimecode
LogPluginManager: Mounting plugin MediaCompositing
LogPluginManager: Mounting plugin MediaPlayerEditor
LogPluginManager: Mounting plugin WebMMedia
LogPluginManager: Mounting plugin WmfMedia
LogPluginManager: Mounting plugin TcpMessaging
LogPluginManager: Mounting plugin UdpMessaging
LogPluginManager: Mounting plugin ActorSequence
LogPluginManager: Mounting plugin LevelSequenceEditor
LogPluginManager: Mounting plugin MatineeToLevelSequence
LogPluginManager: Mounting plugin NetcodeUnitTest
LogPluginManager: Mounting plugin NUTUnrealEngine4
LogPluginManager: Mounting plugin OnlineSubsystemGooglePlay
LogPluginManager: Mounting plugin OnlineSubsystemIOS
LogPluginManager: Mounting plugin OnlineSubsystem
LogPluginManager: Mounting plugin OnlineSubsystemNull
LogPluginManager: Mounting plugin OnlineSubsystemUtils
LogPluginManager: Mounting plugin LauncherChunkInstaller
LogPluginManager: Mounting plugin AndroidDeviceProfileSelector
LogPluginManager: Mounting plugin AndroidMoviePlayer
LogPluginManager: Mounting plugin AndroidPermission
LogPluginManager: Mounting plugin AppleMoviePlayer
LogPluginManager: Mounting plugin ArchVisCharacter
LogPluginManager: Mounting plugin AudioCapture
LogPluginManager: Mounting plugin CableComponent
LogPluginManager: Mounting plugin CustomMeshComponent
LogPluginManager: Mounting plugin EditableMesh
LogPluginManager: Mounting plugin ExampleDeviceProfileSelector
LogPluginManager: Mounting plugin Firebase
LogPluginManager: Mounting plugin GoogleCloudMessaging
LogPluginManager: Mounting plugin IOSDeviceProfileSelector
LogPluginManager: Mounting plugin LinuxDeviceProfileSelector
LogPluginManager: Mounting plugin LocationServicesBPLibrary
LogPluginManager: Mounting plugin MobilePatchingUtils
LogPluginManager: Mounting plugin OculusVR
LogPluginManager: Mounting plugin PhysXVehicles
LogPluginManager: Mounting plugin ProceduralMeshComponent
LogPluginManager: Mounting plugin RuntimePhysXCooking
LogPluginManager: Mounting plugin SignificanceManager
LogPluginManager: Mounting plugin SteamVR
LogPluginManager: Mounting plugin WebMMoviePlayer
LogPluginManager: Mounting plugin WindowsMoviePlayer
LogInit: Using libcurl 7.55.1-DEV
LogInit:  - built for x86_64-pc-win32
LogInit:  - supports SSL with OpenSSL/1.1.1
LogInit:  - supports HTTP deflate (compression) using libz 1.2.8
LogInit:  - other features:
LogInit:      CURL_VERSION_SSL
LogInit:      CURL_VERSION_LIBZ
LogInit:      CURL_VERSION_IPV6
LogInit:      CURL_VERSION_ASYNCHDNS
LogInit:      CURL_VERSION_LARGEFILE
LogInit:      CURL_VERSION_IDN
LogInit:  CurlRequestOptions (configurable via config and command line):
LogInit:  - bVerifyPeer = true  - Libcurl will verify peer certificate
LogInit:  - bUseHttpProxy = false  - Libcurl will NOT use HTTP proxy
LogInit:  - bDontReuseConnections = false  - Libcurl will reuse connections
LogInit:  - MaxHostConnections = 16  - Libcurl will limit the number of connections to a host
LogInit:  - LocalHostAddr = Default
LogInit:  - BufferSize = 65536
LogInit: WinSock: version 1.1 (2.2), MaxSocks=32767, MaxUdp=65467
LogHMD: Failed initializing OVRPlugin 1.32.0
LogInit: Build: ++UE4+Release-4.22-CL-7053642
LogInit: Engine Version: 4.22.3-7053642+++UE4+Release-4.22
LogInit: Compatible Engine Version: 4.22.0-5660361+++UE4+Release-4.22
LogInit: Net CL: 5660361
LogInit: OS: Windows 10 (Release 1909) (), CPU: AMD Ryzen 5 2600X Six-Core Processor           , GPU: Radeon RX 570 Series
LogInit: Compiled (64-bit): Jun 18 2019 03:09:11
LogInit: Compiled with Visual C++: 19.16.27025.01
LogInit: Build Configuration: Development
LogInit: Branch Name: ++UE4+Release-4.22
LogInit: Command Line: 
LogInit: Base Directory: D:/Unreal/UE_4.22/Engine/Binaries/Win64/
LogInit: Installed Engine Build: 1
LogDevObjectVersion: Number of dev versions registered: 23
LogDevObjectVersion:   Dev-Blueprints (B0D832E4-1F89-4F0D-ACCF-7EB736FD4AA2): 10
LogDevObjectVersion:   Dev-Build (E1C64328-A22C-4D53-A36C-8E866417BD8C): 0
LogDevObjectVersion:   Dev-Core (375EC13C-06E4-48FB-B500-84F0262A717E): 3
LogDevObjectVersion:   Dev-Editor (E4B068ED-F494-42E9-A231-DA0B2E46BB41): 30
LogDevObjectVersion:   Dev-Framework (CFFC743F-43B0-4480-9391-14DF171D2073): 35
LogDevObjectVersion:   Dev-Mobile (B02B49B5-BB20-44E9-A304-32B752E40360): 2
LogDevObjectVersion:   Dev-Networking (A4E4105C-59A1-49B5-A7C5-40C4547EDFEE): 0
LogDevObjectVersion:   Dev-Online (39C831C9-5AE6-47DC-9A44-9C173E1C8E7C): 0
LogDevObjectVersion:   Dev-Physics (78F01B33-EBEA-4F98-B9B4-84EACCB95AA2): 0
LogDevObjectVersion:   Dev-Platform (6631380F-2D4D-43E0-8009-CF276956A95A): 0
LogDevObjectVersion:   Dev-Rendering (12F88B9F-8875-4AFC-A67C-D90C383ABD29): 28
LogDevObjectVersion:   Dev-Sequencer (7B5AE74C-D270-4C10-A958-57980B212A5A): 11
LogDevObjectVersion:   Dev-VR (D7296918-1DD6-4BDD-9DE2-64A83CC13884): 2
LogDevObjectVersion:   Dev-LoadTimes (C2A15278-BFE7-4AFE-6C17-90FF531DF755): 1
LogDevObjectVersion:   Private-Geometry (6EACA3D4-40EC-4CC1-B786-8BED09428FC5): 3
LogDevObjectVersion:   Dev-AnimPhys (29E575DD-E0A3-4627-9D10-D276232CDCEA): 17
LogDevObjectVersion:   Dev-Anim (AF43A65D-7FD3-4947-9873-3E8ED9C1BB05): 2
LogDevObjectVersion:   Dev-ReflectionCapture (6B266CEC-1EC7-4B8F-A30B-E4D90942FC07): 1
LogDevObjectVersion:   Dev-Automation (0DF73D61-A23F-47EA-B727-89E90C41499A): 1
LogDevObjectVersion:   FortniteMain (601D1886-AC64-4F84-AA16-D3DE0DEAC7D6): 25
LogDevObjectVersion:   Dev-Enterprise (9DFFBCD6-494F-0158-E221-12823C92A888): 6
LogDevObjectVersion:   Dev-Niagara (F2AED0AC-9AFE-416F-8664-AA7FFA26D6FC): 1
LogDevObjectVersion:   Dev-Destruction (174F1F0B-B4C6-45A5-B13F-2EE8D0FB917D): 2
LogInit: Presizing for max 16777216 objects, including 0 objects not considered by GC, pre-allocating 0 bytes for permanent pool.
LogInit: Object subsystem initialized
LogConfig: Setting CVar [[con.DebugEarlyDefault:1]]
LogConfig: Setting CVar [[r.setres:1280x720]]
[2020.04.15-09.29.58:700][  0]LogConfig: Setting CVar [[r.VSync:0]]
[2020.04.15-09.29.58:700][  0]LogConfig: Setting CVar [[r.RHICmdBypass:0]]
[2020.04.15-09.29.58:700][  0]LogConfig: Applying CVar settings from Section [/Script/Engine.RendererSettings] File [D:/Unreal Projects/egyptVR/Last_Pharaoh/Saved/Config/Windows/Engine.ini]
[2020.04.15-09.29.58:700][  0]LogConfig: Setting CVar [[r.GPUCrashDebugging:0]]
[2020.04.15-09.29.58:700][  0]LogConfig: Setting CVar [[r.DefaultFeature.AutoExposure.ExtendDefaultLuminanceRange:1]]
[2020.04.15-09.29.58:701][  0]LogConfig: Applying CVar settings from Section [/Script/Engine.RendererOverrideSettings] File [D:/Unreal Projects/egyptVR/Last_Pharaoh/Saved/Config/Windows/Engine.ini]
[2020.04.15-09.29.58:701][  0]LogConfig: Applying CVar settings from Section [/Script/Engine.StreamingSettings] File [D:/Unreal Projects/egyptVR/Last_Pharaoh/Saved/Config/Windows/Engine.ini]
[2020.04.15-09.29.58:701][  0]LogConfig: Setting CVar [[s.MinBulkDataSizeForAsyncLoading:131072]]
[2020.04.15-09.29.58:701][  0]LogConfig: Setting CVar [[s.AsyncLoadingThreadEnabled:0]]
[2020.04.15-09.29.58:701][  0]LogConfig: Setting CVar [[s.EventDrivenLoaderEnabled:1]]
[2020.04.15-09.29.58:701][  0]LogConfig: Setting CVar [[s.WarnIfTimeLimitExceeded:0]]
[2020.04.15-09.29.58:701][  0]LogConfig: Setting CVar [[s.TimeLimitExceededMultiplier:1.5]]
[2020.04.15-09.29.58:701][  0]LogConfig: Setting CVar [[s.TimeLimitExceededMinTime:0.005]]
[2020.04.15-09.29.58:701][  0]LogConfig: Setting CVar [[s.UseBackgroundLevelStreaming:1]]
[2020.04.15-09.29.58:701][  0]LogConfig: Setting CVar [[s.PriorityAsyncLoadingExtraTime:15.0]]
[2020.04.15-09.29.58:701][  0]LogConfig: Setting CVar [[s.LevelStreamingActorsUpdateTimeLimit:5.0]]
[2020.04.15-09.29.58:701][  0]LogConfig: Setting CVar [[s.PriorityLevelStreamingActorsUpdateExtraTime:5.0]]
[2020.04.15-09.29.58:701][  0]LogConfig: Setting CVar [[s.LevelStreamingComponentsRegistrationGranularity:10]]
[2020.04.15-09.29.58:701][  0]LogConfig: Setting CVar [[s.UnregisterComponentsTimeLimit:1.0]]
[2020.04.15-09.29.58:701][  0]LogConfig: Setting CVar [[s.LevelStreamingComponentsUnregistrationGranularity:5]]
[2020.04.15-09.29.58:701][  0]LogConfig: Applying CVar settings from Section [/Script/Engine.GarbageCollectionSettings] File [D:/Unreal Projects/egyptVR/Last_Pharaoh/Saved/Config/Windows/Engine.ini]
[2020.04.15-09.29.58:701][  0]LogConfig: Setting CVar [[gc.MaxObjectsNotConsideredByGC:1]]
[2020.04.15-09.29.58:701][  0]LogConfig: Setting CVar [[gc.SizeOfPermanentObjectPool:0]]
[2020.04.15-09.29.58:701][  0]LogConfig: Setting CVar [[gc.FlushStreamingOnGC:0]]
[2020.04.15-09.29.58:701][  0]LogConfig: Setting CVar [[gc.NumRetriesBeforeForcingGC:10]]
[2020.04.15-09.29.58:701][  0]LogConfig: Setting CVar [[gc.AllowParallelGC:1]]
[2020.04.15-09.29.58:701][  0]LogConfig: Setting CVar [[gc.TimeBetweenPurgingPendingKillObjects:61.1]]
[2020.04.15-09.29.58:701][  0]LogConfig: Setting CVar [[gc.MaxObjectsInEditor:16777216]]
[2020.04.15-09.29.58:701][  0]LogConfig: Setting CVar [[gc.IncrementalBeginDestroyEnabled:1]]
[2020.04.15-09.29.58:701][  0]LogConfig: Setting CVar [[gc.CreateGCClusters:1]]
[2020.04.15-09.29.58:701][  0]LogConfig: Setting CVar [[gc.MinGCClusterSize:5]]
[2020.04.15-09.29.58:701][  0]LogConfig: Setting CVar [[gc.ActorClusteringEnabled:0]]
[2020.04.15-09.29.58:701][  0]LogConfig: Setting CVar [[gc.BlueprintClusteringEnabled:0]]
[2020.04.15-09.29.58:701][  0]LogConfig: Setting CVar [[gc.UseDisregardForGCOnDedicatedServers:0]]
[2020.04.15-09.29.58:701][  0]LogConfig: Applying CVar settings from Section [/Script/Engine.NetworkSettings] File [D:/Unreal Projects/egyptVR/Last_Pharaoh/Saved/Config/Windows/Engine.ini]
[2020.04.15-09.29.58:701][  0]LogConfig: Applying CVar settings from Section [/Script/UnrealEd.CookerSettings] File [D:/Unreal Projects/egyptVR/Last_Pharaoh/Saved/Config/Windows/Engine.ini]
[2020.04.15-09.29.58:709][  0]LogConfig: Applying CVar settings from Section [ViewDistanceQuality@3] File [D:/Unreal Projects/egyptVR/Last_Pharaoh/Saved/Config/Windows/Scalability.ini]
[2020.04.15-09.29.58:709][  0]LogConfig: Setting CVar [[r.SkeletalMeshLODBias:0]]
[2020.04.15-09.29.58:709][  0]LogConfig: Setting CVar [[r.ViewDistanceScale:1.0]]
[2020.04.15-09.29.58:709][  0]LogConfig: Applying CVar settings from Section [AntiAliasingQuality@3] File [D:/Unreal Projects/egyptVR/Last_Pharaoh/Saved/Config/Windows/Scalability.ini]
[2020.04.15-09.29.58:709][  0]LogConfig: Setting CVar [[r.PostProcessAAQuality:4]]
[2020.04.15-09.29.58:709][  0]LogConfig: Applying CVar settings from Section [ShadowQuality@3] File [D:/Unreal Projects/egyptVR/Last_Pharaoh/Saved/Config/Windows/Scalability.ini]
[2020.04.15-09.29.58:709][  0]LogConfig: Setting CVar [[r.LightFunctionQuality:1]]
[2020.04.15-09.29.58:709][  0]LogConfig: Setting CVar [[r.ShadowQuality:5]]
[2020.04.15-09.29.58:709][  0]LogConfig: Setting CVar [[r.Shadow.CSM.MaxCascades:10]]
[2020.04.15-09.29.58:709][  0]LogConfig: Setting CVar [[r.Shadow.MaxResolution:2048]]
[2020.04.15-09.29.58:709][  0]LogConfig: Setting CVar [[r.Shadow.MaxCSMResolution:2048]]
[2020.04.15-09.29.58:709][  0]LogConfig: Setting CVar [[r.Shadow.RadiusThreshold:0.01]]
[2020.04.15-09.29.58:709][  0]LogConfig: Setting CVar [[r.Shadow.DistanceScale:1.0]]
[2020.04.15-09.29.58:709][  0]LogConfig: Setting CVar [[r.Shadow.CSM.TransitionScale:1.0]]
[2020.04.15-09.29.58:709][  0]LogConfig: Setting CVar [[r.Shadow.PreShadowResolutionFactor:1.0]]
[2020.04.15-09.29.58:709][  0]LogConfig: Setting CVar [[r.DistanceFieldShadowing:1]]
[2020.04.15-09.29.58:709][  0]LogConfig: Setting CVar [[r.DistanceFieldAO:1]]
[2020.04.15-09.29.58:709][  0]LogConfig: Setting CVar [[r.AOQuality:2]]
[2020.04.15-09.29.58:709][  0]LogConfig: Setting CVar [[r.VolumetricFog:1]]
[2020.04.15-09.29.58:709][  0]LogConfig: Setting CVar [[r.VolumetricFog.GridPixelSize:8]]
[2020.04.15-09.29.58:709][  0]LogConfig: Setting CVar [[r.VolumetricFog.GridSizeZ:128]]
[2020.04.15-09.29.58:709][  0]LogConfig: Setting CVar [[r.VolumetricFog.HistoryMissSupersampleCount:4]]
[2020.04.15-09.29.58:709][  0]LogConfig: Setting CVar [[r.LightMaxDrawDistanceScale:1]]
[2020.04.15-09.29.58:709][  0]LogConfig: Setting CVar [[r.CapsuleShadows:1]]
[2020.04.15-09.29.58:709][  0]LogConfig: Applying CVar settings from Section [PostProcessQuality@3] File [D:/Unreal Projects/egyptVR/Last_Pharaoh/Saved/Config/Windows/Scalability.ini]
[2020.04.15-09.29.58:709][  0]LogConfig: Setting CVar [[r.MotionBlurQuality:4]]
[2020.04.15-09.29.58:709][  0]LogConfig: Setting CVar [[r.AmbientOcclusionMipLevelFactor:0.4]]
[2020.04.15-09.29.58:709][  0]LogConfig: Setting CVar [[r.AmbientOcclusionMaxQuality:100]]
[2020.04.15-09.29.58:709][  0]LogConfig: Setting CVar [[r.AmbientOcclusionLevels:-1]]
[2020.04.15-09.29.58:709][  0]LogConfig: Setting CVar [[r.AmbientOcclusionRadiusScale:1.0]]
[2020.04.15-09.29.58:709][  0]LogConfig: Setting CVar [[r.DepthOfFieldQuality:2]]
[2020.04.15-09.29.58:709][  0]LogConfig: Setting CVar [[r.RenderTargetPoolMin:400]]
[2020.04.15-09.29.58:709][  0]LogConfig: Setting CVar [[r.LensFlareQuality:2]]
[2020.04.15-09.29.58:709][  0]LogConfig: Setting CVar [[r.SceneColorFringeQuality:1]]
[2020.04.15-09.29.58:709][  0]LogConfig: Setting CVar [[r.EyeAdaptationQuality:2]]
[2020.04.15-09.29.58:709][  0]LogConfig: Setting CVar [[r.BloomQuality:5]]
[2020.04.15-09.29.58:709][  0]LogConfig: Setting CVar [[r.FastBlurThreshold:100]]
[2020.04.15-09.29.58:709][  0]LogConfig: Setting CVar [[r.Upscale.Quality:3]]
[2020.04.15-09.29.58:709][  0]LogConfig: Setting CVar [[r.Tonemapper.GrainQuantization:1]]
[2020.04.15-09.29.58:709][  0]LogConfig: Setting CVar [[r.LightShaftQuality:1]]
[2020.04.15-09.29.58:709][  0]LogConfig: Setting CVar [[r.Filter.SizeScale:1]]
[2020.04.15-09.29.58:709][  0]LogConfig: Setting CVar [[r.Tonemapper.Quality:5]]
[2020.04.15-09.29.58:709][  0]LogConfig: Setting CVar [[r.DOF.Gather.AccumulatorQuality:1        ; higher gathering accumulator quality]]
[2020.04.15-09.29.58:709][  0]LogConfig: Setting CVar [[r.DOF.Gather.PostfilterMethod:1          ; Median3x3 postfilering method]]
[2020.04.15-09.29.58:709][  0]LogConfig: Setting CVar [[r.DOF.Gather.EnableBokehSettings:0       ; no bokeh simulation when gathering]]
[2020.04.15-09.29.58:709][  0]LogConfig: Setting CVar [[r.DOF.Gather.RingCount:4                 ; medium number of samples when gathering]]
[2020.04.15-09.29.58:709][  0]LogConfig: Setting CVar [[r.DOF.Scatter.ForegroundCompositing:1    ; additive foreground scattering]]
[2020.04.15-09.29.58:709][  0]LogConfig: Setting CVar [[r.DOF.Scatter.BackgroundCompositing:2    ; additive background scattering]]
[2020.04.15-09.29.58:709][  0]LogConfig: Setting CVar [[r.DOF.Scatter.EnableBokehSettings:1      ; bokeh simulation when scattering]]
[2020.04.15-09.29.58:709][  0]LogConfig: Setting CVar [[r.DOF.Scatter.MaxSpriteRatio:0.1         ; only a maximum of 10% of scattered bokeh]]
[2020.04.15-09.29.58:709][  0]LogConfig: Setting CVar [[r.DOF.Recombine.Quality:1                ; cheap slight out of focus]]
[2020.04.15-09.29.58:709][  0]LogConfig: Setting CVar [[r.DOF.Recombine.EnableBokehSettings:0    ; no bokeh simulation on slight out of focus]]
[2020.04.15-09.29.58:709][  0]LogConfig: Setting CVar [[r.DOF.TemporalAAQuality:1                ; more stable temporal accumulation]]
[2020.04.15-09.29.58:709][  0]LogConfig: Setting CVar [[r.DOF.Kernel.MaxForegroundRadius:0.025]]
[2020.04.15-09.29.58:709][  0]LogConfig: Setting CVar [[r.DOF.Kernel.MaxBackgroundRadius:0.025]]
[2020.04.15-09.29.58:709][  0]LogConfig: Applying CVar settings from Section [TextureQuality@3] File [D:/Unreal Projects/egyptVR/Last_Pharaoh/Saved/Config/Windows/Scalability.ini]
[2020.04.15-09.29.58:709][  0]LogConfig: Setting CVar [[r.Streaming.MipBias:0]]
[2020.04.15-09.29.58:709][  0]LogConfig: Setting CVar [[r.Streaming.AmortizeCPUToGPUCopy:0]]
[2020.04.15-09.29.58:709][  0]LogConfig: Setting CVar [[r.Streaming.MaxNumTexturesToStreamPerFrame:0]]
[2020.04.15-09.29.58:709][  0]LogConfig: Setting CVar [[r.Streaming.Boost:1]]
[2020.04.15-09.29.58:709][  0]LogConfig: Setting CVar [[r.MaxAnisotropy:8]]
[2020.04.15-09.29.58:709][  0]LogConfig: Setting CVar [[r.Streaming.LimitPoolSizeToVRAM:0]]
[2020.04.15-09.29.58:709][  0]LogConfig: Setting CVar [[r.Streaming.PoolSize:1000]]
[2020.04.15-09.29.58:709][  0]LogConfig: Setting CVar [[r.Streaming.MaxEffectiveScreenSize:0]]
[2020.04.15-09.29.58:709][  0]LogConfig: Applying CVar settings from Section [EffectsQuality@3] File [D:/Unreal Projects/egyptVR/Last_Pharaoh/Saved/Config/Windows/Scalability.ini]
[2020.04.15-09.29.58:709][  0]LogConfig: Setting CVar [[r.TranslucencyLightingVolumeDim:64]]
[2020.04.15-09.29.58:709][  0]LogConfig: Setting CVar [[r.RefractionQuality:2]]
[2020.04.15-09.29.58:710][  0]LogConfig: Setting CVar [[r.SSR.Quality:3]]
[2020.04.15-09.29.58:710][  0]LogConfig: Setting CVar [[r.SceneColorFormat:4]]
[2020.04.15-09.29.58:710][  0]LogConfig: Setting CVar [[r.DetailMode:2]]
[2020.04.15-09.29.58:710][  0]LogConfig: Setting CVar [[r.TranslucencyVolumeBlur:1]]
[2020.04.15-09.29.58:710][  0]LogConfig: Setting CVar [[r.MaterialQualityLevel:1 ; High quality]]
[2020.04.15-09.29.58:710][  0]LogConfig: Setting CVar [[r.SSS.Scale:1]]
[2020.04.15-09.29.58:710][  0]LogConfig: Setting CVar [[r.SSS.SampleSet:2]]
[2020.04.15-09.29.58:710][  0]LogConfig: Setting CVar [[r.SSS.Quality:1]]
[2020.04.15-09.29.58:710][  0]LogConfig: Setting CVar [[r.SSS.HalfRes:1]]
[2020.04.15-09.29.58:710][  0]LogConfig: Setting CVar [[r.EmitterSpawnRateScale:1.0]]
[2020.04.15-09.29.58:710][  0]LogConfig: Setting CVar [[r.ParticleLightQuality:2]]
[2020.04.15-09.29.58:710][  0]LogConfig: Applying CVar settings from Section [FoliageQuality@3] File [D:/Unreal Projects/egyptVR/Last_Pharaoh/Saved/Config/Windows/Scalability.ini]
[2020.04.15-09.29.58:710][  0]LogConfig: Setting CVar [[foliage.DensityScale:1.0]]
[2020.04.15-09.29.58:710][  0]LogConfig: Setting CVar [[grass.DensityScale:1.0]]
[2020.04.15-09.29.58:710][  0]LogInit: Selected Device Profile: [Windows]
[2020.04.15-09.29.58:710][  0]LogInit: Applying CVar settings loaded from the selected device profile: [Windows]
[2020.04.15-09.29.58:720][  0]LogHAL: Display: Platform has ~ 16 GB [17080889344 / 17179869184 / 16], which maps to Larger [LargestMinGB=32, LargerMinGB=12, DefaultMinGB=8, SmallerMinGB=6, SmallestMinGB=0)
[2020.04.15-09.29.58:720][  0]LogConfig: Setting CVar [[r.Vulkan.UseRealUBs:0		; Required until we fix HLR fall-out]]
[2020.04.15-09.29.58:720][  0]LogInit: Going up to parent DeviceProfile []
[2020.04.15-09.29.58:720][  0]LogConfig: Applying CVar settings from Section [ViewDistanceQuality@3] File [D:/Unreal Projects/egyptVR/Last_Pharaoh/Saved/Config/Windows/Scalability.ini]
[2020.04.15-09.29.58:720][  0]LogConfig: Setting CVar [[r.SkeletalMeshLODBias:0]]
[2020.04.15-09.29.58:720][  0]LogConfig: Setting CVar [[r.ViewDistanceScale:1.0]]
[2020.04.15-09.29.58:720][  0]LogConfig: Applying CVar settings from Section [AntiAliasingQuality@3] File [D:/Unreal Projects/egyptVR/Last_Pharaoh/Saved/Config/Windows/Scalability.ini]
[2020.04.15-09.29.58:720][  0]LogConfig: Setting CVar [[r.PostProcessAAQuality:4]]
[2020.04.15-09.29.58:720][  0]LogConfig: Applying CVar settings from Section [ShadowQuality@3] File [D:/Unreal Projects/egyptVR/Last_Pharaoh/Saved/Config/Windows/Scalability.ini]
[2020.04.15-09.29.58:720][  0]LogConfig: Setting CVar [[r.LightFunctionQuality:1]]
[2020.04.15-09.29.58:720][  0]LogConfig: Setting CVar [[r.ShadowQuality:5]]
[2020.04.15-09.29.58:720][  0]LogConfig: Setting CVar [[r.Shadow.CSM.MaxCascades:10]]
[2020.04.15-09.29.58:720][  0]LogConfig: Setting CVar [[r.Shadow.MaxResolution:2048]]
[2020.04.15-09.29.58:720][  0]LogConfig: Setting CVar [[r.Shadow.MaxCSMResolution:2048]]
[2020.04.15-09.29.58:720][  0]LogConfig: Setting CVar [[r.Shadow.RadiusThreshold:0.01]]
[2020.04.15-09.29.58:720][  0]LogConfig: Setting CVar [[r.Shadow.DistanceScale:1.0]]
[2020.04.15-09.29.58:720][  0]LogConfig: Setting CVar [[r.Shadow.CSM.TransitionScale:1.0]]
[2020.04.15-09.29.58:720][  0]LogConfig: Setting CVar [[r.Shadow.PreShadowResolutionFactor:1.0]]
[2020.04.15-09.29.58:720][  0]LogConfig: Setting CVar [[r.DistanceFieldShadowing:1]]
[2020.04.15-09.29.58:720][  0]LogConfig: Setting CVar [[r.DistanceFieldAO:1]]
[2020.04.15-09.29.58:720][  0]LogConfig: Setting CVar [[r.AOQuality:2]]
[2020.04.15-09.29.58:720][  0]LogConfig: Setting CVar [[r.VolumetricFog:1]]
[2020.04.15-09.29.58:720][  0]LogConfig: Setting CVar [[r.VolumetricFog.GridPixelSize:8]]
[2020.04.15-09.29.58:720][  0]LogConfig: Setting CVar [[r.VolumetricFog.GridSizeZ:128]]
[2020.04.15-09.29.58:720][  0]LogConfig: Setting CVar [[r.VolumetricFog.HistoryMissSupersampleCount:4]]
[2020.04.15-09.29.58:720][  0]LogConfig: Setting CVar [[r.LightMaxDrawDistanceScale:1]]
[2020.04.15-09.29.58:720][  0]LogConfig: Setting CVar [[r.CapsuleShadows:1]]
[2020.04.15-09.29.58:720][  0]LogConfig: Applying CVar settings from Section [PostProcessQuality@3] File [D:/Unreal Projects/egyptVR/Last_Pharaoh/Saved/Config/Windows/Scalability.ini]
[2020.04.15-09.29.58:720][  0]LogConfig: Setting CVar [[r.MotionBlurQuality:4]]
[2020.04.15-09.29.58:720][  0]LogConfig: Setting CVar [[r.AmbientOcclusionMipLevelFactor:0.4]]
[2020.04.15-09.29.58:720][  0]LogConfig: Setting CVar [[r.AmbientOcclusionMaxQuality:100]]
[2020.04.15-09.29.58:720][  0]LogConfig: Setting CVar [[r.AmbientOcclusionLevels:-1]]
[2020.04.15-09.29.58:720][  0]LogConfig: Setting CVar [[r.AmbientOcclusionRadiusScale:1.0]]
[2020.04.15-09.29.58:720][  0]LogConfig: Setting CVar [[r.DepthOfFieldQuality:2]]
[2020.04.15-09.29.58:720][  0]LogConfig: Setting CVar [[r.RenderTargetPoolMin:400]]
[2020.04.15-09.29.58:720][  0]LogConfig: Setting CVar [[r.LensFlareQuality:2]]
[2020.04.15-09.29.58:720][  0]LogConfig: Setting CVar [[r.SceneColorFringeQuality:1]]
[2020.04.15-09.29.58:720][  0]LogConfig: Setting CVar [[r.EyeAdaptationQuality:2]]
[2020.04.15-09.29.58:720][  0]LogConfig: Setting CVar [[r.BloomQuality:5]]
[2020.04.15-09.29.58:720][  0]LogConfig: Setting CVar [[r.FastBlurThreshold:100]]
[2020.04.15-09.29.58:720][  0]LogConfig: Setting CVar [[r.Upscale.Quality:3]]
[2020.04.15-09.29.58:720][  0]LogConfig: Setting CVar [[r.Tonemapper.GrainQuantization:1]]
[2020.04.15-09.29.58:720][  0]LogConfig: Setting CVar [[r.LightShaftQuality:1]]
[2020.04.15-09.29.58:720][  0]LogConfig: Setting CVar [[r.Filter.SizeScale:1]]
[2020.04.15-09.29.58:720][  0]LogConfig: Setting CVar [[r.Tonemapper.Quality:5]]
[2020.04.15-09.29.58:720][  0]LogConfig: Setting CVar [[r.DOF.Gather.AccumulatorQuality:1        ; higher gathering accumulator quality]]
[2020.04.15-09.29.58:720][  0]LogConfig: Setting CVar [[r.DOF.Gather.PostfilterMethod:1          ; Median3x3 postfilering method]]
[2020.04.15-09.29.58:720][  0]LogConfig: Setting CVar [[r.DOF.Gather.EnableBokehSettings:0       ; no bokeh simulation when gathering]]
[2020.04.15-09.29.58:720][  0]LogConfig: Setting CVar [[r.DOF.Gather.RingCount:4                 ; medium number of samples when gathering]]
[2020.04.15-09.29.58:720][  0]LogConfig: Setting CVar [[r.DOF.Scatter.ForegroundCompositing:1    ; additive foreground scattering]]
[2020.04.15-09.29.58:720][  0]LogConfig: Setting CVar [[r.DOF.Scatter.BackgroundCompositing:2    ; additive background scattering]]
[2020.04.15-09.29.58:720][  0]LogConfig: Setting CVar [[r.DOF.Scatter.EnableBokehSettings:1      ; bokeh simulation when scattering]]
[2020.04.15-09.29.58:720][  0]LogConfig: Setting CVar [[r.DOF.Scatter.MaxSpriteRatio:0.1         ; only a maximum of 10% of scattered bokeh]]
[2020.04.15-09.29.58:720][  0]LogConfig: Setting CVar [[r.DOF.Recombine.Quality:1                ; cheap slight out of focus]]
[2020.04.15-09.29.58:720][  0]LogConfig: Setting CVar [[r.DOF.Recombine.EnableBokehSettings:0    ; no bokeh simulation on slight out of focus]]
[2020.04.15-09.29.58:720][  0]LogConfig: Setting CVar [[r.DOF.TemporalAAQuality:1                ; more stable temporal accumulation]]
[2020.04.15-09.29.58:720][  0]LogConfig: Setting CVar [[r.DOF.Kernel.MaxForegroundRadius:0.025]]
[2020.04.15-09.29.58:720][  0]LogConfig: Setting CVar [[r.DOF.Kernel.MaxBackgroundRadius:0.025]]
[2020.04.15-09.29.58:720][  0]LogConfig: Applying CVar settings from Section [TextureQuality@3] File [D:/Unreal Projects/egyptVR/Last_Pharaoh/Saved/Config/Windows/Scalability.ini]
[2020.04.15-09.29.58:721][  0]LogConfig: Setting CVar [[r.Streaming.MipBias:0]]
[2020.04.15-09.29.58:721][  0]LogConfig: Setting CVar [[r.Streaming.AmortizeCPUToGPUCopy:0]]
[2020.04.15-09.29.58:721][  0]LogConfig: Setting CVar [[r.Streaming.MaxNumTexturesToStreamPerFrame:0]]
[2020.04.15-09.29.58:721][  0]LogConfig: Setting CVar [[r.Streaming.Boost:1]]
[2020.04.15-09.29.58:721][  0]LogConfig: Setting CVar [[r.MaxAnisotropy:8]]
[2020.04.15-09.29.58:721][  0]LogConfig: Setting CVar [[r.Streaming.LimitPoolSizeToVRAM:0]]
[2020.04.15-09.29.58:721][  0]LogConfig: Setting CVar [[r.Streaming.PoolSize:1000]]
[2020.04.15-09.29.58:721][  0]LogConfig: Setting CVar [[r.Streaming.MaxEffectiveScreenSize:0]]
[2020.04.15-09.29.58:721][  0]LogConfig: Applying CVar settings from Section [EffectsQuality@3] File [D:/Unreal Projects/egyptVR/Last_Pharaoh/Saved/Config/Windows/Scalability.ini]
[2020.04.15-09.29.58:721][  0]LogConfig: Setting CVar [[r.TranslucencyLightingVolumeDim:64]]
[2020.04.15-09.29.58:721][  0]LogConfig: Setting CVar [[r.RefractionQuality:2]]
[2020.04.15-09.29.58:721][  0]LogConfig: Setting CVar [[r.SSR.Quality:3]]
[2020.04.15-09.29.58:721][  0]LogConfig: Setting CVar [[r.SceneColorFormat:4]]
[2020.04.15-09.29.58:721][  0]LogConfig: Setting CVar [[r.DetailMode:2]]
[2020.04.15-09.29.58:721][  0]LogConfig: Setting CVar [[r.TranslucencyVolumeBlur:1]]
[2020.04.15-09.29.58:721][  0]LogConfig: Setting CVar [[r.MaterialQualityLevel:1 ; High quality]]
[2020.04.15-09.29.58:721][  0]LogConfig: Setting CVar [[r.SSS.Scale:1]]
[2020.04.15-09.29.58:721][  0]LogConfig: Setting CVar [[r.SSS.SampleSet:2]]
[2020.04.15-09.29.58:721][  0]LogConfig: Setting CVar [[r.SSS.Quality:1]]
[2020.04.15-09.29.58:721][  0]LogConfig: Setting CVar [[r.SSS.HalfRes:1]]
[2020.04.15-09.29.58:721][  0]LogConfig: Setting CVar [[r.EmitterSpawnRateScale:1.0]]
[2020.04.15-09.29.58:721][  0]LogConfig: Setting CVar [[r.ParticleLightQuality:2]]
[2020.04.15-09.29.58:721][  0]LogConfig: Applying CVar settings from Section [FoliageQuality@3] File [D:/Unreal Projects/egyptVR/Last_Pharaoh/Saved/Config/Windows/Scalability.ini]
[2020.04.15-09.29.58:721][  0]LogConfig: Setting CVar [[foliage.DensityScale:1.0]]
[2020.04.15-09.29.58:721][  0]LogConfig: Setting CVar [[grass.DensityScale:1.0]]
[2020.04.15-09.29.58:721][  0]LogConfig: Applying CVar settings from Section [Startup] File [../../../Engine/Config/ConsoleVariables.ini]
[2020.04.15-09.29.58:721][  0]LogConfig: Setting CVar [[net.UseAdaptiveNetUpdateFrequency:0]]
[2020.04.15-09.29.58:721][  0]LogConfig: Setting CVar [[p.chaos.AllowCreatePhysxBodies:1]]
[2020.04.15-09.29.58:721][  0]LogConfig: Applying CVar settings from Section [ConsoleVariables] File [D:/Unreal Projects/egyptVR/Last_Pharaoh/Saved/Config/Windows/Engine.ini]
[2020.04.15-09.29.58:721][  0]LogInit: Computer: DESKTOP-NKQ22UT
[2020.04.15-09.29.58:721][  0]LogInit: User: Tetewet
[2020.04.15-09.29.58:721][  0]LogInit: CPU Page size=4096, Cores=6
[2020.04.15-09.29.58:721][  0]LogInit: High frequency timer resolution =10.000000 MHz
[2020.04.15-09.29.58:722][  0]LogMemory: Memory total: Physical=15.9GB (16GB approx)
[2020.04.15-09.29.58:722][  0]LogMemory: Platform Memory Stats for Windows
[2020.04.15-09.29.58:722][  0]LogMemory: Process Physical Memory: 100.77 MB used, 100.77 MB peak
[2020.04.15-09.29.58:722][  0]LogMemory: Process Virtual Memory: 93.37 MB used, 93.37 MB peak
[2020.04.15-09.29.58:722][  0]LogMemory: Physical Memory: 8587.04 MB used,  7702.57 MB free, 16289.61 MB total
[2020.04.15-09.29.58:722][  0]LogMemory: Virtual Memory: 4676.43 MB used,  134213048.00 MB free, 134217728.00 MB total
[2020.04.15-09.29.58:748][  0]LogInit: Using OS detected language (en-US).
[2020.04.15-09.29.58:748][  0]LogInit: Using OS detected locale (en-US).
[2020.04.15-09.29.58:749][  0]LogTextLocalizationManager: No specific localization for 'en-US' exists, so the 'en' localization will be used.
[2020.04.15-09.29.58:917][  0]LogInit: Setting process to per monitor DPI aware
[2020.04.15-09.29.58:958][  0]LogSlate: New Slate User Created.  User Index 0, Is Virtual User: 0
[2020.04.15-09.29.58:958][  0]LogSlate: Slate User Registered.  User Index 0, Is Virtual User: 0
[2020.04.15-09.29.59:288][  0]LogHMD: Failed to initialize OpenVR with code 108
[2020.04.15-09.29.59:288][  0]LogD3D11RHI: D3D11 adapters:
[2020.04.15-09.29.59:328][  0]LogD3D11RHI:    0. 'Radeon RX 570 Series' (Feature Level 11_0)
[2020.04.15-09.29.59:328][  0]LogD3D11RHI:       8171/0/8144 MB DedicatedVideo/DedicatedSystem/SharedSystem, Outputs:2, VendorId:0x1002
[2020.04.15-09.29.59:331][  0]LogD3D11RHI:    1. 'Microsoft Basic Render Driver' (Feature Level 11_0)
[2020.04.15-09.29.59:331][  0]LogD3D11RHI:       0/0/8144 MB DedicatedVideo/DedicatedSystem/SharedSystem, Outputs:0, VendorId:0x1414
[2020.04.15-09.29.59:331][  0]LogD3D11RHI: Chosen D3D11 Adapter: 0
[2020.04.15-09.29.59:342][  0]LogD3D11RHI: Creating new Direct3DDevice
[2020.04.15-09.29.59:342][  0]LogD3D11RHI:     GPU DeviceId: 0x67df (for the marketing name, search the web for "GPU Device Id")
[2020.04.15-09.29.59:342][  0]LogWindows: EnumDisplayDevices:
[2020.04.15-09.29.59:343][  0]LogWindows:    0. 'Radeon RX 570 Series' (P:0 D:1)
[2020.04.15-09.29.59:343][  0]LogWindows:    1. 'Radeon RX 570 Series' (P:1 D:1)
[2020.04.15-09.29.59:343][  0]LogWindows:    2. 'Radeon RX 570 Series' (P:0 D:0)
[2020.04.15-09.29.59:344][  0]LogWindows:    3. 'Radeon RX 570 Series' (P:0 D:0)
[2020.04.15-09.29.59:344][  0]LogWindows:    4. 'Radeon RX 570 Series' (P:0 D:0)
[2020.04.15-09.29.59:344][  0]LogWindows:    5. 'Radeon RX 570 Series' (P:0 D:0)
[2020.04.15-09.29.59:344][  0]LogWindows:    6. 'Radeon RX 570 Series' (P:0 D:0)
[2020.04.15-09.29.59:345][  0]LogWindows:    7. 'Radeon RX 570 Series' (P:0 D:0)
[2020.04.15-09.29.59:345][  0]LogWindows: DebugString: FoundDriverCount:8 
[2020.04.15-09.29.59:345][  0]LogD3D11RHI:     Adapter Name: Radeon RX 570 Series
[2020.04.15-09.29.59:346][  0]LogD3D11RHI:   Driver Version: Adrenalin 2020 20.4.1 (internal:26.20.15029.20013, unified:26.20.15029.20013)
[2020.04.15-09.29.59:346][  0]LogD3D11RHI:      Driver Date: 4-1-2020
[2020.04.15-09.29.59:346][  0]LogRHI: Texture pool is 5720 MB (70% of 8171 MB)
[2020.04.15-09.29.59:417][  0]LogD3D11RHI: Async texture creation enabled
[2020.04.15-09.29.59:421][  0]LogRendererCore: FGlobalReadBuffer::InitRHI
[2020.04.15-09.29.59:422][  0]LogRendererCore: FGlobalReadBuffer::InitRHI
[2020.04.15-09.29.59:422][  0]LogRendererCore: FGlobalReadBuffer::InitRHI
[2020.04.15-09.29.59:428][  0]LogD3D11RHI: GPU Timing Frequency: 25.000000 (Debug: 2 1)
[2020.04.15-09.29.59:775][  0]LogTemp: Display: Module 'AllDesktopTargetPlatform' loaded TargetPlatform 'AllDesktop'
[2020.04.15-09.29.59:795][  0]LogTemp: Display: Module 'MacClientTargetPlatform' loaded TargetPlatform 'MacClient'
[2020.04.15-09.29.59:813][  0]LogTemp: Display: Module 'MacNoEditorTargetPlatform' loaded TargetPlatform 'MacNoEditor'
[2020.04.15-09.29.59:830][  0]LogTemp: Display: Module 'MacServerTargetPlatform' loaded TargetPlatform 'MacServer'
[2020.04.15-09.29.59:848][  0]LogTemp: Display: Module 'MacTargetPlatform' loaded TargetPlatform 'Mac'
[2020.04.15-09.29.59:865][  0]LogTemp: Display: Module 'WindowsClientTargetPlatform' loaded TargetPlatform 'WindowsClient'
[2020.04.15-09.29.59:884][  0]LogTemp: Display: Module 'WindowsNoEditorTargetPlatform' loaded TargetPlatform 'WindowsNoEditor'
[2020.04.15-09.29.59:924][  0]LogTemp: Display: Module 'WindowsServerTargetPlatform' loaded TargetPlatform 'WindowsServer'
[2020.04.15-09.29.59:932][  0]LogTemp: Display: Module 'WindowsTargetPlatform' loaded TargetPlatform 'Windows'
[2020.04.15-09.30.00:035][  0]LogTemp: Display: Module 'AndroidTargetPlatform' loaded TargetPlatform 'Android'
[2020.04.15-09.30.00:035][  0]LogTemp: Display: Module 'AndroidTargetPlatform' loaded TargetPlatform 'Android_ASTC'
[2020.04.15-09.30.00:035][  0]LogTemp: Display: Module 'AndroidTargetPlatform' loaded TargetPlatform 'Android_ATC'
[2020.04.15-09.30.00:035][  0]LogTemp: Display: Module 'AndroidTargetPlatform' loaded TargetPlatform 'Android_DXT'
[2020.04.15-09.30.00:035][  0]LogTemp: Display: Module 'AndroidTargetPlatform' loaded TargetPlatform 'Android_ETC1'
[2020.04.15-09.30.00:035][  0]LogTemp: Display: Module 'AndroidTargetPlatform' loaded TargetPlatform 'Android_ETC1a'
[2020.04.15-09.30.00:035][  0]LogTemp: Display: Module 'AndroidTargetPlatform' loaded TargetPlatform 'Android_ETC2'
[2020.04.15-09.30.00:035][  0]LogTemp: Display: Module 'AndroidTargetPlatform' loaded TargetPlatform 'Android_PVRTC'
[2020.04.15-09.30.00:035][  0]LogTemp: Display: Module 'AndroidTargetPlatform' loaded TargetPlatform 'AndroidClient'
[2020.04.15-09.30.00:035][  0]LogTemp: Display: Module 'AndroidTargetPlatform' loaded TargetPlatform 'Android_ASTCClient'
[2020.04.15-09.30.00:035][  0]LogTemp: Display: Module 'AndroidTargetPlatform' loaded TargetPlatform 'Android_ATCClient'
[2020.04.15-09.30.00:035][  0]LogTemp: Display: Module 'AndroidTargetPlatform' loaded TargetPlatform 'Android_DXTClient'
[2020.04.15-09.30.00:035][  0]LogTemp: Display: Module 'AndroidTargetPlatform' loaded TargetPlatform 'Android_ETC1Client'
[2020.04.15-09.30.00:035][  0]LogTemp: Display: Module 'AndroidTargetPlatform' loaded TargetPlatform 'Android_ETC1aClient'
[2020.04.15-09.30.00:035][  0]LogTemp: Display: Module 'AndroidTargetPlatform' loaded TargetPlatform 'Android_ETC2Client'
[2020.04.15-09.30.00:035][  0]LogTemp: Display: Module 'AndroidTargetPlatform' loaded TargetPlatform 'Android_PVRTCClient'
[2020.04.15-09.30.00:035][  0]LogTemp: Display: Module 'AndroidTargetPlatform' loaded TargetPlatform 'Android_Multi'
[2020.04.15-09.30.00:035][  0]LogTemp: Display: Module 'AndroidTargetPlatform' loaded TargetPlatform 'Android_MultiClient'
[2020.04.15-09.30.00:037][  0]LogTemp: Display: Module 'HTML5TargetPlatform' loaded TargetPlatform 'HTML5'
[2020.04.15-09.30.00:092][  0]LogTemp: Display: Module 'IOSTargetPlatform' loaded TargetPlatform 'IOSClient'
[2020.04.15-09.30.00:092][  0]LogTemp: Display: Module 'IOSTargetPlatform' loaded TargetPlatform 'IOS'
[2020.04.15-09.30.00:122][  0]LogTemp: Display: Module 'TVOSTargetPlatform' loaded TargetPlatform 'TVOSClient'
[2020.04.15-09.30.00:122][  0]LogTemp: Display: Module 'TVOSTargetPlatform' loaded TargetPlatform 'TVOS'
[2020.04.15-09.30.00:140][  0]LogTemp: Display: Module 'LinuxClientTargetPlatform' loaded TargetPlatform 'LinuxClient'
[2020.04.15-09.30.00:156][  0]LogTemp: Display: Module 'LinuxNoEditorTargetPlatform' loaded TargetPlatform 'LinuxNoEditor'
[2020.04.15-09.30.00:171][  0]LogTemp: Display: Module 'LinuxServerTargetPlatform' loaded TargetPlatform 'LinuxServer'
[2020.04.15-09.30.00:187][  0]LogTemp: Display: Module 'LinuxTargetPlatform' loaded TargetPlatform 'Linux'
[2020.04.15-09.30.00:241][  0]LogTemp: Display: Module 'LuminTargetPlatform' loaded TargetPlatform 'Lumin'
[2020.04.15-09.30.00:241][  0]LogTemp: Display: Module 'LuminTargetPlatform' loaded TargetPlatform 'LuminClient'
[2020.04.15-09.30.00:242][  0]LogTargetPlatformManager: Display: Building Assets For Windows
[2020.04.15-09.30.00:250][  0]LogAudioDebug: Display: Lib vorbis DLL was dynamically loaded.
[2020.04.15-09.30.00:296][  0]LogShaderCompilers: Guid format shader working directory is -3 characters bigger than the processId version (../../../../../Unreal Projects/egyptVR/Last_Pharaoh/Intermediate/Shaders/WorkingDirectory/7732/).
[2020.04.15-09.30.00:297][  0]LogShaderCompilers: Cleaned the shader compiler working directory 'C:/Users/Tetewet/AppData/Local/Temp/UnrealShaderWorkingDir/88B5C5824E8AB88C1423488DDDDAB891/'.
[2020.04.15-09.30.00:298][  0]LogXGEController: Cleaning working directory: C:/Users/Tetewet/AppData/Local/Temp/UnrealXGEWorkingDir/
[2020.04.15-09.30.00:299][  0]LogXGEController: Cannot use XGE Controller as Incredibuild is not installed on this machine.
[2020.04.15-09.30.00:299][  0]LogShaderCompilers: Cannot use XGE Shader Compiler as Incredibuild is not installed on this machine.
[2020.04.15-09.30.00:299][  0]LogShaderCompilers: Display: Using Local Shader Compiler.
[2020.04.15-09.30.00:864][  0]LogDerivedDataCache: Display: Max Cache Size: 512 MB
[2020.04.15-09.30.00:917][  0]LogDerivedDataCache: Loaded boot cache 0.05s 71MB C:/Users/Tetewet/AppData/Local/UnrealEngine/4.22/DerivedDataCache/Boot.ddc.
[2020.04.15-09.30.00:917][  0]LogDerivedDataCache: Display: Loaded Boot cache: C:/Users/Tetewet/AppData/Local/UnrealEngine/4.22/DerivedDataCache/Boot.ddc
[2020.04.15-09.30.00:917][  0]LogDerivedDataCache: FDerivedDataBackendGraph:  Pak pak cache file ../../../../../Unreal Projects/egyptVR/Last_Pharaoh/DerivedDataCache/DDC.ddp not found, will not use a pak cache.
[2020.04.15-09.30.00:917][  0]LogDerivedDataCache: Unable to find inner node Pak for hierarchical cache Hierarchy.
[2020.04.15-09.30.00:917][  0]LogDerivedDataCache: FDerivedDataBackendGraph:  CompressedPak pak cache file ../../../../../Unreal Projects/egyptVR/Last_Pharaoh/DerivedDataCache/Compressed.ddp not found, will not use a pak cache.
[2020.04.15-09.30.00:917][  0]LogDerivedDataCache: Unable to find inner node CompressedPak for hierarchical cache Hierarchy.
[2020.04.15-09.30.00:929][  0]LogDerivedDataCache: Display: Pak cache opened for reading ../../../Engine/DerivedDataCache/Compressed.ddp.
[2020.04.15-09.30.00:929][  0]LogDerivedDataCache: FDerivedDataBackendGraph:  EnterprisePak pak cache file ../../../Enterprise/DerivedDataCache/Compressed.ddp not found, will not use a pak cache.
[2020.04.15-09.30.00:930][  0]LogDerivedDataCache: Unable to find inner node EnterprisePak for hierarchical cache Hierarchy.
[2020.04.15-09.30.00:943][  0]LogDerivedDataCache: Using Local data cache path C:/Users/Tetewet/AppData/Local/UnrealEngine/Common/DerivedDataCache: Writable
[2020.04.15-09.30.00:943][  0]LogDerivedDataCache: Shared data cache path not found in *engine.ini, will not use an Shared cache.
[2020.04.15-09.30.00:943][  0]LogDerivedDataCache: Unable to find inner node Shared for hierarchical cache Hierarchy.
[2020.04.15-09.30.00:965][  0]LogMaterial: Verifying Global Shaders for PCD3D_SM5
[2020.04.15-09.30.00:966][  0]LogSlate: Using FreeType 2.6.0
[2020.04.15-09.30.00:967][  0]LogSlate: SlateFontServices - WITH_FREETYPE: 1, WITH_HARFBUZZ: 1
[2020.04.15-09.30.01:068][  0]LogAssetRegistry: FAssetRegistry took 0.0366 seconds to start up
[2020.04.15-09.30.01:448][  0]LogInit: Selected Device Profile: [Windows]
[2020.04.15-09.30.01:587][  0]LogMeshReduction: Using QuadricMeshReduction for automatic static mesh reduction
[2020.04.15-09.30.01:587][  0]LogMeshReduction: Using SimplygonMeshReduction for automatic skeletal mesh reduction
[2020.04.15-09.30.01:587][  0]LogMeshReduction: Using ProxyLODMeshReduction for automatic mesh merging
[2020.04.15-09.30.01:587][  0]LogMeshReduction: No distributed automatic mesh merging module available
[2020.04.15-09.30.01:587][  0]LogMeshMerging: No distributed automatic mesh merging module available
[2020.04.15-09.30.01:602][  0]LogNetVersion: Last_Pharaoh 1.0.0, NetCL: 5660361, EngineNetVer: 10, GameNetVer: 0 (Checksum: 3119618968)
[2020.04.15-09.30.02:068][  0]LogPackageLocalizationCache: Processed 10 localized package path(s) for 1 prioritized culture(s) in 0.060041 seconds
[2020.04.15-09.30.02:078][  0]LogUObjectArray: 42205 objects as part of root set at end of initial load.
[2020.04.15-09.30.02:078][  0]LogUObjectAllocator: 7325032 out of 0 bytes used by permanent object pool.
[2020.04.15-09.30.02:078][  0]LogUObjectArray: CloseDisregardForGC: 0/0 objects in disregard for GC pool
[2020.04.15-09.30.03:090][  0]LogTcpMessaging: Initializing TcpMessaging bridge
[2020.04.15-09.30.03:105][  0]LogUdpMessaging: Initializing bridge on interface 0.0.0.0:0 to multicast group 230.0.0.1:6666.
[2020.04.15-09.30.03:734][  0]SourceControl: Source control is disabled
[2020.04.15-09.30.03:734][  0]SourceControl: Source control is disabled
[2020.04.15-09.30.03:737][  0]SourceControl: Source control is disabled
[2020.04.15-09.30.03:738][  0]SourceControl: Source control is disabled
[2020.04.15-09.30.03:853][  0]LogAndroidPermission: UAndroidPermissionCallbackProxy::GetInstance
[2020.04.15-09.30.04:069][  0]LogOcInput: OculusInput pre-init called
[2020.04.15-09.30.04:960][  0]LogEngine: Initializing Engine...
[2020.04.15-09.30.05:049][  0]LogHMD: Failed to initialize OpenVR with code 108
[2020.04.15-09.30.05:050][  0]LogStats: UGameplayTagsManager::InitializeManager -  0.000 s
[2020.04.15-09.30.05:295][  0]LogUObjectGlobals: Warning: Failed to find object 'Class /Script/Last_Pharaoh.TrapManager'
[2020.04.15-09.30.05:295][  0]LogEngine: Error: Engine config value GameSingletonClassName '/Script/Last_Pharaoh.TrapManager' is not a valid class name.
[2020.04.15-09.30.05:297][  0]LogInit: Initializing FReadOnlyCVARCache
[2020.04.15-09.30.05:307][  0]LogAIModule: Creating AISystem for world Untitled
[2020.04.15-09.30.05:362][  0]LogInit: XAudio2 using 'Speakers (2- Realtek(R) Audio)' : 2 channels at 48 kHz using 32 bits per sample (channel mask 0x3)
[2020.04.15-09.30.05:408][  0]LogInit: FAudioDevice initialized.
[2020.04.15-09.30.05:408][  0]LogNetVersion: Set ProjectVersion to 1.0.0.0. Version Checksum will be recalculated on next use.
[2020.04.15-09.30.05:470][  0]LogDerivedDataCache: Saved boot cache 0.06s 71MB C:/Users/Tetewet/AppData/Local/UnrealEngine/4.22/DerivedDataCache/Boot.ddc.
[2020.04.15-09.30.05:477][  0]LogInit: Texture streaming: Enabled
[2020.04.15-09.30.05:498][  0]LogEngineSessionManager: EngineSessionManager initialized
[2020.04.15-09.30.05:522][  0]LogInit: Transaction tracking system initialized
[2020.04.15-09.30.05:546][  0]BlueprintLog: New page: Editor Load
[2020.04.15-09.30.05:633][  0]LocalizationService: Localization service is disabled
[2020.04.15-09.30.05:946][  0]LogFileCache: Scanning file cache for directory 'D:/Unreal Projects/egyptVR/Last_Pharaoh/Content/' took 0.02s
[2020.04.15-09.30.05:946][  0]LogCook: Display: Max memory allowance for cook 16384mb min free memory 0mb
[2020.04.15-09.30.05:946][  0]LogCook: Display: Mobile HDR setting 1
[2020.04.15-09.30.06:152][  0]SourceControl: Source control is disabled
[2020.04.15-09.30.06:153][  0]Cmd: MAP LOAD FILE="../../../../../Unreal Projects/egyptVR/Last_Pharaoh/Content/Scenes/TestMap.umap" TEMPLATE=0 SHOWPROGRESS=1 FEATURELEVEL=3
[2020.04.15-09.30.06:153][  0]LightingResults: New page: Lighting Build
[2020.04.15-09.30.06:156][  0]MapCheck: New page: Map Check
[2020.04.15-09.30.06:156][  0]LightingResults: New page: Lighting Build
[2020.04.15-09.30.06:191][  0]LogUObjectHash: Compacting FUObjectHashTables data took   1.59ms
[2020.04.15-09.30.06:279][  0]LogProperty: Warning: Serialized Class /Script/Engine.BlueprintGeneratedClass for a property of Class /Script/Last_Pharaoh.DamageTrap. Reference will be nullptred.
    Property = ObjectProperty /Script/Last_Pharaoh.Trap:DamageTrap
    Item = BlueprintGeneratedClass /Game/Blueprints/BP_DamageTrap.BP_DamageTrap_C
[2020.04.15-09.30.06:471][  0]LogAIModule: Creating AISystem for world TestMap
[2020.04.15-09.30.06:485][  0]LogEditorServer: Finished looking for orphan Actors (0.000 secs)
[2020.04.15-09.30.06:520][  0]LogUObjectHash: Compacting FUObjectHashTables data took   2.61ms
[2020.04.15-09.30.06:520][  0]Cmd: MAP CHECKDEP NOCLEARLOG
[2020.04.15-09.30.06:521][  0]MapCheck: Map check complete: 0 Error(s), 0 Warning(s), took 0.153ms to complete.
[2020.04.15-09.30.06:521][  0]LogFileHelpers: Loading map 'TestMap' took 0.368
[2020.04.15-09.30.06:632][  0]LogSlate: Updating window title bar state: overlay mode, drag disabled, window buttons hidden, title bar hidden
[2020.04.15-09.30.06:639][  0]LogSlate: Updating window title bar state: overlay mode, drag disabled, window buttons hidden, title bar hidden
[2020.04.15-09.30.06:647][  0]LogSlate: Updating window title bar state: overlay mode, drag disabled, window buttons hidden, title bar hidden
[2020.04.15-09.30.06:654][  0]LogSlate: Updating window title bar state: overlay mode, drag disabled, window buttons hidden, title bar hidden
[2020.04.15-09.30.06:660][  0]LogCollectionManager: Loaded 0 collections in 0.001131 seconds
[2020.04.15-09.30.06:700][  0]LogFileCache: Scanning file cache for directory 'D:/Unreal Projects/egyptVR/Last_Pharaoh/Saved/Collections/' took 0.01s
[2020.04.15-09.30.06:700][  0]LogFileCache: Scanning file cache for directory 'D:/Unreal Projects/egyptVR/Last_Pharaoh/Content/Developers/Tetewet/Collections/' took 0.01s
[2020.04.15-09.30.06:700][  0]LogFileCache: Scanning file cache for directory 'D:/Unreal Projects/egyptVR/Last_Pharaoh/Content/Collections/' took 0.01s
[2020.04.15-09.30.06:700][  0]LogCollectionManager: Rebuilt the GUID cache for 0 collections in 0.000001 seconds
[2020.04.15-09.30.06:711][  0]LogContentBrowser: Native class hierarchy populated in 0.0099 seconds. Added 2737 classes and 661 folders.
[2020.04.15-09.30.06:717][  0]LogContentBrowser: Native class hierarchy updated for 'WidgetCarousel' in 0.0004 seconds. Added 0 classes and 0 folders.
[2020.04.15-09.30.06:719][  0]LogPakFile: Registered encryption key '00000000000000000000000000000000': 0 pak files mounted, 0 remain pending
[2020.04.15-09.30.06:720][  0]LogPakFile: Registered encryption key '00000000000000000000000000000000': 0 pak files mounted, 0 remain pending
[2020.04.15-09.30.06:721][  0]LogPakFile: Registered encryption key '00000000000000000000000000000000': 0 pak files mounted, 0 remain pending
[2020.04.15-09.30.06:721][  0]LogPakFile: Registered encryption key '00000000000000000000000000000000': 0 pak files mounted, 0 remain pending
[2020.04.15-09.30.06:722][  0]LogPakFile: Registered encryption key '00000000000000000000000000000000': 0 pak files mounted, 0 remain pending
[2020.04.15-09.30.06:723][  0]LogPakFile: Registered encryption key '00000000000000000000000000000000': 0 pak files mounted, 0 remain pending
[2020.04.15-09.30.06:723][  0]LogPakFile: Registered encryption key '00000000000000000000000000000000': 0 pak files mounted, 0 remain pending
[2020.04.15-09.30.06:724][  0]LogPakFile: Registered encryption key '00000000000000000000000000000000': 0 pak files mounted, 0 remain pending
[2020.04.15-09.30.06:724][  0]LogPakFile: Registered encryption key '00000000000000000000000000000000': 0 pak files mounted, 0 remain pending
[2020.04.15-09.30.06:725][  0]LogPakFile: Registered encryption key '00000000000000000000000000000000': 0 pak files mounted, 0 remain pending
[2020.04.15-09.30.06:726][  0]LogPakFile: Registered encryption key '00000000000000000000000000000000': 0 pak files mounted, 0 remain pending
[2020.04.15-09.30.06:726][  0]LogPakFile: Registered encryption key '00000000000000000000000000000000': 0 pak files mounted, 0 remain pending
[2020.04.15-09.30.06:727][  0]LogPakFile: Registered encryption key '00000000000000000000000000000000': 0 pak files mounted, 0 remain pending
[2020.04.15-09.30.06:728][  0]LogPakFile: Registered encryption key '00000000000000000000000000000000': 0 pak files mounted, 0 remain pending
[2020.04.15-09.30.06:729][  0]LogPakFile: Registered encryption key '00000000000000000000000000000000': 0 pak files mounted, 0 remain pending
[2020.04.15-09.30.06:730][  0]LogPakFile: Registered encryption key '00000000000000000000000000000000': 0 pak files mounted, 0 remain pending
[2020.04.15-09.30.06:730][  0]LogPakFile: Registered encryption key '00000000000000000000000000000000': 0 pak files mounted, 0 remain pending
[2020.04.15-09.30.06:731][  0]LogPakFile: Registered encryption key '00000000000000000000000000000000': 0 pak files mounted, 0 remain pending
[2020.04.15-09.30.06:732][  0]LogPakFile: Registered encryption key '00000000000000000000000000000000': 0 pak files mounted, 0 remain pending
[2020.04.15-09.30.06:732][  0]LogPakFile: Registered encryption key '00000000000000000000000000000000': 0 pak files mounted, 0 remain pending
[2020.04.15-09.30.06:733][  0]LogPakFile: Registered encryption key '00000000000000000000000000000000': 0 pak files mounted, 0 remain pending
[2020.04.15-09.30.06:734][  0]LogPakFile: Registered encryption key '00000000000000000000000000000000': 0 pak files mounted, 0 remain pending
[2020.04.15-09.30.06:734][  0]LogPakFile: Registered encryption key '00000000000000000000000000000000': 0 pak files mounted, 0 remain pending
[2020.04.15-09.30.06:735][  0]LogPakFile: Registered encryption key '00000000000000000000000000000000': 0 pak files mounted, 0 remain pending
[2020.04.15-09.30.06:736][  0]LogPakFile: Registered encryption key '00000000000000000000000000000000': 0 pak files mounted, 0 remain pending
[2020.04.15-09.30.06:736][  0]LogPakFile: Registered encryption key '00000000000000000000000000000000': 0 pak files mounted, 0 remain pending
[2020.04.15-09.30.06:792][  0]LogContentBrowser: Native class hierarchy updated for 'AddContentDialog' in 0.0005 seconds. Added 0 classes and 0 folders.
[2020.04.15-09.30.06:799][  0]LogContentBrowser: Native class hierarchy updated for 'SceneOutliner' in 0.0006 seconds. Added 1 classes and 2 folders.
[2020.04.15-09.30.06:876][  0]LogSlate: Took 0.000288 seconds to synchronously load lazily loaded font '../../../Engine/Content/Slate/Fonts/Roboto-Regular.ttf' (155K)
[2020.04.15-09.30.06:878][  0]LogSlate: Took 0.000241 seconds to synchronously load lazily loaded font '../../../Engine/Content/Slate/Fonts/Roboto-Bold.ttf' (160K)
[2020.04.15-09.30.06:884][  0]LogSlate: Took 0.000323 seconds to synchronously load lazily loaded font '../../../Engine/Content/Editor/Slate/Fonts/FontAwesome.ttf' (139K)
[2020.04.15-09.30.06:947][  0]LogRenderer: Reallocating scene render targets to support 1208x560 Format 10 NumSamples 1 (Frame:1).
[2020.04.15-09.30.07:087][  0]LogContentBrowser: Native class hierarchy updated for 'HierarchicalLODOutliner' in 0.0006 seconds. Added 0 classes and 0 folders.
[2020.04.15-09.30.07:087][  0]LogLoad: (Engine Initialization) Total time: 11.40 seconds
[2020.04.15-09.30.07:088][  0]LogLoad: (Engine Initialization) Total Blueprint compile time: 0.00 seconds
[2020.04.15-09.30.07:124][  0]LogAssetRegistry: Asset discovery search completed in 6.0780 seconds
[2020.04.15-09.30.07:126][  0]LogCollectionManager: Rebuilt the object cache for 0 collections in 0.000000 seconds (found 0 objects)
[2020.04.15-09.30.07:126][  0]LogCollectionManager: Fixed up redirectors for 0 collections in 0.000072 seconds (updated 0 objects)
[2020.04.15-09.30.07:127][  0]LogContentStreaming: Texture pool size now 1000 MB
[2020.04.15-09.30.07:159][  0]LogSlate: Took 0.000307 seconds to synchronously load lazily loaded font '../../../Engine/Content/Slate/Fonts/Roboto-Light.ttf' (167K)
[2020.04.15-09.30.12:353][551]LogSlate: FSceneViewport::OnFocusLost() reason 0
[2020.04.15-09.30.14:704][828]LogSlate: Took 0.000320 seconds to synchronously load lazily loaded font '../../../Engine/Content/Slate/Fonts/Roboto-Light.ttf' (167K)
[2020.04.15-09.30.14:890][828]LogAIModule: Creating AISystem for world LastPharaoh_MainScene
[2020.04.15-09.30.14:923][828]LogAssetEditorManager: Opening Asset editor for World /Game/Maps/LastPharaoh_MainScene.LastPharaoh_MainScene
[2020.04.15-09.30.14:972][828]LogUObjectHash: Compacting FUObjectHashTables data took   1.51ms
[2020.04.15-09.30.14:973][828]Cmd: MAP LOAD FILE="../../../../../Unreal Projects/egyptVR/Last_Pharaoh/Content/Maps/LastPharaoh_MainScene.umap" TEMPLATE=0 SHOWPROGRESS=1 FEATURELEVEL=3
[2020.04.15-09.30.14:973][828]LightingResults: New page: Lighting Build
[2020.04.15-09.30.14:974][828]LoadErrors: New page: Loading map: LastPharaoh_MainScene.umap
[2020.04.15-09.30.14:975][828]MapCheck: New page: Map Check
[2020.04.15-09.30.14:975][828]LightingResults: New page: Lighting Build
[2020.04.15-09.30.15:010][828]LogUObjectHash: Compacting FUObjectHashTables data took   2.19ms
[2020.04.15-09.30.15:171][828]LogEditorServer: Finished looking for orphan Actors (0.000 secs)
[2020.04.15-09.30.15:226][828]LogUObjectHash: Compacting FUObjectHashTables data took   2.36ms
[2020.04.15-09.30.15:248][828]Cmd: MAP CHECKDEP NOCLEARLOG
[2020.04.15-09.30.15:249][828]MapCheck: Map check complete: 0 Error(s), 0 Warning(s), took 0.238ms to complete.
[2020.04.15-09.30.15:249][828]LogFileHelpers: Loading map 'LastPharaoh_MainScene' took 0.276
[2020.04.15-09.30.23:886][839]LogSlate: FSceneViewport::OnFocusLost() reason 2
[2020.04.15-09.30.24:823][943]MapCheck: New page: Map Check
[2020.04.15-09.30.24:841][943]LogSlate: FSceneViewport::OnFocusLost() reason 2
[2020.04.15-09.30.24:879][943]LightingResults: New page: Lighting Build - Apr 15, 2020, 1:30:24 AM
[2020.04.15-09.30.25:045][943]LogSwarmInterface: [OpenConnection] Registering TCP channel ...
[2020.04.15-09.30.25:136][943]LogSwarmInterface: [OpenConnection] Connecting to agent ...
[2020.04.15-09.30.25:154][943]LogSwarmInterface: [TryOpenConnection] Testing the Agent
[2020.04.15-09.30.25:666][943]LogSwarmInterface: [TryOpenConnection] Opening Connection to Agent
[2020.04.15-09.30.25:666][943]LogSwarmInterface: [TryOpenConnection] Local Process ID is 7732
[2020.04.15-09.30.28:402][943]LogStaticLightingSystem: Warning: No importance volume found, so the scene bounding box was used.  You can optimize your scene's quality and lighting build times by adding importance volumes.
[2020.04.15-09.30.28:403][943]LogStaticLightingSystem: Running Lightmass w/ ImmediateImport mode ENABLED
[2020.04.15-09.30.28:403][943]LogStaticLightingSystem: Running Lightmass w/ ImmediateProcess mode ENABLED
[2020.04.15-09.30.28:403][943]LogStaticLightingSystem: Running Lightmass w/ Sorting mode ENABLED
[2020.04.15-09.30.28:403][943]LogStaticLightingSystem: Running Lightmass w/ Mapping paddings ENABLED
[2020.04.15-09.30.28:403][943]LogStaticLightingSystem: Running Lightmass w/ Mapping debug paddings DISABLED
[2020.04.15-09.30.28:712][943]LogEditorBuildUtils: Build time 0:03
[2020.04.15-09.30.28:755][944]LogMaterial: Display: Missing cached shader map for material FLightmassMaterialRenderer 08_-_Default, compiling. 
[2020.04.15-09.30.28:772][944]LogMaterial: Display: Missing cached shader map for material FLightmassMaterialRenderer 08_-_Default, compiling. 
[2020.04.15-09.30.28:797][945]LogMaterial: Display: Missing cached shader map for material FLightmassMaterialRenderer 09_-_Default, compiling. 
[2020.04.15-09.30.28:805][945]LogMaterial: Display: Missing cached shader map for material FLightmassMaterialRenderer 09_-_Default, compiling. 
[2020.04.15-09.30.28:825][946]LogMaterial: Display: Missing cached shader map for material FLightmassMaterialRenderer 09_-_Default_Slot__5, compiling. 
[2020.04.15-09.30.28:835][946]LogMaterial: Display: Missing cached shader map for material FLightmassMaterialRenderer 09_-_Default_Slot__5, compiling. 
[2020.04.15-09.30.28:856][947]LogMaterial: Display: Missing cached shader map for material FLightmassMaterialRenderer 09_-_Default_Slot__4, compiling. 
[2020.04.15-09.30.28:867][947]LogMaterial: Display: Missing cached shader map for material FLightmassMaterialRenderer 09_-_Default_Slot__4, compiling. 
[2020.04.15-09.30.28:895][948]LogMaterial: Display: Missing cached shader map for material FLightmassMaterialRenderer 09_-_Default_Slot__6, compiling. 
[2020.04.15-09.30.28:905][948]LogMaterial: Display: Missing cached shader map for material FLightmassMaterialRenderer 09_-_Default_Slot__6, compiling. 
[2020.04.15-09.30.28:931][949]LogMaterial: Display: Missing cached shader map for material FLightmassMaterialRenderer 09_-_Default_Slot__3, compiling. 
[2020.04.15-09.30.28:941][949]LogMaterial: Display: Missing cached shader map for material FLightmassMaterialRenderer 09_-_Default_Slot__3, compiling. 
[2020.04.15-09.30.28:965][950]LogMaterial: Display: Missing cached shader map for material FLightmassMaterialRenderer 09_-_Default_Slot__7, compiling. 
[2020.04.15-09.30.28:976][950]LogMaterial: Display: Missing cached shader map for material FLightmassMaterialRenderer 09_-_Default_Slot__7, compiling. 
[2020.04.15-09.30.31:926][961]LogUObjectHash: Compacting FUObjectHashTables data took   0.69ms
[2020.04.15-09.30.44:115][989]LightingResults: Warning: door Object has overlapping UVs.
[2020.04.15-09.30.44:115][989]LightingResults: door Lightmap UV are overlapping by 5.3%. Please adjust content - Enable Error Coloring to visualize.
[2020.04.15-09.30.44:183][993]Job is a success!
[2020.04.15-09.30.44:266][994]LogSlate: FSceneViewport::OnFocusLost() reason 2
[2020.04.15-09.30.44:415][994]LogVolumetricLightmapImport: Imported Volumetric Lightmap in 0.021s
[2020.04.15-09.30.44:416][994]LogVolumetricLightmapImport:      Indirection Texture 16x16x16 = 0.0Mb
[2020.04.15-09.30.44:416][994]LogVolumetricLightmapImport:      BrickData 400x5x5 = 0.4Mb (trimmed 0.0Mb due to 0.010000 MinBrickError)
[2020.04.15-09.30.44:416][994]LogVolumetricLightmapImport:      Bricks at Level
[2020.04.15-09.30.44:416][994]LogVolumetricLightmapImport:          0: 1.3% covering 100.0% of volume
[2020.04.15-09.30.44:416][994]LogVolumetricLightmapImport:          1: 5.0% covering 6.3% of volume
[2020.04.15-09.30.44:416][994]LogVolumetricLightmapImport:          2: 93.8% covering 1.8% of volume
[2020.04.15-09.30.46:096][994]LogTexture: Display: Building textures: SkyOcclusion0_1 (AutoDXT, 1024X512)
[2020.04.15-09.30.46:096][994]LogTexture: Display: Building textures: HQ_Lightmap1_1 (AutoDXT, 1024X1024)
[2020.04.15-09.30.46:096][994]LogTexture: Display: Building textures: LQ_Lightmap_1_1 (DXT1, 1024X1024)
[2020.04.15-09.30.46:096][994]LogTexture: Display: Building textures: SkyOcclusion0_2 (AutoDXT, 1024X512)
[2020.04.15-09.30.46:096][994]LogTexture: Display: Building textures: HQ_Lightmap0_2 (AutoDXT, 1024X1024)
[2020.04.15-09.30.46:096][994]LogTexture: Display: Building textures: LQ_Lightmap_0_2 (DXT1, 1024X1024)
[2020.04.15-09.30.46:096][994]LogTexture: Display: Building textures: SkyOcclusion0_3 (AutoDXT, 1024X512)
[2020.04.15-09.30.46:096][994]LogTexture: Display: Building textures: HQ_Lightmap0_3 (AutoDXT, 1024X1024)
[2020.04.15-09.30.46:096][994]LogTexture: Display: Building textures: LQ_Lightmap_0_3 (DXT1, 1024X1024)
[2020.04.15-09.30.46:096][994]LogTexture: Display: Building textures: SkyOcclusion0_4 (AutoDXT, 1024X512)
[2020.04.15-09.30.46:096][994]LogTexture: Display: Building textures: HQ_Lightmap0_4 (AutoDXT, 1024X1024)
[2020.04.15-09.30.46:096][994]LogTexture: Display: Building textures: LQ_Lightmap_0_4 (DXT1, 1024X1024)
[2020.04.15-09.30.46:096][994]LogTexture: Display: Building textures: SkyOcclusion0_5 (AutoDXT, 1024X512)
[2020.04.15-09.30.46:096][994]LogTexture: Display: Building textures: HQ_Lightmap0_5 (AutoDXT, 1024X1024)
[2020.04.15-09.30.46:096][994]LogTexture: Display: Building textures: LQ_Lightmap_0_5 (DXT1, 1024X1024)
[2020.04.15-09.30.46:096][994]LogTexture: Display: Building textures: SkyOcclusion0_6 (AutoDXT, 1024X512)
[2020.04.15-09.30.46:096][994]LogTexture: Display: Building textures: HQ_Lightmap0_6 (AutoDXT, 1024X1024)
[2020.04.15-09.30.46:096][994]LogTexture: Display: Building textures: LQ_Lightmap_0_6 (DXT1, 1024X1024)
[2020.04.15-09.30.46:096][994]LogTexture: Display: Building textures: SkyOcclusion0_7 (AutoDXT, 1024X512)
[2020.04.15-09.30.46:096][994]LogTexture: Display: Building textures: HQ_Lightmap0_7 (AutoDXT, 1024X1024)
[2020.04.15-09.30.46:096][994]LogTexture: Display: Building textures: LQ_Lightmap_0_7 (DXT1, 1024X1024)
[2020.04.15-09.30.46:096][994]LogTexture: Display: Building textures: SkyOcclusion1_8 (AutoDXT, 1024X512)
[2020.04.15-09.30.46:096][994]LogTexture: Display: Building textures: HQ_Lightmap1_8 (AutoDXT, 1024X1024)
[2020.04.15-09.30.46:096][994]LogTexture: Display: Building textures: LQ_Lightmap_1_8 (DXT1, 1024X1024)
[2020.04.15-09.30.46:096][994]LogTexture: Display: Building textures: SkyOcclusion1_9 (AutoDXT, 1024X512)
[2020.04.15-09.30.46:096][994]LogTexture: Display: Building textures: HQ_Lightmap1_9 (AutoDXT, 1024X1024)
[2020.04.15-09.30.46:096][994]LogTexture: Display: Building textures: LQ_Lightmap_1_9 (DXT1, 1024X1024)
[2020.04.15-09.30.46:096][994]LogTexture: Display: Building textures: SkyOcclusion1_10 (AutoDXT, 1024X512)
[2020.04.15-09.30.46:096][994]LogTexture: Display: Building textures: HQ_Lightmap1_10 (AutoDXT, 1024X1024)
[2020.04.15-09.30.46:096][994]LogTexture: Display: Building textures: LQ_Lightmap_1_10 (DXT1, 1024X1024)
[2020.04.15-09.30.46:096][994]LogTexture: Display: Building textures: SkyOcclusion1_11 (AutoDXT, 1024X512)
[2020.04.15-09.30.46:096][994]LogTexture: Display: Building textures: HQ_Lightmap1_11 (AutoDXT, 1024X1024)
[2020.04.15-09.30.46:096][994]LogTexture: Display: Building textures: LQ_Lightmap_1_11 (DXT1, 1024X1024)
[2020.04.15-09.30.46:096][994]LogTexture: Display: Building textures: SkyOcclusion1_12 (AutoDXT, 1024X512)
[2020.04.15-09.30.46:096][994]LogTexture: Display: Building textures: HQ_Lightmap1_12 (AutoDXT, 1024X1024)
[2020.04.15-09.30.46:096][994]LogTexture: Display: Building textures: LQ_Lightmap_1_12 (DXT1, 1024X1024)
[2020.04.15-09.30.46:096][994]LogTexture: Display: Building textures: SkyOcclusion1_13 (AutoDXT, 1024X512)
[2020.04.15-09.30.46:096][994]LogTexture: Display: Building textures: HQ_Lightmap1_13 (AutoDXT, 1024X1024)
[2020.04.15-09.30.46:097][994]LogTexture: Display: Building textures: LQ_Lightmap_1_13 (DXT1, 1024X1024)
[2020.04.15-09.30.46:097][994]LogTexture: Display: Building textures: SkyOcclusion0_14 (AutoDXT, 1024X512)
[2020.04.15-09.30.46:097][994]LogTexture: Display: Building textures: HQ_Lightmap0_14 (AutoDXT, 1024X1024)
[2020.04.15-09.30.46:097][994]LogTexture: Display: Building textures: LQ_Lightmap_0_14 (DXT1, 1024X1024)
[2020.04.15-09.30.46:097][994]LogTexture: Display: Building textures: SkyOcclusion0_15 (AutoDXT, 1024X512)
[2020.04.15-09.30.46:097][994]LogTexture: Display: Building textures: HQ_Lightmap0_15 (AutoDXT, 1024X1024)
[2020.04.15-09.30.46:097][994]LogTexture: Display: Building textures: LQ_Lightmap_0_15 (DXT1, 1024X1024)
[2020.04.15-09.30.46:097][994]LogTexture: Display: Building textures: SkyOcclusion0_16 (AutoDXT, 1024X512)
[2020.04.15-09.30.46:097][994]LogTexture: Display: Building textures: HQ_Lightmap0_16 (AutoDXT, 1024X1024)
[2020.04.15-09.30.46:097][994]LogTexture: Display: Building textures: LQ_Lightmap_0_16 (DXT1, 1024X1024)
[2020.04.15-09.30.46:097][994]LogTexture: Display: Building textures: SkyOcclusion0_17 (AutoDXT, 1024X512)
[2020.04.15-09.30.46:097][994]LogTexture: Display: Building textures: HQ_Lightmap0_17 (AutoDXT, 1024X1024)
[2020.04.15-09.30.46:097][994]LogTexture: Display: Building textures: LQ_Lightmap_0_17 (DXT1, 1024X1024)
[2020.04.15-09.30.46:097][994]LogTexture: Display: Building textures: SkyOcclusion0_18 (AutoDXT, 64X32)
[2020.04.15-09.30.46:097][994]LogTexture: Display: Building textures: HQ_Lightmap0_18 (AutoDXT, 64X64)
[2020.04.15-09.30.46:097][994]LogTexture: Display: Building textures: LQ_Lightmap_0_18 (DXT1, 64X64)
[2020.04.15-09.30.46:190][994]Lightmass on DESKTOP-NKQ22UT: 13.5 sec total, 198 ms importing, 55 ms setup, 1.97 sec photons, 11.2 sec processing, 0 ms extra exporting [708/708 mappings]. Threads: 2:02 min total, 1:28 min processing.
[2020.04.15-09.30.46:213][994]LogStaticLightingSystem: LastPharaoh_MainScene_BuiltData storing lightmap data for 708 meshes in 18 LightmapResourceClusters (39.3 Meshes per cluster).
[2020.04.15-09.30.46:217][994]LogMaterial: Warning: Material /Game/Models/Materials/08_-_Default.08_-_Default needed to have new flag set bUsedWithStaticLighting !
[2020.04.15-09.30.46:233][994]LogMaterial: Display: Missing cached shader map for material 08_-_Default, compiling. 
[2020.04.15-09.30.46:330][994]LogMaterial: Warning: Material /Game/Models/Materials/09_-_Default.09_-_Default needed to have new flag set bUsedWithStaticLighting !
[2020.04.15-09.30.46:333][994]LogMaterial: Display: Missing cached shader map for material 09_-_Default, compiling. 
[2020.04.15-09.30.46:358][994]LogMaterial: Warning: Material /Game/Models/Materials/09_-_Default_Slot__5.09_-_Default_Slot__5 needed to have new flag set bUsedWithStaticLighting !
[2020.04.15-09.30.46:362][994]LogMaterial: Display: Missing cached shader map for material 09_-_Default_Slot__5, compiling. 
[2020.04.15-09.30.46:386][994]LogMaterial: Warning: Material /Game/Models/Materials/09_-_Default_Slot__4.09_-_Default_Slot__4 needed to have new flag set bUsedWithStaticLighting !
[2020.04.15-09.30.46:390][994]LogMaterial: Display: Missing cached shader map for material 09_-_Default_Slot__4, compiling. 
[2020.04.15-09.30.46:418][994]LogMaterial: Warning: Material /Game/Models/Materials/09_-_Default_Slot__6.09_-_Default_Slot__6 needed to have new flag set bUsedWithStaticLighting !
[2020.04.15-09.30.46:422][994]LogMaterial: Display: Missing cached shader map for material 09_-_Default_Slot__6, compiling. 
[2020.04.15-09.30.46:452][994]LogMaterial: Warning: Material /Game/Models/Materials/09_-_Default_Slot__3.09_-_Default_Slot__3 needed to have new flag set bUsedWithStaticLighting !
[2020.04.15-09.30.46:456][994]LogMaterial: Display: Missing cached shader map for material 09_-_Default_Slot__3, compiling. 
[2020.04.15-09.30.46:487][994]LogMaterial: Warning: Material /Game/Models/Materials/09_-_Default_Slot__7.09_-_Default_Slot__7 needed to have new flag set bUsedWithStaticLighting !
[2020.04.15-09.30.46:490][994]LogMaterial: Display: Missing cached shader map for material 09_-_Default_Slot__7, compiling. 
[2020.04.15-09.30.46:562][994]LogUObjectHash: Compacting FUObjectHashTables data took   2.99ms
[2020.04.15-09.30.46:602][994]LogStaticLightingSystem: Illumination: 21.6 sec (1.24 sec encoding lightmaps, 24 ms encoding shadowmaps)
[2020.04.15-09.30.46:602][994]LogStaticLightingSystem: Lightmap texture memory:  45.3 MB (45.3 MB streaming, 0.0 MB non-streaming), 36 textures
[2020.04.15-09.30.46:602][994]LogStaticLightingSystem: Shadowmap texture memory: 0.0 MB (0.0 MB streaming, 0.0 MB non-streaming), 0 textures
[2020.04.15-09.30.47:435][994]DumpUnbuiltLightIteractions
[2020.04.15-09.30.47:435][994]Lights with unbuilt interactions: 0
[2020.04.15-09.30.47:435][994]
[2020.04.15-09.30.47:435][994]Primitives with unbuilt interactions: 0
[2020.04.15-09.30.56:910][995]Cmd: MAP CHECK NOTIFYRESULTS
[2020.04.15-09.30.56:910][995]MapCheck: New page: LastPharaoh_MainScene - Apr 15, 2020, 1:30:56 AM
[2020.04.15-09.30.56:928][995]MapCheck: Warning: BP_DamageTrap_2 Static mesh actor has NULL StaticMesh property 
[2020.04.15-09.30.56:928][995]MapCheck: Warning: BP_DamageTrap2_5 Static mesh actor has NULL StaticMesh property 
[2020.04.15-09.30.56:928][995]MapCheck: Warning: BP_DamageTrap3_8 Static mesh actor has NULL StaticMesh property 
[2020.04.15-09.30.56:928][995]MapCheck: Warning: BP_DamageTrap4_11 Static mesh actor has NULL StaticMesh property 
[2020.04.15-09.30.56:928][995]MapCheck: Warning: door_26 Static mesh actor has NULL StaticMesh property 
[2020.04.15-09.30.56:929][995]MapCheck: Map check complete: 0 Error(s), 5 Warning(s), took 18.737ms to complete.
[2020.04.15-09.31.06:054][ 70]LogSlate: FSceneViewport::OnFocusLost() reason 0
[2020.04.15-09.31.06:203][ 86]LogSlate: FSceneViewport::OnFocusLost() reason 2
[2020.04.15-09.31.09:892][512]LogSlate: Window 'Message Log' being destroyed
[2020.04.15-09.31.09:898][512]LogSlate: Window 'Message Log' being destroyed
[2020.04.15-09.31.18:359][499]LogEditorViewport: Clicking on Actor (LMB): SkyLight (SkyLight)
[2020.04.15-09.31.39:307][916]LogSlate: Took 0.012792 seconds to synchronously load lazily loaded font '../../../Engine/Content/Slate/Fonts/Roboto-Italic.ttf' (157K)
[2020.04.15-09.31.40:088][  2]LogSlate: FSceneViewport::OnFocusLost() reason 0
[2020.04.15-09.31.54:305][629]LogSlate: FSceneViewport::OnFocusLost() reason 0
[2020.04.15-09.31.54:373][637]LogTemp: Repeating last play command: New Editor Window (PIE)
[2020.04.15-09.31.54:385][637]LogBlueprintUserMessages: Early PlayInEditor Detection: Level '/Game/Maps/LastPharaoh_MainScene.LastPharaoh_MainScene:PersistentLevel' has LevelScriptBlueprint '/Game/Maps/LastPharaoh_MainScene.LastPharaoh_MainScene:PersistentLevel.LastPharaoh_MainScene' with GeneratedClass '/Game/Maps/LastPharaoh_MainScene.LastPharaoh_MainScene_C' with ClassGeneratedBy '/Game/Maps/LastPharaoh_MainScene.LastPharaoh_MainScene:PersistentLevel.LastPharaoh_MainScene'
[2020.04.15-09.31.54:386][637]LogPlayLevel: PlayLevel: No blueprints needed recompiling
[2020.04.15-09.31.54:386][637]PIE: New page: PIE session: LastPharaoh_MainScene (Apr 15, 2020, 1:31:54 AM)
[2020.04.15-09.31.54:399][637]LogPlayLevel: Creating play world package: /Game/Maps/UEDPIE_0_LastPharaoh_MainScene
[2020.04.15-09.31.54:440][637]LogPlayLevel: PIE: StaticDuplicateObject took: (0.040514s)
[2020.04.15-09.31.54:440][637]LogAIModule: Creating AISystem for world LastPharaoh_MainScene
[2020.04.15-09.31.54:440][637]LogPlayLevel: PIE: World Init took: (0.000565s)
[2020.04.15-09.31.54:440][637]LogPlayLevel: PIE: Created PIE world by copying editor world from /Game/Maps/LastPharaoh_MainScene.LastPharaoh_MainScene to /Game/Maps/UEDPIE_0_LastPharaoh_MainScene.LastPharaoh_MainScene (0.041455s)
[2020.04.15-09.31.54:473][637]LogUObjectHash: Compacting FUObjectHashTables data took   1.65ms
[2020.04.15-09.31.54:526][637]LogInit: XAudio2 using 'Speakers (2- Realtek(R) Audio)' : 2 channels at 48 kHz using 32 bits per sample (channel mask 0x3)
[2020.04.15-09.31.54:563][637]LogInit: FAudioDevice initialized.
[2020.04.15-09.31.54:577][637]LogSlate: Updating window title bar state: overlay mode, drag disabled, window buttons hidden, title bar hidden
[2020.04.15-09.31.54:624][637]LogLoad: Game class is 'VRGameMode_C'
[2020.04.15-09.31.54:640][637]LogWorld: Bringing World /Game/Maps/UEDPIE_0_LastPharaoh_MainScene.LastPharaoh_MainScene up for play (max tick rate 0) at 2020.04.15-05.31.54
[2020.04.15-09.31.54:641][637]LogWorld: Bringing up level for play took: 0.015849
[2020.04.15-09.31.54:658][637]LogContentBrowser: Native class hierarchy updated for 'MovieSceneCapture' in 0.0008 seconds. Added 20 classes and 0 folders.
[2020.04.15-09.31.54:658][637]LogMotionControllerComponent: Warning: Failed to create a display component for the MotionController - no XR system (if there were any) had a model for the specified source ('Left')
[2020.04.15-09.31.54:658][637]LogMotionControllerComponent: Warning: Failed to create a display component for the MotionController - no XR system (if there were any) had a model for the specified source ('Right')
[2020.04.15-09.31.54:663][637]PIE: Play in editor start time for /Game/Maps/UEDPIE_0_LastPharaoh_MainScene 0.572
[2020.04.15-09.31.54:663][637]LogBlueprintUserMessages: Late PlayInEditor Detection: Level '/Game/Maps/LastPharaoh_MainScene.LastPharaoh_MainScene:PersistentLevel' has LevelScriptBlueprint '/Game/Maps/LastPharaoh_MainScene.LastPharaoh_MainScene:PersistentLevel.LastPharaoh_MainScene' with GeneratedClass '/Game/Maps/LastPharaoh_MainScene.LastPharaoh_MainScene_C' with ClassGeneratedBy '/Game/Maps/LastPharaoh_MainScene.LastPharaoh_MainScene:PersistentLevel.LastPharaoh_MainScene'
[2020.04.15-09.31.54:685][638]LogRenderer: Reallocating scene render targets to support 1272x688 Format 10 NumSamples 1 (Frame:1).
[2020.04.15-09.32.05:431][337]LogWindows: Error: === Critical error: ===
[2020.04.15-09.32.05:431][337]LogWindows: Error: 
[2020.04.15-09.32.05:431][337]LogWindows: Error: Fatal error!
[2020.04.15-09.32.05:431][337]LogWindows: Error: 
[2020.04.15-09.32.05:431][337]LogWindows: Error: Unhandled Exception: EXCEPTION_ACCESS_VIOLATION reading address 0x00000150
[2020.04.15-09.32.05:431][337]LogWindows: Error: 
[2020.04.15-09.32.05:431][337]LogWindows: Error: [Callstack] 0x00007ff93b7f503a UE4Editor-Engine.dll!UnknownFunction []
[2020.04.15-09.32.05:431][337]LogWindows: Error: [Callstack] 0x00007ff925625c82 UE4Editor-Last_Pharaoh-6821.dll!AVRCharacter::DeathReset() [D:\Unreal Projects\egyptVR\Last_Pharaoh\Source\Last_Pharaoh\VRCharacter.cpp:201]
[2020.04.15-09.32.05:431][337]LogWindows: Error: [Callstack] 0x00007ff925622a6c UE4Editor-Last_Pharaoh-6821.dll!ADamageTrap::NotifyActorBeginOverlap() [D:\Unreal Projects\egyptVR\Last_Pharaoh\Source\Last_Pharaoh\DamageTrap.cpp:49]
[2020.04.15-09.32.05:431][337]LogWindows: Error: [Callstack] 0x00007ff93aacdd49 UE4Editor-Engine.dll!UnknownFunction []
[2020.04.15-09.32.05:431][337]LogWindows: Error: [Callstack] 0x00007ff93ab0a5ad UE4Editor-Engine.dll!UnknownFunction []
[2020.04.15-09.32.05:431][337]LogWindows: Error: [Callstack] 0x00007ff93ab0a711 UE4Editor-Engine.dll!UnknownFunction []
[2020.04.15-09.32.05:431][337]LogWindows: Error: [Callstack] 0x00007ff93ab341a1 UE4Editor-Engine.dll!UnknownFunction []
[2020.04.15-09.32.05:431][337]LogWindows: Error: [Callstack] 0x00007ff93ab1ba43 UE4Editor-Engine.dll!UnknownFunction []
[2020.04.15-09.32.05:431][337]LogWindows: Error: [Callstack] 0x00007ff93aa90e0a UE4Editor-Engine.dll!UnknownFunction []
[2020.04.15-09.32.05:431][337]LogWindows: Error: [Callstack] 0x00007ff93aab4441 UE4Editor-Engine.dll!UnknownFunction []
[2020.04.15-09.32.05:431][337]LogWindows: Error: [Callstack] 0x00007ff93aa4f3fa UE4Editor-Engine.dll!UnknownFunction []
[2020.04.15-09.32.05:431][337]LogWindows: Error: [Callstack] 0x00007ff93aa75464 UE4Editor-Engine.dll!UnknownFunction []
[2020.04.15-09.32.05:431][337]LogWindows: Error: [Callstack] 0x00007ff93b6b72bc UE4Editor-Engine.dll!UnknownFunction []
[2020.04.15-09.32.05:431][337]LogWindows: Error: [Callstack] 0x00007ff9595822d8 UE4Editor-Core.dll!UnknownFunction []
[2020.04.15-09.32.05:431][337]LogWindows: Error: [Callstack] 0x00007ff959582563 UE4Editor-Core.dll!UnknownFunction []
[2020.04.15-09.32.05:431][337]LogWindows: Error: [Callstack] 0x00007ff959592309 UE4Editor-Core.dll!UnknownFunction []
[2020.04.15-09.32.05:431][337]LogWindows: Error: [Callstack] 0x00007ff93b6ff9e3 UE4Editor-Engine.dll!UnknownFunction []
[2020.04.15-09.32.05:431][337]LogWindows: Error: [Callstack] 0x00007ff93b70bd12 UE4Editor-Engine.dll!UnknownFunction []
[2020.04.15-09.32.05:431][337]LogWindows: Error: [Callstack] 0x00007ff93af2dc4f UE4Editor-Engine.dll!UnknownFunction []
[2020.04.15-09.32.05:431][337]LogWindows: Error: [Callstack] 0x00007ff93af37e28 UE4Editor-Engine.dll!UnknownFunction []
[2020.04.15-09.32.05:431][337]LogWindows: Error: [Callstack] 0x00007ff9392802f7 UE4Editor-UnrealEd.dll!UnknownFunction []
[2020.04.15-09.32.05:431][337]LogWindows: Error: [Callstack] 0x00007ff939a9d396 UE4Editor-UnrealEd.dll!UnknownFunction []
[2020.04.15-09.32.05:431][337]LogWindows: Error: [Callstack] 0x00007ff6baa36bb1 UE4Editor.exe!UnknownFunction []
[2020.04.15-09.32.05:431][337]LogWindows: Error: [Callstack] 0x00007ff6baa4554c UE4Editor.exe!UnknownFunction []
[2020.04.15-09.32.05:432][337]LogWindows: Error: [Callstack] 0x00007ff6baa455ca UE4Editor.exe!UnknownFunction []
[2020.04.15-09.32.05:432][337]LogWindows: Error: [Callstack] 0x00007ff6baa5316c UE4Editor.exe!UnknownFunction []
[2020.04.15-09.32.05:432][337]LogWindows: Error: [Callstack] 0x00007ff6baa55b8e UE4Editor.exe!UnknownFunction []
[2020.04.15-09.32.05:432][337]LogWindows: Error: [Callstack] 0x00007ff9c43c7bd4 KERNEL32.DLL!UnknownFunction []
[2020.04.15-09.32.05:432][337]LogWindows: Error: [Callstack] 0x00007ff9c598ced1 ntdll.dll!UnknownFunction []
[2020.04.15-09.32.05:432][337]LogWindows: Error: 
[2020.04.15-09.32.05:444][337]LogExit: Executing StaticShutdownAfterError
[2020.04.15-09.32.05:448][337]LogWindows: FPlatformMisc::RequestExit(1)
[2020.04.15-09.32.05:489][337]Log file closed, 04/15/20 05:32:05
